2025-10-02 01:06:31,920 - LanternAna - INFO - Loading configuration from configs/run1_numu_intrinsic_nue.yaml
2025-10-02 01:06:31,920 - LanternAna - INFO - Discovering components...
2025-10-02 01:06:35,276 - LanternAna - INFO - Found 13 cuts
2025-10-02 01:06:35,276 - LanternAna - INFO - Found 36 producers
2025-10-02 01:06:35,276 - LanternAna - INFO - Found 1 dataset types
2025-10-02 01:06:35,277 - LanternAna - INFO - Found 1 tags
2025-10-02 01:06:35,279 - LanternAna - INFO - Configuring components...
2025-10-02 01:06:35,397 - LanternAna - INFO - Starting enhanced analysis run...
2025-10-02 01:06:35,397 - LanternAna - INFO - Loading datasets...
2025-10-02 01:06:35,589 - LanternAna - INFO - Loaded dataset 'run1_bnb_nue_overlay_mcc9_v28_wctagger' with 148967 entries
2025-10-02 01:06:35,589 - LanternAna - INFO -   MC dataset with 0.0 POT
2025-10-02 01:06:35,589 - LanternAna - INFO - Processing dataset with enhanced architecture: run1_bnb_nue_overlay_mcc9_v28_wctagger
2025-10-02 01:06:35,640 - LanternAna - INFO - Processing 100 events with producer-first architecture...
2025-10-02 01:06:35,655 - LanternAna - INFO - Progress: 5.0% (5/100), Est. time remaining: 0.3s
2025-10-02 01:06:35,655 - LanternAna - INFO - Progress: 10.0% (10/100), Est. time remaining: 0.1s
2025-10-02 01:06:36,759 - LanternAna - INFO - Progress: 15.0% (15/100), Est. time remaining: 6.3s
2025-10-02 01:06:36,760 - LanternAna - INFO - Progress: 20.0% (20/100), Est. time remaining: 4.5s
2025-10-02 01:06:36,763 - LanternAna - INFO - Progress: 25.0% (25/100), Est. time remaining: 3.4s
2025-10-02 01:06:36,765 - LanternAna - INFO - Progress: 30.0% (30/100), Est. time remaining: 2.6s
2025-10-02 01:06:36,941 - LanternAna - INFO - Progress: 35.0% (35/100), Est. time remaining: 2.4s
2025-10-02 01:06:36,942 - LanternAna - INFO - Progress: 40.0% (40/100), Est. time remaining: 2.0s
2025-10-02 01:06:36,943 - LanternAna - INFO - Progress: 45.0% (45/100), Est. time remaining: 1.6s
2025-10-02 01:06:37,051 - LanternAna - INFO - Progress: 50.0% (50/100), Est. time remaining: 1.4s
2025-10-02 01:06:37,101 - LanternAna - INFO - Progress: 55.0% (55/100), Est. time remaining: 1.2s
2025-10-02 01:06:37,151 - LanternAna - INFO - Progress: 60.0% (60/100), Est. time remaining: 1.0s
2025-10-02 01:06:37,205 - LanternAna - INFO - Progress: 65.0% (65/100), Est. time remaining: 0.8s
2025-10-02 01:06:37,205 - LanternAna - INFO - Progress: 70.0% (70/100), Est. time remaining: 0.7s
2025-10-02 01:06:37,206 - LanternAna - INFO - Progress: 75.0% (75/100), Est. time remaining: 0.5s
2025-10-02 01:06:37,267 - LanternAna - INFO - Progress: 80.0% (80/100), Est. time remaining: 0.4s
2025-10-02 01:06:37,324 - LanternAna - INFO - Progress: 85.0% (85/100), Est. time remaining: 0.3s
2025-10-02 01:06:37,374 - LanternAna - INFO - Progress: 90.0% (90/100), Est. time remaining: 0.2s
2025-10-02 01:06:37,374 - LanternAna - INFO - Progress: 95.0% (95/100), Est. time remaining: 0.1s
2025-10-02 01:06:38,123 - LanternAna - INFO - Dataset run1_bnb_nue_overlay_mcc9_v28_wctagger processed in 1.8s
2025-10-02 01:06:38,123 - LanternAna - INFO - Results written to ./log_dump/numu_nue/run1_bnb_nue_overlay_mcc9_v28_wctagger_20251002_010635.root
2025-10-02 01:06:38,123 - LanternAna - INFO - ==================================================
2025-10-02 01:06:38,123 - LanternAna - INFO - Enhanced Analysis Statistics
2025-10-02 01:06:38,124 - LanternAna - INFO - ==================================================
2025-10-02 01:06:38,124 - LanternAna - INFO - Dataset: run1_bnb_nue_overlay_mcc9_v28_wctagger
2025-10-02 01:06:38,126 - LanternAna - INFO -   Total events: 100
2025-10-02 01:06:38,126 - LanternAna - INFO -   Passed events: 100 (100.0%)
2025-10-02 01:06:38,127 - LanternAna - INFO -   Failed events: 0 (0.0%)
2025-10-02 01:06:38,127 - LanternAna - INFO -   Processing time: 1.8s
2025-10-02 01:06:38,127 - LanternAna - INFO -   Cut statistics:
2025-10-02 01:06:38,128 - LanternAna - INFO - ==================================================
2025-10-02 01:06:38,128 - LanternAna - INFO - analysis complete!
2025-10-02 01:06:38,132 - LanternAna - INFO - Statistics saved to: ./log_dump/numu_nue/statistics.yaml
2025-10-02 01:20:46,992 - LanternAna - INFO - Loading configuration from configs/run1_numu_intrinsic_nue.yaml
2025-10-02 01:20:46,992 - LanternAna - INFO - Discovering components...
2025-10-02 01:20:50,345 - LanternAna - INFO - Found 13 cuts
2025-10-02 01:20:50,345 - LanternAna - INFO - Found 36 producers
2025-10-02 01:20:50,345 - LanternAna - INFO - Found 1 dataset types
2025-10-02 01:20:50,345 - LanternAna - INFO - Found 1 tags
2025-10-02 01:20:50,347 - LanternAna - INFO - Configuring components...
2025-10-02 01:20:50,453 - LanternAna - INFO - Starting enhanced analysis run...
2025-10-02 01:20:50,453 - LanternAna - INFO - Loading datasets...
2025-10-02 01:20:50,614 - LanternAna - INFO - Loaded dataset 'run1_bnb_nue_overlay_mcc9_v28_wctagger' with 148967 entries
2025-10-02 01:20:50,614 - LanternAna - INFO -   MC dataset with 0.0 POT
2025-10-02 01:20:50,614 - LanternAna - INFO - Processing dataset with enhanced architecture: run1_bnb_nue_overlay_mcc9_v28_wctagger
2025-10-02 01:20:50,655 - LanternAna - INFO - Processing 148967 events with producer-first architecture...
2025-10-02 01:22:35,820 - LanternAna - INFO - Progress: 5.0% (7448/148967), Est. time remaining: 1998.2s
2025-10-02 01:25:21,974 - LanternAna - INFO - Progress: 10.0% (14896/148967), Est. time remaining: 2442.0s
2025-10-02 01:26:51,917 - LanternAna - INFO - Progress: 15.0% (22344/148967), Est. time remaining: 2047.3s
2025-10-02 01:28:15,102 - LanternAna - INFO - Progress: 20.0% (29792/148967), Est. time remaining: 1777.9s
2025-10-02 01:30:46,333 - LanternAna - INFO - Progress: 25.0% (37240/148967), Est. time remaining: 1787.1s
2025-10-02 01:34:41,590 - LanternAna - INFO - Progress: 30.0% (44688/148967), Est. time remaining: 1939.0s
2025-10-02 01:38:27,685 - LanternAna - INFO - Progress: 35.0% (52136/148967), Est. time remaining: 1963.2s
2025-10-02 01:40:53,680 - LanternAna - INFO - Progress: 40.0% (59584/148967), Est. time remaining: 1804.7s
2025-10-02 01:42:53,465 - LanternAna - INFO - Progress: 45.0% (67032/148967), Est. time remaining: 1616.9s
2025-10-02 01:44:42,610 - LanternAna - INFO - Progress: 50.0% (74480/148967), Est. time remaining: 1432.1s
2025-10-02 01:46:24,602 - LanternAna - INFO - Progress: 55.0% (81928/148967), Est. time remaining: 1255.2s
2025-10-02 01:47:44,191 - LanternAna - INFO - Progress: 60.0% (89376/148967), Est. time remaining: 1075.8s
2025-10-02 01:48:46,984 - LanternAna - INFO - Progress: 65.0% (96824/148967), Est. time remaining: 902.8s
2025-10-02 01:49:44,160 - LanternAna - INFO - Progress: 70.0% (104272/148967), Est. time remaining: 743.0s
2025-10-02 01:50:38,691 - LanternAna - INFO - Progress: 75.0% (111720/148967), Est. time remaining: 596.1s
2025-10-02 01:51:29,053 - LanternAna - INFO - Progress: 80.0% (119168/148967), Est. time remaining: 459.7s
2025-10-02 01:52:21,341 - LanternAna - INFO - Progress: 85.0% (126616/148967), Est. time remaining: 333.8s
2025-10-02 01:53:17,816 - LanternAna - INFO - Progress: 90.0% (134064/148967), Est. time remaining: 216.5s
2025-10-02 01:54:14,576 - LanternAna - INFO - Progress: 95.0% (141512/148967), Est. time remaining: 105.6s
2025-10-02 01:55:19,678 - LanternAna - INFO - Progress: 100.0% (148960/148967), Est. time remaining: 0.1s
2025-10-02 01:55:20,588 - LanternAna - INFO - Dataset run1_bnb_nue_overlay_mcc9_v28_wctagger processed in 2069.1s
2025-10-02 01:55:20,588 - LanternAna - INFO - Results written to ./log_dump/numu_nue/run1_bnb_nue_overlay_mcc9_v28_wctagger_20251002_012050.root
2025-10-02 01:55:20,588 - LanternAna - INFO - ==================================================
2025-10-02 01:55:20,588 - LanternAna - INFO - Enhanced Analysis Statistics
2025-10-02 01:55:20,588 - LanternAna - INFO - ==================================================
2025-10-02 01:55:20,588 - LanternAna - INFO - Dataset: run1_bnb_nue_overlay_mcc9_v28_wctagger
2025-10-02 01:55:20,589 - LanternAna - INFO -   Total events: 148967
2025-10-02 01:55:20,589 - LanternAna - INFO -   Passed events: 148967 (100.0%)
2025-10-02 01:55:20,589 - LanternAna - INFO -   Failed events: 0 (0.0%)
2025-10-02 01:55:20,589 - LanternAna - INFO -   Processing time: 2069.1s
2025-10-02 01:55:20,589 - LanternAna - INFO -   Cut statistics:
2025-10-02 01:55:20,589 - LanternAna - INFO - ==================================================
2025-10-02 01:55:20,589 - LanternAna - INFO - analysis complete!
2025-10-02 01:55:20,593 - LanternAna - INFO - Statistics saved to: ./log_dump/numu_nue/statistics.yaml
