2026-01-08 04:53:20,152 - LanternAna - INFO - Loading configuration from ../../zrun4b_mmr/detsys_nue_run4b_surprise.yaml
2026-01-08 04:53:20,152 - LanternAna - INFO - Discovering components...
2026-01-08 04:53:22,951 - LanternAna - INFO - Found 13 cuts
2026-01-08 04:53:22,951 - LanternAna - INFO - Found 39 producers
2026-01-08 04:53:22,951 - LanternAna - INFO - Found 1 dataset types
2026-01-08 04:53:22,951 - LanternAna - INFO - Found 1 tags
2026-01-08 04:53:22,952 - LanternAna - INFO - Configuring components...
2026-01-08 05:47:02,312 - LanternAna - INFO - Loading configuration from ../../zrun4b_mmr/detsys_part2_nue_run4b.yaml
2026-01-08 05:47:02,349 - LanternAna - INFO - Discovering components...
2026-01-08 05:47:07,630 - LanternAna - INFO - Found 13 cuts
2026-01-08 05:47:07,630 - LanternAna - INFO - Found 39 producers
2026-01-08 05:47:07,630 - LanternAna - INFO - Found 1 dataset types
2026-01-08 05:47:07,631 - LanternAna - INFO - Found 1 tags
2026-01-08 05:47:07,631 - LanternAna - INFO - Configuring components...
2026-01-08 05:47:26,962 - LanternAna - INFO - Starting enhanced analysis run...
2026-01-08 05:47:26,962 - LanternAna - INFO - Loading datasets...
2026-01-08 05:47:27,042 - LanternAna - INFO - Loaded dataset 'run4b_BNB_nu_overlay_CV' with 438038 entries
2026-01-08 05:47:27,042 - LanternAna - INFO -   MC dataset with 0.0 POT
2026-01-08 05:47:27,042 - LanternAna - INFO - Processing dataset with enhanced architecture: run4b_BNB_nu_overlay_CV
2026-01-08 05:47:27,155 - LanternAna - INFO - Processing 1000 events with producer-first architecture...
2026-01-08 05:47:27,194 - LanternAna - INFO - Progress: 5.0% (50/1000), Est. time remaining: 0.7s
2026-01-08 05:47:27,218 - LanternAna - INFO - Progress: 10.0% (100/1000), Est. time remaining: 0.6s
2026-01-08 05:47:27,245 - LanternAna - INFO - Progress: 15.0% (150/1000), Est. time remaining: 0.5s
2026-01-08 05:47:27,276 - LanternAna - INFO - Progress: 20.0% (200/1000), Est. time remaining: 0.5s
2026-01-08 05:47:27,304 - LanternAna - INFO - Progress: 25.0% (250/1000), Est. time remaining: 0.4s
2026-01-08 05:47:27,328 - LanternAna - INFO - Progress: 30.0% (300/1000), Est. time remaining: 0.4s
2026-01-08 05:47:27,352 - LanternAna - INFO - Progress: 35.0% (350/1000), Est. time remaining: 0.4s
2026-01-08 05:47:27,376 - LanternAna - INFO - Progress: 40.0% (400/1000), Est. time remaining: 0.3s
2026-01-08 05:47:27,405 - LanternAna - INFO - Progress: 45.0% (450/1000), Est. time remaining: 0.3s
2026-01-08 05:47:27,430 - LanternAna - INFO - Progress: 50.0% (500/1000), Est. time remaining: 0.3s
2026-01-08 05:47:27,458 - LanternAna - INFO - Progress: 55.0% (550/1000), Est. time remaining: 0.2s
2026-01-08 05:47:27,482 - LanternAna - INFO - Progress: 60.0% (600/1000), Est. time remaining: 0.2s
2026-01-08 05:47:27,510 - LanternAna - INFO - Progress: 65.0% (650/1000), Est. time remaining: 0.2s
2026-01-08 05:47:27,536 - LanternAna - INFO - Progress: 70.0% (700/1000), Est. time remaining: 0.2s
2026-01-08 05:47:27,563 - LanternAna - INFO - Progress: 75.0% (750/1000), Est. time remaining: 0.1s
2026-01-08 05:47:27,588 - LanternAna - INFO - Progress: 80.0% (800/1000), Est. time remaining: 0.1s
2026-01-08 05:47:27,625 - LanternAna - INFO - Progress: 85.0% (850/1000), Est. time remaining: 0.1s
2026-01-08 05:47:27,658 - LanternAna - INFO - Progress: 90.0% (900/1000), Est. time remaining: 0.1s
2026-01-08 05:47:27,684 - LanternAna - INFO - Progress: 95.0% (950/1000), Est. time remaining: 0.0s
2026-01-08 05:47:27,950 - LanternAna - INFO - Dataset run4b_BNB_nu_overlay_CV processed in 0.6s
2026-01-08 05:47:27,950 - LanternAna - INFO - Results written to /exp/uboone/app/users/imani/lantern_ana/zrun4b_mmr/nue_detsys_part2/run4b_BNB_nu_overlay_CV_20260108_054727.root
2026-01-08 05:47:27,950 - LanternAna - INFO - ==================================================
2026-01-08 05:47:27,951 - LanternAna - INFO - Enhanced Analysis Statistics
2026-01-08 05:47:27,951 - LanternAna - INFO - ==================================================
2026-01-08 05:47:27,951 - LanternAna - INFO - Dataset: run4b_BNB_nu_overlay_CV
2026-01-08 05:47:27,951 - LanternAna - INFO -   Total events: 1000
2026-01-08 05:47:27,951 - LanternAna - INFO -   Passed events: 1000 (100.0%)
2026-01-08 05:47:27,951 - LanternAna - INFO -   Failed events: 0 (0.0%)
2026-01-08 05:47:27,951 - LanternAna - INFO -   Processing time: 0.6s
2026-01-08 05:47:27,951 - LanternAna - INFO -   Cut statistics:
2026-01-08 05:47:27,951 - LanternAna - INFO - ==================================================
2026-01-08 05:47:27,951 - LanternAna - INFO - analysis complete!
2026-01-08 05:47:27,953 - LanternAna - INFO - Statistics saved to: /exp/uboone/app/users/imani/lantern_ana/zrun4b_mmr/nue_detsys_part2/statistics.yaml
2026-01-08 05:55:39,183 - LanternAna - INFO - Loading configuration from ../../zrun4b_mmr/detsys_part2_nue_run4b.yaml
2026-01-08 05:55:39,185 - LanternAna - INFO - Discovering components...
2026-01-08 05:55:41,992 - LanternAna - INFO - Found 13 cuts
2026-01-08 05:55:41,993 - LanternAna - INFO - Found 39 producers
2026-01-08 05:55:41,993 - LanternAna - INFO - Found 1 dataset types
2026-01-08 05:55:41,993 - LanternAna - INFO - Found 1 tags
2026-01-08 05:55:41,993 - LanternAna - INFO - Configuring components...
2026-01-08 05:56:00,888 - LanternAna - INFO - Starting enhanced analysis run...
2026-01-08 05:56:00,888 - LanternAna - INFO - Loading datasets...
2026-01-08 05:56:00,971 - LanternAna - INFO - Loaded dataset 'run4b_BNB_nu_overlay_CV' with 438038 entries
2026-01-08 05:56:00,971 - LanternAna - INFO -   MC dataset with 0.0 POT
2026-01-08 05:56:00,971 - LanternAna - INFO - Processing dataset with enhanced architecture: run4b_BNB_nu_overlay_CV
2026-01-08 05:56:01,057 - LanternAna - INFO - Processing 10000 events with producer-first architecture...
2026-01-08 05:56:01,349 - LanternAna - INFO - Progress: 5.0% (500/10000), Est. time remaining: 5.5s
2026-01-08 05:56:01,710 - LanternAna - INFO - Progress: 10.0% (1000/10000), Est. time remaining: 5.9s
2026-01-08 05:56:02,032 - LanternAna - INFO - Progress: 15.0% (1500/10000), Est. time remaining: 5.5s
2026-01-08 05:56:02,290 - LanternAna - INFO - Progress: 20.0% (2000/10000), Est. time remaining: 4.9s
2026-01-08 05:56:02,631 - LanternAna - INFO - Progress: 25.0% (2500/10000), Est. time remaining: 4.7s
2026-01-08 05:56:02,899 - LanternAna - INFO - Progress: 30.0% (3000/10000), Est. time remaining: 4.3s
2026-01-08 05:56:03,185 - LanternAna - INFO - Progress: 35.0% (3500/10000), Est. time remaining: 4.0s
2026-01-08 05:56:03,475 - LanternAna - INFO - Progress: 40.0% (4000/10000), Est. time remaining: 3.6s
2026-01-08 05:56:03,736 - LanternAna - INFO - Progress: 45.0% (4500/10000), Est. time remaining: 3.3s
2026-01-08 05:56:04,008 - LanternAna - INFO - Progress: 50.0% (5000/10000), Est. time remaining: 3.0s
2026-01-08 05:56:04,284 - LanternAna - INFO - Progress: 55.0% (5500/10000), Est. time remaining: 2.6s
2026-01-08 05:56:04,549 - LanternAna - INFO - Progress: 60.0% (6000/10000), Est. time remaining: 2.3s
2026-01-08 05:56:04,816 - LanternAna - INFO - Progress: 65.0% (6500/10000), Est. time remaining: 2.0s
2026-01-08 05:56:05,091 - LanternAna - INFO - Progress: 70.0% (7000/10000), Est. time remaining: 1.7s
2026-01-08 05:56:05,369 - LanternAna - INFO - Progress: 75.0% (7500/10000), Est. time remaining: 1.4s
2026-01-08 05:56:05,627 - LanternAna - INFO - Progress: 80.0% (8000/10000), Est. time remaining: 1.1s
2026-01-08 05:56:05,913 - LanternAna - INFO - Progress: 85.0% (8500/10000), Est. time remaining: 0.9s
2026-01-08 05:56:06,153 - LanternAna - INFO - Progress: 90.0% (9000/10000), Est. time remaining: 0.6s
2026-01-08 05:56:06,397 - LanternAna - INFO - Progress: 95.0% (9500/10000), Est. time remaining: 0.3s
2026-01-08 05:56:06,723 - LanternAna - INFO - Dataset run4b_BNB_nu_overlay_CV processed in 5.6s
2026-01-08 05:56:06,723 - LanternAna - INFO - Results written to /exp/uboone/app/users/imani/lantern_ana/zrun4b_mmr/nue_detsys_part2/run4b_BNB_nu_overlay_CV_20260108_055600.root
2026-01-08 05:56:06,723 - LanternAna - INFO - ==================================================
2026-01-08 05:56:06,723 - LanternAna - INFO - Enhanced Analysis Statistics
2026-01-08 05:56:06,723 - LanternAna - INFO - ==================================================
2026-01-08 05:56:06,723 - LanternAna - INFO - Dataset: run4b_BNB_nu_overlay_CV
2026-01-08 05:56:06,723 - LanternAna - INFO -   Total events: 10000
2026-01-08 05:56:06,723 - LanternAna - INFO -   Passed events: 10000 (100.0%)
2026-01-08 05:56:06,723 - LanternAna - INFO -   Failed events: 0 (0.0%)
2026-01-08 05:56:06,723 - LanternAna - INFO -   Processing time: 5.6s
2026-01-08 05:56:06,723 - LanternAna - INFO -   Cut statistics:
2026-01-08 05:56:06,723 - LanternAna - INFO - ==================================================
2026-01-08 05:56:06,723 - LanternAna - INFO - analysis complete!
2026-01-08 05:56:06,726 - LanternAna - INFO - Statistics saved to: /exp/uboone/app/users/imani/lantern_ana/zrun4b_mmr/nue_detsys_part2/statistics.yaml
2026-01-08 05:59:17,899 - LanternAna - INFO - Loading configuration from ../../zrun4b_mmr/detsys_part2_nue_run4b.yaml
2026-01-08 05:59:17,901 - LanternAna - INFO - Discovering components...
2026-01-08 05:59:20,539 - LanternAna - INFO - Found 13 cuts
2026-01-08 05:59:20,539 - LanternAna - INFO - Found 39 producers
2026-01-08 05:59:20,539 - LanternAna - INFO - Found 1 dataset types
2026-01-08 05:59:20,540 - LanternAna - INFO - Found 1 tags
2026-01-08 05:59:20,540 - LanternAna - INFO - Configuring components...
2026-01-08 05:59:39,180 - LanternAna - INFO - Starting enhanced analysis run...
2026-01-08 05:59:39,180 - LanternAna - INFO - Loading datasets...
2026-01-08 05:59:39,284 - LanternAna - INFO - Loaded dataset 'run4b_BNB_nu_overlay_CV' with 438038 entries
2026-01-08 05:59:39,284 - LanternAna - INFO -   MC dataset with 0.0 POT
2026-01-08 05:59:39,284 - LanternAna - INFO - Processing dataset with enhanced architecture: run4b_BNB_nu_overlay_CV
2026-01-08 05:59:39,375 - LanternAna - INFO - Processing 438038 events with producer-first architecture...
2026-01-08 05:59:51,257 - LanternAna - INFO - Progress: 5.0% (21901/438038), Est. time remaining: 225.8s
2026-01-08 06:00:03,121 - LanternAna - INFO - Progress: 10.0% (43802/438038), Est. time remaining: 213.7s
2026-01-08 06:00:14,669 - LanternAna - INFO - Progress: 15.0% (65703/438038), Est. time remaining: 200.0s
2026-01-08 06:00:26,760 - LanternAna - INFO - Progress: 20.0% (87604/438038), Est. time remaining: 189.5s
2026-01-08 06:00:39,131 - LanternAna - INFO - Progress: 25.0% (109505/438038), Est. time remaining: 179.3s
2026-01-08 06:00:50,861 - LanternAna - INFO - Progress: 30.0% (131406/438038), Est. time remaining: 166.8s
2026-01-08 06:01:03,765 - LanternAna - INFO - Progress: 35.0% (153307/438038), Est. time remaining: 156.7s
2026-01-08 06:01:15,991 - LanternAna - INFO - Progress: 40.0% (175208/438038), Est. time remaining: 144.9s
2026-01-08 06:01:27,613 - LanternAna - INFO - Progress: 45.0% (197109/438038), Est. time remaining: 132.3s
2026-01-08 06:01:39,172 - LanternAna - INFO - Progress: 50.0% (219010/438038), Est. time remaining: 119.8s
2026-01-08 06:01:50,851 - LanternAna - INFO - Progress: 55.0% (240911/438038), Est. time remaining: 107.6s
2026-01-08 06:02:03,259 - LanternAna - INFO - Progress: 60.0% (262812/438038), Est. time remaining: 95.9s
2026-01-08 06:02:14,630 - LanternAna - INFO - Progress: 65.0% (284713/438038), Est. time remaining: 83.6s
2026-01-08 06:02:26,487 - LanternAna - INFO - Progress: 70.0% (306614/438038), Est. time remaining: 71.6s
2026-01-08 06:02:37,692 - LanternAna - INFO - Progress: 75.0% (328515/438038), Est. time remaining: 59.4s
2026-01-08 06:02:49,140 - LanternAna - INFO - Progress: 80.0% (350416/438038), Est. time remaining: 47.5s
2026-01-08 06:03:00,749 - LanternAna - INFO - Progress: 85.0% (372317/438038), Est. time remaining: 35.5s
2026-01-08 06:03:13,285 - LanternAna - INFO - Progress: 90.0% (394218/438038), Est. time remaining: 23.8s
2026-01-08 06:03:25,499 - LanternAna - INFO - Progress: 95.0% (416119/438038), Est. time remaining: 11.9s
2026-01-08 06:03:37,921 - LanternAna - INFO - Progress: 100.0% (438020/438038), Est. time remaining: 0.0s
2026-01-08 06:03:38,021 - LanternAna - INFO - Dataset run4b_BNB_nu_overlay_CV processed in 238.6s
2026-01-08 06:03:38,022 - LanternAna - INFO - Results written to /exp/uboone/app/users/imani/lantern_ana/zrun4b_mmr/nue_detsys_part2/run4b_BNB_nu_overlay_CV_20260108_055939.root
2026-01-08 06:03:38,022 - LanternAna - INFO - ==================================================
2026-01-08 06:03:38,022 - LanternAna - INFO - Enhanced Analysis Statistics
2026-01-08 06:03:38,022 - LanternAna - INFO - ==================================================
2026-01-08 06:03:38,022 - LanternAna - INFO - Dataset: run4b_BNB_nu_overlay_CV
2026-01-08 06:03:38,022 - LanternAna - INFO -   Total events: 438038
2026-01-08 06:03:38,022 - LanternAna - INFO -   Passed events: 438038 (100.0%)
2026-01-08 06:03:38,022 - LanternAna - INFO -   Failed events: 0 (0.0%)
2026-01-08 06:03:38,022 - LanternAna - INFO -   Processing time: 238.6s
2026-01-08 06:03:38,022 - LanternAna - INFO -   Cut statistics:
2026-01-08 06:03:38,022 - LanternAna - INFO - ==================================================
2026-01-08 06:03:38,022 - LanternAna - INFO - analysis complete!
2026-01-08 06:03:38,025 - LanternAna - INFO - Statistics saved to: /exp/uboone/app/users/imani/lantern_ana/zrun4b_mmr/nue_detsys_part2/statistics.yaml
