2025-10-02 01:17:03,468 - LanternAna - INFO - Loading configuration from configs/run1_numu_overlay_nu.yaml
2025-10-02 01:17:03,468 - LanternAna - INFO - Discovering components...
2025-10-02 01:17:06,730 - LanternAna - INFO - Found 13 cuts
2025-10-02 01:17:06,731 - LanternAna - INFO - Found 36 producers
2025-10-02 01:17:06,731 - LanternAna - INFO - Found 1 dataset types
2025-10-02 01:17:06,731 - LanternAna - INFO - Found 1 tags
2025-10-02 01:17:06,732 - LanternAna - INFO - Configuring components...
2025-10-02 01:17:06,846 - LanternAna - INFO - Starting enhanced analysis run...
2025-10-02 01:17:06,846 - LanternAna - INFO - Loading datasets...
2025-10-02 01:17:06,990 - LanternAna - INFO - Loaded dataset 'run1_bnb_nu_overlay_mcc9_v28_wctagger' with 149327 entries
2025-10-02 01:17:06,990 - LanternAna - INFO -   MC dataset with 0.0 POT
2025-10-02 01:17:06,991 - LanternAna - INFO - Processing dataset with enhanced architecture: run1_bnb_nu_overlay_mcc9_v28_wctagger
2025-10-02 01:17:07,036 - LanternAna - INFO - Processing 100 events with producer-first architecture...
2025-10-02 01:17:11,832 - LanternAna - INFO - Progress: 5.0% (5/100), Est. time remaining: 91.1s
2025-10-02 01:17:11,886 - LanternAna - INFO - Progress: 10.0% (10/100), Est. time remaining: 43.6s
2025-10-02 01:17:12,046 - LanternAna - INFO - Progress: 15.0% (15/100), Est. time remaining: 28.4s
2025-10-02 01:17:12,165 - LanternAna - INFO - Progress: 20.0% (20/100), Est. time remaining: 20.5s
2025-10-02 01:17:12,165 - LanternAna - INFO - Progress: 25.0% (25/100), Est. time remaining: 15.4s
2025-10-02 01:17:12,393 - LanternAna - INFO - Progress: 30.0% (30/100), Est. time remaining: 12.5s
2025-10-02 01:17:12,554 - LanternAna - INFO - Progress: 35.0% (35/100), Est. time remaining: 10.2s
2025-10-02 01:17:12,715 - LanternAna - INFO - Progress: 40.0% (40/100), Est. time remaining: 8.5s
2025-10-02 01:17:12,891 - LanternAna - INFO - Progress: 45.0% (45/100), Est. time remaining: 7.2s
2025-10-02 01:17:13,105 - LanternAna - INFO - Progress: 50.0% (50/100), Est. time remaining: 6.1s
2025-10-02 01:17:13,285 - LanternAna - INFO - Progress: 55.0% (55/100), Est. time remaining: 5.1s
2025-10-02 01:17:13,499 - LanternAna - INFO - Progress: 60.0% (60/100), Est. time remaining: 4.3s
2025-10-02 01:17:13,779 - LanternAna - INFO - Progress: 65.0% (65/100), Est. time remaining: 3.6s
2025-10-02 01:17:13,833 - LanternAna - INFO - Progress: 70.0% (70/100), Est. time remaining: 2.9s
2025-10-02 01:17:13,939 - LanternAna - INFO - Progress: 75.0% (75/100), Est. time remaining: 2.3s
2025-10-02 01:17:14,152 - LanternAna - INFO - Progress: 80.0% (80/100), Est. time remaining: 1.8s
2025-10-02 01:17:14,152 - LanternAna - INFO - Progress: 85.0% (85/100), Est. time remaining: 1.3s
2025-10-02 01:17:14,478 - LanternAna - INFO - Progress: 90.0% (90/100), Est. time remaining: 0.8s
2025-10-02 01:17:14,745 - LanternAna - INFO - Progress: 95.0% (95/100), Est. time remaining: 0.4s
2025-10-02 01:17:15,777 - LanternAna - INFO - Dataset run1_bnb_nu_overlay_mcc9_v28_wctagger processed in 8.0s
2025-10-02 01:17:15,777 - LanternAna - INFO - Results written to ./log_dump/numu_nu/run1_bnb_nu_overlay_mcc9_v28_wctagger_20251002_011706.root
2025-10-02 01:17:15,777 - LanternAna - INFO - ==================================================
2025-10-02 01:17:15,777 - LanternAna - INFO - Enhanced Analysis Statistics
2025-10-02 01:17:15,778 - LanternAna - INFO - ==================================================
2025-10-02 01:17:15,778 - LanternAna - INFO - Dataset: run1_bnb_nu_overlay_mcc9_v28_wctagger
2025-10-02 01:17:15,778 - LanternAna - INFO -   Total events: 100
2025-10-02 01:17:15,778 - LanternAna - INFO -   Passed events: 100 (100.0%)
2025-10-02 01:17:15,779 - LanternAna - INFO -   Failed events: 0 (0.0%)
2025-10-02 01:17:15,780 - LanternAna - INFO -   Processing time: 8.0s
2025-10-02 01:17:15,780 - LanternAna - INFO -   Cut statistics:
2025-10-02 01:17:15,780 - LanternAna - INFO - ==================================================
2025-10-02 01:17:15,780 - LanternAna - INFO - analysis complete!
2025-10-02 01:17:15,784 - LanternAna - INFO - Statistics saved to: ./log_dump/numu_nu/statistics.yaml
2025-10-02 01:19:54,563 - LanternAna - INFO - Loading configuration from configs/run1_numu_overlay_nu.yaml
2025-10-02 01:19:54,563 - LanternAna - INFO - Discovering components...
2025-10-02 01:19:58,445 - LanternAna - INFO - Found 13 cuts
2025-10-02 01:19:58,445 - LanternAna - INFO - Found 36 producers
2025-10-02 01:19:58,445 - LanternAna - INFO - Found 1 dataset types
2025-10-02 01:19:58,445 - LanternAna - INFO - Found 1 tags
2025-10-02 01:19:58,446 - LanternAna - INFO - Configuring components...
2025-10-02 01:19:58,548 - LanternAna - INFO - Starting enhanced analysis run...
2025-10-02 01:19:58,548 - LanternAna - INFO - Loading datasets...
2025-10-02 01:19:58,703 - LanternAna - INFO - Loaded dataset 'run1_bnb_nu_overlay_mcc9_v28_wctagger' with 149327 entries
2025-10-02 01:19:58,703 - LanternAna - INFO -   MC dataset with 0.0 POT
2025-10-02 01:19:58,703 - LanternAna - INFO - Processing dataset with enhanced architecture: run1_bnb_nu_overlay_mcc9_v28_wctagger
2025-10-02 01:19:58,747 - LanternAna - INFO - Processing 149327 events with producer-first architecture...
2025-10-02 01:25:20,807 - LanternAna - INFO - Progress: 5.0% (7466/149327), Est. time remaining: 6119.4s
2025-10-02 01:30:42,125 - LanternAna - INFO - Progress: 10.0% (14932/149327), Est. time remaining: 5790.7s
2025-10-02 01:36:00,763 - LanternAna - INFO - Progress: 15.0% (22398/149327), Est. time remaining: 5451.7s
2025-10-02 01:41:22,065 - LanternAna - INFO - Progress: 20.0% (29864/149327), Est. time remaining: 5133.6s
2025-10-02 01:46:43,280 - LanternAna - INFO - Progress: 25.0% (37330/149327), Est. time remaining: 4813.9s
2025-10-02 01:52:06,751 - LanternAna - INFO - Progress: 30.0% (44796/149327), Est. time remaining: 4499.0s
2025-10-02 01:57:35,104 - LanternAna - INFO - Progress: 35.0% (52262/149327), Est. time remaining: 4190.7s
2025-10-02 02:02:58,161 - LanternAna - INFO - Progress: 40.0% (59728/149327), Est. time remaining: 3869.4s
2025-10-02 02:08:21,499 - LanternAna - INFO - Progress: 45.0% (67194/149327), Est. time remaining: 3548.1s
2025-10-02 02:13:35,526 - LanternAna - INFO - Progress: 50.0% (74660/149327), Est. time remaining: 3217.1s
2025-10-02 02:18:40,603 - LanternAna - INFO - Progress: 55.0% (82126/149327), Est. time remaining: 2881.8s
2025-10-02 02:23:48,401 - LanternAna - INFO - Progress: 60.0% (89592/149327), Est. time remaining: 2553.4s
2025-10-02 02:28:46,561 - LanternAna - INFO - Progress: 65.0% (97058/149327), Est. time remaining: 2223.0s
2025-10-02 02:33:46,530 - LanternAna - INFO - Progress: 70.0% (104524/149327), Est. time remaining: 1897.9s
2025-10-02 02:38:36,698 - LanternAna - INFO - Progress: 75.0% (111990/149327), Est. time remaining: 1572.9s
2025-10-02 02:43:32,257 - LanternAna - INFO - Progress: 80.0% (119456/149327), Est. time remaining: 1253.7s
2025-10-02 02:48:30,382 - LanternAna - INFO - Progress: 85.0% (126922/149327), Est. time remaining: 937.6s
2025-10-02 02:53:21,924 - LanternAna - INFO - Progress: 90.0% (134388/149327), Est. time remaining: 622.9s
2025-10-02 02:58:12,203 - LanternAna - INFO - Progress: 95.0% (141854/149327), Est. time remaining: 310.5s
2025-10-02 03:03:07,102 - LanternAna - INFO - Progress: 100.0% (149320/149327), Est. time remaining: 0.3s
2025-10-02 03:03:10,015 - LanternAna - INFO - Dataset run1_bnb_nu_overlay_mcc9_v28_wctagger processed in 6188.6s
2025-10-02 03:03:10,015 - LanternAna - INFO - Results written to ./log_dump/numu_nu/run1_bnb_nu_overlay_mcc9_v28_wctagger_20251002_011958.root
2025-10-02 03:03:10,021 - LanternAna - INFO - ==================================================
2025-10-02 03:03:10,021 - LanternAna - INFO - Enhanced Analysis Statistics
2025-10-02 03:03:10,021 - LanternAna - INFO - ==================================================
2025-10-02 03:03:10,021 - LanternAna - INFO - Dataset: run1_bnb_nu_overlay_mcc9_v28_wctagger
2025-10-02 03:03:10,021 - LanternAna - INFO -   Total events: 149327
2025-10-02 03:03:10,021 - LanternAna - INFO -   Passed events: 149327 (100.0%)
2025-10-02 03:03:10,021 - LanternAna - INFO -   Failed events: 0 (0.0%)
2025-10-02 03:03:10,021 - LanternAna - INFO -   Processing time: 6188.6s
2025-10-02 03:03:10,021 - LanternAna - INFO -   Cut statistics:
2025-10-02 03:03:10,021 - LanternAna - INFO - ==================================================
2025-10-02 03:03:10,021 - LanternAna - INFO - analysis complete!
2025-10-02 03:03:10,102 - LanternAna - INFO - Statistics saved to: ./log_dump/numu_nu/statistics.yaml
