2025-08-22 22:31:17,281 - LanternAna - INFO - Loading configuration from run4_mmr/run4_mmr.yaml
2025-08-22 22:31:17,282 - LanternAna - INFO - Discovering components...
2025-08-22 22:31:20,116 - LanternAna - INFO - Found 13 cuts
2025-08-22 22:31:20,116 - LanternAna - INFO - Found 32 producers
2025-08-22 22:31:20,116 - LanternAna - INFO - Found 1 dataset types
2025-08-22 22:31:20,116 - LanternAna - INFO - Found 1 tags
2025-08-22 22:31:20,118 - LanternAna - INFO - Configuring components...
2025-08-22 22:31:20,125 - LanternAna - INFO - Starting enhanced analysis run...
2025-08-22 22:31:20,125 - LanternAna - INFO - Loading datasets...
2025-08-22 22:31:21,524 - LanternAna - INFO - Loaded dataset 'run4_bnb_nue_overlay' with 0 entries
2025-08-22 22:31:21,524 - LanternAna - INFO -   MC dataset with 0.0 POT
2025-08-22 22:31:21,525 - LanternAna - INFO - Loaded dataset 'run4_bnb_nu_overlay' with 0 entries
2025-08-22 22:31:21,525 - LanternAna - INFO -   MC dataset with 0.0 POT
2025-08-22 22:31:21,525 - LanternAna - INFO - Loaded dataset 'run4_ext_bnb' with 0 entries
2025-08-22 22:31:21,526 - LanternAna - INFO - Loaded dataset 'run4_data' with 0 entries
2025-08-22 22:31:21,526 - LanternAna - INFO - Processing dataset with enhanced architecture: run4_bnb_nue_overlay
2025-08-22 22:31:21,547 - LanternAna - INFO - Processing 0 events with producer-first architecture...
2025-08-22 22:31:21,599 - LanternAna - INFO - Dataset run4_bnb_nue_overlay processed in 0.0s
2025-08-22 22:31:21,599 - LanternAna - INFO - Results written to ./run4_mmr/run4_outputs/run4_bnb_nue_overlay_20250822_223121.root
2025-08-22 22:31:21,599 - LanternAna - INFO - Processing dataset with enhanced architecture: run4_bnb_nu_overlay
2025-08-22 22:31:21,603 - LanternAna - INFO - Processing 0 events with producer-first architecture...
2025-08-22 22:31:21,605 - LanternAna - INFO - Dataset run4_bnb_nu_overlay processed in 0.0s
2025-08-22 22:31:21,605 - LanternAna - INFO - Results written to ./run4_mmr/run4_outputs/run4_bnb_nu_overlay_20250822_223121.root
2025-08-22 22:31:21,605 - LanternAna - INFO - Processing dataset with enhanced architecture: run4_ext_bnb
2025-08-22 22:31:21,610 - LanternAna - INFO - Processing 0 events with producer-first architecture...
2025-08-22 22:31:21,613 - LanternAna - INFO - Dataset run4_ext_bnb processed in 0.0s
2025-08-22 22:31:21,613 - LanternAna - INFO - Results written to ./run4_mmr/run4_outputs/run4_ext_bnb_20250822_223121.root
2025-08-22 22:31:21,614 - LanternAna - INFO - Processing dataset with enhanced architecture: run4_data
2025-08-22 22:31:21,616 - LanternAna - INFO - Processing 0 events with producer-first architecture...
2025-08-22 22:31:21,618 - LanternAna - INFO - Dataset run4_data processed in 0.0s
2025-08-22 22:31:21,618 - LanternAna - INFO - Results written to ./run4_mmr/run4_outputs/run4_data_20250822_223121.root
2025-08-22 22:31:21,618 - LanternAna - INFO - ==================================================
2025-08-22 22:31:21,619 - LanternAna - INFO - Enhanced Analysis Statistics
2025-08-22 22:31:21,619 - LanternAna - INFO - ==================================================
2025-08-22 22:31:21,619 - LanternAna - INFO - Dataset: run4_bnb_nue_overlay
2025-08-22 22:31:21,620 - LanternAna - INFO -   Total events: 0
2025-08-22 22:39:02,368 - LanternAna - INFO - Loading configuration from run4_mmr/run4_mmr.yaml
2025-08-22 22:39:02,368 - LanternAna - INFO - Discovering components...
2025-08-22 22:39:05,191 - LanternAna - INFO - Found 13 cuts
2025-08-22 22:39:05,191 - LanternAna - INFO - Found 32 producers
2025-08-22 22:39:05,191 - LanternAna - INFO - Found 1 dataset types
2025-08-22 22:39:05,192 - LanternAna - INFO - Found 1 tags
2025-08-22 22:39:05,194 - LanternAna - INFO - Configuring components...
2025-08-22 22:39:05,200 - LanternAna - INFO - Starting enhanced analysis run...
2025-08-22 22:39:05,200 - LanternAna - INFO - Loading datasets...
2025-08-22 22:39:05,350 - LanternAna - INFO - Loaded dataset 'run4_bnb_nue_overlay' with 0 entries
2025-08-22 22:39:05,350 - LanternAna - INFO -   MC dataset with 0.0 POT
2025-08-22 22:39:05,351 - LanternAna - INFO - Loaded dataset 'run4_bnb_nu_overlay' with 0 entries
2025-08-22 22:39:05,351 - LanternAna - INFO -   MC dataset with 0.0 POT
2025-08-22 22:39:05,352 - LanternAna - INFO - Loaded dataset 'run4_ext_bnb' with 0 entries
2025-08-22 22:39:05,353 - LanternAna - INFO - Loaded dataset 'run4_data' with 0 entries
2025-08-22 22:39:05,353 - LanternAna - INFO - Processing dataset with enhanced architecture: run4_bnb_nue_overlay
2025-08-22 22:39:05,375 - LanternAna - INFO - Processing 0 events with producer-first architecture...
2025-08-22 22:39:05,424 - LanternAna - INFO - Dataset run4_bnb_nue_overlay processed in 0.0s
2025-08-22 22:39:05,424 - LanternAna - INFO - Results written to ./run4_mmr/run4_outputs/run4_bnb_nue_overlay_20250822_223905.root
2025-08-22 22:39:05,424 - LanternAna - INFO - Processing dataset with enhanced architecture: run4_bnb_nu_overlay
2025-08-22 22:39:05,427 - LanternAna - INFO - Processing 0 events with producer-first architecture...
2025-08-22 22:39:05,429 - LanternAna - INFO - Dataset run4_bnb_nu_overlay processed in 0.0s
2025-08-22 22:39:05,429 - LanternAna - INFO - Results written to ./run4_mmr/run4_outputs/run4_bnb_nu_overlay_20250822_223905.root
2025-08-22 22:39:05,429 - LanternAna - INFO - Processing dataset with enhanced architecture: run4_ext_bnb
2025-08-22 22:39:05,435 - LanternAna - INFO - Processing 0 events with producer-first architecture...
2025-08-22 22:39:05,437 - LanternAna - INFO - Dataset run4_ext_bnb processed in 0.0s
2025-08-22 22:39:05,437 - LanternAna - INFO - Results written to ./run4_mmr/run4_outputs/run4_ext_bnb_20250822_223905.root
2025-08-22 22:39:05,438 - LanternAna - INFO - Processing dataset with enhanced architecture: run4_data
2025-08-22 22:39:05,440 - LanternAna - INFO - Processing 0 events with producer-first architecture...
2025-08-22 22:39:05,443 - LanternAna - INFO - Dataset run4_data processed in 0.0s
2025-08-22 22:39:05,444 - LanternAna - INFO - Results written to ./run4_mmr/run4_outputs/run4_data_20250822_223905.root
2025-08-22 22:39:05,444 - LanternAna - INFO - ==================================================
2025-08-22 22:39:05,444 - LanternAna - INFO - Enhanced Analysis Statistics
2025-08-22 22:39:05,445 - LanternAna - INFO - ==================================================
2025-08-22 22:39:05,445 - LanternAna - INFO - Dataset: run4_bnb_nue_overlay
2025-08-22 22:39:05,445 - LanternAna - INFO -   Total events: 0
2025-08-22 22:39:43,268 - LanternAna - INFO - Loading configuration from run4_mmr/run4_mmr.yaml
2025-08-22 22:39:43,269 - LanternAna - INFO - Discovering components...
2025-08-22 22:39:46,240 - LanternAna - INFO - Found 13 cuts
2025-08-22 22:39:46,240 - LanternAna - INFO - Found 32 producers
2025-08-22 22:39:46,240 - LanternAna - INFO - Found 1 dataset types
2025-08-22 22:39:46,240 - LanternAna - INFO - Found 1 tags
2025-08-22 22:39:46,242 - LanternAna - INFO - Configuring components...
2025-08-22 22:39:46,248 - LanternAna - INFO - Starting enhanced analysis run...
2025-08-22 22:39:46,248 - LanternAna - INFO - Loading datasets...
2025-08-22 22:39:46,455 - LanternAna - INFO - Loaded dataset 'run4_bnb_nue_overlay' with 635859 entries
2025-08-22 22:39:46,456 - LanternAna - INFO -   MC dataset with 0.0 POT
2025-08-22 22:39:46,456 - LanternAna - INFO - Loaded dataset 'run4_bnb_nu_overlay' with 0 entries
2025-08-22 22:39:46,456 - LanternAna - INFO -   MC dataset with 0.0 POT
2025-08-22 22:39:46,458 - LanternAna - INFO - Loaded dataset 'run4_ext_bnb' with 0 entries
2025-08-22 22:39:46,458 - LanternAna - INFO - Loaded dataset 'run4_data' with 0 entries
2025-08-22 22:39:46,458 - LanternAna - INFO - Processing dataset with enhanced architecture: run4_bnb_nue_overlay
2025-08-22 22:39:46,478 - LanternAna - INFO - Processing 1000 events with producer-first architecture...
2025-08-22 22:39:47,415 - LanternAna - INFO - Progress: 5.0% (50/1000), Est. time remaining: 17.8s
2025-08-22 22:39:47,448 - LanternAna - INFO - Progress: 10.0% (100/1000), Est. time remaining: 8.7s
2025-08-22 22:39:47,478 - LanternAna - INFO - Progress: 15.0% (150/1000), Est. time remaining: 5.7s
2025-08-22 22:39:47,502 - LanternAna - INFO - Progress: 20.0% (200/1000), Est. time remaining: 4.1s
2025-08-22 22:39:47,532 - LanternAna - INFO - Progress: 25.0% (250/1000), Est. time remaining: 3.2s
2025-08-22 22:39:47,559 - LanternAna - INFO - Progress: 30.0% (300/1000), Est. time remaining: 2.5s
2025-08-22 22:39:47,585 - LanternAna - INFO - Progress: 35.0% (350/1000), Est. time remaining: 2.1s
2025-08-22 22:39:47,611 - LanternAna - INFO - Progress: 40.0% (400/1000), Est. time remaining: 1.7s
2025-08-22 22:39:47,646 - LanternAna - INFO - Progress: 45.0% (450/1000), Est. time remaining: 1.4s
2025-08-22 22:39:47,676 - LanternAna - INFO - Progress: 50.0% (500/1000), Est. time remaining: 1.2s
2025-08-22 22:39:47,700 - LanternAna - INFO - Progress: 55.0% (550/1000), Est. time remaining: 1.0s
2025-08-22 22:39:47,725 - LanternAna - INFO - Progress: 60.0% (600/1000), Est. time remaining: 0.8s
2025-08-22 22:39:47,751 - LanternAna - INFO - Progress: 65.0% (650/1000), Est. time remaining: 0.7s
2025-08-22 22:39:47,785 - LanternAna - INFO - Progress: 70.0% (700/1000), Est. time remaining: 0.6s
2025-08-22 22:39:47,808 - LanternAna - INFO - Progress: 75.0% (750/1000), Est. time remaining: 0.4s
2025-08-22 22:39:47,834 - LanternAna - INFO - Progress: 80.0% (800/1000), Est. time remaining: 0.3s
2025-08-22 22:39:47,863 - LanternAna - INFO - Progress: 85.0% (850/1000), Est. time remaining: 0.2s
2025-08-22 22:39:47,889 - LanternAna - INFO - Progress: 90.0% (900/1000), Est. time remaining: 0.2s
2025-08-22 22:39:47,912 - LanternAna - INFO - Progress: 95.0% (950/1000), Est. time remaining: 0.1s
2025-08-22 22:39:47,979 - LanternAna - INFO - Dataset run4_bnb_nue_overlay processed in 1.5s
2025-08-22 22:39:47,979 - LanternAna - INFO - Results written to ./run4_mmr/run4_outputs/run4_bnb_nue_overlay_20250822_223946.root
2025-08-22 22:39:47,979 - LanternAna - INFO - Processing dataset with enhanced architecture: run4_bnb_nu_overlay
2025-08-22 22:39:47,982 - LanternAna - INFO - Processing 0 events with producer-first architecture...
2025-08-22 22:39:47,984 - LanternAna - INFO - Dataset run4_bnb_nu_overlay processed in 0.0s
2025-08-22 22:39:47,984 - LanternAna - INFO - Results written to ./run4_mmr/run4_outputs/run4_bnb_nu_overlay_20250822_223947.root
2025-08-22 22:39:47,984 - LanternAna - INFO - Processing dataset with enhanced architecture: run4_ext_bnb
2025-08-22 22:39:47,988 - LanternAna - INFO - Processing 0 events with producer-first architecture...
2025-08-22 22:39:47,990 - LanternAna - INFO - Dataset run4_ext_bnb processed in 0.0s
2025-08-22 22:39:47,991 - LanternAna - INFO - Results written to ./run4_mmr/run4_outputs/run4_ext_bnb_20250822_223947.root
2025-08-22 22:39:47,991 - LanternAna - INFO - Processing dataset with enhanced architecture: run4_data
2025-08-22 22:39:47,993 - LanternAna - INFO - Processing 0 events with producer-first architecture...
2025-08-22 22:39:47,996 - LanternAna - INFO - Dataset run4_data processed in 0.0s
2025-08-22 22:39:47,996 - LanternAna - INFO - Results written to ./run4_mmr/run4_outputs/run4_data_20250822_223947.root
2025-08-22 22:39:47,996 - LanternAna - INFO - ==================================================
2025-08-22 22:39:47,996 - LanternAna - INFO - Enhanced Analysis Statistics
2025-08-22 22:39:47,997 - LanternAna - INFO - ==================================================
2025-08-22 22:39:47,999 - LanternAna - INFO - Dataset: run4_bnb_nue_overlay
2025-08-22 22:39:47,999 - LanternAna - INFO -   Total events: 1000
2025-08-22 22:39:48,000 - LanternAna - INFO -   Passed events: 1000 (100.0%)
2025-08-22 22:39:48,001 - LanternAna - INFO -   Failed events: 0 (0.0%)
2025-08-22 22:39:48,001 - LanternAna - INFO -   Processing time: 1.5s
2025-08-22 22:39:48,002 - LanternAna - INFO -   Cut statistics:
2025-08-22 22:39:48,004 - LanternAna - INFO -     remove_true_nue_cc: 0/1000 (0.0%)
2025-08-22 22:39:48,005 - LanternAna - INFO - Dataset: run4_bnb_nu_overlay
2025-08-22 22:39:48,005 - LanternAna - INFO -   Total events: 0
2025-08-22 22:40:02,854 - LanternAna - INFO - Loading configuration from run4_mmr/run4_mmr.yaml
2025-08-22 22:40:02,854 - LanternAna - INFO - Discovering components...
2025-08-22 22:40:05,806 - LanternAna - INFO - Found 13 cuts
2025-08-22 22:40:05,807 - LanternAna - INFO - Found 32 producers
2025-08-22 22:40:05,807 - LanternAna - INFO - Found 1 dataset types
2025-08-22 22:40:05,807 - LanternAna - INFO - Found 1 tags
2025-08-22 22:40:05,809 - LanternAna - INFO - Configuring components...
2025-08-22 22:40:05,816 - LanternAna - INFO - Starting enhanced analysis run...
2025-08-22 22:40:05,817 - LanternAna - INFO - Loading datasets...
2025-08-22 22:40:07,557 - LanternAna - INFO - Loaded dataset 'run4_bnb_nue_overlay' with 635859 entries
2025-08-22 22:40:07,557 - LanternAna - INFO -   MC dataset with 0.0 POT
2025-08-22 22:40:07,559 - LanternAna - INFO - Loaded dataset 'run4_bnb_nu_overlay' with 201771 entries
2025-08-22 22:40:07,559 - LanternAna - INFO -   MC dataset with 0.0 POT
2025-08-22 22:40:07,901 - LanternAna - INFO - Loaded dataset 'run4_ext_bnb' with 1156514 entries
2025-08-22 22:40:08,031 - LanternAna - INFO - Loaded dataset 'run4_data' with 443044 entries
2025-08-22 22:40:08,031 - LanternAna - INFO - Processing dataset with enhanced architecture: run4_bnb_nue_overlay
2025-08-22 22:40:08,053 - LanternAna - INFO - Processing 1000 events with producer-first architecture...
2025-08-22 22:40:08,310 - LanternAna - INFO - Progress: 5.0% (50/1000), Est. time remaining: 4.9s
2025-08-22 22:40:08,341 - LanternAna - INFO - Progress: 10.0% (100/1000), Est. time remaining: 2.6s
2025-08-22 22:40:08,371 - LanternAna - INFO - Progress: 15.0% (150/1000), Est. time remaining: 1.8s
2025-08-22 22:40:08,393 - LanternAna - INFO - Progress: 20.0% (200/1000), Est. time remaining: 1.4s
2025-08-22 22:40:08,422 - LanternAna - INFO - Progress: 25.0% (250/1000), Est. time remaining: 1.1s
2025-08-22 22:40:08,449 - LanternAna - INFO - Progress: 30.0% (300/1000), Est. time remaining: 0.9s
2025-08-22 22:40:08,475 - LanternAna - INFO - Progress: 35.0% (350/1000), Est. time remaining: 0.8s
2025-08-22 22:40:08,500 - LanternAna - INFO - Progress: 40.0% (400/1000), Est. time remaining: 0.7s
2025-08-22 22:40:08,535 - LanternAna - INFO - Progress: 45.0% (450/1000), Est. time remaining: 0.6s
2025-08-22 22:40:08,564 - LanternAna - INFO - Progress: 50.0% (500/1000), Est. time remaining: 0.5s
2025-08-22 22:40:08,587 - LanternAna - INFO - Progress: 55.0% (550/1000), Est. time remaining: 0.4s
2025-08-22 22:40:08,612 - LanternAna - INFO - Progress: 60.0% (600/1000), Est. time remaining: 0.4s
2025-08-22 22:40:08,638 - LanternAna - INFO - Progress: 65.0% (650/1000), Est. time remaining: 0.3s
2025-08-22 22:40:08,671 - LanternAna - INFO - Progress: 70.0% (700/1000), Est. time remaining: 0.3s
2025-08-22 22:40:08,694 - LanternAna - INFO - Progress: 75.0% (750/1000), Est. time remaining: 0.2s
2025-08-22 22:40:08,719 - LanternAna - INFO - Progress: 80.0% (800/1000), Est. time remaining: 0.2s
2025-08-22 22:40:08,748 - LanternAna - INFO - Progress: 85.0% (850/1000), Est. time remaining: 0.1s
2025-08-22 22:40:08,773 - LanternAna - INFO - Progress: 90.0% (900/1000), Est. time remaining: 0.1s
2025-08-22 22:40:08,800 - LanternAna - INFO - Progress: 95.0% (950/1000), Est. time remaining: 0.0s
2025-08-22 22:40:08,876 - LanternAna - INFO - Dataset run4_bnb_nue_overlay processed in 0.8s
2025-08-22 22:40:08,877 - LanternAna - INFO - Results written to ./run4_mmr/run4_outputs/run4_bnb_nue_overlay_20250822_224008.root
2025-08-22 22:40:08,877 - LanternAna - INFO - Processing dataset with enhanced architecture: run4_bnb_nu_overlay
2025-08-22 22:40:08,880 - LanternAna - INFO - Processing 1000 events with producer-first architecture...
2025-08-22 22:40:09,659 - LanternAna - INFO - Progress: 5.0% (50/1000), Est. time remaining: 14.8s
2025-08-22 22:40:09,716 - LanternAna - INFO - Progress: 10.0% (100/1000), Est. time remaining: 7.5s
2025-08-22 22:40:09,775 - LanternAna - INFO - Progress: 15.0% (150/1000), Est. time remaining: 5.1s
2025-08-22 22:40:09,845 - LanternAna - INFO - Progress: 20.0% (200/1000), Est. time remaining: 3.9s
2025-08-22 22:40:09,905 - LanternAna - INFO - Progress: 25.0% (250/1000), Est. time remaining: 3.1s
2025-08-22 22:40:09,975 - LanternAna - INFO - Progress: 30.0% (300/1000), Est. time remaining: 2.6s
2025-08-22 22:40:10,039 - LanternAna - INFO - Progress: 35.0% (350/1000), Est. time remaining: 2.2s
2025-08-22 22:40:10,106 - LanternAna - INFO - Progress: 40.0% (400/1000), Est. time remaining: 1.8s
2025-08-22 22:40:10,169 - LanternAna - INFO - Progress: 45.0% (450/1000), Est. time remaining: 1.6s
2025-08-22 22:40:10,232 - LanternAna - INFO - Progress: 50.0% (500/1000), Est. time remaining: 1.4s
2025-08-22 22:40:10,301 - LanternAna - INFO - Progress: 55.0% (550/1000), Est. time remaining: 1.2s
2025-08-22 22:40:10,354 - LanternAna - INFO - Progress: 60.0% (600/1000), Est. time remaining: 1.0s
2025-08-22 22:40:10,400 - LanternAna - INFO - Progress: 65.0% (650/1000), Est. time remaining: 0.8s
2025-08-22 22:40:10,472 - LanternAna - INFO - Progress: 70.0% (700/1000), Est. time remaining: 0.7s
2025-08-22 22:40:10,537 - LanternAna - INFO - Progress: 75.0% (750/1000), Est. time remaining: 0.6s
2025-08-22 22:40:10,602 - LanternAna - INFO - Progress: 80.0% (800/1000), Est. time remaining: 0.4s
2025-08-22 22:40:10,616 - LanternAna - INFO - Progress: 85.0% (850/1000), Est. time remaining: 0.3s
2025-08-22 22:40:10,672 - LanternAna - INFO - Progress: 90.0% (900/1000), Est. time remaining: 0.2s
2025-08-22 22:40:10,737 - LanternAna - INFO - Progress: 95.0% (950/1000), Est. time remaining: 0.1s
2025-08-22 22:40:10,802 - LanternAna - INFO - Dataset run4_bnb_nu_overlay processed in 1.9s
2025-08-22 22:40:10,802 - LanternAna - INFO - Results written to ./run4_mmr/run4_outputs/run4_bnb_nu_overlay_20250822_224008.root
2025-08-22 22:40:10,802 - LanternAna - INFO - Processing dataset with enhanced architecture: run4_ext_bnb
2025-08-22 22:40:10,805 - LanternAna - INFO - Processing 1000 events with producer-first architecture...
2025-08-22 22:40:10,820 - LanternAna - INFO - Progress: 5.0% (50/1000), Est. time remaining: 0.3s
2025-08-22 22:40:10,833 - LanternAna - INFO - Progress: 10.0% (100/1000), Est. time remaining: 0.3s
2025-08-22 22:40:11,203 - LanternAna - INFO - Progress: 15.0% (150/1000), Est. time remaining: 2.3s
2025-08-22 22:40:11,218 - LanternAna - INFO - Progress: 20.0% (200/1000), Est. time remaining: 1.7s
2025-08-22 22:40:11,232 - LanternAna - INFO - Progress: 25.0% (250/1000), Est. time remaining: 1.3s
2025-08-22 22:40:11,245 - LanternAna - INFO - Progress: 30.0% (300/1000), Est. time remaining: 1.0s
2025-08-22 22:40:11,259 - LanternAna - INFO - Progress: 35.0% (350/1000), Est. time remaining: 0.8s
2025-08-22 22:40:11,274 - LanternAna - INFO - Progress: 40.0% (400/1000), Est. time remaining: 0.7s
2025-08-22 22:40:11,289 - LanternAna - INFO - Progress: 45.0% (450/1000), Est. time remaining: 0.6s
2025-08-22 22:40:11,305 - LanternAna - INFO - Progress: 50.0% (500/1000), Est. time remaining: 0.5s
2025-08-22 22:40:11,317 - LanternAna - INFO - Progress: 55.0% (550/1000), Est. time remaining: 0.4s
2025-08-22 22:40:11,330 - LanternAna - INFO - Progress: 60.0% (600/1000), Est. time remaining: 0.3s
2025-08-22 22:40:11,344 - LanternAna - INFO - Progress: 65.0% (650/1000), Est. time remaining: 0.3s
2025-08-22 22:40:11,358 - LanternAna - INFO - Progress: 70.0% (700/1000), Est. time remaining: 0.2s
2025-08-22 22:40:11,372 - LanternAna - INFO - Progress: 75.0% (750/1000), Est. time remaining: 0.2s
2025-08-22 22:40:11,389 - LanternAna - INFO - Progress: 80.0% (800/1000), Est. time remaining: 0.1s
2025-08-22 22:40:11,405 - LanternAna - INFO - Progress: 85.0% (850/1000), Est. time remaining: 0.1s
2025-08-22 22:40:11,420 - LanternAna - INFO - Progress: 90.0% (900/1000), Est. time remaining: 0.1s
2025-08-22 22:40:11,433 - LanternAna - INFO - Progress: 95.0% (950/1000), Est. time remaining: 0.0s
2025-08-22 22:40:11,458 - LanternAna - INFO - Dataset run4_ext_bnb processed in 0.6s
2025-08-22 22:40:11,458 - LanternAna - INFO - Results written to ./run4_mmr/run4_outputs/run4_ext_bnb_20250822_224010.root
2025-08-22 22:40:11,458 - LanternAna - INFO - Processing dataset with enhanced architecture: run4_data
2025-08-22 22:40:11,462 - LanternAna - INFO - Processing 1000 events with producer-first architecture...
2025-08-22 22:40:11,478 - LanternAna - INFO - Progress: 5.0% (50/1000), Est. time remaining: 0.3s
2025-08-22 22:40:11,491 - LanternAna - INFO - Progress: 10.0% (100/1000), Est. time remaining: 0.3s
2025-08-22 22:40:12,032 - LanternAna - INFO - Progress: 15.0% (150/1000), Est. time remaining: 3.2s
2025-08-22 22:40:12,049 - LanternAna - INFO - Progress: 20.0% (200/1000), Est. time remaining: 2.3s
2025-08-22 22:40:12,065 - LanternAna - INFO - Progress: 25.0% (250/1000), Est. time remaining: 1.8s
2025-08-22 22:40:12,077 - LanternAna - INFO - Progress: 30.0% (300/1000), Est. time remaining: 1.4s
2025-08-22 22:40:12,094 - LanternAna - INFO - Progress: 35.0% (350/1000), Est. time remaining: 1.2s
2025-08-22 22:40:12,109 - LanternAna - INFO - Progress: 40.0% (400/1000), Est. time remaining: 1.0s
2025-08-22 22:40:12,124 - LanternAna - INFO - Progress: 45.0% (450/1000), Est. time remaining: 0.8s
2025-08-22 22:40:12,139 - LanternAna - INFO - Progress: 50.0% (500/1000), Est. time remaining: 0.7s
2025-08-22 22:40:12,156 - LanternAna - INFO - Progress: 55.0% (550/1000), Est. time remaining: 0.6s
2025-08-22 22:40:12,170 - LanternAna - INFO - Progress: 60.0% (600/1000), Est. time remaining: 0.5s
2025-08-22 22:40:12,184 - LanternAna - INFO - Progress: 65.0% (650/1000), Est. time remaining: 0.4s
2025-08-22 22:40:12,198 - LanternAna - INFO - Progress: 70.0% (700/1000), Est. time remaining: 0.3s
2025-08-22 22:40:12,212 - LanternAna - INFO - Progress: 75.0% (750/1000), Est. time remaining: 0.3s
2025-08-22 22:40:12,228 - LanternAna - INFO - Progress: 80.0% (800/1000), Est. time remaining: 0.2s
2025-08-22 22:40:12,243 - LanternAna - INFO - Progress: 85.0% (850/1000), Est. time remaining: 0.1s
2025-08-22 22:40:12,259 - LanternAna - INFO - Progress: 90.0% (900/1000), Est. time remaining: 0.1s
2025-08-22 22:40:12,273 - LanternAna - INFO - Progress: 95.0% (950/1000), Est. time remaining: 0.0s
2025-08-22 22:40:12,299 - LanternAna - INFO - Dataset run4_data processed in 0.8s
2025-08-22 22:40:12,299 - LanternAna - INFO - Results written to ./run4_mmr/run4_outputs/run4_data_20250822_224011.root
2025-08-22 22:40:12,299 - LanternAna - INFO - ==================================================
2025-08-22 22:40:12,300 - LanternAna - INFO - Enhanced Analysis Statistics
2025-08-22 22:40:12,301 - LanternAna - INFO - ==================================================
2025-08-22 22:40:12,301 - LanternAna - INFO - Dataset: run4_bnb_nue_overlay
2025-08-22 22:40:12,302 - LanternAna - INFO -   Total events: 1000
2025-08-22 22:40:12,302 - LanternAna - INFO -   Passed events: 1000 (100.0%)
2025-08-22 22:40:12,302 - LanternAna - INFO -   Failed events: 0 (0.0%)
2025-08-22 22:40:12,302 - LanternAna - INFO -   Processing time: 0.8s
2025-08-22 22:40:12,303 - LanternAna - INFO -   Cut statistics:
2025-08-22 22:40:12,303 - LanternAna - INFO -     remove_true_nue_cc: 0/1000 (0.0%)
2025-08-22 22:40:12,303 - LanternAna - INFO - Dataset: run4_bnb_nu_overlay
2025-08-22 22:40:12,304 - LanternAna - INFO -   Total events: 1000
2025-08-22 22:40:12,304 - LanternAna - INFO -   Passed events: 0 (0.0%)
2025-08-22 22:40:12,304 - LanternAna - INFO -   Failed events: 1000 (100.0%)
2025-08-22 22:40:12,304 - LanternAna - INFO -   Processing time: 1.9s
2025-08-22 22:40:12,304 - LanternAna - INFO -   Cut statistics:
2025-08-22 22:40:12,304 - LanternAna - INFO -     remove_true_nue_cc: 1000/1000 (100.0%)
2025-08-22 22:40:12,305 - LanternAna - INFO - Dataset: run4_ext_bnb
2025-08-22 22:40:12,305 - LanternAna - INFO -   Total events: 1000
2025-08-22 22:40:12,305 - LanternAna - INFO -   Passed events: 1000 (100.0%)
2025-08-22 22:40:12,305 - LanternAna - INFO -   Failed events: 0 (0.0%)
2025-08-22 22:40:12,305 - LanternAna - INFO -   Processing time: 0.6s
2025-08-22 22:40:12,306 - LanternAna - INFO -   Cut statistics:
2025-08-22 22:40:12,306 - LanternAna - INFO -     remove_true_nue_cc: 0/1000 (0.0%)
2025-08-22 22:40:12,307 - LanternAna - INFO - Dataset: run4_data
2025-08-22 22:40:12,307 - LanternAna - INFO -   Total events: 1000
2025-08-22 22:40:12,307 - LanternAna - INFO -   Passed events: 1000 (100.0%)
2025-08-22 22:40:12,307 - LanternAna - INFO -   Failed events: 0 (0.0%)
2025-08-22 22:40:12,308 - LanternAna - INFO -   Processing time: 0.8s
2025-08-22 22:40:12,308 - LanternAna - INFO -   Cut statistics:
2025-08-22 22:40:12,308 - LanternAna - INFO -     remove_true_nue_cc: 0/1000 (0.0%)
2025-08-22 22:40:12,308 - LanternAna - INFO - ==================================================
2025-08-22 22:40:12,309 - LanternAna - INFO - analysis complete!
2025-08-22 22:40:12,314 - LanternAna - INFO - Statistics saved to: ./run4_mmr/run4_outputs/statistics.yaml
2025-08-22 22:40:48,806 - LanternAna - INFO - Loading configuration from run4_mmr/run4_mmr.yaml
2025-08-22 22:40:48,806 - LanternAna - INFO - Discovering components...
2025-08-22 22:40:51,776 - LanternAna - INFO - Found 13 cuts
2025-08-22 22:40:51,776 - LanternAna - INFO - Found 32 producers
2025-08-22 22:40:51,776 - LanternAna - INFO - Found 1 dataset types
2025-08-22 22:40:51,776 - LanternAna - INFO - Found 1 tags
2025-08-22 22:40:51,778 - LanternAna - INFO - Configuring components...
2025-08-22 22:40:51,785 - LanternAna - INFO - Starting enhanced analysis run...
2025-08-22 22:40:51,785 - LanternAna - INFO - Loading datasets...
2025-08-22 22:40:52,588 - LanternAna - INFO - Loaded dataset 'run4_bnb_nue_overlay' with 635859 entries
2025-08-22 22:40:52,589 - LanternAna - INFO -   MC dataset with 0.0 POT
2025-08-22 22:40:52,590 - LanternAna - INFO - Loaded dataset 'run4_bnb_nu_overlay' with 201771 entries
2025-08-22 22:40:52,592 - LanternAna - INFO -   MC dataset with 0.0 POT
2025-08-22 22:40:52,943 - LanternAna - INFO - Loaded dataset 'run4_ext_bnb' with 1156514 entries
2025-08-22 22:40:53,078 - LanternAna - INFO - Loaded dataset 'run4_data' with 443044 entries
2025-08-22 22:40:53,078 - LanternAna - INFO - Processing dataset with enhanced architecture: run4_bnb_nue_overlay
2025-08-22 22:40:53,103 - LanternAna - INFO - Processing 1000 events with producer-first architecture...
2025-08-22 22:40:53,356 - LanternAna - INFO - Progress: 5.0% (50/1000), Est. time remaining: 4.8s
2025-08-22 22:40:53,389 - LanternAna - INFO - Progress: 10.0% (100/1000), Est. time remaining: 2.6s
2025-08-22 22:40:53,420 - LanternAna - INFO - Progress: 15.0% (150/1000), Est. time remaining: 1.8s
2025-08-22 22:40:53,444 - LanternAna - INFO - Progress: 20.0% (200/1000), Est. time remaining: 1.4s
2025-08-22 22:40:53,474 - LanternAna - INFO - Progress: 25.0% (250/1000), Est. time remaining: 1.1s
2025-08-22 22:40:53,502 - LanternAna - INFO - Progress: 30.0% (300/1000), Est. time remaining: 0.9s
2025-08-22 22:40:53,529 - LanternAna - INFO - Progress: 35.0% (350/1000), Est. time remaining: 0.8s
2025-08-22 22:40:53,556 - LanternAna - INFO - Progress: 40.0% (400/1000), Est. time remaining: 0.7s
2025-08-22 22:40:53,593 - LanternAna - INFO - Progress: 45.0% (450/1000), Est. time remaining: 0.6s
2025-08-22 22:40:53,623 - LanternAna - INFO - Progress: 50.0% (500/1000), Est. time remaining: 0.5s
2025-08-22 22:40:53,648 - LanternAna - INFO - Progress: 55.0% (550/1000), Est. time remaining: 0.4s
2025-08-22 22:40:53,673 - LanternAna - INFO - Progress: 60.0% (600/1000), Est. time remaining: 0.4s
2025-08-22 22:40:53,700 - LanternAna - INFO - Progress: 65.0% (650/1000), Est. time remaining: 0.3s
2025-08-22 22:40:53,735 - LanternAna - INFO - Progress: 70.0% (700/1000), Est. time remaining: 0.3s
2025-08-22 22:40:53,760 - LanternAna - INFO - Progress: 75.0% (750/1000), Est. time remaining: 0.2s
2025-08-22 22:40:53,786 - LanternAna - INFO - Progress: 80.0% (800/1000), Est. time remaining: 0.2s
2025-08-22 22:40:53,816 - LanternAna - INFO - Progress: 85.0% (850/1000), Est. time remaining: 0.1s
2025-08-22 22:40:53,843 - LanternAna - INFO - Progress: 90.0% (900/1000), Est. time remaining: 0.1s
2025-08-22 22:40:53,867 - LanternAna - INFO - Progress: 95.0% (950/1000), Est. time remaining: 0.0s
2025-08-22 22:40:53,946 - LanternAna - INFO - Dataset run4_bnb_nue_overlay processed in 0.8s
2025-08-22 22:40:53,947 - LanternAna - INFO - Results written to ./run4_mmr/run4_outputs/run4_bnb_nue_overlay_20250822_224053.root
2025-08-22 22:40:53,947 - LanternAna - INFO - Processing dataset with enhanced architecture: run4_bnb_nu_overlay
2025-08-22 22:40:53,955 - LanternAna - INFO - Processing 1000 events with producer-first architecture...
2025-08-22 22:40:54,271 - LanternAna - INFO - Progress: 5.0% (50/1000), Est. time remaining: 6.0s
2025-08-22 22:40:54,331 - LanternAna - INFO - Progress: 10.0% (100/1000), Est. time remaining: 3.4s
2025-08-22 22:40:54,393 - LanternAna - INFO - Progress: 15.0% (150/1000), Est. time remaining: 2.5s
2025-08-22 22:40:54,466 - LanternAna - INFO - Progress: 20.0% (200/1000), Est. time remaining: 2.0s
2025-08-22 22:40:54,529 - LanternAna - INFO - Progress: 25.0% (250/1000), Est. time remaining: 1.7s
2025-08-22 22:40:54,602 - LanternAna - INFO - Progress: 30.0% (300/1000), Est. time remaining: 1.5s
2025-08-22 22:40:54,671 - LanternAna - INFO - Progress: 35.0% (350/1000), Est. time remaining: 1.3s
2025-08-22 22:40:54,740 - LanternAna - INFO - Progress: 40.0% (400/1000), Est. time remaining: 1.2s
2025-08-22 22:40:54,808 - LanternAna - INFO - Progress: 45.0% (450/1000), Est. time remaining: 1.0s
2025-08-22 22:40:54,877 - LanternAna - INFO - Progress: 50.0% (500/1000), Est. time remaining: 0.9s
2025-08-22 22:40:54,957 - LanternAna - INFO - Progress: 55.0% (550/1000), Est. time remaining: 0.8s
2025-08-22 22:40:55,023 - LanternAna - INFO - Progress: 60.0% (600/1000), Est. time remaining: 0.7s
2025-08-22 22:40:55,072 - LanternAna - INFO - Progress: 65.0% (650/1000), Est. time remaining: 0.6s
2025-08-22 22:40:55,148 - LanternAna - INFO - Progress: 70.0% (700/1000), Est. time remaining: 0.5s
2025-08-22 22:40:55,217 - LanternAna - INFO - Progress: 75.0% (750/1000), Est. time remaining: 0.4s
2025-08-22 22:40:55,298 - LanternAna - INFO - Progress: 80.0% (800/1000), Est. time remaining: 0.3s
2025-08-22 22:40:55,313 - LanternAna - INFO - Progress: 85.0% (850/1000), Est. time remaining: 0.2s
2025-08-22 22:40:55,372 - LanternAna - INFO - Progress: 90.0% (900/1000), Est. time remaining: 0.2s
2025-08-22 22:40:55,440 - LanternAna - INFO - Progress: 95.0% (950/1000), Est. time remaining: 0.1s
2025-08-22 22:40:55,507 - LanternAna - INFO - Dataset run4_bnb_nu_overlay processed in 1.5s
2025-08-22 22:40:55,507 - LanternAna - INFO - Results written to ./run4_mmr/run4_outputs/run4_bnb_nu_overlay_20250822_224053.root
2025-08-22 22:40:55,507 - LanternAna - INFO - Processing dataset with enhanced architecture: run4_ext_bnb
2025-08-22 22:40:55,512 - LanternAna - INFO - Processing 1000 events with producer-first architecture...
2025-08-22 22:40:55,528 - LanternAna - INFO - Progress: 5.0% (50/1000), Est. time remaining: 0.3s
2025-08-22 22:40:55,542 - LanternAna - INFO - Progress: 10.0% (100/1000), Est. time remaining: 0.3s
2025-08-22 22:40:55,585 - LanternAna - INFO - Progress: 15.0% (150/1000), Est. time remaining: 0.4s
2025-08-22 22:40:55,602 - LanternAna - INFO - Progress: 20.0% (200/1000), Est. time remaining: 0.4s
2025-08-22 22:40:55,619 - LanternAna - INFO - Progress: 25.0% (250/1000), Est. time remaining: 0.3s
2025-08-22 22:40:55,634 - LanternAna - INFO - Progress: 30.0% (300/1000), Est. time remaining: 0.3s
2025-08-22 22:40:55,651 - LanternAna - INFO - Progress: 35.0% (350/1000), Est. time remaining: 0.3s
2025-08-22 22:40:55,667 - LanternAna - INFO - Progress: 40.0% (400/1000), Est. time remaining: 0.2s
2025-08-22 22:40:55,683 - LanternAna - INFO - Progress: 45.0% (450/1000), Est. time remaining: 0.2s
2025-08-22 22:40:55,701 - LanternAna - INFO - Progress: 50.0% (500/1000), Est. time remaining: 0.2s
2025-08-22 22:40:55,716 - LanternAna - INFO - Progress: 55.0% (550/1000), Est. time remaining: 0.2s
2025-08-22 22:40:55,732 - LanternAna - INFO - Progress: 60.0% (600/1000), Est. time remaining: 0.1s
2025-08-22 22:40:55,752 - LanternAna - INFO - Progress: 65.0% (650/1000), Est. time remaining: 0.1s
2025-08-22 22:40:55,770 - LanternAna - INFO - Progress: 70.0% (700/1000), Est. time remaining: 0.1s
2025-08-22 22:40:55,786 - LanternAna - INFO - Progress: 75.0% (750/1000), Est. time remaining: 0.1s
2025-08-22 22:40:55,804 - LanternAna - INFO - Progress: 80.0% (800/1000), Est. time remaining: 0.1s
2025-08-22 22:40:55,819 - LanternAna - INFO - Progress: 85.0% (850/1000), Est. time remaining: 0.1s
2025-08-22 22:40:55,837 - LanternAna - INFO - Progress: 90.0% (900/1000), Est. time remaining: 0.0s
2025-08-22 22:40:55,856 - LanternAna - INFO - Progress: 95.0% (950/1000), Est. time remaining: 0.0s
2025-08-22 22:40:55,876 - LanternAna - INFO - Dataset run4_ext_bnb processed in 0.4s
2025-08-22 22:40:55,876 - LanternAna - INFO - Results written to ./run4_mmr/run4_outputs/run4_ext_bnb_20250822_224055.root
2025-08-22 22:40:55,876 - LanternAna - INFO - Processing dataset with enhanced architecture: run4_data
2025-08-22 22:40:55,880 - LanternAna - INFO - Processing 1000 events with producer-first architecture...
2025-08-22 22:40:55,897 - LanternAna - INFO - Progress: 5.0% (50/1000), Est. time remaining: 0.3s
2025-08-22 22:40:55,911 - LanternAna - INFO - Progress: 10.0% (100/1000), Est. time remaining: 0.3s
2025-08-22 22:40:55,958 - LanternAna - INFO - Progress: 15.0% (150/1000), Est. time remaining: 0.4s
2025-08-22 22:40:55,977 - LanternAna - INFO - Progress: 20.0% (200/1000), Est. time remaining: 0.4s
2025-08-22 22:40:55,994 - LanternAna - INFO - Progress: 25.0% (250/1000), Est. time remaining: 0.3s
2025-08-22 22:40:56,008 - LanternAna - INFO - Progress: 30.0% (300/1000), Est. time remaining: 0.3s
2025-08-22 22:40:56,026 - LanternAna - INFO - Progress: 35.0% (350/1000), Est. time remaining: 0.3s
2025-08-22 22:40:56,043 - LanternAna - INFO - Progress: 40.0% (400/1000), Est. time remaining: 0.2s
2025-08-22 22:40:56,059 - LanternAna - INFO - Progress: 45.0% (450/1000), Est. time remaining: 0.2s
2025-08-22 22:40:56,075 - LanternAna - INFO - Progress: 50.0% (500/1000), Est. time remaining: 0.2s
2025-08-22 22:40:56,093 - LanternAna - INFO - Progress: 55.0% (550/1000), Est. time remaining: 0.2s
2025-08-22 22:40:56,108 - LanternAna - INFO - Progress: 60.0% (600/1000), Est. time remaining: 0.2s
2025-08-22 22:40:56,124 - LanternAna - INFO - Progress: 65.0% (650/1000), Est. time remaining: 0.1s
2025-08-22 22:40:56,139 - LanternAna - INFO - Progress: 70.0% (700/1000), Est. time remaining: 0.1s
2025-08-22 22:40:56,154 - LanternAna - INFO - Progress: 75.0% (750/1000), Est. time remaining: 0.1s
2025-08-22 22:40:56,172 - LanternAna - INFO - Progress: 80.0% (800/1000), Est. time remaining: 0.1s
2025-08-22 22:40:56,189 - LanternAna - INFO - Progress: 85.0% (850/1000), Est. time remaining: 0.1s
2025-08-22 22:40:56,205 - LanternAna - INFO - Progress: 90.0% (900/1000), Est. time remaining: 0.0s
2025-08-22 22:40:56,220 - LanternAna - INFO - Progress: 95.0% (950/1000), Est. time remaining: 0.0s
2025-08-22 22:40:56,259 - LanternAna - INFO - Dataset run4_data processed in 0.4s
2025-08-22 22:40:56,259 - LanternAna - INFO - Results written to ./run4_mmr/run4_outputs/run4_data_20250822_224055.root
2025-08-22 22:40:56,259 - LanternAna - INFO - ==================================================
2025-08-22 22:40:56,260 - LanternAna - INFO - Enhanced Analysis Statistics
2025-08-22 22:40:56,260 - LanternAna - INFO - ==================================================
2025-08-22 22:40:56,260 - LanternAna - INFO - Dataset: run4_bnb_nue_overlay
2025-08-22 22:40:56,261 - LanternAna - INFO -   Total events: 1000
2025-08-22 22:40:56,261 - LanternAna - INFO -   Passed events: 1000 (100.0%)
2025-08-22 22:40:56,262 - LanternAna - INFO -   Failed events: 0 (0.0%)
2025-08-22 22:40:56,262 - LanternAna - INFO -   Processing time: 0.8s
2025-08-22 22:40:56,262 - LanternAna - INFO -   Cut statistics:
2025-08-22 22:40:56,262 - LanternAna - INFO -     remove_true_nue_cc: 0/1000 (0.0%)
2025-08-22 22:40:56,263 - LanternAna - INFO - Dataset: run4_bnb_nu_overlay
2025-08-22 22:40:56,263 - LanternAna - INFO -   Total events: 1000
2025-08-22 22:40:56,263 - LanternAna - INFO -   Passed events: 0 (0.0%)
2025-08-22 22:40:56,263 - LanternAna - INFO -   Failed events: 1000 (100.0%)
2025-08-22 22:40:56,264 - LanternAna - INFO -   Processing time: 1.5s
2025-08-22 22:40:56,264 - LanternAna - INFO -   Cut statistics:
2025-08-22 22:40:56,264 - LanternAna - INFO -     remove_true_nue_cc: 1000/1000 (100.0%)
2025-08-22 22:40:56,264 - LanternAna - INFO - Dataset: run4_ext_bnb
2025-08-22 22:40:56,265 - LanternAna - INFO -   Total events: 1000
2025-08-22 22:40:56,265 - LanternAna - INFO -   Passed events: 1000 (100.0%)
2025-08-22 22:40:56,265 - LanternAna - INFO -   Failed events: 0 (0.0%)
2025-08-22 22:40:56,266 - LanternAna - INFO -   Processing time: 0.4s
2025-08-22 22:40:56,267 - LanternAna - INFO -   Cut statistics:
2025-08-22 22:40:56,267 - LanternAna - INFO -     remove_true_nue_cc: 0/1000 (0.0%)
2025-08-22 22:40:56,267 - LanternAna - INFO - Dataset: run4_data
2025-08-22 22:40:56,268 - LanternAna - INFO -   Total events: 1000
2025-08-22 22:40:56,268 - LanternAna - INFO -   Passed events: 1000 (100.0%)
2025-08-22 22:40:56,268 - LanternAna - INFO -   Failed events: 0 (0.0%)
2025-08-22 22:40:56,269 - LanternAna - INFO -   Processing time: 0.4s
2025-08-22 22:40:56,269 - LanternAna - INFO -   Cut statistics:
2025-08-22 22:40:56,270 - LanternAna - INFO -     remove_true_nue_cc: 0/1000 (0.0%)
2025-08-22 22:40:56,270 - LanternAna - INFO - ==================================================
2025-08-22 22:40:56,272 - LanternAna - INFO - analysis complete!
2025-08-22 22:40:56,279 - LanternAna - INFO - Statistics saved to: ./run4_mmr/run4_outputs/statistics.yaml
2025-08-22 22:44:34,175 - LanternAna - INFO - Loading configuration from run4_mmr/run4_mmr.yaml
2025-08-22 22:44:34,176 - LanternAna - INFO - Discovering components...
2025-08-22 22:44:37,292 - LanternAna - INFO - Found 13 cuts
2025-08-22 22:44:37,292 - LanternAna - INFO - Found 32 producers
2025-08-22 22:44:37,292 - LanternAna - INFO - Found 1 dataset types
2025-08-22 22:44:37,293 - LanternAna - INFO - Found 1 tags
2025-08-22 22:44:37,294 - LanternAna - INFO - Configuring components...
2025-08-22 22:44:37,301 - LanternAna - INFO - Starting enhanced analysis run...
2025-08-22 22:44:37,301 - LanternAna - INFO - Loading datasets...
2025-08-22 22:44:38,080 - LanternAna - INFO - Loaded dataset 'run4_bnb_nue_overlay' with 635859 entries
2025-08-22 22:44:38,080 - LanternAna - INFO -   MC dataset with 0.0 POT
2025-08-22 22:44:38,082 - LanternAna - INFO - Loaded dataset 'run4_bnb_nu_overlay' with 201771 entries
2025-08-22 22:44:38,082 - LanternAna - INFO -   MC dataset with 0.0 POT
2025-08-22 22:44:38,420 - LanternAna - INFO - Loaded dataset 'run4_ext_bnb' with 1156514 entries
2025-08-22 22:44:38,550 - LanternAna - INFO - Loaded dataset 'run4_data' with 443044 entries
2025-08-22 22:44:38,550 - LanternAna - INFO - Processing dataset with enhanced architecture: run4_bnb_nue_overlay
2025-08-22 22:44:38,576 - LanternAna - INFO - Processing 635859 events with producer-first architecture...
2025-08-22 22:44:55,876 - LanternAna - INFO - Progress: 5.0% (31792/635859), Est. time remaining: 328.7s
2025-08-22 22:45:13,449 - LanternAna - INFO - Progress: 10.0% (63584/635859), Est. time remaining: 313.9s
2025-08-22 22:45:31,014 - LanternAna - INFO - Progress: 15.0% (95376/635859), Est. time remaining: 297.2s
2025-08-22 22:45:48,345 - LanternAna - INFO - Progress: 20.0% (127168/635859), Est. time remaining: 279.1s
2025-08-22 22:46:05,645 - LanternAna - INFO - Progress: 25.0% (158960/635859), Est. time remaining: 261.2s
2025-08-22 22:46:23,190 - LanternAna - INFO - Progress: 30.0% (190752/635859), Est. time remaining: 244.1s
2025-08-22 22:46:40,081 - LanternAna - INFO - Progress: 35.0% (222544/635859), Est. time remaining: 225.7s
2025-08-22 22:46:57,322 - LanternAna - INFO - Progress: 40.0% (254336/635859), Est. time remaining: 208.1s
2025-08-22 22:47:14,836 - LanternAna - INFO - Progress: 45.0% (286128/635859), Est. time remaining: 191.0s
2025-08-22 22:47:32,045 - LanternAna - INFO - Progress: 50.0% (317920/635859), Est. time remaining: 173.5s
2025-08-22 22:47:49,741 - LanternAna - INFO - Progress: 55.0% (349712/635859), Est. time remaining: 156.4s
2025-08-22 22:48:07,716 - LanternAna - INFO - Progress: 60.0% (381504/635859), Est. time remaining: 139.4s
2025-08-22 22:48:25,659 - LanternAna - INFO - Progress: 65.0% (413296/635859), Est. time remaining: 122.3s
2025-08-22 22:48:42,927 - LanternAna - INFO - Progress: 70.0% (445088/635859), Est. time remaining: 104.7s
2025-08-22 22:49:00,237 - LanternAna - INFO - Progress: 75.0% (476880/635859), Est. time remaining: 87.2s
2025-08-22 22:49:17,983 - LanternAna - INFO - Progress: 80.0% (508672/635859), Est. time remaining: 69.9s
2025-08-22 22:49:35,380 - LanternAna - INFO - Progress: 85.0% (540464/635859), Est. time remaining: 52.4s
2025-08-22 22:49:52,526 - LanternAna - INFO - Progress: 90.0% (572256/635859), Est. time remaining: 34.9s
2025-08-22 22:50:09,885 - LanternAna - INFO - Progress: 95.0% (604048/635859), Est. time remaining: 17.4s
2025-08-22 22:50:27,765 - LanternAna - INFO - Progress: 100.0% (635840/635859), Est. time remaining: 0.0s
2025-08-22 22:50:27,837 - LanternAna - INFO - Dataset run4_bnb_nue_overlay processed in 349.2s
2025-08-22 22:50:27,837 - LanternAna - INFO - Results written to ./run4_mmr/run4_outputs/run4_bnb_nue_overlay_20250822_224438.root
2025-08-22 22:50:27,838 - LanternAna - INFO - Processing dataset with enhanced architecture: run4_bnb_nu_overlay
2025-08-22 22:50:27,840 - LanternAna - INFO - Processing 201771 events with producer-first architecture...
2025-08-22 22:50:40,460 - LanternAna - INFO - Progress: 5.0% (10088/201771), Est. time remaining: 239.8s
2025-08-22 22:50:53,597 - LanternAna - INFO - Progress: 10.0% (20176/201771), Est. time remaining: 231.8s
2025-08-22 22:51:06,745 - LanternAna - INFO - Progress: 15.0% (30264/201771), Est. time remaining: 220.5s
2025-08-22 22:51:19,884 - LanternAna - INFO - Progress: 20.0% (40352/201771), Est. time remaining: 208.2s
2025-08-22 22:51:33,023 - LanternAna - INFO - Progress: 25.0% (50440/201771), Est. time remaining: 195.6s
2025-08-22 22:51:46,279 - LanternAna - INFO - Progress: 30.0% (60528/201771), Est. time remaining: 183.0s
2025-08-22 22:51:59,139 - LanternAna - INFO - Progress: 35.0% (70616/201771), Est. time remaining: 169.6s
2025-08-22 22:52:12,552 - LanternAna - INFO - Progress: 40.0% (80704/201771), Est. time remaining: 157.1s
2025-08-22 22:52:25,264 - LanternAna - INFO - Progress: 45.0% (90792/201771), Est. time remaining: 143.5s
2025-08-22 22:52:38,277 - LanternAna - INFO - Progress: 50.0% (100880/201771), Est. time remaining: 130.5s
2025-08-22 22:52:51,193 - LanternAna - INFO - Progress: 55.0% (110968/201771), Est. time remaining: 117.3s
2025-08-22 22:53:04,696 - LanternAna - INFO - Progress: 60.0% (121056/201771), Est. time remaining: 104.6s
2025-08-22 22:53:17,606 - LanternAna - INFO - Progress: 65.0% (131144/201771), Est. time remaining: 91.4s
2025-08-22 22:53:32,515 - LanternAna - INFO - Progress: 70.0% (141232/201771), Est. time remaining: 79.2s
2025-08-22 22:53:45,837 - LanternAna - INFO - Progress: 75.0% (151320/201771), Est. time remaining: 66.0s
2025-08-22 22:53:58,969 - LanternAna - INFO - Progress: 80.0% (161408/201771), Est. time remaining: 52.8s
2025-08-22 22:54:11,925 - LanternAna - INFO - Progress: 85.0% (171496/201771), Est. time remaining: 39.6s
2025-08-22 22:54:24,959 - LanternAna - INFO - Progress: 90.0% (181584/201771), Est. time remaining: 26.4s
2025-08-22 22:54:37,945 - LanternAna - INFO - Progress: 95.0% (191672/201771), Est. time remaining: 13.2s
2025-08-22 22:54:50,951 - LanternAna - INFO - Progress: 100.0% (201760/201771), Est. time remaining: 0.0s
2025-08-22 22:54:50,978 - LanternAna - INFO - Dataset run4_bnb_nu_overlay processed in 263.1s
2025-08-22 22:54:50,979 - LanternAna - INFO - Results written to ./run4_mmr/run4_outputs/run4_bnb_nu_overlay_20250822_225027.root
2025-08-22 22:54:50,979 - LanternAna - INFO - Processing dataset with enhanced architecture: run4_ext_bnb
2025-08-22 22:54:50,981 - LanternAna - INFO - Processing 1156514 events with producer-first architecture...
2025-08-22 22:55:06,552 - LanternAna - INFO - Progress: 5.0% (57825/1156514), Est. time remaining: 295.8s
2025-08-22 22:55:21,868 - LanternAna - INFO - Progress: 10.0% (115650/1156514), Est. time remaining: 278.0s
2025-08-22 22:55:37,045 - LanternAna - INFO - Progress: 15.0% (173475/1156514), Est. time remaining: 261.0s
2025-08-22 22:55:52,136 - LanternAna - INFO - Progress: 20.0% (231300/1156514), Est. time remaining: 244.6s
2025-08-22 22:56:07,161 - LanternAna - INFO - Progress: 25.0% (289125/1156514), Est. time remaining: 228.5s
2025-08-22 22:56:22,463 - LanternAna - INFO - Progress: 30.0% (346950/1156514), Est. time remaining: 213.5s
2025-08-22 22:56:37,706 - LanternAna - INFO - Progress: 35.0% (404775/1156514), Est. time remaining: 198.2s
2025-08-22 22:56:53,434 - LanternAna - INFO - Progress: 40.0% (462600/1156514), Est. time remaining: 183.7s
2025-08-22 22:57:08,820 - LanternAna - INFO - Progress: 45.0% (520425/1156514), Est. time remaining: 168.5s
2025-08-22 22:57:23,894 - LanternAna - INFO - Progress: 50.0% (578250/1156514), Est. time remaining: 152.9s
2025-08-22 22:57:38,971 - LanternAna - INFO - Progress: 55.0% (636075/1156514), Est. time remaining: 137.4s
2025-08-22 22:57:53,937 - LanternAna - INFO - Progress: 60.0% (693900/1156514), Est. time remaining: 122.0s
2025-08-22 22:58:09,153 - LanternAna - INFO - Progress: 65.0% (751725/1156514), Est. time remaining: 106.7s
2025-08-22 22:58:24,349 - LanternAna - INFO - Progress: 70.0% (809550/1156514), Est. time remaining: 91.4s
2025-08-22 22:58:39,478 - LanternAna - INFO - Progress: 75.0% (867375/1156514), Est. time remaining: 76.2s
2025-08-22 22:58:54,820 - LanternAna - INFO - Progress: 80.0% (925200/1156514), Est. time remaining: 61.0s
2025-08-22 22:59:10,387 - LanternAna - INFO - Progress: 85.0% (983025/1156514), Est. time remaining: 45.8s
2025-08-22 22:59:26,070 - LanternAna - INFO - Progress: 90.0% (1040850/1156514), Est. time remaining: 30.6s
2025-08-22 22:59:41,597 - LanternAna - INFO - Progress: 95.0% (1098675/1156514), Est. time remaining: 15.3s
2025-08-22 22:59:56,840 - LanternAna - INFO - Progress: 100.0% (1156500/1156514), Est. time remaining: 0.0s
2025-08-22 22:59:56,856 - LanternAna - INFO - Dataset run4_ext_bnb processed in 305.9s
2025-08-22 22:59:56,856 - LanternAna - INFO - Results written to ./run4_mmr/run4_outputs/run4_ext_bnb_20250822_225450.root
2025-08-22 22:59:56,856 - LanternAna - INFO - Processing dataset with enhanced architecture: run4_data
2025-08-22 22:59:56,859 - LanternAna - INFO - Processing 443044 events with producer-first architecture...
2025-08-22 23:00:04,283 - LanternAna - INFO - Progress: 5.0% (22152/443044), Est. time remaining: 141.1s
2025-08-22 23:00:11,439 - LanternAna - INFO - Progress: 10.0% (44304/443044), Est. time remaining: 131.2s
2025-08-22 23:00:18,485 - LanternAna - INFO - Progress: 15.0% (66456/443044), Est. time remaining: 122.5s
2025-08-22 23:00:25,511 - LanternAna - INFO - Progress: 20.0% (88608/443044), Est. time remaining: 114.6s
2025-08-22 23:00:32,362 - LanternAna - INFO - Progress: 25.0% (110760/443044), Est. time remaining: 106.5s
2025-08-22 23:00:39,409 - LanternAna - INFO - Progress: 30.0% (132912/443044), Est. time remaining: 99.3s
2025-08-22 23:00:46,364 - LanternAna - INFO - Progress: 35.0% (155064/443044), Est. time remaining: 91.9s
2025-08-22 23:00:53,349 - LanternAna - INFO - Progress: 40.0% (177216/443044), Est. time remaining: 84.7s
2025-08-22 23:01:00,119 - LanternAna - INFO - Progress: 45.0% (199368/443044), Est. time remaining: 77.3s
2025-08-22 23:01:07,191 - LanternAna - INFO - Progress: 50.0% (221520/443044), Est. time remaining: 70.3s
2025-08-22 23:01:14,520 - LanternAna - INFO - Progress: 55.0% (243672/443044), Est. time remaining: 63.5s
2025-08-22 23:01:21,471 - LanternAna - INFO - Progress: 60.0% (265824/443044), Est. time remaining: 56.4s
2025-08-22 23:01:28,418 - LanternAna - INFO - Progress: 65.0% (287976/443044), Est. time remaining: 49.3s
2025-08-22 23:01:35,386 - LanternAna - INFO - Progress: 70.0% (310128/443044), Est. time remaining: 42.2s
2025-08-22 23:01:44,117 - LanternAna - INFO - Progress: 75.0% (332280/443044), Est. time remaining: 35.8s
2025-08-22 23:01:50,998 - LanternAna - INFO - Progress: 80.0% (354432/443044), Est. time remaining: 28.5s
2025-08-22 23:01:58,185 - LanternAna - INFO - Progress: 85.0% (376584/443044), Est. time remaining: 21.4s
2025-08-22 23:02:06,300 - LanternAna - INFO - Progress: 90.0% (398736/443044), Est. time remaining: 14.4s
2025-08-22 23:02:13,592 - LanternAna - INFO - Progress: 95.0% (420888/443044), Est. time remaining: 7.2s
2025-08-22 23:02:20,394 - LanternAna - INFO - Progress: 100.0% (443040/443044), Est. time remaining: 0.0s
2025-08-22 23:02:20,410 - LanternAna - INFO - Dataset run4_data processed in 143.5s
2025-08-22 23:02:20,410 - LanternAna - INFO - Results written to ./run4_mmr/run4_outputs/run4_data_20250822_225956.root
2025-08-22 23:02:20,410 - LanternAna - INFO - ==================================================
2025-08-22 23:02:20,411 - LanternAna - INFO - Enhanced Analysis Statistics
2025-08-22 23:02:20,411 - LanternAna - INFO - ==================================================
2025-08-22 23:02:20,411 - LanternAna - INFO - Dataset: run4_bnb_nue_overlay
2025-08-22 23:02:20,412 - LanternAna - INFO -   Total events: 635859
2025-08-22 23:02:20,412 - LanternAna - INFO -   Passed events: 635859 (100.0%)
2025-08-22 23:02:20,413 - LanternAna - INFO -   Failed events: 0 (0.0%)
2025-08-22 23:02:20,414 - LanternAna - INFO -   Processing time: 349.2s
2025-08-22 23:02:20,414 - LanternAna - INFO -   Cut statistics:
2025-08-22 23:02:20,414 - LanternAna - INFO -     remove_true_nue_cc: 0/635859 (0.0%)
2025-08-22 23:02:20,415 - LanternAna - INFO - Dataset: run4_bnb_nu_overlay
2025-08-22 23:02:20,417 - LanternAna - INFO -   Total events: 201771
2025-08-22 23:02:20,418 - LanternAna - INFO -   Passed events: 0 (0.0%)
2025-08-22 23:02:20,420 - LanternAna - INFO -   Failed events: 201771 (100.0%)
2025-08-22 23:02:20,420 - LanternAna - INFO -   Processing time: 263.1s
2025-08-22 23:02:20,421 - LanternAna - INFO -   Cut statistics:
2025-08-22 23:02:20,421 - LanternAna - INFO -     remove_true_nue_cc: 201771/201771 (100.0%)
2025-08-22 23:02:20,422 - LanternAna - INFO - Dataset: run4_ext_bnb
2025-08-22 23:02:20,422 - LanternAna - INFO -   Total events: 1156514
2025-08-22 23:02:20,422 - LanternAna - INFO -   Passed events: 1156514 (100.0%)
2025-08-22 23:02:20,423 - LanternAna - INFO -   Failed events: 0 (0.0%)
2025-08-22 23:02:20,423 - LanternAna - INFO -   Processing time: 305.9s
2025-08-22 23:02:20,424 - LanternAna - INFO -   Cut statistics:
2025-08-22 23:02:20,425 - LanternAna - INFO -     remove_true_nue_cc: 0/1156514 (0.0%)
2025-08-22 23:02:20,425 - LanternAna - INFO - Dataset: run4_data
2025-08-22 23:02:20,426 - LanternAna - INFO -   Total events: 443044
2025-08-22 23:02:20,426 - LanternAna - INFO -   Passed events: 443044 (100.0%)
2025-08-22 23:02:20,427 - LanternAna - INFO -   Failed events: 0 (0.0%)
2025-08-22 23:02:20,427 - LanternAna - INFO -   Processing time: 143.5s
2025-08-22 23:02:20,427 - LanternAna - INFO -   Cut statistics:
2025-08-22 23:02:20,428 - LanternAna - INFO -     remove_true_nue_cc: 0/443044 (0.0%)
2025-08-22 23:02:20,428 - LanternAna - INFO - ==================================================
2025-08-22 23:02:20,429 - LanternAna - INFO - analysis complete!
2025-08-22 23:02:20,434 - LanternAna - INFO - Statistics saved to: ./run4_mmr/run4_outputs/statistics.yaml
