2026-01-08 05:35:35,695 - LanternAna - INFO - Loading configuration from ../../zrun4b_mmr/detsys_part1_nue_run4b.yaml
2026-01-08 05:35:35,696 - LanternAna - INFO - Discovering components...
2026-01-08 05:35:38,462 - LanternAna - INFO - Found 13 cuts
2026-01-08 05:35:38,462 - LanternAna - INFO - Found 39 producers
2026-01-08 05:35:38,462 - LanternAna - INFO - Found 1 dataset types
2026-01-08 05:35:38,462 - LanternAna - INFO - Found 1 tags
2026-01-08 05:35:38,462 - LanternAna - INFO - Configuring components...
2026-01-08 05:35:38,485 - LanternAna - INFO - Starting enhanced analysis run...
2026-01-08 05:35:38,485 - LanternAna - INFO - Loading datasets...
2026-01-08 05:35:39,565 - LanternAna - INFO - Loaded dataset 'run4b_BNB_nu_overlay_CV' with 438038 entries
2026-01-08 05:35:39,565 - LanternAna - INFO -   MC dataset with 0.0 POT
2026-01-08 05:35:39,565 - LanternAna - INFO - Processing dataset with enhanced architecture: run4b_BNB_nu_overlay_CV
2026-01-08 05:35:39,623 - LanternAna - INFO - Processing 438038 events with producer-first architecture...
2026-01-08 05:36:07,691 - LanternAna - INFO - Progress: 5.0% (21901/438038), Est. time remaining: 533.3s
2026-01-08 05:36:35,516 - LanternAna - INFO - Progress: 10.0% (43802/438038), Est. time remaining: 503.1s
2026-01-08 05:37:03,679 - LanternAna - INFO - Progress: 15.0% (65703/438038), Est. time remaining: 476.3s
2026-01-08 05:37:31,233 - LanternAna - INFO - Progress: 20.0% (87604/438038), Est. time remaining: 446.5s
2026-01-08 05:37:59,103 - LanternAna - INFO - Progress: 25.0% (109505/438038), Est. time remaining: 418.5s
2026-01-08 05:38:28,122 - LanternAna - INFO - Progress: 30.0% (131406/438038), Est. time remaining: 393.2s
2026-01-08 05:38:56,672 - LanternAna - INFO - Progress: 35.0% (153307/438038), Est. time remaining: 366.0s
2026-01-08 05:39:25,087 - LanternAna - INFO - Progress: 40.0% (175208/438038), Est. time remaining: 338.2s
2026-01-08 05:39:53,349 - LanternAna - INFO - Progress: 45.0% (197109/438038), Est. time remaining: 310.1s
2026-01-08 05:40:21,087 - LanternAna - INFO - Progress: 50.0% (219010/438038), Est. time remaining: 281.5s
2026-01-08 05:40:48,804 - LanternAna - INFO - Progress: 55.0% (240911/438038), Est. time remaining: 253.0s
2026-01-08 05:41:16,981 - LanternAna - INFO - Progress: 60.0% (262812/438038), Est. time remaining: 224.9s
2026-01-08 05:41:44,798 - LanternAna - INFO - Progress: 65.0% (284713/438038), Est. time remaining: 196.7s
2026-01-08 05:42:12,700 - LanternAna - INFO - Progress: 70.0% (306614/438038), Est. time remaining: 168.5s
2026-01-08 05:42:41,267 - LanternAna - INFO - Progress: 75.0% (328515/438038), Est. time remaining: 140.6s
2026-01-08 05:43:08,775 - LanternAna - INFO - Progress: 80.0% (350416/438038), Est. time remaining: 112.3s
2026-01-08 05:43:36,423 - LanternAna - INFO - Progress: 85.0% (372317/438038), Est. time remaining: 84.2s
2026-01-08 05:44:03,974 - LanternAna - INFO - Progress: 90.0% (394218/438038), Est. time remaining: 56.1s
2026-01-08 05:44:32,258 - LanternAna - INFO - Progress: 95.0% (416119/438038), Est. time remaining: 28.1s
2026-01-08 05:44:59,987 - LanternAna - INFO - Progress: 100.0% (438020/438038), Est. time remaining: 0.0s
2026-01-08 05:45:00,374 - LanternAna - INFO - Dataset run4b_BNB_nu_overlay_CV processed in 560.4s
2026-01-08 05:45:00,374 - LanternAna - INFO - Results written to /exp/uboone/app/users/imani/lantern_ana/zrun4b_mmr/nue_detsys_part1/run4b_BNB_nu_overlay_CV_20260108_053539.root
2026-01-08 05:45:00,374 - LanternAna - INFO - ==================================================
2026-01-08 05:45:00,374 - LanternAna - INFO - Enhanced Analysis Statistics
2026-01-08 05:45:00,374 - LanternAna - INFO - ==================================================
2026-01-08 05:45:00,374 - LanternAna - INFO - Dataset: run4b_BNB_nu_overlay_CV
2026-01-08 05:45:00,374 - LanternAna - INFO -   Total events: 438038
2026-01-08 05:45:00,374 - LanternAna - INFO -   Passed events: 438038 (100.0%)
2026-01-08 05:45:00,374 - LanternAna - INFO -   Failed events: 0 (0.0%)
2026-01-08 05:45:00,374 - LanternAna - INFO -   Processing time: 560.4s
2026-01-08 05:45:00,374 - LanternAna - INFO -   Cut statistics:
2026-01-08 05:45:00,375 - LanternAna - INFO - ==================================================
2026-01-08 05:45:00,375 - LanternAna - INFO - analysis complete!
2026-01-08 05:45:00,378 - LanternAna - INFO - Statistics saved to: /exp/uboone/app/users/imani/lantern_ana/zrun4b_mmr/nue_detsys_part1/statistics.yaml
