2026-01-09 00:20:16,462 - LanternAna - INFO - Loading configuration from ../../runs45_zev_mmr/xsecflux_nue_runs45.yaml
2026-01-09 00:20:16,462 - LanternAna - INFO - Discovering components...
2026-01-09 00:20:30,113 - LanternAna - INFO - Found 13 cuts
2026-01-09 00:20:30,114 - LanternAna - INFO - Found 39 producers
2026-01-09 00:20:30,114 - LanternAna - INFO - Found 1 dataset types
2026-01-09 00:20:30,114 - LanternAna - INFO - Found 1 tags
2026-01-09 00:20:30,114 - LanternAna - INFO - Configuring components...
2026-01-09 00:20:30,354 - LanternAna - INFO - Starting enhanced analysis run...
2026-01-09 00:20:30,354 - LanternAna - INFO - Loading datasets...
2026-01-09 00:20:30,648 - LanternAna - INFO - Loaded dataset 'run4a_nu' with 169406 entries
2026-01-09 00:20:30,648 - LanternAna - INFO -   MC dataset with 0.0 POT
2026-01-09 00:20:30,648 - LanternAna - INFO - Processing dataset with enhanced architecture: run4a_nu
2026-01-09 00:20:30,968 - LanternAna - INFO - Processing 169406 events with producer-first architecture...
2026-01-09 00:21:41,705 - LanternAna - INFO - Loading configuration from ../../runs45_zev_mmr/xsecflux_nue_runs45.yaml
2026-01-09 00:21:41,708 - LanternAna - INFO - Discovering components...
2026-01-09 00:21:44,415 - LanternAna - INFO - Found 13 cuts
2026-01-09 00:21:44,415 - LanternAna - INFO - Found 39 producers
2026-01-09 00:21:44,415 - LanternAna - INFO - Found 1 dataset types
2026-01-09 00:21:44,415 - LanternAna - INFO - Found 1 tags
2026-01-09 00:21:44,416 - LanternAna - INFO - Configuring components...
2026-01-09 00:21:44,537 - LanternAna - INFO - Starting enhanced analysis run...
2026-01-09 00:21:44,537 - LanternAna - INFO - Loading datasets...
2026-01-09 00:21:44,678 - LanternAna - INFO - Loaded dataset 'run4a_nu' with 169406 entries
2026-01-09 00:21:44,678 - LanternAna - INFO -   MC dataset with 0.0 POT
2026-01-09 00:21:44,678 - LanternAna - INFO - Processing dataset with enhanced architecture: run4a_nu
2026-01-09 00:21:44,942 - LanternAna - INFO - Processing 169406 events with producer-first architecture...
2026-01-09 00:22:48,910 - LanternAna - INFO - Loading configuration from ../../runs45_zev_mmr/xsecflux_nue_runs45.yaml
2026-01-09 00:22:48,914 - LanternAna - INFO - Discovering components...
2026-01-09 00:22:51,695 - LanternAna - INFO - Found 13 cuts
2026-01-09 00:22:51,695 - LanternAna - INFO - Found 39 producers
2026-01-09 00:22:51,696 - LanternAna - INFO - Found 1 dataset types
2026-01-09 00:22:51,696 - LanternAna - INFO - Found 1 tags
2026-01-09 00:22:51,696 - LanternAna - INFO - Configuring components...
2026-01-09 00:22:51,859 - LanternAna - INFO - Starting enhanced analysis run...
2026-01-09 00:22:51,859 - LanternAna - INFO - Loading datasets...
2026-01-09 00:22:51,966 - LanternAna - INFO - Loaded dataset 'run4a_nu' with 0 entries
2026-01-09 00:22:51,966 - LanternAna - INFO -   MC dataset with 0.0 POT
2026-01-09 00:22:51,966 - LanternAna - INFO - Processing dataset with enhanced architecture: run4a_nu
2026-01-09 00:22:52,041 - LanternAna - INFO - Processing 0 events with producer-first architecture...
2026-01-09 00:22:52,577 - LanternAna - INFO - Dataset run4a_nu processed in 0.0s
2026-01-09 00:22:52,577 - LanternAna - INFO - Results written to /exp/uboone/app/users/imani/lantern_ana/runs45_zev_mmr/nue_xsecflux/run4a_nu_20260109_002251.root
2026-01-09 00:22:52,577 - LanternAna - INFO - ==================================================
2026-01-09 00:22:52,577 - LanternAna - INFO - Enhanced Analysis Statistics
2026-01-09 00:22:52,577 - LanternAna - INFO - ==================================================
2026-01-09 00:22:52,577 - LanternAna - INFO - Dataset: run4a_nu
2026-01-09 00:22:52,577 - LanternAna - INFO -   Total events: 0
2026-01-09 00:26:36,162 - LanternAna - INFO - Loading configuration from ../../runs45_zev_mmr/xsecflux_nue_runs45.yaml
2026-01-09 00:26:36,164 - LanternAna - INFO - Discovering components...
2026-01-09 00:26:38,919 - LanternAna - INFO - Found 13 cuts
2026-01-09 00:26:38,919 - LanternAna - INFO - Found 39 producers
2026-01-09 00:26:38,920 - LanternAna - INFO - Found 1 dataset types
2026-01-09 00:26:38,920 - LanternAna - INFO - Found 1 tags
2026-01-09 00:26:38,920 - LanternAna - INFO - Configuring components...
2026-01-09 00:26:39,049 - LanternAna - INFO - Starting enhanced analysis run...
2026-01-09 00:26:39,049 - LanternAna - INFO - Loading datasets...
2026-01-09 00:26:39,184 - LanternAna - INFO - Loaded dataset 'run4a_nu' with 169406 entries
2026-01-09 00:26:39,184 - LanternAna - INFO -   MC dataset with 0.0 POT
2026-01-09 00:26:39,185 - LanternAna - INFO - Processing dataset with enhanced architecture: run4a_nu
2026-01-09 00:26:39,469 - LanternAna - INFO - Processing 169406 events with producer-first architecture...
2026-01-09 00:27:11,594 - LanternAna - INFO - Loading configuration from ../../runs45_zev_mmr/xsecflux_nue_runs45.yaml
2026-01-09 00:27:11,596 - LanternAna - INFO - Discovering components...
2026-01-09 00:27:14,355 - LanternAna - INFO - Found 13 cuts
2026-01-09 00:27:14,355 - LanternAna - INFO - Found 39 producers
2026-01-09 00:27:14,355 - LanternAna - INFO - Found 1 dataset types
2026-01-09 00:27:14,355 - LanternAna - INFO - Found 1 tags
2026-01-09 00:27:14,356 - LanternAna - INFO - Configuring components...
2026-01-09 00:27:14,556 - LanternAna - INFO - Starting enhanced analysis run...
2026-01-09 00:27:14,556 - LanternAna - INFO - Loading datasets...
2026-01-09 00:27:14,683 - LanternAna - INFO - Loaded dataset 'run4a_nu' with 169406 entries
2026-01-09 00:27:14,683 - LanternAna - INFO -   MC dataset with 0.0 POT
2026-01-09 00:27:14,683 - LanternAna - INFO - Processing dataset with enhanced architecture: run4a_nu
2026-01-09 00:27:14,745 - LanternAna - INFO - Processing 169406 events with producer-first architecture...
2026-01-09 00:28:19,277 - LanternAna - INFO - Loading configuration from ../../runs45_zev_mmr/xsecflux_nue_runs45.yaml
2026-01-09 00:28:19,280 - LanternAna - INFO - Discovering components...
2026-01-09 00:28:22,052 - LanternAna - INFO - Found 13 cuts
2026-01-09 00:28:22,053 - LanternAna - INFO - Found 39 producers
2026-01-09 00:28:22,053 - LanternAna - INFO - Found 1 dataset types
2026-01-09 00:28:22,053 - LanternAna - INFO - Found 1 tags
2026-01-09 00:28:22,053 - LanternAna - INFO - Configuring components...
2026-01-09 00:28:22,220 - LanternAna - INFO - Starting enhanced analysis run...
2026-01-09 00:28:22,220 - LanternAna - INFO - Loading datasets...
2026-01-09 00:28:22,361 - LanternAna - INFO - Loaded dataset 'run4a_nu' with 169406 entries
2026-01-09 00:28:22,361 - LanternAna - INFO -   MC dataset with 0.0 POT
2026-01-09 00:28:22,362 - LanternAna - INFO - Processing dataset with enhanced architecture: run4a_nu
2026-01-09 00:28:22,960 - LanternAna - INFO - Processing 169406 events with producer-first architecture...
2026-01-09 00:28:33,220 - LanternAna - INFO - Loading configuration from ../../runs45_zev_mmr/xsecflux_nue_runs45.yaml
2026-01-09 00:28:33,220 - LanternAna - INFO - Discovering components...
2026-01-09 00:28:35,993 - LanternAna - INFO - Found 13 cuts
2026-01-09 00:28:35,994 - LanternAna - INFO - Found 39 producers
2026-01-09 00:28:35,994 - LanternAna - INFO - Found 1 dataset types
2026-01-09 00:28:35,994 - LanternAna - INFO - Found 1 tags
2026-01-09 00:28:35,994 - LanternAna - INFO - Configuring components...
2026-01-09 00:28:36,193 - LanternAna - INFO - Starting enhanced analysis run...
2026-01-09 00:28:36,193 - LanternAna - INFO - Loading datasets...
2026-01-09 00:28:36,330 - LanternAna - INFO - Loaded dataset 'run4a_nu' with 169406 entries
2026-01-09 00:28:36,330 - LanternAna - INFO -   MC dataset with 0.0 POT
2026-01-09 00:28:36,331 - LanternAna - INFO - Processing dataset with enhanced architecture: run4a_nu
2026-01-09 00:28:36,443 - LanternAna - INFO - Processing 169406 events with producer-first architecture...
2026-01-09 00:28:47,378 - LanternAna - INFO - Loading configuration from ../../runs45_zev_mmr/xsecflux_nue_runs45.yaml
2026-01-09 00:28:47,378 - LanternAna - INFO - Discovering components...
2026-01-09 00:28:50,079 - LanternAna - INFO - Found 13 cuts
2026-01-09 00:28:50,079 - LanternAna - INFO - Found 39 producers
2026-01-09 00:28:50,079 - LanternAna - INFO - Found 1 dataset types
2026-01-09 00:28:50,079 - LanternAna - INFO - Found 1 tags
2026-01-09 00:28:50,080 - LanternAna - INFO - Configuring components...
2026-01-09 00:28:50,216 - LanternAna - INFO - Starting enhanced analysis run...
2026-01-09 00:28:50,216 - LanternAna - INFO - Loading datasets...
2026-01-09 00:28:50,345 - LanternAna - INFO - Loaded dataset 'run4a_nu' with 169406 entries
2026-01-09 00:28:50,345 - LanternAna - INFO -   MC dataset with 0.0 POT
2026-01-09 00:28:50,345 - LanternAna - INFO - Processing dataset with enhanced architecture: run4a_nu
2026-01-09 00:28:50,637 - LanternAna - INFO - Processing 169406 events with producer-first architecture...
2026-01-09 00:29:38,678 - LanternAna - INFO - Loading configuration from ../../runs45_zev_mmr/xsecflux_nue_runs45.yaml
2026-01-09 00:29:38,678 - LanternAna - INFO - Discovering components...
2026-01-09 00:29:41,364 - LanternAna - INFO - Found 13 cuts
2026-01-09 00:29:41,364 - LanternAna - INFO - Found 39 producers
2026-01-09 00:29:41,364 - LanternAna - INFO - Found 1 dataset types
2026-01-09 00:29:41,364 - LanternAna - INFO - Found 1 tags
2026-01-09 00:29:41,365 - LanternAna - INFO - Configuring components...
2026-01-09 00:29:41,533 - LanternAna - INFO - Starting enhanced analysis run...
2026-01-09 00:29:41,533 - LanternAna - INFO - Loading datasets...
2026-01-09 00:29:41,669 - LanternAna - INFO - Loaded dataset 'run4a_nu' with 169406 entries
2026-01-09 00:29:41,669 - LanternAna - INFO -   MC dataset with 0.0 POT
2026-01-09 00:29:41,669 - LanternAna - INFO - Processing dataset with enhanced architecture: run4a_nu
2026-01-09 00:29:41,919 - LanternAna - INFO - Processing 169406 events with producer-first architecture...
2026-01-09 00:30:23,653 - LanternAna - INFO - Loading configuration from ../../runs45_zev_mmr/xsecflux_nue_runs45.yaml
2026-01-09 00:30:23,661 - LanternAna - INFO - Discovering components...
2026-01-09 00:30:26,303 - LanternAna - INFO - Found 13 cuts
2026-01-09 00:30:26,303 - LanternAna - INFO - Found 39 producers
2026-01-09 00:30:26,303 - LanternAna - INFO - Found 1 dataset types
2026-01-09 00:30:26,303 - LanternAna - INFO - Found 1 tags
2026-01-09 00:30:26,304 - LanternAna - INFO - Configuring components...
2026-01-09 00:30:26,489 - LanternAna - INFO - Starting enhanced analysis run...
2026-01-09 00:30:26,489 - LanternAna - INFO - Loading datasets...
2026-01-09 00:30:26,627 - LanternAna - INFO - Loaded dataset 'run4a_nu' with 169406 entries
2026-01-09 00:30:26,627 - LanternAna - INFO -   MC dataset with 0.0 POT
2026-01-09 00:30:26,627 - LanternAna - INFO - Processing dataset with enhanced architecture: run4a_nu
2026-01-09 00:30:26,709 - LanternAna - INFO - Processing 169406 events with producer-first architecture...
2026-01-09 00:30:35,428 - LanternAna - INFO - Loading configuration from ../../runs45_zev_mmr/xsecflux_nue_runs45.yaml
2026-01-09 00:30:35,428 - LanternAna - INFO - Discovering components...
2026-01-09 00:30:38,198 - LanternAna - INFO - Found 13 cuts
2026-01-09 00:30:38,198 - LanternAna - INFO - Found 39 producers
2026-01-09 00:30:38,198 - LanternAna - INFO - Found 1 dataset types
2026-01-09 00:30:38,198 - LanternAna - INFO - Found 1 tags
2026-01-09 00:30:38,198 - LanternAna - INFO - Configuring components...
2026-01-09 00:30:38,328 - LanternAna - INFO - Starting enhanced analysis run...
2026-01-09 00:30:38,328 - LanternAna - INFO - Loading datasets...
2026-01-09 00:30:38,462 - LanternAna - INFO - Loaded dataset 'run4a_nu' with 169406 entries
2026-01-09 00:30:38,462 - LanternAna - INFO -   MC dataset with 0.0 POT
2026-01-09 00:30:38,462 - LanternAna - INFO - Processing dataset with enhanced architecture: run4a_nu
2026-01-09 00:30:38,597 - LanternAna - INFO - Processing 169406 events with producer-first architecture...
2026-01-09 00:31:35,172 - LanternAna - INFO - Loading configuration from ../../runs45_zev_mmr/xsecflux_nue_runs45.yaml
2026-01-09 00:31:35,181 - LanternAna - INFO - Discovering components...
2026-01-09 00:31:37,878 - LanternAna - INFO - Found 13 cuts
2026-01-09 00:31:37,879 - LanternAna - INFO - Found 39 producers
2026-01-09 00:31:37,879 - LanternAna - INFO - Found 1 dataset types
2026-01-09 00:31:37,879 - LanternAna - INFO - Found 1 tags
2026-01-09 00:31:37,879 - LanternAna - INFO - Configuring components...
2026-01-09 00:31:38,156 - LanternAna - INFO - Starting enhanced analysis run...
2026-01-09 00:31:38,156 - LanternAna - INFO - Loading datasets...
2026-01-09 00:31:38,293 - LanternAna - INFO - Loaded dataset 'run4a_nu' with 169406 entries
2026-01-09 00:31:38,293 - LanternAna - INFO -   MC dataset with 0.0 POT
2026-01-09 00:31:38,293 - LanternAna - INFO - Processing dataset with enhanced architecture: run4a_nu
2026-01-09 00:31:38,484 - LanternAna - INFO - Processing 169406 events with producer-first architecture...
2026-01-09 00:31:52,708 - LanternAna - INFO - Loading configuration from ../../runs45_zev_mmr/xsecflux_nue_runs45.yaml
2026-01-09 00:31:52,709 - LanternAna - INFO - Discovering components...
2026-01-09 00:31:55,434 - LanternAna - INFO - Found 13 cuts
2026-01-09 00:31:55,434 - LanternAna - INFO - Found 39 producers
2026-01-09 00:31:55,434 - LanternAna - INFO - Found 1 dataset types
2026-01-09 00:31:55,434 - LanternAna - INFO - Found 1 tags
2026-01-09 00:31:55,435 - LanternAna - INFO - Configuring components...
2026-01-09 00:31:55,711 - LanternAna - INFO - Starting enhanced analysis run...
2026-01-09 00:31:55,711 - LanternAna - INFO - Loading datasets...
2026-01-09 00:31:55,842 - LanternAna - INFO - Loaded dataset 'run4a_nu' with 169406 entries
2026-01-09 00:31:55,843 - LanternAna - INFO -   MC dataset with 0.0 POT
2026-01-09 00:31:55,843 - LanternAna - INFO - Processing dataset with enhanced architecture: run4a_nu
2026-01-09 00:31:55,953 - LanternAna - INFO - Processing 169406 events with producer-first architecture...
2026-01-09 00:32:52,818 - LanternAna - INFO - Loading configuration from ../../runs45_zev_mmr/xsecflux_nue_runs45.yaml
2026-01-09 00:32:52,821 - LanternAna - INFO - Discovering components...
2026-01-09 00:32:55,572 - LanternAna - INFO - Found 13 cuts
2026-01-09 00:32:55,572 - LanternAna - INFO - Found 39 producers
2026-01-09 00:32:55,573 - LanternAna - INFO - Found 1 dataset types
2026-01-09 00:32:55,573 - LanternAna - INFO - Found 1 tags
2026-01-09 00:32:55,573 - LanternAna - INFO - Configuring components...
2026-01-09 00:32:55,683 - LanternAna - INFO - Starting enhanced analysis run...
2026-01-09 00:32:55,683 - LanternAna - INFO - Loading datasets...
2026-01-09 00:32:55,788 - LanternAna - INFO - Loaded dataset 'run4a_nu' with 0 entries
2026-01-09 00:32:55,788 - LanternAna - INFO -   MC dataset with 0.0 POT
2026-01-09 00:32:55,788 - LanternAna - INFO - Processing dataset with enhanced architecture: run4a_nu
2026-01-09 00:32:55,963 - LanternAna - INFO - Processing 0 events with producer-first architecture...
2026-01-09 00:32:56,456 - LanternAna - INFO - Dataset run4a_nu processed in 0.0s
2026-01-09 00:32:56,456 - LanternAna - INFO - Results written to /exp/uboone/app/users/imani/lantern_ana/runs45_zev_mmr/nue_xsecflux/run4a_nu_20260109_003255.root
2026-01-09 00:32:56,457 - LanternAna - INFO - ==================================================
2026-01-09 00:32:56,457 - LanternAna - INFO - Enhanced Analysis Statistics
2026-01-09 00:32:56,457 - LanternAna - INFO - ==================================================
2026-01-09 00:32:56,457 - LanternAna - INFO - Dataset: run4a_nu
2026-01-09 00:32:56,457 - LanternAna - INFO -   Total events: 0
2026-01-09 00:33:00,678 - LanternAna - INFO - Loading configuration from ../../runs45_zev_mmr/xsecflux_nue_runs45.yaml
2026-01-09 00:33:00,678 - LanternAna - INFO - Discovering components...
2026-01-09 00:33:03,493 - LanternAna - INFO - Found 13 cuts
2026-01-09 00:33:03,493 - LanternAna - INFO - Found 39 producers
2026-01-09 00:33:03,493 - LanternAna - INFO - Found 1 dataset types
2026-01-09 00:33:03,493 - LanternAna - INFO - Found 1 tags
2026-01-09 00:33:03,494 - LanternAna - INFO - Configuring components...
2026-01-09 00:33:03,624 - LanternAna - INFO - Starting enhanced analysis run...
2026-01-09 00:33:03,624 - LanternAna - INFO - Loading datasets...
2026-01-09 00:33:03,726 - LanternAna - INFO - Loaded dataset 'run4a_nu' with 0 entries
2026-01-09 00:33:03,726 - LanternAna - INFO -   MC dataset with 0.0 POT
2026-01-09 00:33:03,726 - LanternAna - INFO - Processing dataset with enhanced architecture: run4a_nu
2026-01-09 00:33:03,907 - LanternAna - INFO - Processing 0 events with producer-first architecture...
2026-01-09 00:33:04,065 - LanternAna - INFO - Dataset run4a_nu processed in 0.0s
2026-01-09 00:33:04,065 - LanternAna - INFO - Results written to /exp/uboone/app/users/imani/lantern_ana/runs45_zev_mmr/nue_xsecflux/run4a_nu_20260109_003303.root
2026-01-09 00:33:04,065 - LanternAna - INFO - ==================================================
2026-01-09 00:33:04,065 - LanternAna - INFO - Enhanced Analysis Statistics
2026-01-09 00:33:04,065 - LanternAna - INFO - ==================================================
2026-01-09 00:33:04,065 - LanternAna - INFO - Dataset: run4a_nu
2026-01-09 00:33:04,065 - LanternAna - INFO -   Total events: 0
2026-01-09 00:33:26,984 - LanternAna - INFO - Loading configuration from ../../runs45_zev_mmr/xsecflux_nue_runs45.yaml
2026-01-09 00:33:26,987 - LanternAna - INFO - Discovering components...
2026-01-09 00:33:29,706 - LanternAna - INFO - Found 13 cuts
2026-01-09 00:33:29,706 - LanternAna - INFO - Found 39 producers
2026-01-09 00:33:29,706 - LanternAna - INFO - Found 1 dataset types
2026-01-09 00:33:29,706 - LanternAna - INFO - Found 1 tags
2026-01-09 00:33:29,707 - LanternAna - INFO - Configuring components...
2026-01-09 00:33:29,840 - LanternAna - INFO - Starting enhanced analysis run...
2026-01-09 00:33:29,840 - LanternAna - INFO - Loading datasets...
2026-01-09 00:33:29,984 - LanternAna - INFO - Loaded dataset 'run4a_nu' with 169406 entries
2026-01-09 00:33:29,984 - LanternAna - INFO -   MC dataset with 0.0 POT
2026-01-09 00:33:29,984 - LanternAna - INFO - Processing dataset with enhanced architecture: run4a_nu
2026-01-09 00:33:30,078 - LanternAna - INFO - Processing 169406 events with producer-first architecture...
2026-01-09 00:35:35,389 - LanternAna - INFO - Loading configuration from ../../runs45_zev_mmr/xsecflux_nue_runs45.yaml
2026-01-09 00:35:35,392 - LanternAna - INFO - Discovering components...
2026-01-09 00:35:38,117 - LanternAna - INFO - Found 13 cuts
2026-01-09 00:35:38,117 - LanternAna - INFO - Found 39 producers
2026-01-09 00:35:38,117 - LanternAna - INFO - Found 1 dataset types
2026-01-09 00:35:38,117 - LanternAna - INFO - Found 1 tags
2026-01-09 00:35:38,117 - LanternAna - INFO - Configuring components...
2026-01-09 00:35:38,248 - LanternAna - INFO - Starting enhanced analysis run...
2026-01-09 00:35:38,248 - LanternAna - INFO - Loading datasets...
2026-01-09 00:35:38,383 - LanternAna - INFO - Loaded dataset 'run4a_nu' with 169406 entries
2026-01-09 00:35:38,383 - LanternAna - INFO -   MC dataset with 0.0 POT
2026-01-09 00:35:38,383 - LanternAna - INFO - Processing dataset with enhanced architecture: run4a_nu
2026-01-09 00:35:38,556 - LanternAna - INFO - Processing 169406 events with producer-first architecture...
2026-01-09 00:51:56,113 - LanternAna - INFO - Loading configuration from ../../runs45_zev_mmr/xsecflux_nue_runs45.yaml
2026-01-09 00:51:56,116 - LanternAna - INFO - Discovering components...
2026-01-09 00:51:58,881 - LanternAna - INFO - Found 13 cuts
2026-01-09 00:51:58,882 - LanternAna - INFO - Found 39 producers
2026-01-09 00:51:58,882 - LanternAna - INFO - Found 1 dataset types
2026-01-09 00:51:58,882 - LanternAna - INFO - Found 1 tags
2026-01-09 00:51:58,882 - LanternAna - INFO - Configuring components...
2026-01-09 00:51:59,023 - LanternAna - INFO - Starting enhanced analysis run...
2026-01-09 00:51:59,023 - LanternAna - INFO - Loading datasets...
2026-01-09 00:51:59,128 - LanternAna - INFO - Loaded dataset 'run4b_nu' with 0 entries
2026-01-09 00:51:59,128 - LanternAna - INFO -   MC dataset with 0.0 POT
2026-01-09 00:51:59,128 - LanternAna - INFO - Processing dataset with enhanced architecture: run4b_nu
2026-01-09 00:51:59,200 - LanternAna - INFO - Processing 0 events with producer-first architecture...
2026-01-09 00:51:59,570 - LanternAna - INFO - Dataset run4b_nu processed in 0.0s
2026-01-09 00:51:59,570 - LanternAna - INFO - Results written to /exp/uboone/app/users/imani/lantern_ana/runs45_zev_mmr/nue_xsecflux/run4b_nu_20260109_005159.root
2026-01-09 00:51:59,571 - LanternAna - INFO - ==================================================
2026-01-09 00:51:59,571 - LanternAna - INFO - Enhanced Analysis Statistics
2026-01-09 00:51:59,571 - LanternAna - INFO - ==================================================
2026-01-09 00:51:59,571 - LanternAna - INFO - Dataset: run4b_nu
2026-01-09 00:51:59,571 - LanternAna - INFO -   Total events: 0
2026-01-09 00:53:07,240 - LanternAna - INFO - Loading configuration from ../../runs45_zev_mmr/xsecflux_nue_runs45.yaml
2026-01-09 00:53:07,244 - LanternAna - INFO - Discovering components...
2026-01-09 00:53:10,035 - LanternAna - INFO - Found 13 cuts
2026-01-09 00:53:10,035 - LanternAna - INFO - Found 39 producers
2026-01-09 00:53:10,035 - LanternAna - INFO - Found 1 dataset types
2026-01-09 00:53:10,035 - LanternAna - INFO - Found 1 tags
2026-01-09 00:53:10,036 - LanternAna - INFO - Configuring components...
2026-01-09 00:53:10,178 - LanternAna - INFO - Starting enhanced analysis run...
2026-01-09 00:53:10,178 - LanternAna - INFO - Loading datasets...
2026-01-09 00:53:10,278 - LanternAna - INFO - Loaded dataset 'run4b_nu' with 0 entries
2026-01-09 00:53:10,278 - LanternAna - INFO -   MC dataset with 0.0 POT
2026-01-09 00:53:10,278 - LanternAna - INFO - Processing dataset with enhanced architecture: run4b_nu
2026-01-09 00:53:10,360 - LanternAna - INFO - Processing 0 events with producer-first architecture...
2026-01-09 00:53:10,549 - LanternAna - INFO - Dataset run4b_nu processed in 0.0s
2026-01-09 00:53:10,549 - LanternAna - INFO - Results written to /exp/uboone/app/users/imani/lantern_ana/runs45_zev_mmr/nue_xsecflux/run4b_nu_20260109_005310.root
2026-01-09 00:53:10,550 - LanternAna - INFO - ==================================================
2026-01-09 00:53:10,550 - LanternAna - INFO - Enhanced Analysis Statistics
2026-01-09 00:53:10,550 - LanternAna - INFO - ==================================================
2026-01-09 00:53:10,550 - LanternAna - INFO - Dataset: run4b_nu
2026-01-09 00:53:10,550 - LanternAna - INFO -   Total events: 0
2026-01-09 00:55:41,714 - LanternAna - INFO - Loading configuration from ../../runs45_zev_mmr/xsecflux_nue_runs45.yaml
2026-01-09 00:55:41,716 - LanternAna - INFO - Discovering components...
2026-01-09 00:55:44,442 - LanternAna - INFO - Found 13 cuts
2026-01-09 00:55:44,442 - LanternAna - INFO - Found 39 producers
2026-01-09 00:55:44,442 - LanternAna - INFO - Found 1 dataset types
2026-01-09 00:55:44,442 - LanternAna - INFO - Found 1 tags
2026-01-09 00:55:44,443 - LanternAna - INFO - Configuring components...
2026-01-09 00:55:44,564 - LanternAna - INFO - Starting enhanced analysis run...
2026-01-09 00:55:44,564 - LanternAna - INFO - Loading datasets...
2026-01-09 00:55:44,699 - LanternAna - INFO - Loaded dataset 'run4b_nu' with 632733 entries
2026-01-09 00:55:44,699 - LanternAna - INFO -   MC dataset with 0.0 POT
2026-01-09 00:55:44,700 - LanternAna - INFO - Processing dataset with enhanced architecture: run4b_nu
2026-01-09 00:55:44,862 - LanternAna - INFO - Processing 632733 events with producer-first architecture...
2026-01-09 00:55:59,076 - LanternAna - INFO - Loading configuration from ../../runs45_zev_mmr/xsecflux_nue_runs45.yaml
2026-01-09 00:55:59,076 - LanternAna - INFO - Discovering components...
2026-01-09 00:56:01,838 - LanternAna - INFO - Found 13 cuts
2026-01-09 00:56:01,838 - LanternAna - INFO - Found 39 producers
2026-01-09 00:56:01,838 - LanternAna - INFO - Found 1 dataset types
2026-01-09 00:56:01,838 - LanternAna - INFO - Found 1 tags
2026-01-09 00:56:01,839 - LanternAna - INFO - Configuring components...
2026-01-09 00:56:02,009 - LanternAna - INFO - Starting enhanced analysis run...
2026-01-09 00:56:02,009 - LanternAna - INFO - Loading datasets...
2026-01-09 00:56:02,153 - LanternAna - INFO - Loaded dataset 'run4b_nu' with 632733 entries
2026-01-09 00:56:02,154 - LanternAna - INFO -   MC dataset with 0.0 POT
2026-01-09 00:56:02,154 - LanternAna - INFO - Processing dataset with enhanced architecture: run4b_nu
2026-01-09 00:56:02,487 - LanternAna - INFO - Processing 632733 events with producer-first architecture...
2026-01-09 01:37:53,360 - LanternAna - INFO - Loading configuration from ../../runs45_zev_mmr/xsecflux_nue_runs45.yaml
2026-01-09 01:37:53,362 - LanternAna - INFO - Discovering components...
2026-01-09 01:37:57,617 - LanternAna - INFO - Found 13 cuts
2026-01-09 01:37:57,617 - LanternAna - INFO - Found 39 producers
2026-01-09 01:37:57,617 - LanternAna - INFO - Found 1 dataset types
2026-01-09 01:37:57,617 - LanternAna - INFO - Found 1 tags
2026-01-09 01:37:57,617 - LanternAna - INFO - Configuring components...
2026-01-09 01:37:57,939 - LanternAna - INFO - Starting enhanced analysis run...
2026-01-09 01:37:57,939 - LanternAna - INFO - Loading datasets...
2026-01-09 01:37:58,100 - LanternAna - INFO - Loaded dataset 'run4a_nu' with 169406 entries
2026-01-09 01:37:58,100 - LanternAna - INFO -   MC dataset with 0.0 POT
2026-01-09 01:37:58,100 - LanternAna - INFO - Processing dataset with enhanced architecture: run4a_nu
2026-01-09 01:37:58,351 - LanternAna - INFO - Processing 169406 events with producer-first architecture...
2026-01-09 01:38:10,929 - LanternAna - INFO - Progress: 5.0% (8470/169406), Est. time remaining: 239.0s
2026-01-09 01:38:13,336 - LanternAna - INFO - Progress: 10.0% (16940/169406), Est. time remaining: 134.9s
2026-01-09 01:38:15,485 - LanternAna - INFO - Progress: 15.0% (25410/169406), Est. time remaining: 97.1s
2026-01-09 01:38:17,886 - LanternAna - INFO - Progress: 20.0% (33880/169406), Est. time remaining: 78.1s
2026-01-09 01:39:04,790 - LanternAna - INFO - Loading configuration from ../../runs45_zev_mmr/xsecflux_nue_runs45.yaml
2026-01-09 01:39:04,792 - LanternAna - INFO - Discovering components...
2026-01-09 01:39:07,476 - LanternAna - INFO - Found 13 cuts
2026-01-09 01:39:07,476 - LanternAna - INFO - Found 39 producers
2026-01-09 01:39:07,476 - LanternAna - INFO - Found 1 dataset types
2026-01-09 01:39:07,476 - LanternAna - INFO - Found 1 tags
2026-01-09 01:39:07,476 - LanternAna - INFO - Configuring components...
2026-01-09 01:39:07,595 - LanternAna - INFO - Starting enhanced analysis run...
2026-01-09 01:39:07,595 - LanternAna - INFO - Loading datasets...
2026-01-09 01:39:07,745 - LanternAna - INFO - Loaded dataset 'run4a_nu' with 169406 entries
2026-01-09 01:39:07,745 - LanternAna - INFO -   MC dataset with 0.0 POT
2026-01-09 01:39:07,745 - LanternAna - INFO - Processing dataset with enhanced architecture: run4a_nu
2026-01-09 01:39:07,793 - LanternAna - INFO - Processing 169406 events with producer-first architecture...
2026-01-09 01:39:14,874 - LanternAna - INFO - Progress: 5.0% (8470/169406), Est. time remaining: 134.5s
2026-01-09 01:39:16,149 - LanternAna - INFO - Progress: 10.0% (16940/169406), Est. time remaining: 75.2s
2026-01-09 01:39:17,430 - LanternAna - INFO - Progress: 15.0% (25410/169406), Est. time remaining: 54.6s
2026-01-09 01:39:18,724 - LanternAna - INFO - Progress: 20.0% (33880/169406), Est. time remaining: 43.7s
2026-01-09 01:39:20,128 - LanternAna - INFO - Progress: 25.0% (42350/169406), Est. time remaining: 37.0s
2026-01-09 01:39:21,497 - LanternAna - INFO - Progress: 30.0% (50820/169406), Est. time remaining: 32.0s
2026-01-09 01:39:22,906 - LanternAna - INFO - Progress: 35.0% (59290/169406), Est. time remaining: 28.1s
2026-01-09 01:39:24,100 - LanternAna - INFO - Progress: 40.0% (67760/169406), Est. time remaining: 24.5s
2026-01-09 01:39:25,601 - LanternAna - INFO - Progress: 45.0% (76230/169406), Est. time remaining: 21.8s
2026-01-09 01:39:27,127 - LanternAna - INFO - Progress: 50.0% (84700/169406), Est. time remaining: 19.3s
2026-01-09 01:39:28,317 - LanternAna - INFO - Progress: 55.0% (93170/169406), Est. time remaining: 16.8s
2026-01-09 01:39:29,839 - LanternAna - INFO - Progress: 60.0% (101640/169406), Est. time remaining: 14.7s
2026-01-09 01:39:31,358 - LanternAna - INFO - Progress: 65.0% (110110/169406), Est. time remaining: 12.7s
2026-01-09 01:39:32,573 - LanternAna - INFO - Progress: 70.0% (118580/169406), Est. time remaining: 10.6s
2026-01-09 01:39:33,782 - LanternAna - INFO - Progress: 75.0% (127050/169406), Est. time remaining: 8.7s
2026-01-09 01:39:35,212 - LanternAna - INFO - Progress: 80.0% (135520/169406), Est. time remaining: 6.9s
2026-01-09 01:39:36,530 - LanternAna - INFO - Progress: 85.0% (143990/169406), Est. time remaining: 5.1s
2026-01-09 01:39:38,056 - LanternAna - INFO - Progress: 90.0% (152460/169406), Est. time remaining: 3.4s
2026-01-09 01:39:39,226 - LanternAna - INFO - Progress: 95.0% (160930/169406), Est. time remaining: 1.7s
2026-01-09 01:39:40,938 - LanternAna - INFO - Progress: 100.0% (169400/169406), Est. time remaining: 0.0s
2026-01-09 01:39:41,329 - LanternAna - INFO - Dataset run4a_nu processed in 33.1s
2026-01-09 01:39:41,330 - LanternAna - INFO - Results written to /exp/uboone/app/users/imani/lantern_ana/runs45_zev_mmr/nue_xsecflux/run4a_nu_20260109_013907.root
2026-01-09 01:39:41,330 - LanternAna - INFO - ==================================================
2026-01-09 01:39:41,330 - LanternAna - INFO - Enhanced Analysis Statistics
2026-01-09 01:39:41,330 - LanternAna - INFO - ==================================================
2026-01-09 01:39:41,330 - LanternAna - INFO - Dataset: run4a_nu
2026-01-09 01:39:41,330 - LanternAna - INFO -   Total events: 169406
2026-01-09 01:39:41,330 - LanternAna - INFO -   Passed events: 169406 (100.0%)
2026-01-09 01:39:41,330 - LanternAna - INFO -   Failed events: 0 (0.0%)
2026-01-09 01:39:41,330 - LanternAna - INFO -   Processing time: 33.1s
2026-01-09 01:39:41,330 - LanternAna - INFO -   Cut statistics:
2026-01-09 01:39:41,330 - LanternAna - INFO - ==================================================
2026-01-09 01:39:41,330 - LanternAna - INFO - analysis complete!
2026-01-09 01:39:41,332 - LanternAna - INFO - Statistics saved to: /exp/uboone/app/users/imani/lantern_ana/runs45_zev_mmr/nue_xsecflux/statistics.yaml
2026-01-09 01:41:34,303 - LanternAna - INFO - Loading configuration from ../../runs45_zev_mmr/xsecflux_nue_runs45.yaml
2026-01-09 01:41:34,306 - LanternAna - INFO - Discovering components...
2026-01-09 01:41:37,205 - LanternAna - INFO - Found 13 cuts
2026-01-09 01:41:37,206 - LanternAna - INFO - Found 39 producers
2026-01-09 01:41:37,206 - LanternAna - INFO - Found 1 dataset types
2026-01-09 01:41:37,206 - LanternAna - INFO - Found 1 tags
2026-01-09 01:41:37,206 - LanternAna - INFO - Configuring components...
2026-01-09 01:41:37,335 - LanternAna - INFO - Starting enhanced analysis run...
2026-01-09 01:41:37,336 - LanternAna - INFO - Loading datasets...
2026-01-09 01:41:37,489 - LanternAna - INFO - Loaded dataset 'run4a_nu' with 169406 entries
2026-01-09 01:41:37,489 - LanternAna - INFO -   MC dataset with 0.0 POT
2026-01-09 01:41:37,489 - LanternAna - INFO - Processing dataset with enhanced architecture: run4a_nu
2026-01-09 01:41:37,639 - LanternAna - INFO - Processing 169406 events with producer-first architecture...
2026-01-09 01:41:45,094 - LanternAna - INFO - Progress: 5.0% (8470/169406), Est. time remaining: 141.6s
2026-01-09 01:41:46,324 - LanternAna - INFO - Progress: 10.0% (16940/169406), Est. time remaining: 78.2s
2026-01-09 01:41:47,516 - LanternAna - INFO - Progress: 15.0% (25410/169406), Est. time remaining: 56.0s
2026-01-09 01:41:48,739 - LanternAna - INFO - Progress: 20.0% (33880/169406), Est. time remaining: 44.4s
2026-01-09 01:41:49,951 - LanternAna - INFO - Progress: 25.0% (42350/169406), Est. time remaining: 36.9s
2026-01-09 01:41:51,186 - LanternAna - INFO - Progress: 30.0% (50820/169406), Est. time remaining: 31.6s
2026-01-09 01:41:52,412 - LanternAna - INFO - Progress: 35.0% (59290/169406), Est. time remaining: 27.4s
2026-01-09 01:41:53,663 - LanternAna - INFO - Progress: 40.0% (67760/169406), Est. time remaining: 24.0s
2026-01-09 01:41:55,090 - LanternAna - INFO - Progress: 45.0% (76230/169406), Est. time remaining: 21.3s
2026-01-09 01:41:56,559 - LanternAna - INFO - Progress: 50.0% (84700/169406), Est. time remaining: 18.9s
2026-01-09 01:41:57,879 - LanternAna - INFO - Progress: 55.0% (93170/169406), Est. time remaining: 16.6s
2026-01-09 01:41:59,131 - LanternAna - INFO - Progress: 60.0% (101640/169406), Est. time remaining: 14.3s
2026-01-09 01:42:00,388 - LanternAna - INFO - Progress: 65.0% (110110/169406), Est. time remaining: 12.3s
2026-01-09 01:42:01,677 - LanternAna - INFO - Progress: 70.0% (118580/169406), Est. time remaining: 10.3s
2026-01-09 01:42:02,961 - LanternAna - INFO - Progress: 75.0% (127050/169406), Est. time remaining: 8.4s
2026-01-09 01:42:04,355 - LanternAna - INFO - Progress: 80.0% (135520/169406), Est. time remaining: 6.7s
2026-01-09 01:42:05,640 - LanternAna - INFO - Progress: 85.0% (143990/169406), Est. time remaining: 4.9s
2026-01-09 01:42:06,916 - LanternAna - INFO - Progress: 90.0% (152460/169406), Est. time remaining: 3.3s
2026-01-09 01:42:08,127 - LanternAna - INFO - Progress: 95.0% (160930/169406), Est. time remaining: 1.6s
2026-01-09 01:42:09,449 - LanternAna - INFO - Progress: 100.0% (169400/169406), Est. time remaining: 0.0s
2026-01-09 01:42:09,792 - LanternAna - INFO - Dataset run4a_nu processed in 31.8s
2026-01-09 01:42:09,793 - LanternAna - INFO - Results written to /exp/uboone/app/users/imani/lantern_ana/runs45_zev_mmr/nue_xsecflux/run4a_nu_20260109_014137.root
2026-01-09 01:42:09,793 - LanternAna - INFO - ==================================================
2026-01-09 01:42:09,793 - LanternAna - INFO - Enhanced Analysis Statistics
2026-01-09 01:42:09,793 - LanternAna - INFO - ==================================================
2026-01-09 01:42:09,793 - LanternAna - INFO - Dataset: run4a_nu
2026-01-09 01:42:09,793 - LanternAna - INFO -   Total events: 169406
2026-01-09 01:42:09,793 - LanternAna - INFO -   Passed events: 169406 (100.0%)
2026-01-09 01:42:09,793 - LanternAna - INFO -   Failed events: 0 (0.0%)
2026-01-09 01:42:09,793 - LanternAna - INFO -   Processing time: 31.8s
2026-01-09 01:42:09,793 - LanternAna - INFO -   Cut statistics:
2026-01-09 01:42:09,793 - LanternAna - INFO - ==================================================
2026-01-09 01:42:09,793 - LanternAna - INFO - analysis complete!
2026-01-09 01:42:09,796 - LanternAna - INFO - Statistics saved to: /exp/uboone/app/users/imani/lantern_ana/runs45_zev_mmr/nue_xsecflux/statistics.yaml
2026-01-09 01:54:40,509 - LanternAna - INFO - Loading configuration from ../../runs45_zev_mmr/xsecflux_nue_runs45.yaml
2026-01-09 01:54:40,651 - LanternAna - INFO - Discovering components...
2026-01-09 01:54:50,163 - LanternAna - INFO - Found 13 cuts
2026-01-09 01:54:50,163 - LanternAna - INFO - Found 39 producers
2026-01-09 01:54:50,163 - LanternAna - INFO - Found 1 dataset types
2026-01-09 01:54:50,163 - LanternAna - INFO - Found 1 tags
2026-01-09 01:54:50,164 - LanternAna - INFO - Configuring components...
2026-01-09 01:54:50,346 - LanternAna - INFO - Starting enhanced analysis run...
2026-01-09 01:54:50,346 - LanternAna - INFO - Loading datasets...
2026-01-09 01:54:50,752 - LanternAna - INFO - Loaded dataset 'run4a_nu' with 169406 entries
2026-01-09 01:54:50,753 - LanternAna - INFO -   MC dataset with 0.0 POT
2026-01-09 01:54:50,753 - LanternAna - INFO - Processing dataset with enhanced architecture: run4a_nu
2026-01-09 01:54:50,860 - LanternAna - INFO - Processing 169406 events with producer-first architecture...
2026-01-09 01:55:05,711 - LanternAna - INFO - Progress: 5.0% (8470/169406), Est. time remaining: 282.2s
2026-01-09 01:55:07,118 - LanternAna - INFO - Progress: 10.0% (16940/169406), Est. time remaining: 146.3s
2026-01-09 01:55:08,519 - LanternAna - INFO - Progress: 15.0% (25410/169406), Est. time remaining: 100.1s
2026-01-09 01:55:10,030 - LanternAna - INFO - Progress: 20.0% (33880/169406), Est. time remaining: 76.7s
2026-01-09 01:55:11,524 - LanternAna - INFO - Progress: 25.0% (42350/169406), Est. time remaining: 62.0s
2026-01-09 01:55:12,964 - LanternAna - INFO - Progress: 30.0% (50820/169406), Est. time remaining: 51.6s
2026-01-09 01:55:14,382 - LanternAna - INFO - Progress: 35.0% (59290/169406), Est. time remaining: 43.7s
2026-01-09 01:55:15,590 - LanternAna - INFO - Progress: 40.0% (67760/169406), Est. time remaining: 37.1s
2026-01-09 01:55:17,316 - LanternAna - INFO - Progress: 45.0% (76230/169406), Est. time remaining: 32.3s
2026-01-09 01:55:18,897 - LanternAna - INFO - Progress: 50.0% (84700/169406), Est. time remaining: 28.0s
2026-01-09 01:55:20,115 - LanternAna - INFO - Progress: 55.0% (93170/169406), Est. time remaining: 23.9s
2026-01-09 01:55:21,693 - LanternAna - INFO - Progress: 60.0% (101640/169406), Est. time remaining: 20.6s
2026-01-09 01:55:23,323 - LanternAna - INFO - Progress: 65.0% (110110/169406), Est. time remaining: 17.5s
2026-01-09 01:55:24,639 - LanternAna - INFO - Progress: 70.0% (118580/169406), Est. time remaining: 14.5s
2026-01-09 01:55:25,972 - LanternAna - INFO - Progress: 75.0% (127050/169406), Est. time remaining: 11.7s
2026-01-09 01:55:27,602 - LanternAna - INFO - Progress: 80.0% (135520/169406), Est. time remaining: 9.2s
2026-01-09 01:55:29,049 - LanternAna - INFO - Progress: 85.0% (143990/169406), Est. time remaining: 6.7s
2026-01-09 01:55:30,756 - LanternAna - INFO - Progress: 90.0% (152460/169406), Est. time remaining: 4.4s
2026-01-09 01:55:31,960 - LanternAna - INFO - Progress: 95.0% (160930/169406), Est. time remaining: 2.2s
2026-01-09 01:55:33,828 - LanternAna - INFO - Progress: 100.0% (169400/169406), Est. time remaining: 0.0s
2026-01-09 01:55:34,085 - LanternAna - INFO - Dataset run4a_nu processed in 43.0s
2026-01-09 01:55:34,085 - LanternAna - INFO - Results written to /exp/uboone/app/users/imani/lantern_ana/runs45_zev_mmr/nue_xsecflux/run4a_nu_20260109_015450.root
2026-01-09 01:55:34,085 - LanternAna - INFO - ==================================================
2026-01-09 01:55:34,085 - LanternAna - INFO - Enhanced Analysis Statistics
2026-01-09 01:55:34,085 - LanternAna - INFO - ==================================================
2026-01-09 01:55:34,085 - LanternAna - INFO - Dataset: run4a_nu
2026-01-09 01:55:34,085 - LanternAna - INFO -   Total events: 169406
2026-01-09 01:55:34,085 - LanternAna - INFO -   Passed events: 169406 (100.0%)
2026-01-09 01:55:34,085 - LanternAna - INFO -   Failed events: 0 (0.0%)
2026-01-09 01:55:34,085 - LanternAna - INFO -   Processing time: 43.0s
2026-01-09 01:55:34,085 - LanternAna - INFO -   Cut statistics:
2026-01-09 01:55:34,085 - LanternAna - INFO - ==================================================
2026-01-09 01:55:34,085 - LanternAna - INFO - analysis complete!
2026-01-09 01:55:34,089 - LanternAna - INFO - Statistics saved to: /exp/uboone/app/users/imani/lantern_ana/runs45_zev_mmr/nue_xsecflux/statistics.yaml
2026-01-09 01:57:10,873 - LanternAna - INFO - Loading configuration from ../../runs45_zev_mmr/xsecflux_nue_runs45.yaml
2026-01-09 01:57:10,878 - LanternAna - INFO - Discovering components...
2026-01-09 01:57:15,289 - LanternAna - INFO - Found 13 cuts
2026-01-09 01:57:15,290 - LanternAna - INFO - Found 39 producers
2026-01-09 01:57:15,290 - LanternAna - INFO - Found 1 dataset types
2026-01-09 01:57:15,290 - LanternAna - INFO - Found 1 tags
2026-01-09 01:57:15,290 - LanternAna - INFO - Configuring components...
2026-01-09 01:57:15,556 - LanternAna - INFO - Starting enhanced analysis run...
2026-01-09 01:57:15,556 - LanternAna - INFO - Loading datasets...
2026-01-09 01:57:15,718 - LanternAna - INFO - Loaded dataset 'run4a_nue' with 55054 entries
2026-01-09 01:57:15,718 - LanternAna - INFO -   MC dataset with 0.0 POT
2026-01-09 01:57:15,718 - LanternAna - INFO - Processing dataset with enhanced architecture: run4a_nue
2026-01-09 01:57:15,783 - LanternAna - INFO - Processing 55054 events with producer-first architecture...
2026-01-09 01:57:31,126 - LanternAna - INFO - Progress: 5.0% (2752/55054), Est. time remaining: 291.6s
2026-01-09 01:57:39,901 - LanternAna - INFO - Progress: 10.0% (5504/55054), Est. time remaining: 217.1s
2026-01-09 01:57:48,315 - LanternAna - INFO - Progress: 15.0% (8256/55054), Est. time remaining: 184.4s
2026-01-09 01:57:56,611 - LanternAna - INFO - Progress: 20.0% (11008/55054), Est. time remaining: 163.4s
2026-01-09 01:58:05,143 - LanternAna - INFO - Progress: 25.0% (13760/55054), Est. time remaining: 148.1s
2026-01-09 01:58:13,728 - LanternAna - INFO - Progress: 30.0% (16512/55054), Est. time remaining: 135.3s
2026-01-09 01:58:21,823 - LanternAna - INFO - Progress: 35.0% (19264/55054), Est. time remaining: 122.7s
2026-01-09 01:58:30,378 - LanternAna - INFO - Progress: 40.0% (22016/55054), Est. time remaining: 111.9s
2026-01-09 01:58:38,717 - LanternAna - INFO - Progress: 45.0% (24768/55054), Est. time remaining: 101.4s
2026-01-09 01:58:47,272 - LanternAna - INFO - Progress: 50.0% (27520/55054), Est. time remaining: 91.5s
2026-01-09 01:58:55,320 - LanternAna - INFO - Progress: 55.0% (30272/55054), Est. time remaining: 81.5s
2026-01-09 01:59:03,753 - LanternAna - INFO - Progress: 60.0% (33024/55054), Est. time remaining: 72.0s
2026-01-09 01:59:11,848 - LanternAna - INFO - Progress: 65.0% (35776/55054), Est. time remaining: 62.5s
2026-01-09 01:59:20,214 - LanternAna - INFO - Progress: 70.0% (38528/55054), Est. time remaining: 53.4s
2026-01-09 01:59:28,766 - LanternAna - INFO - Progress: 75.0% (41280/55054), Est. time remaining: 44.4s
2026-01-09 01:59:37,062 - LanternAna - INFO - Progress: 80.0% (44032/55054), Est. time remaining: 35.4s
2026-01-09 01:59:45,420 - LanternAna - INFO - Progress: 85.0% (46784/55054), Est. time remaining: 26.5s
2026-01-09 01:59:53,670 - LanternAna - INFO - Progress: 90.0% (49536/55054), Est. time remaining: 17.6s
2026-01-09 02:00:02,826 - LanternAna - INFO - Progress: 95.0% (52288/55054), Est. time remaining: 8.8s
2026-01-09 02:00:12,085 - LanternAna - INFO - Progress: 100.0% (55040/55054), Est. time remaining: 0.0s
2026-01-09 02:00:12,450 - LanternAna - INFO - Dataset run4a_nue processed in 176.4s
2026-01-09 02:00:12,451 - LanternAna - INFO - Results written to /exp/uboone/app/users/imani/lantern_ana/runs45_zev_mmr/nue_xsecflux/run4a_nue_20260109_015715.root
2026-01-09 02:00:12,451 - LanternAna - INFO - ==================================================
2026-01-09 02:00:12,451 - LanternAna - INFO - Enhanced Analysis Statistics
2026-01-09 02:00:12,451 - LanternAna - INFO - ==================================================
2026-01-09 02:00:12,451 - LanternAna - INFO - Dataset: run4a_nue
2026-01-09 02:00:12,451 - LanternAna - INFO -   Total events: 55054
2026-01-09 02:00:12,451 - LanternAna - INFO -   Passed events: 55054 (100.0%)
2026-01-09 02:00:12,451 - LanternAna - INFO -   Failed events: 0 (0.0%)
2026-01-09 02:00:12,451 - LanternAna - INFO -   Processing time: 176.4s
2026-01-09 02:00:12,451 - LanternAna - INFO -   Cut statistics:
2026-01-09 02:00:12,451 - LanternAna - INFO - ==================================================
2026-01-09 02:00:12,451 - LanternAna - INFO - analysis complete!
2026-01-09 02:00:12,455 - LanternAna - INFO - Statistics saved to: /exp/uboone/app/users/imani/lantern_ana/runs45_zev_mmr/nue_xsecflux/statistics.yaml
2026-01-09 02:19:41,410 - LanternAna - INFO - Loading configuration from ../../runs45_zev_mmr/xsecflux_nue_runs45.yaml
2026-01-09 02:19:41,414 - LanternAna - INFO - Discovering components...
2026-01-09 02:19:48,955 - LanternAna - INFO - Found 13 cuts
2026-01-09 02:19:48,955 - LanternAna - INFO - Found 39 producers
2026-01-09 02:19:48,956 - LanternAna - INFO - Found 1 dataset types
2026-01-09 02:19:48,956 - LanternAna - INFO - Found 1 tags
2026-01-09 02:19:48,956 - LanternAna - INFO - Configuring components...
2026-01-09 02:19:49,122 - LanternAna - INFO - Starting enhanced analysis run...
2026-01-09 02:19:49,122 - LanternAna - INFO - Loading datasets...
2026-01-09 02:20:17,920 - LanternAna - INFO - Loading configuration from ../../runs45_zev_mmr/xsecflux_nue_runs45.yaml
2026-01-09 02:20:17,922 - LanternAna - INFO - Discovering components...
2026-01-09 02:20:21,533 - LanternAna - INFO - Found 13 cuts
2026-01-09 02:20:21,533 - LanternAna - INFO - Found 39 producers
2026-01-09 02:20:21,534 - LanternAna - INFO - Found 1 dataset types
2026-01-09 02:20:21,534 - LanternAna - INFO - Found 1 tags
2026-01-09 02:20:21,534 - LanternAna - INFO - Configuring components...
2026-01-09 02:20:21,716 - LanternAna - INFO - Starting enhanced analysis run...
2026-01-09 02:20:21,716 - LanternAna - INFO - Loading datasets...
2026-01-09 02:20:41,890 - LanternAna - INFO - Loading configuration from ../../runs45_zev_mmr/xsecflux_nue_runs45.yaml
2026-01-09 02:20:41,890 - LanternAna - INFO - Discovering components...
2026-01-09 02:20:44,720 - LanternAna - INFO - Found 13 cuts
2026-01-09 02:20:44,721 - LanternAna - INFO - Found 39 producers
2026-01-09 02:20:44,721 - LanternAna - INFO - Found 1 dataset types
2026-01-09 02:20:44,721 - LanternAna - INFO - Found 1 tags
2026-01-09 02:20:44,721 - LanternAna - INFO - Configuring components...
2026-01-09 02:20:44,884 - LanternAna - INFO - Starting enhanced analysis run...
2026-01-09 02:20:44,884 - LanternAna - INFO - Loading datasets...
2026-01-09 02:20:45,365 - LanternAna - INFO - Loaded dataset 'run4b_nu' with 632862 entries
2026-01-09 02:20:45,365 - LanternAna - INFO -   MC dataset with 0.0 POT
2026-01-09 02:20:45,365 - LanternAna - INFO - Processing dataset with enhanced architecture: run4b_nu
2026-01-09 02:20:45,492 - LanternAna - INFO - Processing 632862 events with producer-first architecture...
2026-01-09 02:23:30,843 - LanternAna - INFO - Progress: 5.0% (31643/632862), Est. time remaining: 3141.7s
2026-01-09 02:23:36,503 - LanternAna - INFO - Progress: 10.0% (63286/632862), Est. time remaining: 1539.1s
2026-01-09 02:23:42,727 - LanternAna - INFO - Progress: 15.0% (94929/632862), Est. time remaining: 1004.3s
2026-01-09 02:23:48,496 - LanternAna - INFO - Progress: 20.0% (126572/632862), Est. time remaining: 732.0s
2026-01-09 02:23:53,613 - LanternAna - INFO - Progress: 25.0% (158215/632862), Est. time remaining: 564.4s
2026-01-09 02:23:59,739 - LanternAna - INFO - Progress: 30.0% (189858/632862), Est. time remaining: 453.2s
2026-01-09 02:24:05,357 - LanternAna - INFO - Progress: 35.0% (221501/632862), Est. time remaining: 371.2s
2026-01-09 02:24:11,237 - LanternAna - INFO - Progress: 40.0% (253144/632862), Est. time remaining: 308.6s
2026-01-09 02:24:16,909 - LanternAna - INFO - Progress: 45.0% (284787/632862), Est. time remaining: 258.4s
2026-01-09 02:24:22,225 - LanternAna - INFO - Progress: 50.0% (316430/632862), Est. time remaining: 216.7s
2026-01-09 02:24:27,921 - LanternAna - INFO - Progress: 55.0% (348073/632862), Est. time remaining: 182.0s
2026-01-09 02:24:33,487 - LanternAna - INFO - Progress: 60.0% (379716/632862), Est. time remaining: 152.0s
2026-01-09 02:24:39,102 - LanternAna - INFO - Progress: 65.0% (411359/632862), Est. time remaining: 125.8s
2026-01-09 02:24:44,482 - LanternAna - INFO - Progress: 70.0% (443002/632862), Est. time remaining: 102.4s
2026-01-09 02:24:50,042 - LanternAna - INFO - Progress: 75.0% (474645/632862), Est. time remaining: 81.5s
2026-01-09 02:24:56,532 - LanternAna - INFO - Progress: 80.0% (506288/632862), Est. time remaining: 62.8s
2026-01-09 02:25:02,044 - LanternAna - INFO - Progress: 85.0% (537931/632862), Est. time remaining: 45.3s
2026-01-09 02:25:08,178 - LanternAna - INFO - Progress: 90.0% (569574/632862), Est. time remaining: 29.2s
2026-01-09 02:25:14,322 - LanternAna - INFO - Progress: 95.0% (601217/632862), Est. time remaining: 14.1s
2026-01-09 02:25:19,681 - LanternAna - INFO - Progress: 100.0% (632860/632862), Est. time remaining: 0.0s
2026-01-09 02:25:20,268 - LanternAna - INFO - Dataset run4b_nu processed in 274.2s
2026-01-09 02:25:20,269 - LanternAna - INFO - Results written to /exp/uboone/app/users/imani/lantern_ana/runs45_zev_mmr/nue_xsecflux/run4b_nu_20260109_022045.root
2026-01-09 02:25:20,269 - LanternAna - INFO - ==================================================
2026-01-09 02:25:20,269 - LanternAna - INFO - Enhanced Analysis Statistics
2026-01-09 02:25:20,270 - LanternAna - INFO - ==================================================
2026-01-09 02:25:20,270 - LanternAna - INFO - Dataset: run4b_nu
2026-01-09 02:25:20,270 - LanternAna - INFO -   Total events: 632862
2026-01-09 02:25:20,270 - LanternAna - INFO -   Passed events: 632862 (100.0%)
2026-01-09 02:25:20,270 - LanternAna - INFO -   Failed events: 0 (0.0%)
2026-01-09 02:25:20,271 - LanternAna - INFO -   Processing time: 274.2s
2026-01-09 02:25:20,271 - LanternAna - INFO -   Cut statistics:
2026-01-09 02:25:20,271 - LanternAna - INFO - ==================================================
2026-01-09 02:25:20,271 - LanternAna - INFO - analysis complete!
2026-01-09 02:25:20,275 - LanternAna - INFO - Statistics saved to: /exp/uboone/app/users/imani/lantern_ana/runs45_zev_mmr/nue_xsecflux/statistics.yaml
2026-01-09 02:26:27,790 - LanternAna - INFO - Loading configuration from ../../runs45_zev_mmr/xsecflux_nue_runs45.yaml
2026-01-09 02:26:27,792 - LanternAna - INFO - Discovering components...
2026-01-09 02:26:33,407 - LanternAna - INFO - Found 13 cuts
2026-01-09 02:26:33,407 - LanternAna - INFO - Found 39 producers
2026-01-09 02:26:33,408 - LanternAna - INFO - Found 1 dataset types
2026-01-09 02:26:33,408 - LanternAna - INFO - Found 1 tags
2026-01-09 02:26:33,408 - LanternAna - INFO - Configuring components...
2026-01-09 02:26:33,543 - LanternAna - INFO - Starting enhanced analysis run...
2026-01-09 02:26:33,543 - LanternAna - INFO - Loading datasets...
2026-01-09 02:26:33,772 - LanternAna - INFO - Loaded dataset 'run4b_nue' with 201744 entries
2026-01-09 02:26:33,772 - LanternAna - INFO -   MC dataset with 0.0 POT
2026-01-09 02:26:33,772 - LanternAna - INFO - Processing dataset with enhanced architecture: run4b_nue
2026-01-09 02:26:33,885 - LanternAna - INFO - Processing 201744 events with producer-first architecture...
2026-01-09 02:27:14,153 - LanternAna - INFO - Progress: 5.0% (10087/201744), Est. time remaining: 765.1s
2026-01-09 02:27:44,100 - LanternAna - INFO - Progress: 10.0% (20174/201744), Est. time remaining: 631.9s
2026-01-09 02:28:13,379 - LanternAna - INFO - Progress: 15.0% (30261/201744), Est. time remaining: 563.8s
2026-01-09 02:28:43,829 - LanternAna - INFO - Progress: 20.0% (40348/201744), Est. time remaining: 519.8s
2026-01-09 02:29:14,068 - LanternAna - INFO - Progress: 25.0% (50435/201744), Est. time remaining: 480.6s
2026-01-09 02:29:44,847 - LanternAna - INFO - Progress: 30.0% (60522/201744), Est. time remaining: 445.6s
2026-01-09 02:30:14,621 - LanternAna - INFO - Progress: 35.0% (70609/201744), Est. time remaining: 410.0s
2026-01-09 02:30:44,257 - LanternAna - INFO - Progress: 40.0% (80696/201744), Est. time remaining: 375.6s
2026-01-09 02:31:14,282 - LanternAna - INFO - Progress: 45.0% (90783/201744), Est. time remaining: 342.7s
2026-01-09 02:31:44,132 - LanternAna - INFO - Progress: 50.0% (100870/201744), Est. time remaining: 310.3s
2026-01-09 02:32:14,369 - LanternAna - INFO - Progress: 55.0% (110957/201744), Est. time remaining: 278.6s
2026-01-09 02:32:45,062 - LanternAna - INFO - Progress: 60.0% (121044/201744), Est. time remaining: 247.5s
2026-01-09 02:33:15,131 - LanternAna - INFO - Progress: 65.0% (131131/201744), Est. time remaining: 216.1s
2026-01-09 02:33:45,547 - LanternAna - INFO - Progress: 70.0% (141218/201744), Est. time remaining: 185.0s
2026-01-09 02:34:16,576 - LanternAna - INFO - Progress: 75.0% (151305/201744), Est. time remaining: 154.2s
2026-01-09 02:34:46,478 - LanternAna - INFO - Progress: 80.0% (161392/201744), Est. time remaining: 123.2s
2026-01-09 02:35:16,068 - LanternAna - INFO - Progress: 85.0% (171479/201744), Est. time remaining: 92.2s
2026-01-09 02:35:46,368 - LanternAna - INFO - Progress: 90.0% (181566/201744), Est. time remaining: 61.4s
2026-01-09 02:36:17,083 - LanternAna - INFO - Progress: 95.0% (191653/201744), Est. time remaining: 30.7s
2026-01-09 02:36:47,131 - LanternAna - INFO - Progress: 100.0% (201740/201744), Est. time remaining: 0.0s
2026-01-09 02:36:47,577 - LanternAna - INFO - Dataset run4b_nue processed in 613.3s
2026-01-09 02:36:47,577 - LanternAna - INFO - Results written to /exp/uboone/app/users/imani/lantern_ana/runs45_zev_mmr/nue_xsecflux/run4b_nue_20260109_022633.root
2026-01-09 02:36:47,578 - LanternAna - INFO - ==================================================
2026-01-09 02:36:47,578 - LanternAna - INFO - Enhanced Analysis Statistics
2026-01-09 02:36:47,578 - LanternAna - INFO - ==================================================
2026-01-09 02:36:47,578 - LanternAna - INFO - Dataset: run4b_nue
2026-01-09 02:36:47,578 - LanternAna - INFO -   Total events: 201744
2026-01-09 02:36:47,578 - LanternAna - INFO -   Passed events: 201744 (100.0%)
2026-01-09 02:36:47,578 - LanternAna - INFO -   Failed events: 0 (0.0%)
2026-01-09 02:36:47,578 - LanternAna - INFO -   Processing time: 613.3s
2026-01-09 02:36:47,578 - LanternAna - INFO -   Cut statistics:
2026-01-09 02:36:47,578 - LanternAna - INFO - ==================================================
2026-01-09 02:36:47,578 - LanternAna - INFO - analysis complete!
2026-01-09 02:36:47,581 - LanternAna - INFO - Statistics saved to: /exp/uboone/app/users/imani/lantern_ana/runs45_zev_mmr/nue_xsecflux/statistics.yaml
2026-01-09 02:42:02,354 - LanternAna - INFO - Loading configuration from ../../runs45_zev_mmr/xsecflux_nue_runs45.yaml
2026-01-09 02:42:02,557 - LanternAna - INFO - Discovering components...
2026-01-09 02:42:08,998 - LanternAna - INFO - Found 13 cuts
2026-01-09 02:42:08,998 - LanternAna - INFO - Found 39 producers
2026-01-09 02:42:08,998 - LanternAna - INFO - Found 1 dataset types
2026-01-09 02:42:08,998 - LanternAna - INFO - Found 1 tags
2026-01-09 02:42:08,999 - LanternAna - INFO - Configuring components...
2026-01-09 02:42:09,257 - LanternAna - INFO - Starting enhanced analysis run...
2026-01-09 02:42:09,257 - LanternAna - INFO - Loading datasets...
2026-01-09 02:42:09,404 - LanternAna - INFO - Loaded dataset 'run4c_nu' with 378824 entries
2026-01-09 02:42:09,404 - LanternAna - INFO -   MC dataset with 0.0 POT
2026-01-09 02:42:09,404 - LanternAna - INFO - Processing dataset with enhanced architecture: run4c_nu
2026-01-09 02:42:09,919 - LanternAna - INFO - Processing 378824 events with producer-first architecture...
2026-01-09 02:43:04,653 - LanternAna - INFO - Progress: 5.0% (18941/378824), Est. time remaining: 1040.0s
2026-01-09 02:43:07,673 - LanternAna - INFO - Progress: 10.0% (37882/378824), Est. time remaining: 519.8s
2026-01-09 02:43:10,531 - LanternAna - INFO - Progress: 15.0% (56823/378824), Est. time remaining: 343.5s
2026-01-09 02:43:13,449 - LanternAna - INFO - Progress: 20.0% (75764/378824), Est. time remaining: 254.1s
2026-01-09 02:43:16,271 - LanternAna - INFO - Progress: 25.0% (94705/378824), Est. time remaining: 199.1s
2026-01-09 02:43:19,165 - LanternAna - INFO - Progress: 30.0% (113646/378824), Est. time remaining: 161.6s
2026-01-09 02:43:22,088 - LanternAna - INFO - Progress: 35.0% (132587/378824), Est. time remaining: 134.0s
2026-01-09 02:43:25,059 - LanternAna - INFO - Progress: 40.0% (151528/378824), Est. time remaining: 112.7s
2026-01-09 02:43:28,081 - LanternAna - INFO - Progress: 45.0% (170469/378824), Est. time remaining: 95.5s
2026-01-09 02:43:31,091 - LanternAna - INFO - Progress: 50.0% (189410/378824), Est. time remaining: 81.2s
2026-01-09 02:43:34,122 - LanternAna - INFO - Progress: 55.0% (208351/378824), Est. time remaining: 68.9s
2026-01-09 02:43:37,107 - LanternAna - INFO - Progress: 60.0% (227292/378824), Est. time remaining: 58.1s
2026-01-09 02:43:40,070 - LanternAna - INFO - Progress: 65.0% (246233/378824), Est. time remaining: 48.5s
2026-01-09 02:43:42,981 - LanternAna - INFO - Progress: 70.0% (265174/378824), Est. time remaining: 39.9s
2026-01-09 02:43:45,959 - LanternAna - INFO - Progress: 75.0% (284115/378824), Est. time remaining: 32.0s
2026-01-09 02:43:48,679 - LanternAna - INFO - Progress: 80.0% (303056/378824), Est. time remaining: 24.7s
2026-01-09 02:43:51,459 - LanternAna - INFO - Progress: 85.0% (321997/378824), Est. time remaining: 17.9s
2026-01-09 02:43:54,326 - LanternAna - INFO - Progress: 90.0% (340938/378824), Est. time remaining: 11.6s
2026-01-09 02:43:57,183 - LanternAna - INFO - Progress: 95.0% (359879/378824), Est. time remaining: 5.6s
2026-01-09 02:43:59,913 - LanternAna - INFO - Progress: 100.0% (378820/378824), Est. time remaining: 0.0s
2026-01-09 02:44:00,185 - LanternAna - INFO - Dataset run4c_nu processed in 110.0s
2026-01-09 02:44:00,186 - LanternAna - INFO - Results written to /exp/uboone/app/users/imani/lantern_ana/runs45_zev_mmr/nue_xsecflux/run4c_nu_20260109_024209.root
2026-01-09 02:44:00,186 - LanternAna - INFO - ==================================================
2026-01-09 02:44:00,186 - LanternAna - INFO - Enhanced Analysis Statistics
2026-01-09 02:44:00,186 - LanternAna - INFO - ==================================================
2026-01-09 02:44:00,186 - LanternAna - INFO - Dataset: run4c_nu
2026-01-09 02:44:00,186 - LanternAna - INFO -   Total events: 378824
2026-01-09 02:44:00,186 - LanternAna - INFO -   Passed events: 378824 (100.0%)
2026-01-09 02:44:00,186 - LanternAna - INFO -   Failed events: 0 (0.0%)
2026-01-09 02:44:00,186 - LanternAna - INFO -   Processing time: 110.0s
2026-01-09 02:44:00,186 - LanternAna - INFO -   Cut statistics:
2026-01-09 02:44:00,186 - LanternAna - INFO - ==================================================
2026-01-09 02:44:00,186 - LanternAna - INFO - analysis complete!
2026-01-09 02:44:00,189 - LanternAna - INFO - Statistics saved to: /exp/uboone/app/users/imani/lantern_ana/runs45_zev_mmr/nue_xsecflux/statistics.yaml
2026-01-09 02:45:04,487 - LanternAna - INFO - Loading configuration from ../../runs45_zev_mmr/xsecflux_nue_runs45.yaml
2026-01-09 02:45:04,490 - LanternAna - INFO - Discovering components...
2026-01-09 02:45:10,057 - LanternAna - INFO - Found 13 cuts
2026-01-09 02:45:10,057 - LanternAna - INFO - Found 39 producers
2026-01-09 02:45:10,057 - LanternAna - INFO - Found 1 dataset types
2026-01-09 02:45:10,057 - LanternAna - INFO - Found 1 tags
2026-01-09 02:45:10,058 - LanternAna - INFO - Configuring components...
2026-01-09 02:45:10,310 - LanternAna - INFO - Starting enhanced analysis run...
2026-01-09 02:45:10,310 - LanternAna - INFO - Loading datasets...
2026-01-09 02:45:10,460 - LanternAna - INFO - Loaded dataset 'run4c_nue' with 120265 entries
2026-01-09 02:45:10,461 - LanternAna - INFO -   MC dataset with 0.0 POT
2026-01-09 02:45:10,461 - LanternAna - INFO - Processing dataset with enhanced architecture: run4c_nue
2026-01-09 02:45:10,599 - LanternAna - INFO - Processing 120265 events with producer-first architecture...
2026-01-09 02:45:51,789 - LanternAna - INFO - Progress: 5.0% (6013/120265), Est. time remaining: 782.6s
2026-01-09 02:46:11,346 - LanternAna - INFO - Progress: 10.0% (12026/120265), Est. time remaining: 546.7s
2026-01-09 02:46:30,302 - LanternAna - INFO - Progress: 15.0% (18039/120265), Est. time remaining: 451.7s
2026-01-09 02:46:50,923 - LanternAna - INFO - Progress: 20.0% (24052/120265), Est. time remaining: 401.3s
2026-01-09 02:47:09,765 - LanternAna - INFO - Progress: 25.0% (30065/120265), Est. time remaining: 357.5s
2026-01-09 02:47:28,344 - LanternAna - INFO - Progress: 30.0% (36078/120265), Est. time remaining: 321.4s
2026-01-09 02:47:51,396 - LanternAna - INFO - Progress: 35.0% (42091/120265), Est. time remaining: 298.6s
2026-01-09 02:48:10,990 - LanternAna - INFO - Progress: 40.0% (48104/120265), Est. time remaining: 270.6s
2026-01-09 02:48:30,268 - LanternAna - INFO - Progress: 45.0% (54117/120265), Est. time remaining: 244.1s
2026-01-09 02:48:49,666 - LanternAna - INFO - Progress: 50.0% (60130/120265), Est. time remaining: 219.1s
2026-01-09 02:49:10,232 - LanternAna - INFO - Progress: 55.0% (66143/120265), Est. time remaining: 196.1s
2026-01-09 02:49:30,104 - LanternAna - INFO - Progress: 60.0% (72156/120265), Est. time remaining: 173.0s
2026-01-09 02:49:49,145 - LanternAna - INFO - Progress: 65.0% (78169/120265), Est. time remaining: 150.0s
2026-01-09 02:50:09,940 - LanternAna - INFO - Progress: 70.0% (84182/120265), Est. time remaining: 128.3s
2026-01-09 02:50:28,994 - LanternAna - INFO - Progress: 75.0% (90195/120265), Est. time remaining: 106.1s
2026-01-09 02:50:50,744 - LanternAna - INFO - Progress: 80.0% (96208/120265), Est. time remaining: 85.1s
2026-01-09 02:51:14,637 - LanternAna - INFO - Progress: 85.0% (102221/120265), Est. time remaining: 64.3s
2026-01-09 02:51:35,049 - LanternAna - INFO - Progress: 90.0% (108234/120265), Est. time remaining: 42.7s
2026-01-09 02:51:55,804 - LanternAna - INFO - Progress: 95.0% (114247/120265), Est. time remaining: 21.3s
2026-01-09 02:52:14,996 - LanternAna - INFO - Progress: 100.0% (120260/120265), Est. time remaining: 0.0s
2026-01-09 02:52:15,505 - LanternAna - INFO - Dataset run4c_nue processed in 424.4s
2026-01-09 02:52:15,505 - LanternAna - INFO - Results written to /exp/uboone/app/users/imani/lantern_ana/runs45_zev_mmr/nue_xsecflux/run4c_nue_20260109_024510.root
2026-01-09 02:52:15,505 - LanternAna - INFO - ==================================================
2026-01-09 02:52:15,505 - LanternAna - INFO - Enhanced Analysis Statistics
2026-01-09 02:52:15,505 - LanternAna - INFO - ==================================================
2026-01-09 02:52:15,505 - LanternAna - INFO - Dataset: run4c_nue
2026-01-09 02:52:15,505 - LanternAna - INFO -   Total events: 120265
2026-01-09 02:52:15,505 - LanternAna - INFO -   Passed events: 120265 (100.0%)
2026-01-09 02:52:15,505 - LanternAna - INFO -   Failed events: 0 (0.0%)
2026-01-09 02:52:15,505 - LanternAna - INFO -   Processing time: 424.4s
2026-01-09 02:52:15,505 - LanternAna - INFO -   Cut statistics:
2026-01-09 02:52:15,505 - LanternAna - INFO - ==================================================
2026-01-09 02:52:15,506 - LanternAna - INFO - analysis complete!
2026-01-09 02:52:15,508 - LanternAna - INFO - Statistics saved to: /exp/uboone/app/users/imani/lantern_ana/runs45_zev_mmr/nue_xsecflux/statistics.yaml
2026-01-09 03:04:07,892 - LanternAna - INFO - Loading configuration from ../../runs45_zev_mmr/xsecflux_nue_runs45.yaml
2026-01-09 03:04:07,941 - LanternAna - INFO - Discovering components...
2026-01-09 03:04:12,999 - LanternAna - INFO - Found 13 cuts
2026-01-09 03:04:12,999 - LanternAna - INFO - Found 39 producers
2026-01-09 03:04:12,999 - LanternAna - INFO - Found 1 dataset types
2026-01-09 03:04:12,999 - LanternAna - INFO - Found 1 tags
2026-01-09 03:04:13,000 - LanternAna - INFO - Configuring components...
2026-01-09 03:04:13,176 - LanternAna - INFO - Starting enhanced analysis run...
2026-01-09 03:04:13,176 - LanternAna - INFO - Loading datasets...
2026-01-09 03:04:13,338 - LanternAna - INFO - Loaded dataset 'run4d_nu' with 721494 entries
2026-01-09 03:04:13,338 - LanternAna - INFO -   MC dataset with 0.0 POT
2026-01-09 03:04:13,338 - LanternAna - INFO - Processing dataset with enhanced architecture: run4d_nu
2026-01-09 03:04:13,830 - LanternAna - INFO - Processing 721494 events with producer-first architecture...
2026-01-09 03:04:48,441 - LanternAna - INFO - Progress: 5.0% (36074/721494), Est. time remaining: 657.6s
2026-01-09 03:04:54,463 - LanternAna - INFO - Progress: 10.0% (72148/721494), Est. time remaining: 365.7s
2026-01-09 03:05:00,736 - LanternAna - INFO - Progress: 15.0% (108222/721494), Est. time remaining: 265.8s
2026-01-09 03:05:07,385 - LanternAna - INFO - Progress: 20.0% (144296/721494), Est. time remaining: 214.2s
2026-01-09 03:05:13,413 - LanternAna - INFO - Progress: 25.0% (180370/721494), Est. time remaining: 178.8s
2026-01-09 03:05:19,625 - LanternAna - INFO - Progress: 30.0% (216444/721494), Est. time remaining: 153.5s
2026-01-09 03:05:25,668 - LanternAna - INFO - Progress: 35.0% (252518/721494), Est. time remaining: 133.4s
2026-01-09 03:05:31,254 - LanternAna - INFO - Progress: 40.0% (288592/721494), Est. time remaining: 116.1s
2026-01-09 03:05:36,874 - LanternAna - INFO - Progress: 45.0% (324666/721494), Est. time remaining: 101.5s
2026-01-09 03:05:43,340 - LanternAna - INFO - Progress: 50.0% (360740/721494), Est. time remaining: 89.5s
2026-01-09 03:05:50,236 - LanternAna - INFO - Progress: 55.0% (396814/721494), Est. time remaining: 78.9s
2026-01-09 03:05:56,196 - LanternAna - INFO - Progress: 60.0% (432888/721494), Est. time remaining: 68.2s
2026-01-09 03:06:02,271 - LanternAna - INFO - Progress: 65.0% (468962/721494), Est. time remaining: 58.4s
2026-01-09 03:06:08,722 - LanternAna - INFO - Progress: 70.0% (505036/721494), Est. time remaining: 49.2s
2026-01-09 03:06:15,214 - LanternAna - INFO - Progress: 75.0% (541110/721494), Est. time remaining: 40.5s
2026-01-09 03:06:21,867 - LanternAna - INFO - Progress: 80.0% (577184/721494), Est. time remaining: 32.0s
2026-01-09 03:06:28,665 - LanternAna - INFO - Progress: 85.0% (613258/721494), Est. time remaining: 23.8s
2026-01-09 03:06:34,237 - LanternAna - INFO - Progress: 90.0% (649332/721494), Est. time remaining: 15.6s
2026-01-09 03:06:39,732 - LanternAna - INFO - Progress: 95.0% (685406/721494), Est. time remaining: 7.7s
2026-01-09 03:06:46,539 - LanternAna - INFO - Progress: 100.0% (721480/721494), Est. time remaining: 0.0s
2026-01-09 03:06:47,198 - LanternAna - INFO - Dataset run4d_nu processed in 152.7s
2026-01-09 03:06:47,199 - LanternAna - INFO - Results written to /exp/uboone/app/users/imani/lantern_ana/runs45_zev_mmr/nue_xsecflux/run4d_nu_20260109_030413.root
2026-01-09 03:06:47,199 - LanternAna - INFO - ==================================================
2026-01-09 03:06:47,199 - LanternAna - INFO - Enhanced Analysis Statistics
2026-01-09 03:06:47,199 - LanternAna - INFO - ==================================================
2026-01-09 03:06:47,199 - LanternAna - INFO - Dataset: run4d_nu
2026-01-09 03:06:47,199 - LanternAna - INFO -   Total events: 721494
2026-01-09 03:06:47,199 - LanternAna - INFO -   Passed events: 721494 (100.0%)
2026-01-09 03:06:47,199 - LanternAna - INFO -   Failed events: 0 (0.0%)
2026-01-09 03:06:47,199 - LanternAna - INFO -   Processing time: 152.7s
2026-01-09 03:06:47,199 - LanternAna - INFO -   Cut statistics:
2026-01-09 03:06:47,199 - LanternAna - INFO - ==================================================
2026-01-09 03:06:47,199 - LanternAna - INFO - analysis complete!
2026-01-09 03:06:47,202 - LanternAna - INFO - Statistics saved to: /exp/uboone/app/users/imani/lantern_ana/runs45_zev_mmr/nue_xsecflux/statistics.yaml
2026-01-09 03:10:07,070 - LanternAna - INFO - Loading configuration from ../../runs45_zev_mmr/xsecflux_nue_runs45.yaml
2026-01-09 03:10:07,073 - LanternAna - INFO - Discovering components...
2026-01-09 03:10:11,926 - LanternAna - INFO - Found 13 cuts
2026-01-09 03:10:11,926 - LanternAna - INFO - Found 39 producers
2026-01-09 03:10:11,927 - LanternAna - INFO - Found 1 dataset types
2026-01-09 03:10:11,927 - LanternAna - INFO - Found 1 tags
2026-01-09 03:10:11,927 - LanternAna - INFO - Configuring components...
2026-01-09 03:10:12,075 - LanternAna - INFO - Starting enhanced analysis run...
2026-01-09 03:10:12,075 - LanternAna - INFO - Loading datasets...
2026-01-09 03:10:12,240 - LanternAna - INFO - Loaded dataset 'run4d_nue' with 229798 entries
2026-01-09 03:10:12,241 - LanternAna - INFO -   MC dataset with 0.0 POT
2026-01-09 03:10:12,241 - LanternAna - INFO - Processing dataset with enhanced architecture: run4d_nue
2026-01-09 03:10:12,361 - LanternAna - INFO - Processing 229798 events with producer-first architecture...
2026-01-09 03:11:17,386 - LanternAna - INFO - Progress: 5.0% (11489/229798), Est. time remaining: 1235.6s
2026-01-09 03:11:53,675 - LanternAna - INFO - Progress: 10.0% (22978/229798), Est. time remaining: 911.9s
2026-01-09 03:12:28,954 - LanternAna - INFO - Progress: 15.0% (34467/229798), Est. time remaining: 774.1s
2026-01-09 03:13:05,291 - LanternAna - INFO - Progress: 20.0% (45956/229798), Est. time remaining: 691.8s
2026-01-09 03:13:41,016 - LanternAna - INFO - Progress: 25.0% (57445/229798), Est. time remaining: 626.0s
2026-01-09 03:14:17,331 - LanternAna - INFO - Progress: 30.0% (68934/229798), Est. time remaining: 571.7s
2026-01-09 03:14:52,827 - LanternAna - INFO - Progress: 35.0% (80423/229798), Est. time remaining: 520.9s
2026-01-09 03:15:30,145 - LanternAna - INFO - Progress: 40.0% (91912/229798), Est. time remaining: 476.7s
2026-01-09 03:16:07,830 - LanternAna - INFO - Progress: 45.0% (103401/229798), Est. time remaining: 434.5s
2026-01-09 03:16:44,412 - LanternAna - INFO - Progress: 50.0% (114890/229798), Est. time remaining: 392.1s
2026-01-09 03:17:21,126 - LanternAna - INFO - Progress: 55.0% (126379/229798), Est. time remaining: 350.9s
2026-01-09 03:17:56,826 - LanternAna - INFO - Progress: 60.0% (137868/229798), Est. time remaining: 309.7s
2026-01-09 03:18:33,225 - LanternAna - INFO - Progress: 65.0% (149357/229798), Est. time remaining: 269.8s
2026-01-09 03:19:10,982 - LanternAna - INFO - Progress: 70.0% (160846/229798), Est. time remaining: 230.9s
2026-01-09 03:19:47,956 - LanternAna - INFO - Progress: 75.0% (172335/229798), Est. time remaining: 191.9s
2026-01-09 03:20:25,210 - LanternAna - INFO - Progress: 80.0% (183824/229798), Est. time remaining: 153.3s
2026-01-09 03:21:01,613 - LanternAna - INFO - Progress: 85.0% (195313/229798), Est. time remaining: 114.6s
2026-01-09 03:21:38,421 - LanternAna - INFO - Progress: 90.0% (206802/229798), Est. time remaining: 76.3s
2026-01-09 03:22:15,327 - LanternAna - INFO - Progress: 95.0% (218291/229798), Est. time remaining: 38.1s
2026-01-09 03:22:51,803 - LanternAna - INFO - Progress: 100.0% (229780/229798), Est. time remaining: 0.1s
2026-01-09 03:22:52,499 - LanternAna - INFO - Dataset run4d_nue processed in 759.5s
2026-01-09 03:22:52,499 - LanternAna - INFO - Results written to /exp/uboone/app/users/imani/lantern_ana/runs45_zev_mmr/nue_xsecflux/run4d_nue_20260109_031012.root
2026-01-09 03:22:52,499 - LanternAna - INFO - ==================================================
2026-01-09 03:22:52,499 - LanternAna - INFO - Enhanced Analysis Statistics
2026-01-09 03:22:52,499 - LanternAna - INFO - ==================================================
2026-01-09 03:22:52,499 - LanternAna - INFO - Dataset: run4d_nue
2026-01-09 03:22:52,499 - LanternAna - INFO -   Total events: 229798
2026-01-09 03:22:52,499 - LanternAna - INFO -   Passed events: 229798 (100.0%)
2026-01-09 03:22:52,500 - LanternAna - INFO -   Failed events: 0 (0.0%)
2026-01-09 03:22:52,500 - LanternAna - INFO -   Processing time: 759.5s
2026-01-09 03:22:52,500 - LanternAna - INFO -   Cut statistics:
2026-01-09 03:22:52,500 - LanternAna - INFO - ==================================================
2026-01-09 03:22:52,500 - LanternAna - INFO - analysis complete!
2026-01-09 03:22:52,503 - LanternAna - INFO - Statistics saved to: /exp/uboone/app/users/imani/lantern_ana/runs45_zev_mmr/nue_xsecflux/statistics.yaml
2026-01-09 03:30:26,399 - LanternAna - INFO - Loading configuration from ../../runs45_zev_mmr/xsecflux_nue_runs45.yaml
2026-01-09 03:30:26,463 - LanternAna - INFO - Discovering components...
2026-01-09 03:30:34,105 - LanternAna - INFO - Found 13 cuts
2026-01-09 03:30:34,105 - LanternAna - INFO - Found 39 producers
2026-01-09 03:30:34,106 - LanternAna - INFO - Found 1 dataset types
2026-01-09 03:30:34,106 - LanternAna - INFO - Found 1 tags
2026-01-09 03:30:34,106 - LanternAna - INFO - Configuring components...
2026-01-09 03:30:34,493 - LanternAna - INFO - Starting enhanced analysis run...
2026-01-09 03:30:34,493 - LanternAna - INFO - Loading datasets...
2026-01-09 03:30:34,655 - LanternAna - INFO - Loaded dataset 'run5_nu' with 721494 entries
2026-01-09 03:30:34,656 - LanternAna - INFO -   MC dataset with 0.0 POT
2026-01-09 03:30:34,656 - LanternAna - INFO - Processing dataset with enhanced architecture: run5_nu
2026-01-09 03:30:34,760 - LanternAna - INFO - Processing 721494 events with producer-first architecture...
2026-01-09 03:31:38,210 - LanternAna - INFO - Progress: 5.0% (36074/721494), Est. time remaining: 1205.6s
2026-01-09 03:31:43,394 - LanternAna - INFO - Progress: 10.0% (72148/721494), Est. time remaining: 617.7s
2026-01-09 03:31:48,372 - LanternAna - INFO - Progress: 15.0% (108222/721494), Est. time remaining: 417.1s
2026-01-09 03:31:53,325 - LanternAna - INFO - Progress: 20.0% (144296/721494), Est. time remaining: 314.3s
2026-01-09 03:31:58,340 - LanternAna - INFO - Progress: 25.0% (180370/721494), Est. time remaining: 250.7s
2026-01-09 03:32:03,544 - LanternAna - INFO - Progress: 30.0% (216444/721494), Est. time remaining: 207.2s
2026-01-09 03:32:08,482 - LanternAna - INFO - Progress: 35.0% (252518/721494), Est. time remaining: 174.1s
2026-01-09 03:32:13,377 - LanternAna - INFO - Progress: 40.0% (288592/721494), Est. time remaining: 147.9s
2026-01-09 03:32:18,300 - LanternAna - INFO - Progress: 45.0% (324666/721494), Est. time remaining: 126.6s
2026-01-09 03:32:23,208 - LanternAna - INFO - Progress: 50.0% (360740/721494), Est. time remaining: 108.5s
2026-01-09 03:32:28,130 - LanternAna - INFO - Progress: 55.0% (396814/721494), Est. time remaining: 92.8s
2026-01-09 03:32:33,116 - LanternAna - INFO - Progress: 60.0% (432888/721494), Est. time remaining: 78.9s
2026-01-09 03:32:38,062 - LanternAna - INFO - Progress: 65.0% (468962/721494), Est. time remaining: 66.4s
2026-01-09 03:32:43,015 - LanternAna - INFO - Progress: 70.0% (505036/721494), Est. time remaining: 55.0s
2026-01-09 03:32:48,065 - LanternAna - INFO - Progress: 75.0% (541110/721494), Est. time remaining: 44.4s
2026-01-09 03:32:52,989 - LanternAna - INFO - Progress: 80.0% (577184/721494), Est. time remaining: 34.6s
2026-01-09 03:32:57,918 - LanternAna - INFO - Progress: 85.0% (613258/721494), Est. time remaining: 25.3s
2026-01-09 03:33:03,093 - LanternAna - INFO - Progress: 90.0% (649332/721494), Est. time remaining: 16.5s
2026-01-09 03:33:08,108 - LanternAna - INFO - Progress: 95.0% (685406/721494), Est. time remaining: 8.1s
2026-01-09 03:33:13,066 - LanternAna - INFO - Progress: 100.0% (721480/721494), Est. time remaining: 0.0s
2026-01-09 03:33:14,139 - LanternAna - INFO - Dataset run5_nu processed in 158.3s
2026-01-09 03:33:14,140 - LanternAna - INFO - Results written to /exp/uboone/app/users/imani/lantern_ana/runs45_zev_mmr/nue_xsecflux/run5_nu_20260109_033034.root
2026-01-09 03:33:14,140 - LanternAna - INFO - ==================================================
2026-01-09 03:33:14,140 - LanternAna - INFO - Enhanced Analysis Statistics
2026-01-09 03:33:14,140 - LanternAna - INFO - ==================================================
2026-01-09 03:33:14,140 - LanternAna - INFO - Dataset: run5_nu
2026-01-09 03:33:14,140 - LanternAna - INFO -   Total events: 721494
2026-01-09 03:33:14,140 - LanternAna - INFO -   Passed events: 721494 (100.0%)
2026-01-09 03:33:14,140 - LanternAna - INFO -   Failed events: 0 (0.0%)
2026-01-09 03:33:14,140 - LanternAna - INFO -   Processing time: 158.3s
2026-01-09 03:33:14,140 - LanternAna - INFO -   Cut statistics:
2026-01-09 03:33:14,140 - LanternAna - INFO - ==================================================
2026-01-09 03:33:14,140 - LanternAna - INFO - analysis complete!
2026-01-09 03:33:14,143 - LanternAna - INFO - Statistics saved to: /exp/uboone/app/users/imani/lantern_ana/runs45_zev_mmr/nue_xsecflux/statistics.yaml
2026-01-09 03:35:13,567 - LanternAna - INFO - Loading configuration from ../../runs45_zev_mmr/xsecflux_nue_runs45.yaml
2026-01-09 03:35:13,595 - LanternAna - INFO - Discovering components...
2026-01-09 03:35:18,847 - LanternAna - INFO - Found 13 cuts
2026-01-09 03:35:18,848 - LanternAna - INFO - Found 39 producers
2026-01-09 03:35:18,848 - LanternAna - INFO - Found 1 dataset types
2026-01-09 03:35:18,848 - LanternAna - INFO - Found 1 tags
2026-01-09 03:35:18,848 - LanternAna - INFO - Configuring components...
2026-01-09 03:35:18,994 - LanternAna - INFO - Starting enhanced analysis run...
2026-01-09 03:35:18,994 - LanternAna - INFO - Loading datasets...
2026-01-09 03:35:19,241 - LanternAna - INFO - Loaded dataset 'run4a_nu' with 169406 entries
2026-01-09 03:35:19,241 - LanternAna - INFO -   MC dataset with 0.0 POT
2026-01-09 03:35:19,241 - LanternAna - INFO - Processing dataset with enhanced architecture: run4a_nu
2026-01-09 03:35:19,317 - LanternAna - INFO - Processing 169406 events with producer-first architecture...
2026-01-09 03:35:21,796 - LanternAna - INFO - Progress: 5.0% (8470/169406), Est. time remaining: 47.1s
2026-01-09 03:35:24,076 - LanternAna - INFO - Progress: 10.0% (16940/169406), Est. time remaining: 42.8s
2026-01-09 03:35:26,357 - LanternAna - INFO - Progress: 15.0% (25410/169406), Est. time remaining: 39.9s
2026-01-09 03:35:28,636 - LanternAna - INFO - Progress: 20.0% (33880/169406), Est. time remaining: 37.3s
2026-01-09 03:35:30,925 - LanternAna - INFO - Progress: 25.0% (42350/169406), Est. time remaining: 34.8s
2026-01-09 03:35:33,221 - LanternAna - INFO - Progress: 30.0% (50820/169406), Est. time remaining: 32.4s
2026-01-09 03:35:35,569 - LanternAna - INFO - Progress: 35.0% (59290/169406), Est. time remaining: 30.2s
2026-01-09 03:35:37,859 - LanternAna - INFO - Progress: 40.0% (67760/169406), Est. time remaining: 27.8s
2026-01-09 03:35:40,197 - LanternAna - INFO - Progress: 45.0% (76230/169406), Est. time remaining: 25.5s
2026-01-09 03:35:42,623 - LanternAna - INFO - Progress: 50.0% (84700/169406), Est. time remaining: 23.3s
2026-01-09 03:35:45,013 - LanternAna - INFO - Progress: 55.0% (93170/169406), Est. time remaining: 21.0s
2026-01-09 03:35:47,350 - LanternAna - INFO - Progress: 60.0% (101640/169406), Est. time remaining: 18.7s
2026-01-09 03:35:49,690 - LanternAna - INFO - Progress: 65.0% (110110/169406), Est. time remaining: 16.4s
2026-01-09 03:35:52,013 - LanternAna - INFO - Progress: 70.0% (118580/169406), Est. time remaining: 14.0s
2026-01-09 03:35:54,326 - LanternAna - INFO - Progress: 75.0% (127050/169406), Est. time remaining: 11.7s
2026-01-09 03:35:56,710 - LanternAna - INFO - Progress: 80.0% (135520/169406), Est. time remaining: 9.4s
2026-01-09 03:35:59,062 - LanternAna - INFO - Progress: 85.0% (143990/169406), Est. time remaining: 7.0s
2026-01-09 03:36:01,384 - LanternAna - INFO - Progress: 90.0% (152460/169406), Est. time remaining: 4.7s
2026-01-09 03:36:03,943 - LanternAna - INFO - Progress: 95.0% (160930/169406), Est. time remaining: 2.4s
2026-01-09 03:36:06,238 - LanternAna - INFO - Progress: 100.0% (169400/169406), Est. time remaining: 0.0s
2026-01-09 03:36:06,426 - LanternAna - INFO - Dataset run4a_nu processed in 46.9s
2026-01-09 03:36:06,427 - LanternAna - INFO - Results written to /exp/uboone/app/users/imani/lantern_ana/runs45_zev_mmr/nue_xsecflux/run4a_nu_20260109_033519.root
2026-01-09 03:36:06,427 - LanternAna - INFO - ==================================================
2026-01-09 03:36:06,427 - LanternAna - INFO - Enhanced Analysis Statistics
2026-01-09 03:36:06,427 - LanternAna - INFO - ==================================================
2026-01-09 03:36:06,427 - LanternAna - INFO - Dataset: run4a_nu
2026-01-09 03:36:06,427 - LanternAna - INFO -   Total events: 169406
2026-01-09 03:36:06,427 - LanternAna - INFO -   Passed events: 169406 (100.0%)
2026-01-09 03:36:06,427 - LanternAna - INFO -   Failed events: 0 (0.0%)
2026-01-09 03:36:06,427 - LanternAna - INFO -   Processing time: 46.9s
2026-01-09 03:36:06,427 - LanternAna - INFO -   Cut statistics:
2026-01-09 03:36:06,427 - LanternAna - INFO - ==================================================
2026-01-09 03:36:06,427 - LanternAna - INFO - analysis complete!
2026-01-09 03:36:06,430 - LanternAna - INFO - Statistics saved to: /exp/uboone/app/users/imani/lantern_ana/runs45_zev_mmr/nue_xsecflux/statistics.yaml
2026-01-09 03:46:56,563 - LanternAna - INFO - Loading configuration from ../../runs45_zev_mmr/xsecflux_nue_runs45.yaml
2026-01-09 03:46:56,588 - LanternAna - INFO - Discovering components...
2026-01-09 03:47:03,027 - LanternAna - INFO - Found 13 cuts
2026-01-09 03:47:03,027 - LanternAna - INFO - Found 39 producers
2026-01-09 03:47:03,028 - LanternAna - INFO - Found 1 dataset types
2026-01-09 03:47:03,028 - LanternAna - INFO - Found 1 tags
2026-01-09 03:47:03,028 - LanternAna - INFO - Configuring components...
2026-01-09 03:47:03,231 - LanternAna - INFO - Starting enhanced analysis run...
2026-01-09 03:47:03,231 - LanternAna - INFO - Loading datasets...
2026-01-09 03:52:25,863 - LanternAna - INFO - Loading configuration from ../../runs45_zev_mmr/xsecflux_nue_runs45.yaml
2026-01-09 03:52:25,867 - LanternAna - INFO - Discovering components...
2026-01-09 03:52:28,539 - LanternAna - INFO - Found 13 cuts
2026-01-09 03:52:28,539 - LanternAna - INFO - Found 39 producers
2026-01-09 03:52:28,539 - LanternAna - INFO - Found 1 dataset types
2026-01-09 03:52:28,540 - LanternAna - INFO - Found 1 tags
2026-01-09 03:52:28,540 - LanternAna - INFO - Configuring components...
2026-01-09 03:52:28,803 - LanternAna - INFO - Starting enhanced analysis run...
2026-01-09 03:52:28,803 - LanternAna - INFO - Loading datasets...
2026-01-09 03:52:28,953 - LanternAna - INFO - Loaded dataset 'run5_nue' with 229798 entries
2026-01-09 03:52:28,954 - LanternAna - INFO -   MC dataset with 0.0 POT
2026-01-09 03:52:28,954 - LanternAna - INFO - Processing dataset with enhanced architecture: run5_nue
2026-01-09 03:52:29,230 - LanternAna - INFO - Processing 229798 events with producer-first architecture...
2026-01-09 03:52:58,044 - LanternAna - INFO - Progress: 5.0% (11489/229798), Est. time remaining: 547.5s
2026-01-09 03:53:00,039 - LanternAna - INFO - Progress: 10.0% (22978/229798), Est. time remaining: 277.3s
2026-01-09 03:53:02,195 - LanternAna - INFO - Progress: 15.0% (34467/229798), Est. time remaining: 186.8s
2026-01-09 03:53:04,230 - LanternAna - INFO - Progress: 20.0% (45956/229798), Est. time remaining: 140.0s
2026-01-09 03:53:06,225 - LanternAna - INFO - Progress: 25.0% (57445/229798), Est. time remaining: 111.0s
2026-01-09 03:53:08,234 - LanternAna - INFO - Progress: 30.0% (68934/229798), Est. time remaining: 91.0s
2026-01-09 03:53:10,190 - LanternAna - INFO - Progress: 35.0% (80423/229798), Est. time remaining: 76.1s
2026-01-09 03:53:12,151 - LanternAna - INFO - Progress: 40.0% (91912/229798), Est. time remaining: 64.4s
2026-01-09 03:53:14,111 - LanternAna - INFO - Progress: 45.0% (103401/229798), Est. time remaining: 54.9s
2026-01-09 03:53:16,091 - LanternAna - INFO - Progress: 50.0% (114890/229798), Est. time remaining: 46.9s
2026-01-09 03:53:18,056 - LanternAna - INFO - Progress: 55.0% (126379/229798), Est. time remaining: 40.0s
2026-01-09 03:53:20,017 - LanternAna - INFO - Progress: 60.0% (137868/229798), Est. time remaining: 33.9s
2026-01-09 03:53:21,961 - LanternAna - INFO - Progress: 65.0% (149357/229798), Est. time remaining: 28.4s
2026-01-09 03:53:23,916 - LanternAna - INFO - Progress: 70.0% (160846/229798), Est. time remaining: 23.4s
2026-01-09 03:53:25,916 - LanternAna - INFO - Progress: 75.0% (172335/229798), Est. time remaining: 18.9s
2026-01-09 03:53:27,913 - LanternAna - INFO - Progress: 80.0% (183824/229798), Est. time remaining: 14.7s
2026-01-09 03:53:29,899 - LanternAna - INFO - Progress: 85.0% (195313/229798), Est. time remaining: 10.7s
2026-01-09 03:53:31,880 - LanternAna - INFO - Progress: 90.0% (206802/229798), Est. time remaining: 7.0s
2026-01-09 03:53:33,866 - LanternAna - INFO - Progress: 95.0% (218291/229798), Est. time remaining: 3.4s
2026-01-09 03:53:36,001 - LanternAna - INFO - Progress: 100.0% (229780/229798), Est. time remaining: 0.0s
2026-01-09 03:53:36,277 - LanternAna - INFO - Dataset run5_nue processed in 66.8s
2026-01-09 03:53:36,277 - LanternAna - INFO - Results written to /exp/uboone/app/users/imani/lantern_ana/runs45_zev_mmr/nue_xsecflux/run5_nue_20260109_035228.root
2026-01-09 03:53:36,277 - LanternAna - INFO - ==================================================
2026-01-09 03:53:36,277 - LanternAna - INFO - Enhanced Analysis Statistics
2026-01-09 03:53:36,277 - LanternAna - INFO - ==================================================
2026-01-09 03:53:36,277 - LanternAna - INFO - Dataset: run5_nue
2026-01-09 03:53:36,277 - LanternAna - INFO -   Total events: 229798
2026-01-09 03:53:36,277 - LanternAna - INFO -   Passed events: 229798 (100.0%)
2026-01-09 03:53:36,277 - LanternAna - INFO -   Failed events: 0 (0.0%)
2026-01-09 03:53:36,277 - LanternAna - INFO -   Processing time: 66.8s
2026-01-09 03:53:36,277 - LanternAna - INFO -   Cut statistics:
2026-01-09 03:53:36,277 - LanternAna - INFO - ==================================================
2026-01-09 03:53:36,277 - LanternAna - INFO - analysis complete!
2026-01-09 03:53:36,280 - LanternAna - INFO - Statistics saved to: /exp/uboone/app/users/imani/lantern_ana/runs45_zev_mmr/nue_xsecflux/statistics.yaml
