2025-10-02 01:12:46,018 - LanternAna - INFO - Loading configuration from configs/run1_nue_overlay_nu.yaml
2025-10-02 01:12:46,019 - LanternAna - INFO - Discovering components...
2025-10-02 01:12:49,074 - LanternAna - INFO - Found 13 cuts
2025-10-02 01:12:49,074 - LanternAna - INFO - Found 36 producers
2025-10-02 01:12:49,074 - LanternAna - INFO - Found 1 dataset types
2025-10-02 01:12:49,074 - LanternAna - INFO - Found 1 tags
2025-10-02 01:12:49,075 - LanternAna - INFO - Configuring components...
2025-10-02 01:12:49,176 - LanternAna - INFO - Starting enhanced analysis run...
2025-10-02 01:12:49,176 - LanternAna - INFO - Loading datasets...
2025-10-02 01:12:49,319 - LanternAna - INFO - Loaded dataset 'run1_bnb_nu_overlay_mcc9_v28_wctagger' with 149327 entries
2025-10-02 01:12:49,319 - LanternAna - INFO -   MC dataset with 0.0 POT
2025-10-02 01:12:49,319 - LanternAna - INFO - Processing dataset with enhanced architecture: run1_bnb_nu_overlay_mcc9_v28_wctagger
2025-10-02 01:12:49,362 - LanternAna - INFO - Processing 100 events with producer-first architecture...
2025-10-02 01:12:49,375 - LanternAna - INFO - Progress: 5.0% (5/100), Est. time remaining: 0.2s
2025-10-02 01:12:49,375 - LanternAna - INFO - Progress: 10.0% (10/100), Est. time remaining: 0.1s
2025-10-02 01:12:49,382 - LanternAna - INFO - Progress: 15.0% (15/100), Est. time remaining: 0.1s
2025-10-02 01:12:49,387 - LanternAna - INFO - Progress: 20.0% (20/100), Est. time remaining: 0.1s
2025-10-02 01:12:49,390 - LanternAna - INFO - Progress: 25.0% (25/100), Est. time remaining: 0.1s
2025-10-02 01:12:49,393 - LanternAna - INFO - Progress: 30.0% (30/100), Est. time remaining: 0.1s
2025-10-02 01:12:49,395 - LanternAna - INFO - Progress: 35.0% (35/100), Est. time remaining: 0.1s
2025-10-02 01:12:49,396 - LanternAna - INFO - Progress: 40.0% (40/100), Est. time remaining: 0.1s
2025-10-02 01:12:49,398 - LanternAna - INFO - Progress: 45.0% (45/100), Est. time remaining: 0.0s
2025-10-02 01:12:49,399 - LanternAna - INFO - Progress: 50.0% (50/100), Est. time remaining: 0.0s
2025-10-02 01:12:49,399 - LanternAna - INFO - Progress: 55.0% (55/100), Est. time remaining: 0.0s
2025-10-02 01:12:49,400 - LanternAna - INFO - Progress: 60.0% (60/100), Est. time remaining: 0.0s
2025-10-02 01:12:49,402 - LanternAna - INFO - Progress: 65.0% (65/100), Est. time remaining: 0.0s
2025-10-02 01:12:49,403 - LanternAna - INFO - Progress: 70.0% (70/100), Est. time remaining: 0.0s
2025-10-02 01:12:49,404 - LanternAna - INFO - Progress: 75.0% (75/100), Est. time remaining: 0.0s
2025-10-02 01:12:49,404 - LanternAna - INFO - Progress: 80.0% (80/100), Est. time remaining: 0.0s
2025-10-02 01:12:49,406 - LanternAna - INFO - Progress: 85.0% (85/100), Est. time remaining: 0.0s
2025-10-02 01:12:49,407 - LanternAna - INFO - Progress: 90.0% (90/100), Est. time remaining: 0.0s
2025-10-02 01:12:49,408 - LanternAna - INFO - Progress: 95.0% (95/100), Est. time remaining: 0.0s
2025-10-02 01:12:49,479 - LanternAna - INFO - Dataset run1_bnb_nu_overlay_mcc9_v28_wctagger processed in 0.0s
2025-10-02 01:12:49,479 - LanternAna - INFO - Results written to ./log_dump/nue_nu/run1_bnb_nu_overlay_mcc9_v28_wctagger_20251002_011249.root
2025-10-02 01:12:49,479 - LanternAna - INFO - ==================================================
2025-10-02 01:12:49,480 - LanternAna - INFO - Enhanced Analysis Statistics
2025-10-02 01:12:49,480 - LanternAna - INFO - ==================================================
2025-10-02 01:12:49,481 - LanternAna - INFO - Dataset: run1_bnb_nu_overlay_mcc9_v28_wctagger
2025-10-02 01:12:49,482 - LanternAna - INFO -   Total events: 100
2025-10-02 01:12:49,482 - LanternAna - INFO -   Passed events: 100 (100.0%)
2025-10-02 01:12:49,483 - LanternAna - INFO -   Failed events: 0 (0.0%)
2025-10-02 01:12:49,483 - LanternAna - INFO -   Processing time: 0.0s
2025-10-02 01:12:49,483 - LanternAna - INFO -   Cut statistics:
2025-10-02 01:12:49,484 - LanternAna - INFO - ==================================================
2025-10-02 01:12:49,484 - LanternAna - INFO - analysis complete!
2025-10-02 01:12:49,487 - LanternAna - INFO - Statistics saved to: ./log_dump/nue_nu/statistics.yaml
2025-10-02 01:14:12,987 - LanternAna - INFO - Loading configuration from configs/run1_nue_overlay_nu.yaml
2025-10-02 01:14:12,987 - LanternAna - INFO - Discovering components...
2025-10-02 01:14:15,930 - LanternAna - INFO - Found 13 cuts
2025-10-02 01:14:15,930 - LanternAna - INFO - Found 36 producers
2025-10-02 01:14:15,930 - LanternAna - INFO - Found 1 dataset types
2025-10-02 01:14:15,930 - LanternAna - INFO - Found 1 tags
2025-10-02 01:14:15,932 - LanternAna - INFO - Configuring components...
2025-10-02 01:14:16,057 - LanternAna - INFO - Starting enhanced analysis run...
2025-10-02 01:14:16,057 - LanternAna - INFO - Loading datasets...
2025-10-02 01:14:16,204 - LanternAna - INFO - Loaded dataset 'run1_bnb_nu_overlay_mcc9_v28_wctagger' with 149327 entries
2025-10-02 01:14:16,204 - LanternAna - INFO -   MC dataset with 0.0 POT
2025-10-02 01:14:16,204 - LanternAna - INFO - Processing dataset with enhanced architecture: run1_bnb_nu_overlay_mcc9_v28_wctagger
2025-10-02 01:14:16,251 - LanternAna - INFO - Processing 100 events with producer-first architecture...
2025-10-02 01:14:16,263 - LanternAna - INFO - Progress: 5.0% (5/100), Est. time remaining: 0.2s
2025-10-02 01:14:16,263 - LanternAna - INFO - Progress: 10.0% (10/100), Est. time remaining: 0.1s
2025-10-02 01:14:16,264 - LanternAna - INFO - Progress: 15.0% (15/100), Est. time remaining: 0.1s
2025-10-02 01:14:16,265 - LanternAna - INFO - Progress: 20.0% (20/100), Est. time remaining: 0.1s
2025-10-02 01:14:16,265 - LanternAna - INFO - Progress: 25.0% (25/100), Est. time remaining: 0.0s
2025-10-02 01:14:16,267 - LanternAna - INFO - Progress: 30.0% (30/100), Est. time remaining: 0.0s
2025-10-02 01:14:16,268 - LanternAna - INFO - Progress: 35.0% (35/100), Est. time remaining: 0.0s
2025-10-02 01:14:16,270 - LanternAna - INFO - Progress: 40.0% (40/100), Est. time remaining: 0.0s
2025-10-02 01:14:16,271 - LanternAna - INFO - Progress: 45.0% (45/100), Est. time remaining: 0.0s
2025-10-02 01:14:16,273 - LanternAna - INFO - Progress: 50.0% (50/100), Est. time remaining: 0.0s
2025-10-02 01:14:16,275 - LanternAna - INFO - Progress: 55.0% (55/100), Est. time remaining: 0.0s
2025-10-02 01:14:16,276 - LanternAna - INFO - Progress: 60.0% (60/100), Est. time remaining: 0.0s
2025-10-02 01:14:16,278 - LanternAna - INFO - Progress: 65.0% (65/100), Est. time remaining: 0.0s
2025-10-02 01:14:16,279 - LanternAna - INFO - Progress: 70.0% (70/100), Est. time remaining: 0.0s
2025-10-02 01:14:16,282 - LanternAna - INFO - Progress: 75.0% (75/100), Est. time remaining: 0.0s
2025-10-02 01:14:16,283 - LanternAna - INFO - Progress: 80.0% (80/100), Est. time remaining: 0.0s
2025-10-02 01:14:16,285 - LanternAna - INFO - Progress: 85.0% (85/100), Est. time remaining: 0.0s
2025-10-02 01:14:16,286 - LanternAna - INFO - Progress: 90.0% (90/100), Est. time remaining: 0.0s
2025-10-02 01:14:16,288 - LanternAna - INFO - Progress: 95.0% (95/100), Est. time remaining: 0.0s
2025-10-02 01:14:16,332 - LanternAna - INFO - Dataset run1_bnb_nu_overlay_mcc9_v28_wctagger processed in 0.0s
2025-10-02 01:14:16,332 - LanternAna - INFO - Results written to ./log_dump/nue_nu/run1_bnb_nu_overlay_mcc9_v28_wctagger_20251002_011416.root
2025-10-02 01:14:16,332 - LanternAna - INFO - ==================================================
2025-10-02 01:14:16,332 - LanternAna - INFO - Enhanced Analysis Statistics
2025-10-02 01:14:16,332 - LanternAna - INFO - ==================================================
2025-10-02 01:14:16,333 - LanternAna - INFO - Dataset: run1_bnb_nu_overlay_mcc9_v28_wctagger
2025-10-02 01:14:16,333 - LanternAna - INFO -   Total events: 100
2025-10-02 01:14:16,334 - LanternAna - INFO -   Passed events: 100 (100.0%)
2025-10-02 01:14:16,338 - LanternAna - INFO -   Failed events: 0 (0.0%)
2025-10-02 01:14:16,338 - LanternAna - INFO -   Processing time: 0.0s
2025-10-02 01:14:16,340 - LanternAna - INFO -   Cut statistics:
2025-10-02 01:14:16,341 - LanternAna - INFO - ==================================================
2025-10-02 01:14:16,341 - LanternAna - INFO - analysis complete!
2025-10-02 01:14:16,349 - LanternAna - INFO - Statistics saved to: ./log_dump/nue_nu/statistics.yaml
2025-10-02 01:21:26,542 - LanternAna - INFO - Loading configuration from configs/run1_nue_overlay_nu.yaml
2025-10-02 01:21:26,543 - LanternAna - INFO - Discovering components...
2025-10-02 01:21:29,915 - LanternAna - INFO - Found 13 cuts
2025-10-02 01:21:29,915 - LanternAna - INFO - Found 36 producers
2025-10-02 01:21:29,915 - LanternAna - INFO - Found 1 dataset types
2025-10-02 01:21:29,916 - LanternAna - INFO - Found 1 tags
2025-10-02 01:21:29,918 - LanternAna - INFO - Configuring components...
2025-10-02 01:21:30,032 - LanternAna - INFO - Starting enhanced analysis run...
2025-10-02 01:21:30,032 - LanternAna - INFO - Loading datasets...
2025-10-02 01:21:30,239 - LanternAna - INFO - Loaded dataset 'run1_bnb_nu_overlay_mcc9_v28_wctagger' with 149327 entries
2025-10-02 01:21:30,239 - LanternAna - INFO -   MC dataset with 0.0 POT
2025-10-02 01:21:30,242 - LanternAna - INFO - Processing dataset with enhanced architecture: run1_bnb_nu_overlay_mcc9_v28_wctagger
2025-10-02 01:21:30,293 - LanternAna - INFO - Processing 149327 events with producer-first architecture...
2025-10-02 01:21:36,121 - LanternAna - INFO - Progress: 5.0% (7466/149327), Est. time remaining: 110.7s
2025-10-02 01:21:37,455 - LanternAna - INFO - Progress: 10.0% (14932/149327), Est. time remaining: 64.5s
2025-10-02 01:21:39,004 - LanternAna - INFO - Progress: 15.0% (22398/149327), Est. time remaining: 49.4s
2025-10-02 01:21:39,603 - LanternAna - INFO - Progress: 20.0% (29864/149327), Est. time remaining: 37.2s
2025-10-02 01:21:40,089 - LanternAna - INFO - Progress: 25.0% (37330/149327), Est. time remaining: 29.4s
2025-10-02 01:21:42,695 - LanternAna - INFO - Progress: 30.0% (44796/149327), Est. time remaining: 28.9s
2025-10-02 01:21:43,570 - LanternAna - INFO - Progress: 35.0% (52262/149327), Est. time remaining: 24.7s
2025-10-02 01:21:44,160 - LanternAna - INFO - Progress: 40.0% (59728/149327), Est. time remaining: 20.8s
2025-10-02 01:21:44,748 - LanternAna - INFO - Progress: 45.0% (67194/149327), Est. time remaining: 17.7s
2025-10-02 01:21:46,466 - LanternAna - INFO - Progress: 50.0% (74660/149327), Est. time remaining: 16.2s
2025-10-02 01:21:47,183 - LanternAna - INFO - Progress: 55.0% (82126/149327), Est. time remaining: 13.8s
2025-10-02 01:21:48,568 - LanternAna - INFO - Progress: 60.0% (89592/149327), Est. time remaining: 12.2s
2025-10-02 01:21:49,287 - LanternAna - INFO - Progress: 65.0% (97058/149327), Est. time remaining: 10.2s
2025-10-02 01:21:50,375 - LanternAna - INFO - Progress: 70.0% (104524/149327), Est. time remaining: 8.6s
2025-10-02 01:21:52,195 - LanternAna - INFO - Progress: 75.0% (111990/149327), Est. time remaining: 7.3s
2025-10-02 01:21:52,934 - LanternAna - INFO - Progress: 80.0% (119456/149327), Est. time remaining: 5.7s
2025-10-02 01:21:53,526 - LanternAna - INFO - Progress: 85.0% (126922/149327), Est. time remaining: 4.1s
2025-10-02 01:21:54,289 - LanternAna - INFO - Progress: 90.0% (134388/149327), Est. time remaining: 2.7s
2025-10-02 01:21:54,568 - LanternAna - INFO - Progress: 95.0% (141854/149327), Est. time remaining: 1.3s
2025-10-02 01:21:55,691 - LanternAna - INFO - Progress: 100.0% (149320/149327), Est. time remaining: 0.0s
2025-10-02 01:21:56,446 - LanternAna - INFO - Dataset run1_bnb_nu_overlay_mcc9_v28_wctagger processed in 25.4s
2025-10-02 01:21:56,446 - LanternAna - INFO - Results written to ./log_dump/nue_nu/run1_bnb_nu_overlay_mcc9_v28_wctagger_20251002_012130.root
2025-10-02 01:21:56,446 - LanternAna - INFO - ==================================================
2025-10-02 01:21:56,448 - LanternAna - INFO - Enhanced Analysis Statistics
2025-10-02 01:21:56,448 - LanternAna - INFO - ==================================================
2025-10-02 01:21:56,449 - LanternAna - INFO - Dataset: run1_bnb_nu_overlay_mcc9_v28_wctagger
2025-10-02 01:21:56,449 - LanternAna - INFO -   Total events: 149327
2025-10-02 01:21:56,449 - LanternAna - INFO -   Passed events: 149327 (100.0%)
2025-10-02 01:21:56,449 - LanternAna - INFO -   Failed events: 0 (0.0%)
2025-10-02 01:21:56,450 - LanternAna - INFO -   Processing time: 25.4s
2025-10-02 01:21:56,450 - LanternAna - INFO -   Cut statistics:
2025-10-02 01:21:56,450 - LanternAna - INFO - ==================================================
2025-10-02 01:21:56,450 - LanternAna - INFO - analysis complete!
2025-10-02 01:21:56,457 - LanternAna - INFO - Statistics saved to: ./log_dump/nue_nu/statistics.yaml
