2026-01-09 01:23:57,320 - LanternAna - INFO - Loading configuration from runs45_mmr.yaml
2026-01-09 01:23:57,320 - LanternAna - INFO - Discovering components...
2026-01-09 01:24:00,176 - LanternAna - INFO - Found 13 cuts
2026-01-09 01:24:00,176 - LanternAna - INFO - Found 37 producers
2026-01-09 01:24:00,176 - LanternAna - INFO - Found 1 dataset types
2026-01-09 01:24:00,176 - LanternAna - INFO - Found 1 tags
2026-01-09 01:24:00,177 - LanternAna - INFO - Configuring components...
2026-01-09 01:24:00,203 - LanternAna - INFO - Starting enhanced analysis run...
2026-01-09 01:24:00,204 - LanternAna - INFO - Loading datasets...
2026-01-09 01:25:10,775 - LanternAna - INFO - Loading configuration from runs45_mmr.yaml
2026-01-09 01:25:10,776 - LanternAna - INFO - Discovering components...
2026-01-09 01:25:13,517 - LanternAna - INFO - Found 13 cuts
2026-01-09 01:25:13,518 - LanternAna - INFO - Found 37 producers
2026-01-09 01:25:13,518 - LanternAna - INFO - Found 1 dataset types
2026-01-09 01:25:13,518 - LanternAna - INFO - Found 1 tags
2026-01-09 01:25:13,518 - LanternAna - INFO - Configuring components...
2026-01-09 01:25:13,545 - LanternAna - INFO - Starting enhanced analysis run...
2026-01-09 01:25:13,545 - LanternAna - INFO - Loading datasets...
2026-01-09 01:25:14,473 - LanternAna - INFO - Loaded dataset 'run4a_v10_04_07_13_BNB_nu_overlay_surprise' with 170233 entries
2026-01-09 01:25:14,473 - LanternAna - INFO -   MC dataset with 2.3593114985024402e+20 POT
2026-01-09 01:25:14,631 - LanternAna - INFO - Loaded dataset 'run4a_v10_04_07_13_BNB_nue_overlay_surprise' with 55054 entries
2026-01-09 01:25:14,631 - LanternAna - INFO -   MC dataset with 3.6831120503927822e+22 POT
2026-01-09 01:25:14,631 - LanternAna - INFO - Processing dataset with enhanced architecture: run4a_v10_04_07_13_BNB_nu_overlay_surprise
2026-01-09 01:25:14,847 - LanternAna - INFO - Processing 170233 events with producer-first architecture...
2026-01-09 01:25:33,382 - LanternAna - INFO - Progress: 5.0% (8511/170233), Est. time remaining: 352.2s
2026-01-09 01:25:51,553 - LanternAna - INFO - Progress: 10.0% (17022/170233), Est. time remaining: 330.4s
2026-01-09 01:26:09,493 - LanternAna - INFO - Progress: 15.0% (25533/170233), Est. time remaining: 309.7s
2026-01-09 01:26:27,488 - LanternAna - INFO - Progress: 20.0% (34044/170233), Est. time remaining: 290.6s
2026-01-09 01:26:45,360 - LanternAna - INFO - Progress: 25.0% (42555/170233), Est. time remaining: 271.6s
2026-01-09 01:27:03,803 - LanternAna - INFO - Progress: 30.0% (51066/170233), Est. time remaining: 254.3s
2026-01-09 01:27:22,194 - LanternAna - INFO - Progress: 35.0% (59577/170233), Est. time remaining: 236.5s
2026-01-09 01:27:40,243 - LanternAna - INFO - Progress: 40.0% (68088/170233), Est. time remaining: 218.1s
2026-01-09 01:27:58,905 - LanternAna - INFO - Progress: 45.0% (76599/170233), Est. time remaining: 200.5s
2026-01-09 01:28:17,928 - LanternAna - INFO - Progress: 50.0% (85110/170233), Est. time remaining: 183.1s
2026-01-09 01:28:35,335 - LanternAna - INFO - Progress: 55.0% (93621/170233), Est. time remaining: 164.1s
2026-01-09 01:28:53,638 - LanternAna - INFO - Progress: 60.0% (102132/170233), Est. time remaining: 145.9s
2026-01-09 01:29:12,112 - LanternAna - INFO - Progress: 65.0% (110643/170233), Est. time remaining: 127.8s
2026-01-09 01:29:30,696 - LanternAna - INFO - Progress: 70.0% (119154/170233), Est. time remaining: 109.7s
2026-01-09 01:29:49,202 - LanternAna - INFO - Progress: 75.0% (127665/170233), Est. time remaining: 91.5s
2026-01-09 01:30:07,977 - LanternAna - INFO - Progress: 80.0% (136176/170233), Est. time remaining: 73.3s
2026-01-09 01:30:26,399 - LanternAna - INFO - Progress: 85.0% (144687/170233), Est. time remaining: 55.0s
2026-01-09 01:30:45,022 - LanternAna - INFO - Progress: 90.0% (153198/170233), Est. time remaining: 36.7s
2026-01-09 01:31:04,586 - LanternAna - INFO - Progress: 95.0% (161709/170233), Est. time remaining: 18.4s
2026-01-09 01:31:23,357 - LanternAna - INFO - Progress: 100.0% (170220/170233), Est. time remaining: 0.0s
2026-01-09 01:31:23,637 - LanternAna - INFO - Dataset run4a_v10_04_07_13_BNB_nu_overlay_surprise processed in 368.5s
2026-01-09 01:31:23,637 - LanternAna - INFO - Results written to /exp/uboone/app/users/imani/lantern_ana/runs45_zev_mmr/nue_raw_root/run4a_v10_04_07_13_BNB_nu_overlay_surprise_20260109_012514.root
2026-01-09 01:31:23,637 - LanternAna - INFO - Processing dataset with enhanced architecture: run4a_v10_04_07_13_BNB_nue_overlay_surprise
2026-01-09 01:31:24,157 - LanternAna - INFO - Processing 55054 events with producer-first architecture...
2026-01-09 01:31:36,245 - LanternAna - INFO - Progress: 5.0% (2752/55054), Est. time remaining: 229.7s
2026-01-09 01:31:48,057 - LanternAna - INFO - Progress: 10.0% (5504/55054), Est. time remaining: 215.2s
2026-01-09 01:31:59,429 - LanternAna - INFO - Progress: 15.0% (8256/55054), Est. time remaining: 199.9s
2026-01-09 01:32:11,166 - LanternAna - INFO - Progress: 20.0% (11008/55054), Est. time remaining: 188.1s
2026-01-09 01:32:22,756 - LanternAna - INFO - Progress: 25.0% (13760/55054), Est. time remaining: 175.9s
2026-01-09 01:32:34,463 - LanternAna - INFO - Progress: 30.0% (16512/55054), Est. time remaining: 164.1s
2026-01-09 01:32:45,920 - LanternAna - INFO - Progress: 35.0% (19264/55054), Est. time remaining: 151.9s
2026-01-09 01:32:57,664 - LanternAna - INFO - Progress: 40.0% (22016/55054), Est. time remaining: 140.3s
2026-01-09 01:33:09,706 - LanternAna - INFO - Progress: 45.0% (24768/55054), Est. time remaining: 129.1s
2026-01-09 01:33:21,630 - LanternAna - INFO - Progress: 50.0% (27520/55054), Est. time remaining: 117.5s
2026-01-09 01:33:33,149 - LanternAna - INFO - Progress: 55.0% (30272/55054), Est. time remaining: 105.6s
2026-01-09 01:33:44,976 - LanternAna - INFO - Progress: 60.0% (33024/55054), Est. time remaining: 93.9s
2026-01-09 01:33:56,367 - LanternAna - INFO - Progress: 65.0% (35776/55054), Est. time remaining: 82.0s
2026-01-09 01:34:08,573 - LanternAna - INFO - Progress: 70.0% (38528/55054), Est. time remaining: 70.5s
2026-01-09 01:34:20,174 - LanternAna - INFO - Progress: 75.0% (41280/55054), Est. time remaining: 58.7s
2026-01-09 01:34:31,452 - LanternAna - INFO - Progress: 80.0% (44032/55054), Est. time remaining: 46.9s
2026-01-09 01:34:42,940 - LanternAna - INFO - Progress: 85.0% (46784/55054), Est. time remaining: 35.1s
2026-01-09 01:34:54,298 - LanternAna - INFO - Progress: 90.0% (49536/55054), Est. time remaining: 23.4s
2026-01-09 01:35:06,412 - LanternAna - INFO - Progress: 95.0% (52288/55054), Est. time remaining: 11.8s
2026-01-09 01:35:18,169 - LanternAna - INFO - Progress: 100.0% (55040/55054), Est. time remaining: 0.1s
2026-01-09 01:35:18,617 - LanternAna - INFO - Dataset run4a_v10_04_07_13_BNB_nue_overlay_surprise processed in 234.1s
2026-01-09 01:35:18,618 - LanternAna - INFO - Results written to /exp/uboone/app/users/imani/lantern_ana/runs45_zev_mmr/nue_raw_root/run4a_v10_04_07_13_BNB_nue_overlay_surprise_20260109_013123.root
2026-01-09 01:35:18,618 - LanternAna - INFO - ==================================================
2026-01-09 01:35:18,618 - LanternAna - INFO - Enhanced Analysis Statistics
2026-01-09 01:35:18,618 - LanternAna - INFO - ==================================================
2026-01-09 01:35:18,618 - LanternAna - INFO - Dataset: run4a_v10_04_07_13_BNB_nu_overlay_surprise
2026-01-09 01:35:18,618 - LanternAna - INFO -   Total events: 170233
2026-01-09 01:35:18,618 - LanternAna - INFO -   Passed events: 169406 (99.5%)
2026-01-09 01:35:18,618 - LanternAna - INFO -   Failed events: 827 (0.5%)
2026-01-09 01:35:18,618 - LanternAna - INFO -   Processing time: 368.5s
2026-01-09 01:35:18,619 - LanternAna - INFO -   Cut statistics:
2026-01-09 01:35:18,619 - LanternAna - INFO -     remove_true_nue_cc: 827/170233 (0.5%)
2026-01-09 01:35:18,619 - LanternAna - INFO - Dataset: run4a_v10_04_07_13_BNB_nue_overlay_surprise
2026-01-09 01:35:18,619 - LanternAna - INFO -   Total events: 55054
2026-01-09 01:35:18,619 - LanternAna - INFO -   Passed events: 55054 (100.0%)
2026-01-09 01:35:18,619 - LanternAna - INFO -   Failed events: 0 (0.0%)
2026-01-09 01:35:18,619 - LanternAna - INFO -   Processing time: 234.1s
2026-01-09 01:35:18,619 - LanternAna - INFO -   Cut statistics:
2026-01-09 01:35:18,619 - LanternAna - INFO -     remove_true_nue_cc: 0/55054 (0.0%)
2026-01-09 01:35:18,619 - LanternAna - INFO - ==================================================
2026-01-09 01:35:18,619 - LanternAna - INFO - analysis complete!
2026-01-09 01:35:18,625 - LanternAna - INFO - Statistics saved to: /exp/uboone/app/users/imani/lantern_ana/runs45_zev_mmr/nue_raw_root/statistics.yaml
2026-01-09 01:46:12,047 - LanternAna - INFO - Loading configuration from runs45_zev_mmr/runs45_mmr.yaml
2026-01-09 01:46:12,049 - LanternAna - INFO - Discovering components...
2026-01-09 01:46:17,176 - LanternAna - INFO - Found 13 cuts
2026-01-09 01:46:17,176 - LanternAna - INFO - Found 37 producers
2026-01-09 01:46:17,176 - LanternAna - INFO - Found 1 dataset types
2026-01-09 01:46:17,176 - LanternAna - INFO - Found 1 tags
2026-01-09 01:46:17,177 - LanternAna - INFO - Configuring components...
2026-01-09 01:46:17,206 - LanternAna - INFO - Starting enhanced analysis run...
2026-01-09 01:46:17,206 - LanternAna - INFO - Loading datasets...
2026-01-09 01:46:34,886 - LanternAna - INFO - Loaded dataset 'run4c_v10_04_07_13_BNB_nu_overlay_surprise' with 380707 entries
2026-01-09 01:46:34,886 - LanternAna - INFO -   MC dataset with 4.715381951585468e+20 POT
2026-01-09 01:46:36,117 - LanternAna - INFO - Loaded dataset 'run4c_v10_04_07_13_BNB_nue_overlay_surprise' with 120265 entries
2026-01-09 01:46:36,117 - LanternAna - INFO -   MC dataset with 7.167877077540618e+22 POT
2026-01-09 01:46:36,313 - LanternAna - INFO - Loaded dataset 'run4d_v10_04_07_13_BNB_nu_overlay_surprise' with 725107 entries
2026-01-09 01:46:36,313 - LanternAna - INFO -   MC dataset with 8.96645871157333e+20 POT
2026-01-09 01:46:38,440 - LanternAna - INFO - Loaded dataset 'run4d_v10_04_07_13_BNB_nue_overlay_surprise' with 229798 entries
2026-01-09 01:46:38,440 - LanternAna - INFO -   MC dataset with 1.3754699413542485e+23 POT
2026-01-09 01:46:38,628 - LanternAna - INFO - Loaded dataset 'run5_v10_04_07_13_BNB_nu_overlay_surprise' with 725107 entries
2026-01-09 01:46:38,628 - LanternAna - INFO -   MC dataset with 8.96645871157333e+20 POT
2026-01-09 01:46:40,632 - LanternAna - INFO - Loaded dataset 'run5_v10_04_07_13_BNB_nue_overlay_surprise' with 229798 entries
2026-01-09 01:46:40,633 - LanternAna - INFO -   MC dataset with 1.3754699413542485e+23 POT
2026-01-09 01:46:40,633 - LanternAna - INFO - Processing dataset with enhanced architecture: run4c_v10_04_07_13_BNB_nu_overlay_surprise
2026-01-09 01:46:40,719 - LanternAna - INFO - Processing 380707 events with producer-first architecture...
2026-01-09 01:47:24,728 - LanternAna - INFO - Progress: 5.0% (19035/380707), Est. time remaining: 836.2s
2026-01-09 01:48:07,361 - LanternAna - INFO - Progress: 10.0% (38070/380707), Est. time remaining: 779.8s
2026-01-09 01:48:50,939 - LanternAna - INFO - Progress: 15.0% (57105/380707), Est. time remaining: 737.9s
2026-01-09 01:49:33,951 - LanternAna - INFO - Progress: 20.0% (76140/380707), Est. time remaining: 692.9s
2026-01-09 01:50:17,875 - LanternAna - INFO - Progress: 25.0% (95175/380707), Est. time remaining: 651.5s
2026-01-09 01:51:00,931 - LanternAna - INFO - Progress: 30.0% (114210/380707), Est. time remaining: 607.2s
2026-01-09 01:51:44,086 - LanternAna - INFO - Progress: 35.0% (133245/380707), Est. time remaining: 563.4s
2026-01-09 01:52:27,306 - LanternAna - INFO - Progress: 40.0% (152280/380707), Est. time remaining: 519.9s
2026-01-09 01:53:10,926 - LanternAna - INFO - Progress: 45.0% (171315/380707), Est. time remaining: 476.9s
2026-01-09 01:53:54,633 - LanternAna - INFO - Progress: 50.0% (190350/380707), Est. time remaining: 433.9s
2026-01-09 01:54:38,497 - LanternAna - INFO - Progress: 55.0% (209385/380707), Est. time remaining: 390.9s
2026-01-09 01:55:24,917 - LanternAna - INFO - Progress: 60.0% (228420/380707), Est. time remaining: 349.5s
2026-01-09 01:56:09,271 - LanternAna - INFO - Progress: 65.0% (247455/380707), Est. time remaining: 306.2s
2026-01-09 01:56:53,766 - LanternAna - INFO - Progress: 70.0% (266490/380707), Est. time remaining: 262.8s
2026-01-09 01:57:37,455 - LanternAna - INFO - Progress: 75.0% (285525/380707), Est. time remaining: 218.9s
2026-01-09 01:58:21,727 - LanternAna - INFO - Progress: 80.0% (304560/380707), Est. time remaining: 175.3s
2026-01-09 01:59:07,708 - LanternAna - INFO - Progress: 85.0% (323595/380707), Est. time remaining: 131.8s
2026-01-09 01:59:51,881 - LanternAna - INFO - Progress: 90.0% (342630/380707), Est. time remaining: 87.9s
2026-01-09 02:00:35,962 - LanternAna - INFO - Progress: 95.0% (361665/380707), Est. time remaining: 44.0s
2026-01-09 02:01:19,569 - LanternAna - INFO - Progress: 100.0% (380700/380707), Est. time remaining: 0.0s
2026-01-09 02:01:20,702 - LanternAna - INFO - Dataset run4c_v10_04_07_13_BNB_nu_overlay_surprise processed in 878.9s
2026-01-09 02:01:20,702 - LanternAna - INFO - Results written to /exp/uboone/app/users/imani/lantern_ana/runs45_zev_mmr/nue_raw_root/run4c_v10_04_07_13_BNB_nu_overlay_surprise_20260109_014640.root
2026-01-09 02:01:20,706 - LanternAna - INFO - Processing dataset with enhanced architecture: run4c_v10_04_07_13_BNB_nue_overlay_surprise
2026-01-09 02:01:20,953 - LanternAna - INFO - Processing 120265 events with producer-first architecture...
2026-01-09 02:01:49,011 - LanternAna - INFO - Progress: 5.0% (6013/120265), Est. time remaining: 533.1s
2026-01-09 02:02:15,623 - LanternAna - INFO - Progress: 10.0% (12026/120265), Est. time remaining: 492.1s
2026-01-09 02:02:41,552 - LanternAna - INFO - Progress: 15.0% (18039/120265), Est. time remaining: 456.8s
2026-01-09 02:03:10,766 - LanternAna - INFO - Progress: 20.0% (24052/120265), Est. time remaining: 439.3s
2026-01-09 02:03:37,847 - LanternAna - INFO - Progress: 25.0% (30065/120265), Est. time remaining: 410.7s
2026-01-09 02:04:04,757 - LanternAna - INFO - Progress: 30.0% (36078/120265), Est. time remaining: 382.2s
2026-01-09 02:04:32,571 - LanternAna - INFO - Progress: 35.0% (42091/120265), Est. time remaining: 355.9s
2026-01-09 02:05:00,128 - LanternAna - INFO - Progress: 40.0% (48104/120265), Est. time remaining: 328.8s
2026-01-09 02:05:27,831 - LanternAna - INFO - Progress: 45.0% (54117/120265), Est. time remaining: 301.8s
2026-01-09 02:05:53,707 - LanternAna - INFO - Progress: 50.0% (60130/120265), Est. time remaining: 272.8s
2026-01-09 02:06:21,480 - LanternAna - INFO - Progress: 55.0% (66143/120265), Est. time remaining: 245.9s
2026-01-09 02:06:47,437 - LanternAna - INFO - Progress: 60.0% (72156/120265), Est. time remaining: 217.7s
2026-01-09 02:07:14,957 - LanternAna - INFO - Progress: 65.0% (78169/120265), Est. time remaining: 190.6s
2026-01-09 02:07:45,322 - LanternAna - INFO - Progress: 70.0% (84182/120265), Est. time remaining: 164.8s
2026-01-09 02:08:13,688 - LanternAna - INFO - Progress: 75.0% (90195/120265), Est. time remaining: 137.6s
2026-01-09 02:08:42,417 - LanternAna - INFO - Progress: 80.0% (96208/120265), Est. time remaining: 110.4s
2026-01-09 02:09:14,628 - LanternAna - INFO - Progress: 85.0% (102221/120265), Est. time remaining: 83.6s
2026-01-09 02:09:45,495 - LanternAna - INFO - Progress: 90.0% (108234/120265), Est. time remaining: 56.1s
2026-01-09 02:10:14,477 - LanternAna - INFO - Progress: 95.0% (114247/120265), Est. time remaining: 28.1s
2026-01-09 02:10:42,532 - LanternAna - INFO - Progress: 100.0% (120260/120265), Est. time remaining: 0.0s
2026-01-09 02:10:43,290 - LanternAna - INFO - Dataset run4c_v10_04_07_13_BNB_nue_overlay_surprise processed in 561.6s
2026-01-09 02:10:43,291 - LanternAna - INFO - Results written to /exp/uboone/app/users/imani/lantern_ana/runs45_zev_mmr/nue_raw_root/run4c_v10_04_07_13_BNB_nue_overlay_surprise_20260109_020120.root
2026-01-09 02:10:43,291 - LanternAna - INFO - Processing dataset with enhanced architecture: run4d_v10_04_07_13_BNB_nu_overlay_surprise
2026-01-09 02:10:43,654 - LanternAna - INFO - Processing 725107 events with producer-first architecture...
2026-01-09 02:12:03,025 - LanternAna - INFO - Progress: 5.0% (36255/725107), Est. time remaining: 1508.1s
2026-01-09 02:13:21,950 - LanternAna - INFO - Progress: 10.0% (72510/725107), Est. time remaining: 1424.7s
2026-01-09 02:14:40,348 - LanternAna - INFO - Progress: 15.0% (108765/725107), Est. time remaining: 1341.3s
2026-01-09 02:15:58,434 - LanternAna - INFO - Progress: 20.0% (145020/725107), Est. time remaining: 1259.1s
2026-01-09 02:17:17,332 - LanternAna - INFO - Progress: 25.0% (181275/725107), Est. time remaining: 1181.0s
2026-01-09 02:18:36,874 - LanternAna - INFO - Progress: 30.0% (217530/725107), Est. time remaining: 1104.2s
2026-01-09 02:19:56,659 - LanternAna - INFO - Progress: 35.0% (253785/725107), Est. time remaining: 1027.0s
2026-01-09 02:21:17,673 - LanternAna - INFO - Progress: 40.0% (290040/725107), Est. time remaining: 951.0s
2026-01-09 02:22:36,397 - LanternAna - INFO - Progress: 45.0% (326295/725107), Est. time remaining: 871.1s
2026-01-09 02:23:56,304 - LanternAna - INFO - Progress: 50.0% (362550/725107), Est. time remaining: 792.7s
2026-01-09 02:25:16,561 - LanternAna - INFO - Progress: 55.0% (398805/725107), Est. time remaining: 714.2s
2026-01-09 02:26:35,793 - LanternAna - INFO - Progress: 60.0% (435060/725107), Est. time remaining: 634.8s
2026-01-09 02:27:56,053 - LanternAna - INFO - Progress: 65.0% (471315/725107), Est. time remaining: 555.9s
2026-01-09 02:29:14,487 - LanternAna - INFO - Progress: 70.0% (507570/725107), Est. time remaining: 476.1s
2026-01-09 02:30:34,817 - LanternAna - INFO - Progress: 75.0% (543825/725107), Est. time remaining: 397.1s
2026-01-09 02:31:54,139 - LanternAna - INFO - Progress: 80.0% (580080/725107), Est. time remaining: 317.6s
2026-01-09 02:33:14,663 - LanternAna - INFO - Progress: 85.0% (616335/725107), Est. time remaining: 238.4s
2026-01-09 02:34:34,188 - LanternAna - INFO - Progress: 90.0% (652590/725107), Est. time remaining: 159.0s
2026-01-09 02:35:53,923 - LanternAna - INFO - Progress: 95.0% (688845/725107), Est. time remaining: 79.5s
2026-01-09 02:37:13,523 - LanternAna - INFO - Progress: 100.0% (725100/725107), Est. time remaining: 0.0s
2026-01-09 02:37:13,707 - LanternAna - INFO - Dataset run4d_v10_04_07_13_BNB_nu_overlay_surprise processed in 1589.9s
2026-01-09 02:37:13,708 - LanternAna - INFO - Results written to /exp/uboone/app/users/imani/lantern_ana/runs45_zev_mmr/nue_raw_root/run4d_v10_04_07_13_BNB_nu_overlay_surprise_20260109_021043.root
2026-01-09 02:37:13,708 - LanternAna - INFO - Processing dataset with enhanced architecture: run4d_v10_04_07_13_BNB_nue_overlay_surprise
2026-01-09 02:37:13,749 - LanternAna - INFO - Processing 229798 events with producer-first architecture...
2026-01-09 02:38:05,643 - LanternAna - INFO - Progress: 5.0% (11489/229798), Est. time remaining: 986.1s
2026-01-09 02:38:56,704 - LanternAna - INFO - Progress: 10.0% (22978/229798), Est. time remaining: 926.7s
2026-01-09 02:39:48,056 - LanternAna - INFO - Progress: 15.0% (34467/229798), Est. time remaining: 874.5s
2026-01-09 02:40:40,820 - LanternAna - INFO - Progress: 20.0% (45956/229798), Est. time remaining: 828.4s
2026-01-09 02:41:32,505 - LanternAna - INFO - Progress: 25.0% (57445/229798), Est. time remaining: 776.3s
2026-01-09 02:42:24,267 - LanternAna - INFO - Progress: 30.0% (68934/229798), Est. time remaining: 724.6s
2026-01-09 02:43:15,414 - LanternAna - INFO - Progress: 35.0% (80423/229798), Est. time remaining: 671.7s
2026-01-09 02:44:07,142 - LanternAna - INFO - Progress: 40.0% (91912/229798), Est. time remaining: 620.2s
2026-01-09 02:44:58,807 - LanternAna - INFO - Progress: 45.0% (103401/229798), Est. time remaining: 568.5s
2026-01-09 02:45:50,602 - LanternAna - INFO - Progress: 50.0% (114890/229798), Est. time remaining: 516.9s
2026-01-09 02:46:42,440 - LanternAna - INFO - Progress: 55.0% (126379/229798), Est. time remaining: 465.4s
2026-01-09 02:47:33,633 - LanternAna - INFO - Progress: 60.0% (137868/229798), Est. time remaining: 413.3s
2026-01-09 02:48:25,463 - LanternAna - INFO - Progress: 65.0% (149357/229798), Est. time remaining: 361.8s
2026-01-09 02:49:16,228 - LanternAna - INFO - Progress: 70.0% (160846/229798), Est. time remaining: 309.7s
2026-01-09 02:50:07,675 - LanternAna - INFO - Progress: 75.0% (172335/229798), Est. time remaining: 258.1s
2026-01-09 02:51:00,015 - LanternAna - INFO - Progress: 80.0% (183824/229798), Est. time remaining: 206.6s
2026-01-09 02:51:51,880 - LanternAna - INFO - Progress: 85.0% (195313/229798), Est. time remaining: 155.0s
2026-01-09 02:52:43,703 - LanternAna - INFO - Progress: 90.0% (206802/229798), Est. time remaining: 103.4s
2026-01-09 02:53:35,189 - LanternAna - INFO - Progress: 95.0% (218291/229798), Est. time remaining: 51.7s
2026-01-09 02:54:27,565 - LanternAna - INFO - Progress: 100.0% (229780/229798), Est. time remaining: 0.1s
2026-01-09 02:54:27,900 - LanternAna - INFO - Dataset run4d_v10_04_07_13_BNB_nue_overlay_surprise processed in 1033.9s
2026-01-09 02:54:27,900 - LanternAna - INFO - Results written to /exp/uboone/app/users/imani/lantern_ana/runs45_zev_mmr/nue_raw_root/run4d_v10_04_07_13_BNB_nue_overlay_surprise_20260109_023713.root
2026-01-09 02:54:27,900 - LanternAna - INFO - Processing dataset with enhanced architecture: run5_v10_04_07_13_BNB_nu_overlay_surprise
2026-01-09 02:54:28,046 - LanternAna - INFO - Processing 725107 events with producer-first architecture...
2026-01-09 02:55:50,046 - LanternAna - INFO - Progress: 5.0% (36255/725107), Est. time remaining: 1558.0s
2026-01-09 02:57:10,100 - LanternAna - INFO - Progress: 10.0% (72510/725107), Est. time remaining: 1458.5s
2026-01-09 02:58:29,116 - LanternAna - INFO - Progress: 15.0% (108765/725107), Est. time remaining: 1366.1s
2026-01-09 02:59:48,149 - LanternAna - INFO - Progress: 20.0% (145020/725107), Est. time remaining: 1280.4s
2026-01-09 03:01:09,403 - LanternAna - INFO - Progress: 25.0% (181275/725107), Est. time remaining: 1204.1s
2026-01-09 03:02:29,269 - LanternAna - INFO - Progress: 30.0% (217530/725107), Est. time remaining: 1122.9s
2026-01-09 03:03:49,750 - LanternAna - INFO - Progress: 35.0% (253785/725107), Est. time remaining: 1043.2s
2026-01-09 03:05:11,372 - LanternAna - INFO - Progress: 40.0% (290040/725107), Est. time remaining: 965.0s
2026-01-09 03:06:32,952 - LanternAna - INFO - Progress: 45.0% (326295/725107), Est. time remaining: 886.0s
2026-01-09 03:07:54,800 - LanternAna - INFO - Progress: 50.0% (362550/725107), Est. time remaining: 806.8s
2026-01-09 03:09:14,281 - LanternAna - INFO - Progress: 55.0% (398805/725107), Est. time remaining: 725.1s
2026-01-09 03:10:34,992 - LanternAna - INFO - Progress: 60.0% (435060/725107), Est. time remaining: 644.6s
2026-01-09 03:11:55,785 - LanternAna - INFO - Progress: 65.0% (471315/725107), Est. time remaining: 564.2s
2026-01-09 03:13:15,465 - LanternAna - INFO - Progress: 70.0% (507570/725107), Est. time remaining: 483.2s
2026-01-09 03:14:35,391 - LanternAna - INFO - Progress: 75.0% (543825/725107), Est. time remaining: 402.5s
2026-01-09 03:15:57,079 - LanternAna - INFO - Progress: 80.0% (580080/725107), Est. time remaining: 322.3s
2026-01-09 03:17:19,045 - LanternAna - INFO - Progress: 85.0% (616335/725107), Est. time remaining: 242.0s
2026-01-09 03:18:38,805 - LanternAna - INFO - Progress: 90.0% (652590/725107), Est. time remaining: 161.2s
2026-01-09 03:20:03,250 - LanternAna - INFO - Progress: 95.0% (688845/725107), Est. time remaining: 80.8s
2026-01-09 03:21:23,837 - LanternAna - INFO - Progress: 100.0% (725100/725107), Est. time remaining: 0.0s
2026-01-09 03:21:24,446 - LanternAna - INFO - Dataset run5_v10_04_07_13_BNB_nu_overlay_surprise processed in 1615.8s
2026-01-09 03:21:24,447 - LanternAna - INFO - Results written to /exp/uboone/app/users/imani/lantern_ana/runs45_zev_mmr/nue_raw_root/run5_v10_04_07_13_BNB_nu_overlay_surprise_20260109_025427.root
2026-01-09 03:21:24,447 - LanternAna - INFO - Processing dataset with enhanced architecture: run5_v10_04_07_13_BNB_nue_overlay_surprise
2026-01-09 03:21:24,620 - LanternAna - INFO - Processing 229798 events with producer-first architecture...
2026-01-09 03:22:16,674 - LanternAna - INFO - Progress: 5.0% (11489/229798), Est. time remaining: 989.1s
2026-01-09 03:23:08,624 - LanternAna - INFO - Progress: 10.0% (22978/229798), Est. time remaining: 936.1s
2026-01-09 03:23:59,534 - LanternAna - INFO - Progress: 15.0% (34467/229798), Est. time remaining: 877.9s
2026-01-09 03:24:50,637 - LanternAna - INFO - Progress: 20.0% (45956/229798), Est. time remaining: 824.2s
2026-01-09 03:25:41,646 - LanternAna - INFO - Progress: 25.0% (57445/229798), Est. time remaining: 771.2s
2026-01-09 03:26:32,966 - LanternAna - INFO - Progress: 30.0% (68934/229798), Est. time remaining: 719.6s
2026-01-09 03:27:24,246 - LanternAna - INFO - Progress: 35.0% (80423/229798), Est. time remaining: 668.0s
2026-01-09 03:28:15,622 - LanternAna - INFO - Progress: 40.0% (91912/229798), Est. time remaining: 616.6s
2026-01-09 03:29:07,111 - LanternAna - INFO - Progress: 45.0% (103401/229798), Est. time remaining: 565.3s
2026-01-09 03:29:58,320 - LanternAna - INFO - Progress: 50.0% (114890/229798), Est. time remaining: 513.8s
2026-01-09 03:30:50,374 - LanternAna - INFO - Progress: 55.0% (126379/229798), Est. time remaining: 463.0s
2026-01-09 03:31:41,266 - LanternAna - INFO - Progress: 60.0% (137868/229798), Est. time remaining: 411.2s
2026-01-09 03:32:32,138 - LanternAna - INFO - Progress: 65.0% (149357/229798), Est. time remaining: 359.5s
2026-01-09 03:33:24,068 - LanternAna - INFO - Progress: 70.0% (160846/229798), Est. time remaining: 308.4s
2026-01-09 03:34:15,199 - LanternAna - INFO - Progress: 75.0% (172335/229798), Est. time remaining: 256.9s
2026-01-09 03:35:06,091 - LanternAna - INFO - Progress: 80.0% (183824/229798), Est. time remaining: 205.4s
2026-01-09 03:35:56,674 - LanternAna - INFO - Progress: 85.0% (195313/229798), Est. time remaining: 154.0s
2026-01-09 03:36:47,744 - LanternAna - INFO - Progress: 90.0% (206802/229798), Est. time remaining: 102.6s
2026-01-09 03:37:39,422 - LanternAna - INFO - Progress: 95.0% (218291/229798), Est. time remaining: 51.4s
2026-01-09 03:38:30,914 - LanternAna - INFO - Progress: 100.0% (229780/229798), Est. time remaining: 0.1s
2026-01-09 03:38:31,716 - LanternAna - INFO - Dataset run5_v10_04_07_13_BNB_nue_overlay_surprise processed in 1026.4s
2026-01-09 03:38:31,716 - LanternAna - INFO - Results written to /exp/uboone/app/users/imani/lantern_ana/runs45_zev_mmr/nue_raw_root/run5_v10_04_07_13_BNB_nue_overlay_surprise_20260109_032124.root
2026-01-09 03:38:31,718 - LanternAna - INFO - ==================================================
2026-01-09 03:38:31,718 - LanternAna - INFO - Enhanced Analysis Statistics
2026-01-09 03:38:31,719 - LanternAna - INFO - ==================================================
2026-01-09 03:38:31,719 - LanternAna - INFO - Dataset: run4c_v10_04_07_13_BNB_nu_overlay_surprise
2026-01-09 03:38:31,719 - LanternAna - INFO -   Total events: 380707
2026-01-09 03:38:31,719 - LanternAna - INFO -   Passed events: 378824 (99.5%)
2026-01-09 03:38:31,719 - LanternAna - INFO -   Failed events: 1883 (0.5%)
2026-01-09 03:38:31,719 - LanternAna - INFO -   Processing time: 878.9s
2026-01-09 03:38:31,719 - LanternAna - INFO -   Cut statistics:
2026-01-09 03:38:31,719 - LanternAna - INFO -     remove_true_nue_cc: 1883/380707 (0.5%)
2026-01-09 03:38:31,720 - LanternAna - INFO - Dataset: run4c_v10_04_07_13_BNB_nue_overlay_surprise
2026-01-09 03:38:31,720 - LanternAna - INFO -   Total events: 120265
2026-01-09 03:38:31,720 - LanternAna - INFO -   Passed events: 120265 (100.0%)
2026-01-09 03:38:31,720 - LanternAna - INFO -   Failed events: 0 (0.0%)
2026-01-09 03:38:31,720 - LanternAna - INFO -   Processing time: 561.6s
2026-01-09 03:38:31,720 - LanternAna - INFO -   Cut statistics:
2026-01-09 03:38:31,720 - LanternAna - INFO -     remove_true_nue_cc: 0/120265 (0.0%)
2026-01-09 03:38:31,720 - LanternAna - INFO - Dataset: run4d_v10_04_07_13_BNB_nu_overlay_surprise
2026-01-09 03:38:31,720 - LanternAna - INFO -   Total events: 725107
2026-01-09 03:38:31,720 - LanternAna - INFO -   Passed events: 721494 (99.5%)
2026-01-09 03:38:31,720 - LanternAna - INFO -   Failed events: 3613 (0.5%)
2026-01-09 03:38:31,720 - LanternAna - INFO -   Processing time: 1589.9s
2026-01-09 03:38:31,720 - LanternAna - INFO -   Cut statistics:
2026-01-09 03:38:31,720 - LanternAna - INFO -     remove_true_nue_cc: 3613/725107 (0.5%)
2026-01-09 03:38:31,720 - LanternAna - INFO - Dataset: run4d_v10_04_07_13_BNB_nue_overlay_surprise
2026-01-09 03:38:31,720 - LanternAna - INFO -   Total events: 229798
2026-01-09 03:38:31,720 - LanternAna - INFO -   Passed events: 229798 (100.0%)
2026-01-09 03:38:31,720 - LanternAna - INFO -   Failed events: 0 (0.0%)
2026-01-09 03:38:31,720 - LanternAna - INFO -   Processing time: 1033.9s
2026-01-09 03:38:31,720 - LanternAna - INFO -   Cut statistics:
2026-01-09 03:38:31,720 - LanternAna - INFO -     remove_true_nue_cc: 0/229798 (0.0%)
2026-01-09 03:38:31,720 - LanternAna - INFO - Dataset: run5_v10_04_07_13_BNB_nu_overlay_surprise
2026-01-09 03:38:31,720 - LanternAna - INFO -   Total events: 725107
2026-01-09 03:38:31,720 - LanternAna - INFO -   Passed events: 721494 (99.5%)
2026-01-09 03:38:31,721 - LanternAna - INFO -   Failed events: 3613 (0.5%)
2026-01-09 03:38:31,721 - LanternAna - INFO -   Processing time: 1615.8s
2026-01-09 03:38:31,721 - LanternAna - INFO -   Cut statistics:
2026-01-09 03:38:31,721 - LanternAna - INFO -     remove_true_nue_cc: 3613/725107 (0.5%)
2026-01-09 03:38:31,721 - LanternAna - INFO - Dataset: run5_v10_04_07_13_BNB_nue_overlay_surprise
2026-01-09 03:38:31,721 - LanternAna - INFO -   Total events: 229798
2026-01-09 03:38:31,721 - LanternAna - INFO -   Passed events: 229798 (100.0%)
2026-01-09 03:38:31,721 - LanternAna - INFO -   Failed events: 0 (0.0%)
2026-01-09 03:38:31,721 - LanternAna - INFO -   Processing time: 1026.4s
2026-01-09 03:38:31,721 - LanternAna - INFO -   Cut statistics:
2026-01-09 03:38:31,721 - LanternAna - INFO -     remove_true_nue_cc: 0/229798 (0.0%)
2026-01-09 03:38:31,721 - LanternAna - INFO - ==================================================
2026-01-09 03:38:31,722 - LanternAna - INFO - analysis complete!
2026-01-09 03:38:31,802 - LanternAna - INFO - Statistics saved to: /exp/uboone/app/users/imani/lantern_ana/runs45_zev_mmr/nue_raw_root/statistics.yaml
2026-01-09 03:55:33,158 - LanternAna - INFO - Loading configuration from runs45_mmr.yaml
2026-01-09 03:55:33,162 - LanternAna - INFO - Discovering components...
2026-01-09 03:55:37,110 - LanternAna - INFO - Found 13 cuts
2026-01-09 03:55:37,110 - LanternAna - INFO - Found 37 producers
2026-01-09 03:55:37,110 - LanternAna - INFO - Found 1 dataset types
2026-01-09 03:55:37,110 - LanternAna - INFO - Found 1 tags
2026-01-09 03:55:37,110 - LanternAna - INFO - Configuring components...
2026-01-09 03:55:37,138 - LanternAna - INFO - Starting enhanced analysis run...
2026-01-09 03:55:37,138 - LanternAna - INFO - Loading datasets...
2026-01-09 03:55:37,433 - LanternAna - INFO - Loaded dataset 'run4a_dirt' with 30502 entries
2026-01-09 03:55:37,433 - LanternAna - INFO - Processing dataset with enhanced architecture: run4a_dirt
2026-01-09 03:55:38,259 - LanternAna - INFO - Processing 30502 events with producer-first architecture...
2026-01-09 03:55:38,662 - LanternAna - INFO - Progress: 5.0% (1525/30502), Est. time remaining: 7.7s
2026-01-09 03:55:38,973 - LanternAna - INFO - Progress: 10.0% (3050/30502), Est. time remaining: 6.4s
2026-01-09 03:55:39,244 - LanternAna - INFO - Progress: 15.0% (4575/30502), Est. time remaining: 5.6s
2026-01-09 03:55:39,551 - LanternAna - INFO - Progress: 20.0% (6100/30502), Est. time remaining: 5.2s
2026-01-09 03:55:39,845 - LanternAna - INFO - Progress: 25.0% (7625/30502), Est. time remaining: 4.8s
2026-01-09 03:55:40,148 - LanternAna - INFO - Progress: 30.0% (9150/30502), Est. time remaining: 4.4s
2026-01-09 03:55:40,446 - LanternAna - INFO - Progress: 35.0% (10675/30502), Est. time remaining: 4.1s
2026-01-09 03:55:40,745 - LanternAna - INFO - Progress: 40.0% (12200/30502), Est. time remaining: 3.7s
2026-01-09 03:55:41,034 - LanternAna - INFO - Progress: 45.0% (13725/30502), Est. time remaining: 3.4s
2026-01-09 03:55:41,318 - LanternAna - INFO - Progress: 50.0% (15250/30502), Est. time remaining: 3.1s
2026-01-09 03:55:41,592 - LanternAna - INFO - Progress: 55.0% (16775/30502), Est. time remaining: 2.7s
2026-01-09 03:55:41,897 - LanternAna - INFO - Progress: 60.0% (18300/30502), Est. time remaining: 2.4s
2026-01-09 03:55:42,193 - LanternAna - INFO - Progress: 65.0% (19825/30502), Est. time remaining: 2.1s
2026-01-09 03:55:42,505 - LanternAna - INFO - Progress: 70.0% (21350/30502), Est. time remaining: 1.8s
2026-01-09 03:55:42,809 - LanternAna - INFO - Progress: 75.0% (22875/30502), Est. time remaining: 1.5s
2026-01-09 03:55:43,102 - LanternAna - INFO - Progress: 80.0% (24400/30502), Est. time remaining: 1.2s
2026-01-09 03:55:43,376 - LanternAna - INFO - Progress: 85.0% (25925/30502), Est. time remaining: 0.9s
2026-01-09 03:55:43,657 - LanternAna - INFO - Progress: 90.0% (27450/30502), Est. time remaining: 0.6s
2026-01-09 03:55:43,944 - LanternAna - INFO - Progress: 95.0% (28975/30502), Est. time remaining: 0.3s
2026-01-09 03:55:44,233 - LanternAna - INFO - Progress: 100.0% (30500/30502), Est. time remaining: 0.0s
2026-01-09 03:55:44,709 - LanternAna - INFO - Dataset run4a_dirt processed in 6.0s
2026-01-09 03:55:44,709 - LanternAna - INFO - Results written to /exp/uboone/app/users/imani/lantern_ana/runs45_zev_mmr/nue_raw_root/run4a_dirt_20260109_035537.root
2026-01-09 03:55:44,709 - LanternAna - INFO - ==================================================
2026-01-09 03:55:44,709 - LanternAna - INFO - Enhanced Analysis Statistics
2026-01-09 03:55:44,709 - LanternAna - INFO - ==================================================
2026-01-09 03:55:44,709 - LanternAna - INFO - Dataset: run4a_dirt
2026-01-09 03:55:44,710 - LanternAna - INFO -   Total events: 30502
2026-01-09 03:55:44,710 - LanternAna - INFO -   Passed events: 30502 (100.0%)
2026-01-09 03:55:44,710 - LanternAna - INFO -   Failed events: 0 (0.0%)
2026-01-09 03:55:44,710 - LanternAna - INFO -   Processing time: 6.0s
2026-01-09 03:55:44,710 - LanternAna - INFO -   Cut statistics:
2026-01-09 03:55:44,710 - LanternAna - INFO -     remove_true_nue_cc: 0/30502 (0.0%)
2026-01-09 03:55:44,710 - LanternAna - INFO - ==================================================
2026-01-09 03:55:44,710 - LanternAna - INFO - analysis complete!
2026-01-09 03:55:44,715 - LanternAna - INFO - Statistics saved to: /exp/uboone/app/users/imani/lantern_ana/runs45_zev_mmr/nue_raw_root/statistics.yaml
2026-01-09 03:56:56,526 - LanternAna - INFO - Loading configuration from runs45_mmr.yaml
2026-01-09 03:56:56,529 - LanternAna - INFO - Discovering components...
2026-01-09 03:56:59,220 - LanternAna - INFO - Found 13 cuts
2026-01-09 03:56:59,220 - LanternAna - INFO - Found 37 producers
2026-01-09 03:56:59,221 - LanternAna - INFO - Found 1 dataset types
2026-01-09 03:56:59,221 - LanternAna - INFO - Found 1 tags
2026-01-09 03:56:59,221 - LanternAna - INFO - Configuring components...
2026-01-09 03:56:59,248 - LanternAna - INFO - Starting enhanced analysis run...
2026-01-09 03:56:59,248 - LanternAna - INFO - Loading datasets...
2026-01-09 03:56:59,507 - LanternAna - INFO - Loaded dataset 'run4b_dirt' with 99611 entries
2026-01-09 03:56:59,507 - LanternAna - INFO - Processing dataset with enhanced architecture: run4b_dirt
2026-01-09 03:57:00,143 - LanternAna - INFO - Processing 99611 events with producer-first architecture...
2026-01-09 03:57:04,449 - LanternAna - INFO - Progress: 5.0% (4980/99611), Est. time remaining: 81.8s
2026-01-09 03:57:05,352 - LanternAna - INFO - Progress: 10.0% (9960/99611), Est. time remaining: 46.9s
2026-01-09 03:57:06,251 - LanternAna - INFO - Progress: 15.0% (14940/99611), Est. time remaining: 34.6s
2026-01-09 03:57:07,131 - LanternAna - INFO - Progress: 20.0% (19920/99611), Est. time remaining: 28.0s
2026-01-09 03:57:08,008 - LanternAna - INFO - Progress: 25.0% (24900/99611), Est. time remaining: 23.6s
2026-01-09 03:57:09,042 - LanternAna - INFO - Progress: 30.0% (29880/99611), Est. time remaining: 20.8s
2026-01-09 03:57:09,955 - LanternAna - INFO - Progress: 35.0% (34860/99611), Est. time remaining: 18.2s
2026-01-09 03:57:10,968 - LanternAna - INFO - Progress: 40.0% (39840/99611), Est. time remaining: 16.2s
2026-01-09 03:57:11,861 - LanternAna - INFO - Progress: 45.0% (44820/99611), Est. time remaining: 14.3s
2026-01-09 03:57:12,771 - LanternAna - INFO - Progress: 50.0% (49800/99611), Est. time remaining: 12.6s
2026-01-09 03:57:13,637 - LanternAna - INFO - Progress: 55.0% (54780/99611), Est. time remaining: 11.0s
2026-01-09 03:57:14,608 - LanternAna - INFO - Progress: 60.0% (59760/99611), Est. time remaining: 9.6s
2026-01-09 03:57:17,590 - LanternAna - INFO - Progress: 65.0% (64740/99611), Est. time remaining: 9.4s
2026-01-09 03:57:18,454 - LanternAna - INFO - Progress: 70.0% (69720/99611), Est. time remaining: 7.9s
2026-01-09 03:57:19,360 - LanternAna - INFO - Progress: 75.0% (74700/99611), Est. time remaining: 6.4s
2026-01-09 03:57:20,250 - LanternAna - INFO - Progress: 80.0% (79680/99611), Est. time remaining: 5.0s
2026-01-09 03:57:21,140 - LanternAna - INFO - Progress: 85.0% (84660/99611), Est. time remaining: 3.7s
2026-01-09 03:57:21,997 - LanternAna - INFO - Progress: 90.0% (89640/99611), Est. time remaining: 2.4s
2026-01-09 03:57:23,641 - LanternAna - INFO - Progress: 95.0% (94620/99611), Est. time remaining: 1.2s
2026-01-09 03:57:24,543 - LanternAna - INFO - Progress: 100.0% (99600/99611), Est. time remaining: 0.0s
2026-01-09 03:57:25,190 - LanternAna - INFO - Dataset run4b_dirt processed in 24.4s
2026-01-09 03:57:25,190 - LanternAna - INFO - Results written to /exp/uboone/app/users/imani/lantern_ana/runs45_zev_mmr/nue_raw_root/run4b_dirt_20260109_035659.root
2026-01-09 03:57:25,190 - LanternAna - INFO - ==================================================
2026-01-09 03:57:25,190 - LanternAna - INFO - Enhanced Analysis Statistics
2026-01-09 03:57:25,190 - LanternAna - INFO - ==================================================
2026-01-09 03:57:25,191 - LanternAna - INFO - Dataset: run4b_dirt
2026-01-09 03:57:25,191 - LanternAna - INFO -   Total events: 99611
2026-01-09 03:57:25,191 - LanternAna - INFO -   Passed events: 99611 (100.0%)
2026-01-09 03:57:25,191 - LanternAna - INFO -   Failed events: 0 (0.0%)
2026-01-09 03:57:25,191 - LanternAna - INFO -   Processing time: 24.4s
2026-01-09 03:57:25,191 - LanternAna - INFO -   Cut statistics:
2026-01-09 03:57:25,191 - LanternAna - INFO -     remove_true_nue_cc: 0/99611 (0.0%)
2026-01-09 03:57:25,191 - LanternAna - INFO - ==================================================
2026-01-09 03:57:25,191 - LanternAna - INFO - analysis complete!
2026-01-09 03:57:25,196 - LanternAna - INFO - Statistics saved to: /exp/uboone/app/users/imani/lantern_ana/runs45_zev_mmr/nue_raw_root/statistics.yaml
2026-01-09 04:29:15,096 - LanternAna - INFO - Loading configuration from runs45_mmr.yaml
2026-01-09 04:29:15,098 - LanternAna - INFO - Discovering components...
2026-01-09 04:29:17,844 - LanternAna - INFO - Found 13 cuts
2026-01-09 04:29:17,845 - LanternAna - INFO - Found 37 producers
2026-01-09 04:29:17,845 - LanternAna - INFO - Found 1 dataset types
2026-01-09 04:29:17,845 - LanternAna - INFO - Found 1 tags
2026-01-09 04:29:17,845 - LanternAna - INFO - Configuring components...
2026-01-09 04:29:17,872 - LanternAna - INFO - Starting enhanced analysis run...
2026-01-09 04:29:17,872 - LanternAna - INFO - Loading datasets...
2026-01-09 04:29:19,085 - LanternAna - INFO - Loaded dataset 'run4a_extbnb' with 430356 entries
2026-01-09 04:29:19,218 - LanternAna - INFO - Loaded dataset 'run4a_beamon' with 183421 entries
2026-01-09 04:29:19,219 - LanternAna - INFO - Processing dataset with enhanced architecture: run4a_extbnb
2026-01-09 04:29:19,392 - LanternAna - INFO - Processing 430356 events with producer-first architecture...
2026-01-09 04:29:22,356 - LanternAna - INFO - Progress: 5.0% (21517/430356), Est. time remaining: 56.3s
2026-01-09 04:29:25,218 - LanternAna - INFO - Progress: 10.0% (43034/430356), Est. time remaining: 52.4s
2026-01-09 04:29:28,125 - LanternAna - INFO - Progress: 15.0% (64551/430356), Est. time remaining: 49.5s
2026-01-09 04:29:30,978 - LanternAna - INFO - Progress: 20.0% (86068/430356), Est. time remaining: 46.3s
2026-01-09 04:29:33,709 - LanternAna - INFO - Progress: 25.0% (107585/430356), Est. time remaining: 43.0s
2026-01-09 04:29:36,635 - LanternAna - INFO - Progress: 30.0% (129102/430356), Est. time remaining: 40.2s
2026-01-09 04:29:39,444 - LanternAna - INFO - Progress: 35.0% (150619/430356), Est. time remaining: 37.2s
2026-01-09 04:29:42,367 - LanternAna - INFO - Progress: 40.0% (172136/430356), Est. time remaining: 34.5s
2026-01-09 04:29:45,313 - LanternAna - INFO - Progress: 45.0% (193653/430356), Est. time remaining: 31.7s
2026-01-09 04:29:48,187 - LanternAna - INFO - Progress: 50.0% (215170/430356), Est. time remaining: 28.8s
2026-01-09 04:29:51,095 - LanternAna - INFO - Progress: 55.0% (236687/430356), Est. time remaining: 25.9s
2026-01-09 04:29:54,159 - LanternAna - INFO - Progress: 60.0% (258204/430356), Est. time remaining: 23.2s
2026-01-09 04:29:57,010 - LanternAna - INFO - Progress: 65.0% (279721/430356), Est. time remaining: 20.3s
2026-01-09 04:30:00,250 - LanternAna - INFO - Progress: 70.0% (301238/430356), Est. time remaining: 17.5s
2026-01-09 04:30:03,432 - LanternAna - INFO - Progress: 75.0% (322755/430356), Est. time remaining: 14.7s
2026-01-09 04:30:06,263 - LanternAna - INFO - Progress: 80.0% (344272/430356), Est. time remaining: 11.7s
2026-01-09 04:30:09,344 - LanternAna - INFO - Progress: 85.0% (365789/430356), Est. time remaining: 8.8s
2026-01-09 04:30:12,391 - LanternAna - INFO - Progress: 90.0% (387306/430356), Est. time remaining: 5.9s
2026-01-09 04:30:15,288 - LanternAna - INFO - Progress: 95.0% (408823/430356), Est. time remaining: 2.9s
2026-01-09 04:30:18,087 - LanternAna - INFO - Progress: 100.0% (430340/430356), Est. time remaining: 0.0s
2026-01-09 04:30:18,316 - LanternAna - INFO - Dataset run4a_extbnb processed in 58.7s
2026-01-09 04:30:18,316 - LanternAna - INFO - Results written to /exp/uboone/app/users/imani/lantern_ana/runs45_zev_mmr/nue_raw_root/run4a_extbnb_20260109_042919.root
2026-01-09 04:30:18,316 - LanternAna - INFO - Processing dataset with enhanced architecture: run4a_beamon
2026-01-09 04:30:18,367 - LanternAna - INFO - Processing 183421 events with producer-first architecture...
2026-01-09 04:30:20,009 - LanternAna - INFO - Progress: 5.0% (9171/183421), Est. time remaining: 31.2s
2026-01-09 04:30:21,556 - LanternAna - INFO - Progress: 10.0% (18342/183421), Est. time remaining: 28.7s
2026-01-09 04:30:23,302 - LanternAna - INFO - Progress: 15.0% (27513/183421), Est. time remaining: 28.0s
2026-01-09 04:30:24,852 - LanternAna - INFO - Progress: 20.0% (36684/183421), Est. time remaining: 25.9s
2026-01-09 04:30:26,436 - LanternAna - INFO - Progress: 25.0% (45855/183421), Est. time remaining: 24.2s
2026-01-09 04:30:27,974 - LanternAna - INFO - Progress: 30.0% (55026/183421), Est. time remaining: 22.4s
2026-01-09 04:30:29,475 - LanternAna - INFO - Progress: 35.0% (64197/183421), Est. time remaining: 20.6s
2026-01-09 04:30:31,019 - LanternAna - INFO - Progress: 40.0% (73368/183421), Est. time remaining: 19.0s
2026-01-09 04:30:32,663 - LanternAna - INFO - Progress: 45.0% (82539/183421), Est. time remaining: 17.5s
2026-01-09 04:30:34,372 - LanternAna - INFO - Progress: 50.0% (91710/183421), Est. time remaining: 16.0s
2026-01-09 04:30:35,798 - LanternAna - INFO - Progress: 55.0% (100881/183421), Est. time remaining: 14.3s
2026-01-09 04:30:37,334 - LanternAna - INFO - Progress: 60.0% (110052/183421), Est. time remaining: 12.6s
2026-01-09 04:30:38,866 - LanternAna - INFO - Progress: 65.0% (119223/183421), Est. time remaining: 11.0s
2026-01-09 04:30:40,501 - LanternAna - INFO - Progress: 70.0% (128394/183421), Est. time remaining: 9.5s
2026-01-09 04:30:41,990 - LanternAna - INFO - Progress: 75.0% (137565/183421), Est. time remaining: 7.9s
2026-01-09 04:30:43,522 - LanternAna - INFO - Progress: 80.0% (146736/183421), Est. time remaining: 6.3s
2026-01-09 04:30:44,939 - LanternAna - INFO - Progress: 85.0% (155907/183421), Est. time remaining: 4.7s
2026-01-09 04:30:46,569 - LanternAna - INFO - Progress: 90.0% (165078/183421), Est. time remaining: 3.1s
2026-01-09 04:30:48,111 - LanternAna - INFO - Progress: 95.0% (174249/183421), Est. time remaining: 1.6s
2026-01-09 04:30:49,636 - LanternAna - INFO - Progress: 100.0% (183420/183421), Est. time remaining: 0.0s
2026-01-09 04:30:49,698 - LanternAna - INFO - Dataset run4a_beamon processed in 31.3s
2026-01-09 04:30:49,699 - LanternAna - INFO - Results written to /exp/uboone/app/users/imani/lantern_ana/runs45_zev_mmr/nue_raw_root/run4a_beamon_20260109_043018.root
2026-01-09 04:30:49,699 - LanternAna - INFO - ==================================================
2026-01-09 04:30:49,699 - LanternAna - INFO - Enhanced Analysis Statistics
2026-01-09 04:30:49,699 - LanternAna - INFO - ==================================================
2026-01-09 04:30:49,699 - LanternAna - INFO - Dataset: run4a_extbnb
2026-01-09 04:30:49,699 - LanternAna - INFO -   Total events: 430356
2026-01-09 04:30:49,699 - LanternAna - INFO -   Passed events: 430356 (100.0%)
2026-01-09 04:30:49,699 - LanternAna - INFO -   Failed events: 0 (0.0%)
2026-01-09 04:30:49,699 - LanternAna - INFO -   Processing time: 58.7s
2026-01-09 04:30:49,699 - LanternAna - INFO -   Cut statistics:
2026-01-09 04:30:49,699 - LanternAna - INFO -     remove_true_nue_cc: 0/430356 (0.0%)
2026-01-09 04:30:49,699 - LanternAna - INFO - Dataset: run4a_beamon
2026-01-09 04:30:49,699 - LanternAna - INFO -   Total events: 183421
2026-01-09 04:30:49,699 - LanternAna - INFO -   Passed events: 183421 (100.0%)
2026-01-09 04:30:49,699 - LanternAna - INFO -   Failed events: 0 (0.0%)
2026-01-09 04:30:49,699 - LanternAna - INFO -   Processing time: 31.3s
2026-01-09 04:30:49,699 - LanternAna - INFO -   Cut statistics:
2026-01-09 04:30:49,699 - LanternAna - INFO -     remove_true_nue_cc: 0/183421 (0.0%)
2026-01-09 04:30:49,699 - LanternAna - INFO - ==================================================
2026-01-09 04:30:49,700 - LanternAna - INFO - analysis complete!
2026-01-09 04:30:49,705 - LanternAna - INFO - Statistics saved to: /exp/uboone/app/users/imani/lantern_ana/runs45_zev_mmr/nue_raw_root/statistics.yaml
