2025-12-17 02:09:26,733 - LanternAna - INFO - Loading configuration from runs45_zev_mmr/runs45_mmr.yaml
2025-12-17 02:09:26,733 - LanternAna - INFO - Discovering components...
2025-12-17 02:09:36,993 - LanternAna - INFO - Found 13 cuts
2025-12-17 02:09:36,993 - LanternAna - INFO - Found 36 producers
2025-12-17 02:09:36,993 - LanternAna - INFO - Found 1 dataset types
2025-12-17 02:09:36,993 - LanternAna - INFO - Found 1 tags
2025-12-17 02:09:36,994 - LanternAna - INFO - Configuring components...
2025-12-17 02:09:37,013 - LanternAna - INFO - Starting enhanced analysis run...
2025-12-17 02:09:37,013 - LanternAna - INFO - Loading datasets...
2025-12-17 02:10:20,410 - LanternAna - INFO - Loading configuration from runs45_zev_mmr/runs45_mmr.yaml
2025-12-17 02:10:20,413 - LanternAna - INFO - Discovering components...
2025-12-17 02:10:23,415 - LanternAna - INFO - Found 13 cuts
2025-12-17 02:10:23,415 - LanternAna - INFO - Found 36 producers
2025-12-17 02:10:23,415 - LanternAna - INFO - Found 1 dataset types
2025-12-17 02:10:23,415 - LanternAna - INFO - Found 1 tags
2025-12-17 02:10:23,415 - LanternAna - INFO - Configuring components...
2025-12-17 02:10:23,430 - LanternAna - INFO - Starting enhanced analysis run...
2025-12-17 02:10:23,430 - LanternAna - INFO - Loading datasets...
2025-12-17 02:11:17,196 - LanternAna - INFO - Loading configuration from runs45_zev_mmr/runs45_mmr.yaml
2025-12-17 02:11:17,199 - LanternAna - INFO - Discovering components...
2025-12-17 02:11:20,123 - LanternAna - INFO - Found 13 cuts
2025-12-17 02:11:20,123 - LanternAna - INFO - Found 36 producers
2025-12-17 02:11:20,123 - LanternAna - INFO - Found 1 dataset types
2025-12-17 02:11:20,123 - LanternAna - INFO - Found 1 tags
2025-12-17 02:11:20,124 - LanternAna - INFO - Configuring components...
2025-12-17 02:11:20,138 - LanternAna - INFO - Starting enhanced analysis run...
2025-12-17 02:11:20,138 - LanternAna - INFO - Loading datasets...
2025-12-17 02:12:43,692 - LanternAna - INFO - Loading configuration from runs45_zev_mmr/runs45_mmr.yaml
2025-12-17 02:12:43,694 - LanternAna - INFO - Discovering components...
2025-12-17 02:12:46,764 - LanternAna - INFO - Found 13 cuts
2025-12-17 02:12:46,764 - LanternAna - INFO - Found 36 producers
2025-12-17 02:12:46,764 - LanternAna - INFO - Found 1 dataset types
2025-12-17 02:12:46,764 - LanternAna - INFO - Found 1 tags
2025-12-17 02:12:46,765 - LanternAna - INFO - Configuring components...
2025-12-17 02:12:46,778 - LanternAna - INFO - Starting enhanced analysis run...
2025-12-17 02:12:46,778 - LanternAna - INFO - Loading datasets...
2025-12-17 02:22:42,979 - LanternAna - INFO - Loading configuration from runs45_zev_mmr/runs45_mmr.yaml
2025-12-17 02:22:42,998 - LanternAna - INFO - Discovering components...
2025-12-17 02:22:46,149 - LanternAna - INFO - Found 13 cuts
2025-12-17 02:22:46,149 - LanternAna - INFO - Found 36 producers
2025-12-17 02:22:46,149 - LanternAna - INFO - Found 1 dataset types
2025-12-17 02:22:46,149 - LanternAna - INFO - Found 1 tags
2025-12-17 02:22:46,150 - LanternAna - INFO - Configuring components...
2025-12-17 02:22:46,163 - LanternAna - INFO - Starting enhanced analysis run...
2025-12-17 02:22:46,163 - LanternAna - INFO - Loading datasets...
2025-12-17 02:22:51,408 - LanternAna - INFO - Loaded dataset 'run4a_v10_04_07_13_BNB_nu_overlay_surprise' with 170233 entries
2025-12-17 02:22:51,409 - LanternAna - INFO -   MC dataset with 2.3593114985024402e+20 POT
2025-12-17 02:22:51,448 - LanternAna - INFO - Loaded dataset 'run4a_v10_04_07_13_BNB_nue_overlay_surprise' with 55054 entries
2025-12-17 02:22:51,448 - LanternAna - INFO -   MC dataset with 3.6831120503927822e+22 POT
2025-12-17 02:22:51,578 - LanternAna - INFO - Loaded dataset 'run4b_v10_04_07_09_BNB_nu_overlay_surprise' with 635859 entries
2025-12-17 02:22:51,578 - LanternAna - INFO -   MC dataset with 7.881656209241413e+20 POT
2025-12-17 02:22:51,633 - LanternAna - INFO - Loaded dataset 'run4b_v10_04_07_09_BNB_nue_overlay_surprise' with 201744 entries
2025-12-17 02:22:51,634 - LanternAna - INFO -   MC dataset with 1.1784184371386928e+23 POT
2025-12-17 02:22:52,202 - LanternAna - INFO - Loaded dataset 'run4c_v10_04_07_13_BNB_nu_overlay_surprise' with 380707 entries
2025-12-17 02:22:52,202 - LanternAna - INFO -   MC dataset with 4.715381951585468e+20 POT
2025-12-17 02:22:52,424 - LanternAna - INFO - Loaded dataset 'run4c_v10_04_07_13_BNB_nue_overlay_surprise' with 120265 entries
2025-12-17 02:22:52,424 - LanternAna - INFO -   MC dataset with 7.167877077540618e+22 POT
2025-12-17 02:22:52,539 - LanternAna - INFO - Loaded dataset 'run4d_v10_04_07_13_BNB_nu_overlay_surprise' with 725107 entries
2025-12-17 02:22:52,539 - LanternAna - INFO -   MC dataset with 8.96645871157333e+20 POT
2025-12-17 02:22:52,891 - LanternAna - INFO - Loaded dataset 'run4d_v10_04_07_13_BNB_nue_overlay_surprise' with 229798 entries
2025-12-17 02:22:52,891 - LanternAna - INFO -   MC dataset with 1.3754699413542485e+23 POT
2025-12-17 02:22:53,009 - LanternAna - INFO - Loaded dataset 'run5_v10_04_07_13_BNB_nu_overlay_surprise' with 725107 entries
2025-12-17 02:22:53,009 - LanternAna - INFO -   MC dataset with 8.96645871157333e+20 POT
2025-12-17 02:22:53,343 - LanternAna - INFO - Loaded dataset 'run5_v10_04_07_13_BNB_nue_overlay_surprise' with 229798 entries
2025-12-17 02:22:53,343 - LanternAna - INFO -   MC dataset with 1.3754699413542485e+23 POT
2025-12-17 02:22:53,600 - LanternAna - INFO - Loaded dataset 'run4a_extbnb' with 430356 entries
2025-12-17 02:22:53,720 - LanternAna - INFO - Loaded dataset 'run4a_beamon' with 183421 entries
2025-12-17 02:22:54,039 - LanternAna - INFO - Loaded dataset 'run4b_extbnb' with 1156514 entries
2025-12-17 02:22:54,199 - LanternAna - INFO - Loaded dataset 'run4b_beamon' with 539453 entries
2025-12-17 02:22:54,199 - LanternAna - INFO - Processing dataset with enhanced architecture: run4a_v10_04_07_13_BNB_nu_overlay_surprise
2025-12-17 02:22:54,233 - LanternAna - INFO - Processing 10 events with producer-first architecture...
2025-12-17 02:22:54,256 - LanternAna - INFO - Progress: 10.0% (1/10), Est. time remaining: 0.2s
2025-12-17 02:22:54,257 - LanternAna - INFO - Progress: 20.0% (2/10), Est. time remaining: 0.1s
2025-12-17 02:22:54,258 - LanternAna - INFO - Progress: 30.0% (3/10), Est. time remaining: 0.1s
2025-12-17 02:22:54,258 - LanternAna - INFO - Progress: 40.0% (4/10), Est. time remaining: 0.0s
2025-12-17 02:22:54,260 - LanternAna - INFO - Progress: 50.0% (5/10), Est. time remaining: 0.0s
2025-12-17 02:22:54,261 - LanternAna - INFO - Progress: 60.0% (6/10), Est. time remaining: 0.0s
2025-12-17 02:22:54,261 - LanternAna - INFO - Progress: 70.0% (7/10), Est. time remaining: 0.0s
2025-12-17 02:22:54,262 - LanternAna - INFO - Progress: 80.0% (8/10), Est. time remaining: 0.0s
2025-12-17 02:22:54,262 - LanternAna - INFO - Progress: 90.0% (9/10), Est. time remaining: 0.0s
2025-12-17 02:22:54,297 - LanternAna - INFO - Dataset run4a_v10_04_07_13_BNB_nu_overlay_surprise processed in 0.0s
2025-12-17 02:22:54,297 - LanternAna - INFO - Results written to /exp/uboone/app/users/imani/lantern_ana/runs45_zev_mmr/root_outputs/run4a_v10_04_07_13_BNB_nu_overlay_surprise_20251217_022254.root
2025-12-17 02:22:54,297 - LanternAna - INFO - Processing dataset with enhanced architecture: run4a_v10_04_07_13_BNB_nue_overlay_surprise
2025-12-17 02:22:54,338 - LanternAna - INFO - Processing 10 events with producer-first architecture...
2025-12-17 02:22:54,454 - LanternAna - INFO - Progress: 10.0% (1/10), Est. time remaining: 1.0s
2025-12-17 02:22:54,456 - LanternAna - INFO - Progress: 20.0% (2/10), Est. time remaining: 0.5s
2025-12-17 02:22:54,456 - LanternAna - INFO - Progress: 30.0% (3/10), Est. time remaining: 0.3s
2025-12-17 02:22:54,459 - LanternAna - INFO - Progress: 40.0% (4/10), Est. time remaining: 0.2s
2025-12-17 02:22:54,460 - LanternAna - INFO - Progress: 50.0% (5/10), Est. time remaining: 0.1s
2025-12-17 02:22:54,460 - LanternAna - INFO - Progress: 60.0% (6/10), Est. time remaining: 0.1s
2025-12-17 02:22:54,461 - LanternAna - INFO - Progress: 70.0% (7/10), Est. time remaining: 0.1s
2025-12-17 02:22:54,462 - LanternAna - INFO - Progress: 80.0% (8/10), Est. time remaining: 0.0s
2025-12-17 02:22:54,465 - LanternAna - INFO - Progress: 90.0% (9/10), Est. time remaining: 0.0s
2025-12-17 02:22:54,527 - LanternAna - INFO - Dataset run4a_v10_04_07_13_BNB_nue_overlay_surprise processed in 0.1s
2025-12-17 02:22:54,527 - LanternAna - INFO - Results written to /exp/uboone/app/users/imani/lantern_ana/runs45_zev_mmr/root_outputs/run4a_v10_04_07_13_BNB_nue_overlay_surprise_20251217_022254.root
2025-12-17 02:22:54,527 - LanternAna - INFO - Processing dataset with enhanced architecture: run4b_v10_04_07_09_BNB_nu_overlay_surprise
2025-12-17 02:22:54,949 - LanternAna - INFO - Processing 10 events with producer-first architecture...
2025-12-17 02:22:55,336 - LanternAna - INFO - Progress: 10.0% (1/10), Est. time remaining: 3.5s
2025-12-17 02:22:55,337 - LanternAna - INFO - Progress: 20.0% (2/10), Est. time remaining: 1.6s
2025-12-17 02:22:55,338 - LanternAna - INFO - Progress: 30.0% (3/10), Est. time remaining: 0.9s
2025-12-17 02:22:55,340 - LanternAna - INFO - Progress: 40.0% (4/10), Est. time remaining: 0.6s
2025-12-17 02:22:55,341 - LanternAna - INFO - Progress: 50.0% (5/10), Est. time remaining: 0.4s
2025-12-17 02:22:55,342 - LanternAna - INFO - Progress: 60.0% (6/10), Est. time remaining: 0.3s
2025-12-17 02:22:55,342 - LanternAna - INFO - Progress: 70.0% (7/10), Est. time remaining: 0.2s
2025-12-17 02:22:55,343 - LanternAna - INFO - Progress: 80.0% (8/10), Est. time remaining: 0.1s
2025-12-17 02:22:55,343 - LanternAna - INFO - Progress: 90.0% (9/10), Est. time remaining: 0.0s
2025-12-17 02:22:55,739 - LanternAna - INFO - Dataset run4b_v10_04_07_09_BNB_nu_overlay_surprise processed in 0.4s
2025-12-17 02:22:55,739 - LanternAna - INFO - Results written to /exp/uboone/app/users/imani/lantern_ana/runs45_zev_mmr/root_outputs/run4b_v10_04_07_09_BNB_nu_overlay_surprise_20251217_022254.root
2025-12-17 02:22:55,739 - LanternAna - INFO - Processing dataset with enhanced architecture: run4b_v10_04_07_09_BNB_nue_overlay_surprise
2025-12-17 02:22:55,770 - LanternAna - INFO - Processing 10 events with producer-first architecture...
2025-12-17 02:22:56,032 - LanternAna - INFO - Progress: 10.0% (1/10), Est. time remaining: 2.4s
2025-12-17 02:22:56,033 - LanternAna - INFO - Progress: 20.0% (2/10), Est. time remaining: 1.1s
2025-12-17 02:22:56,035 - LanternAna - INFO - Progress: 30.0% (3/10), Est. time remaining: 0.6s
2025-12-17 02:22:56,037 - LanternAna - INFO - Progress: 40.0% (4/10), Est. time remaining: 0.4s
2025-12-17 02:22:56,039 - LanternAna - INFO - Progress: 50.0% (5/10), Est. time remaining: 0.3s
2025-12-17 02:22:56,041 - LanternAna - INFO - Progress: 60.0% (6/10), Est. time remaining: 0.2s
2025-12-17 02:22:56,043 - LanternAna - INFO - Progress: 70.0% (7/10), Est. time remaining: 0.1s
2025-12-17 02:22:56,044 - LanternAna - INFO - Progress: 80.0% (8/10), Est. time remaining: 0.1s
2025-12-17 02:22:56,046 - LanternAna - INFO - Progress: 90.0% (9/10), Est. time remaining: 0.0s
2025-12-17 02:22:56,061 - LanternAna - INFO - Dataset run4b_v10_04_07_09_BNB_nue_overlay_surprise processed in 0.3s
2025-12-17 02:22:56,061 - LanternAna - INFO - Results written to /exp/uboone/app/users/imani/lantern_ana/runs45_zev_mmr/root_outputs/run4b_v10_04_07_09_BNB_nue_overlay_surprise_20251217_022255.root
2025-12-17 02:22:56,061 - LanternAna - INFO - Processing dataset with enhanced architecture: run4c_v10_04_07_13_BNB_nu_overlay_surprise
2025-12-17 02:22:56,103 - LanternAna - INFO - Processing 10 events with producer-first architecture...
2025-12-17 02:22:56,557 - LanternAna - INFO - Progress: 10.0% (1/10), Est. time remaining: 4.1s
2025-12-17 02:22:56,557 - LanternAna - INFO - Progress: 20.0% (2/10), Est. time remaining: 1.8s
2025-12-17 02:22:56,558 - LanternAna - INFO - Progress: 30.0% (3/10), Est. time remaining: 1.1s
2025-12-17 02:22:56,560 - LanternAna - INFO - Progress: 40.0% (4/10), Est. time remaining: 0.7s
2025-12-17 02:22:56,560 - LanternAna - INFO - Progress: 50.0% (5/10), Est. time remaining: 0.5s
2025-12-17 02:22:56,561 - LanternAna - INFO - Progress: 60.0% (6/10), Est. time remaining: 0.3s
2025-12-17 02:22:56,564 - LanternAna - INFO - Progress: 70.0% (7/10), Est. time remaining: 0.2s
2025-12-17 02:22:56,564 - LanternAna - INFO - Progress: 80.0% (8/10), Est. time remaining: 0.1s
2025-12-17 02:22:56,564 - LanternAna - INFO - Progress: 90.0% (9/10), Est. time remaining: 0.1s
2025-12-17 02:22:56,594 - LanternAna - INFO - Dataset run4c_v10_04_07_13_BNB_nu_overlay_surprise processed in 0.5s
2025-12-17 02:22:56,594 - LanternAna - INFO - Results written to /exp/uboone/app/users/imani/lantern_ana/runs45_zev_mmr/root_outputs/run4c_v10_04_07_13_BNB_nu_overlay_surprise_20251217_022256.root
2025-12-17 02:22:56,594 - LanternAna - INFO - Processing dataset with enhanced architecture: run4c_v10_04_07_13_BNB_nue_overlay_surprise
2025-12-17 02:22:56,604 - LanternAna - INFO - Processing 10 events with producer-first architecture...
2025-12-17 02:22:56,788 - LanternAna - INFO - Progress: 10.0% (1/10), Est. time remaining: 1.7s
2025-12-17 02:22:56,790 - LanternAna - INFO - Progress: 20.0% (2/10), Est. time remaining: 0.7s
2025-12-17 02:22:56,792 - LanternAna - INFO - Progress: 30.0% (3/10), Est. time remaining: 0.4s
2025-12-17 02:22:56,794 - LanternAna - INFO - Progress: 40.0% (4/10), Est. time remaining: 0.3s
2025-12-17 02:22:56,795 - LanternAna - INFO - Progress: 50.0% (5/10), Est. time remaining: 0.2s
2025-12-17 02:22:56,797 - LanternAna - INFO - Progress: 60.0% (6/10), Est. time remaining: 0.1s
2025-12-17 02:22:56,798 - LanternAna - INFO - Progress: 70.0% (7/10), Est. time remaining: 0.1s
2025-12-17 02:22:56,800 - LanternAna - INFO - Progress: 80.0% (8/10), Est. time remaining: 0.0s
2025-12-17 02:22:56,801 - LanternAna - INFO - Progress: 90.0% (9/10), Est. time remaining: 0.0s
2025-12-17 02:22:56,911 - LanternAna - INFO - Dataset run4c_v10_04_07_13_BNB_nue_overlay_surprise processed in 0.2s
2025-12-17 02:22:56,911 - LanternAna - INFO - Results written to /exp/uboone/app/users/imani/lantern_ana/runs45_zev_mmr/root_outputs/run4c_v10_04_07_13_BNB_nue_overlay_surprise_20251217_022256.root
2025-12-17 02:22:56,911 - LanternAna - INFO - Processing dataset with enhanced architecture: run4d_v10_04_07_13_BNB_nu_overlay_surprise
2025-12-17 02:22:57,397 - LanternAna - INFO - Processing 10 events with producer-first architecture...
2025-12-17 02:22:57,546 - LanternAna - INFO - Progress: 10.0% (1/10), Est. time remaining: 1.3s
2025-12-17 02:22:57,547 - LanternAna - INFO - Progress: 20.0% (2/10), Est. time remaining: 0.6s
2025-12-17 02:22:57,547 - LanternAna - INFO - Progress: 30.0% (3/10), Est. time remaining: 0.4s
2025-12-17 02:22:57,547 - LanternAna - INFO - Progress: 40.0% (4/10), Est. time remaining: 0.2s
2025-12-17 02:22:57,548 - LanternAna - INFO - Progress: 50.0% (5/10), Est. time remaining: 0.2s
2025-12-17 02:22:57,548 - LanternAna - INFO - Progress: 60.0% (6/10), Est. time remaining: 0.1s
2025-12-17 02:22:57,548 - LanternAna - INFO - Progress: 70.0% (7/10), Est. time remaining: 0.1s
2025-12-17 02:22:57,549 - LanternAna - INFO - Progress: 80.0% (8/10), Est. time remaining: 0.0s
2025-12-17 02:22:57,550 - LanternAna - INFO - Progress: 90.0% (9/10), Est. time remaining: 0.0s
2025-12-17 02:22:57,813 - LanternAna - INFO - Dataset run4d_v10_04_07_13_BNB_nu_overlay_surprise processed in 0.2s
2025-12-17 02:22:57,814 - LanternAna - INFO - Results written to /exp/uboone/app/users/imani/lantern_ana/runs45_zev_mmr/root_outputs/run4d_v10_04_07_13_BNB_nu_overlay_surprise_20251217_022256.root
2025-12-17 02:22:57,814 - LanternAna - INFO - Processing dataset with enhanced architecture: run4d_v10_04_07_13_BNB_nue_overlay_surprise
2025-12-17 02:22:57,827 - LanternAna - INFO - Processing 10 events with producer-first architecture...
2025-12-17 02:22:58,116 - LanternAna - INFO - Progress: 10.0% (1/10), Est. time remaining: 2.6s
2025-12-17 02:22:58,117 - LanternAna - INFO - Progress: 20.0% (2/10), Est. time remaining: 1.2s
2025-12-17 02:22:58,119 - LanternAna - INFO - Progress: 30.0% (3/10), Est. time remaining: 0.7s
2025-12-17 02:22:58,120 - LanternAna - INFO - Progress: 40.0% (4/10), Est. time remaining: 0.4s
2025-12-17 02:22:58,122 - LanternAna - INFO - Progress: 50.0% (5/10), Est. time remaining: 0.3s
2025-12-17 02:22:58,123 - LanternAna - INFO - Progress: 60.0% (6/10), Est. time remaining: 0.2s
2025-12-17 02:22:58,125 - LanternAna - INFO - Progress: 70.0% (7/10), Est. time remaining: 0.1s
2025-12-17 02:22:58,128 - LanternAna - INFO - Progress: 80.0% (8/10), Est. time remaining: 0.1s
2025-12-17 02:22:58,129 - LanternAna - INFO - Progress: 90.0% (9/10), Est. time remaining: 0.0s
2025-12-17 02:22:58,141 - LanternAna - INFO - Dataset run4d_v10_04_07_13_BNB_nue_overlay_surprise processed in 0.3s
2025-12-17 02:22:58,141 - LanternAna - INFO - Results written to /exp/uboone/app/users/imani/lantern_ana/runs45_zev_mmr/root_outputs/run4d_v10_04_07_13_BNB_nue_overlay_surprise_20251217_022257.root
2025-12-17 02:22:58,141 - LanternAna - INFO - Processing dataset with enhanced architecture: run5_v10_04_07_13_BNB_nu_overlay_surprise
2025-12-17 02:22:58,492 - LanternAna - INFO - Processing 10 events with producer-first architecture...
2025-12-17 02:22:58,514 - LanternAna - INFO - Progress: 10.0% (1/10), Est. time remaining: 0.2s
2025-12-17 02:22:58,514 - LanternAna - INFO - Progress: 20.0% (2/10), Est. time remaining: 0.1s
2025-12-17 02:22:58,515 - LanternAna - INFO - Progress: 30.0% (3/10), Est. time remaining: 0.1s
2025-12-17 02:22:58,515 - LanternAna - INFO - Progress: 40.0% (4/10), Est. time remaining: 0.0s
2025-12-17 02:22:58,515 - LanternAna - INFO - Progress: 50.0% (5/10), Est. time remaining: 0.0s
2025-12-17 02:22:58,516 - LanternAna - INFO - Progress: 60.0% (6/10), Est. time remaining: 0.0s
2025-12-17 02:22:58,516 - LanternAna - INFO - Progress: 70.0% (7/10), Est. time remaining: 0.0s
2025-12-17 02:22:58,516 - LanternAna - INFO - Progress: 80.0% (8/10), Est. time remaining: 0.0s
2025-12-17 02:22:58,518 - LanternAna - INFO - Progress: 90.0% (9/10), Est. time remaining: 0.0s
2025-12-17 02:22:58,846 - LanternAna - INFO - Dataset run5_v10_04_07_13_BNB_nu_overlay_surprise processed in 0.0s
2025-12-17 02:22:58,847 - LanternAna - INFO - Results written to /exp/uboone/app/users/imani/lantern_ana/runs45_zev_mmr/root_outputs/run5_v10_04_07_13_BNB_nu_overlay_surprise_20251217_022258.root
2025-12-17 02:22:58,847 - LanternAna - INFO - Processing dataset with enhanced architecture: run5_v10_04_07_13_BNB_nue_overlay_surprise
2025-12-17 02:22:58,908 - LanternAna - INFO - Processing 10 events with producer-first architecture...
2025-12-17 02:22:59,162 - LanternAna - INFO - Progress: 10.0% (1/10), Est. time remaining: 2.3s
2025-12-17 02:22:59,164 - LanternAna - INFO - Progress: 20.0% (2/10), Est. time remaining: 1.0s
2025-12-17 02:22:59,165 - LanternAna - INFO - Progress: 30.0% (3/10), Est. time remaining: 0.6s
2025-12-17 02:22:59,166 - LanternAna - INFO - Progress: 40.0% (4/10), Est. time remaining: 0.4s
2025-12-17 02:22:59,168 - LanternAna - INFO - Progress: 50.0% (5/10), Est. time remaining: 0.3s
2025-12-17 02:22:59,170 - LanternAna - INFO - Progress: 60.0% (6/10), Est. time remaining: 0.2s
2025-12-17 02:22:59,171 - LanternAna - INFO - Progress: 70.0% (7/10), Est. time remaining: 0.1s
2025-12-17 02:22:59,174 - LanternAna - INFO - Progress: 80.0% (8/10), Est. time remaining: 0.1s
2025-12-17 02:22:59,176 - LanternAna - INFO - Progress: 90.0% (9/10), Est. time remaining: 0.0s
2025-12-17 02:22:59,306 - LanternAna - INFO - Dataset run5_v10_04_07_13_BNB_nue_overlay_surprise processed in 0.3s
2025-12-17 02:22:59,306 - LanternAna - INFO - Results written to /exp/uboone/app/users/imani/lantern_ana/runs45_zev_mmr/root_outputs/run5_v10_04_07_13_BNB_nue_overlay_surprise_20251217_022258.root
2025-12-17 02:22:59,307 - LanternAna - INFO - Processing dataset with enhanced architecture: run4a_extbnb
2025-12-17 02:22:59,315 - LanternAna - INFO - Processing 10 events with producer-first architecture...
2025-12-17 02:22:59,353 - LanternAna - INFO - Progress: 10.0% (1/10), Est. time remaining: 0.3s
2025-12-17 02:22:59,353 - LanternAna - INFO - Progress: 20.0% (2/10), Est. time remaining: 0.2s
2025-12-17 02:22:59,354 - LanternAna - INFO - Progress: 30.0% (3/10), Est. time remaining: 0.1s
2025-12-17 02:22:59,354 - LanternAna - INFO - Progress: 40.0% (4/10), Est. time remaining: 0.1s
2025-12-17 02:22:59,354 - LanternAna - INFO - Progress: 50.0% (5/10), Est. time remaining: 0.0s
2025-12-17 02:22:59,355 - LanternAna - INFO - Progress: 60.0% (6/10), Est. time remaining: 0.0s
2025-12-17 02:22:59,355 - LanternAna - INFO - Progress: 70.0% (7/10), Est. time remaining: 0.0s
2025-12-17 02:22:59,355 - LanternAna - INFO - Progress: 80.0% (8/10), Est. time remaining: 0.0s
2025-12-17 02:22:59,355 - LanternAna - INFO - Progress: 90.0% (9/10), Est. time remaining: 0.0s
2025-12-17 02:22:59,362 - LanternAna - INFO - Dataset run4a_extbnb processed in 0.0s
2025-12-17 02:22:59,363 - LanternAna - INFO - Results written to /exp/uboone/app/users/imani/lantern_ana/runs45_zev_mmr/root_outputs/run4a_extbnb_20251217_022259.root
2025-12-17 02:22:59,363 - LanternAna - INFO - Processing dataset with enhanced architecture: run4a_beamon
2025-12-17 02:22:59,370 - LanternAna - INFO - Processing 10 events with producer-first architecture...
2025-12-17 02:22:59,394 - LanternAna - INFO - Progress: 10.0% (1/10), Est. time remaining: 0.2s
2025-12-17 02:22:59,395 - LanternAna - INFO - Progress: 20.0% (2/10), Est. time remaining: 0.1s
2025-12-17 02:22:59,396 - LanternAna - INFO - Progress: 30.0% (3/10), Est. time remaining: 0.1s
2025-12-17 02:22:59,396 - LanternAna - INFO - Progress: 40.0% (4/10), Est. time remaining: 0.0s
2025-12-17 02:22:59,397 - LanternAna - INFO - Progress: 50.0% (5/10), Est. time remaining: 0.0s
2025-12-17 02:22:59,397 - LanternAna - INFO - Progress: 60.0% (6/10), Est. time remaining: 0.0s
2025-12-17 02:22:59,398 - LanternAna - INFO - Progress: 70.0% (7/10), Est. time remaining: 0.0s
2025-12-17 02:22:59,398 - LanternAna - INFO - Progress: 80.0% (8/10), Est. time remaining: 0.0s
2025-12-17 02:22:59,399 - LanternAna - INFO - Progress: 90.0% (9/10), Est. time remaining: 0.0s
2025-12-17 02:22:59,419 - LanternAna - INFO - Dataset run4a_beamon processed in 0.0s
2025-12-17 02:22:59,419 - LanternAna - INFO - Results written to /exp/uboone/app/users/imani/lantern_ana/runs45_zev_mmr/root_outputs/run4a_beamon_20251217_022259.root
2025-12-17 02:22:59,419 - LanternAna - INFO - Processing dataset with enhanced architecture: run4b_extbnb
2025-12-17 02:22:59,442 - LanternAna - INFO - Processing 10 events with producer-first architecture...
2025-12-17 02:22:59,500 - LanternAna - INFO - Progress: 10.0% (1/10), Est. time remaining: 0.5s
2025-12-17 02:22:59,500 - LanternAna - INFO - Progress: 20.0% (2/10), Est. time remaining: 0.2s
2025-12-17 02:22:59,501 - LanternAna - INFO - Progress: 30.0% (3/10), Est. time remaining: 0.1s
2025-12-17 02:22:59,501 - LanternAna - INFO - Progress: 40.0% (4/10), Est. time remaining: 0.1s
2025-12-17 02:22:59,501 - LanternAna - INFO - Progress: 50.0% (5/10), Est. time remaining: 0.1s
2025-12-17 02:22:59,502 - LanternAna - INFO - Progress: 60.0% (6/10), Est. time remaining: 0.0s
2025-12-17 02:22:59,502 - LanternAna - INFO - Progress: 70.0% (7/10), Est. time remaining: 0.0s
2025-12-17 02:22:59,503 - LanternAna - INFO - Progress: 80.0% (8/10), Est. time remaining: 0.0s
2025-12-17 02:22:59,503 - LanternAna - INFO - Progress: 90.0% (9/10), Est. time remaining: 0.0s
2025-12-17 02:22:59,527 - LanternAna - INFO - Dataset run4b_extbnb processed in 0.1s
2025-12-17 02:22:59,527 - LanternAna - INFO - Results written to /exp/uboone/app/users/imani/lantern_ana/runs45_zev_mmr/root_outputs/run4b_extbnb_20251217_022259.root
2025-12-17 02:22:59,527 - LanternAna - INFO - Processing dataset with enhanced architecture: run4b_beamon
2025-12-17 02:22:59,561 - LanternAna - INFO - Processing 10 events with producer-first architecture...
2025-12-17 02:22:59,621 - LanternAna - INFO - Progress: 10.0% (1/10), Est. time remaining: 0.5s
2025-12-17 02:22:59,621 - LanternAna - INFO - Progress: 20.0% (2/10), Est. time remaining: 0.2s
2025-12-17 02:22:59,622 - LanternAna - INFO - Progress: 30.0% (3/10), Est. time remaining: 0.1s
2025-12-17 02:22:59,622 - LanternAna - INFO - Progress: 40.0% (4/10), Est. time remaining: 0.1s
2025-12-17 02:22:59,623 - LanternAna - INFO - Progress: 50.0% (5/10), Est. time remaining: 0.1s
2025-12-17 02:22:59,624 - LanternAna - INFO - Progress: 60.0% (6/10), Est. time remaining: 0.0s
2025-12-17 02:22:59,624 - LanternAna - INFO - Progress: 70.0% (7/10), Est. time remaining: 0.0s
2025-12-17 02:22:59,624 - LanternAna - INFO - Progress: 80.0% (8/10), Est. time remaining: 0.0s
2025-12-17 02:22:59,625 - LanternAna - INFO - Progress: 90.0% (9/10), Est. time remaining: 0.0s
2025-12-17 02:22:59,635 - LanternAna - INFO - Dataset run4b_beamon processed in 0.1s
2025-12-17 02:22:59,635 - LanternAna - INFO - Results written to /exp/uboone/app/users/imani/lantern_ana/runs45_zev_mmr/root_outputs/run4b_beamon_20251217_022259.root
2025-12-17 02:22:59,635 - LanternAna - INFO - ==================================================
2025-12-17 02:22:59,635 - LanternAna - INFO - Enhanced Analysis Statistics
2025-12-17 02:22:59,635 - LanternAna - INFO - ==================================================
2025-12-17 02:22:59,635 - LanternAna - INFO - Dataset: run4a_v10_04_07_13_BNB_nu_overlay_surprise
2025-12-17 02:22:59,635 - LanternAna - INFO -   Total events: 10
2025-12-17 02:22:59,636 - LanternAna - INFO -   Passed events: 10 (100.0%)
2025-12-17 02:22:59,636 - LanternAna - INFO -   Failed events: 0 (0.0%)
2025-12-17 02:22:59,636 - LanternAna - INFO -   Processing time: 0.0s
2025-12-17 02:22:59,636 - LanternAna - INFO -   Cut statistics:
2025-12-17 02:22:59,636 - LanternAna - INFO -     remove_true_nue_cc: 0/10 (0.0%)
2025-12-17 02:22:59,636 - LanternAna - INFO - Dataset: run4a_v10_04_07_13_BNB_nue_overlay_surprise
2025-12-17 02:22:59,636 - LanternAna - INFO -   Total events: 10
2025-12-17 02:22:59,636 - LanternAna - INFO -   Passed events: 10 (100.0%)
2025-12-17 02:22:59,636 - LanternAna - INFO -   Failed events: 0 (0.0%)
2025-12-17 02:22:59,636 - LanternAna - INFO -   Processing time: 0.1s
2025-12-17 02:22:59,636 - LanternAna - INFO -   Cut statistics:
2025-12-17 02:22:59,636 - LanternAna - INFO -     remove_true_nue_cc: 0/10 (0.0%)
2025-12-17 02:22:59,636 - LanternAna - INFO - Dataset: run4b_v10_04_07_09_BNB_nu_overlay_surprise
2025-12-17 02:22:59,636 - LanternAna - INFO -   Total events: 10
2025-12-17 02:22:59,636 - LanternAna - INFO -   Passed events: 10 (100.0%)
2025-12-17 02:22:59,636 - LanternAna - INFO -   Failed events: 0 (0.0%)
2025-12-17 02:22:59,636 - LanternAna - INFO -   Processing time: 0.4s
2025-12-17 02:22:59,636 - LanternAna - INFO -   Cut statistics:
2025-12-17 02:22:59,636 - LanternAna - INFO -     remove_true_nue_cc: 0/10 (0.0%)
2025-12-17 02:22:59,636 - LanternAna - INFO - Dataset: run4b_v10_04_07_09_BNB_nue_overlay_surprise
2025-12-17 02:22:59,636 - LanternAna - INFO -   Total events: 10
2025-12-17 02:22:59,636 - LanternAna - INFO -   Passed events: 10 (100.0%)
2025-12-17 02:22:59,636 - LanternAna - INFO -   Failed events: 0 (0.0%)
2025-12-17 02:22:59,636 - LanternAna - INFO -   Processing time: 0.3s
2025-12-17 02:22:59,636 - LanternAna - INFO -   Cut statistics:
2025-12-17 02:22:59,636 - LanternAna - INFO -     remove_true_nue_cc: 0/10 (0.0%)
2025-12-17 02:22:59,636 - LanternAna - INFO - Dataset: run4c_v10_04_07_13_BNB_nu_overlay_surprise
2025-12-17 02:22:59,637 - LanternAna - INFO -   Total events: 10
2025-12-17 02:22:59,637 - LanternAna - INFO -   Passed events: 10 (100.0%)
2025-12-17 02:22:59,637 - LanternAna - INFO -   Failed events: 0 (0.0%)
2025-12-17 02:22:59,637 - LanternAna - INFO -   Processing time: 0.5s
2025-12-17 02:22:59,637 - LanternAna - INFO -   Cut statistics:
2025-12-17 02:22:59,637 - LanternAna - INFO -     remove_true_nue_cc: 0/10 (0.0%)
2025-12-17 02:22:59,637 - LanternAna - INFO - Dataset: run4c_v10_04_07_13_BNB_nue_overlay_surprise
2025-12-17 02:22:59,637 - LanternAna - INFO -   Total events: 10
2025-12-17 02:22:59,637 - LanternAna - INFO -   Passed events: 10 (100.0%)
2025-12-17 02:22:59,637 - LanternAna - INFO -   Failed events: 0 (0.0%)
2025-12-17 02:22:59,637 - LanternAna - INFO -   Processing time: 0.2s
2025-12-17 02:22:59,637 - LanternAna - INFO -   Cut statistics:
2025-12-17 02:22:59,637 - LanternAna - INFO -     remove_true_nue_cc: 0/10 (0.0%)
2025-12-17 02:22:59,637 - LanternAna - INFO - Dataset: run4d_v10_04_07_13_BNB_nu_overlay_surprise
2025-12-17 02:22:59,637 - LanternAna - INFO -   Total events: 10
2025-12-17 02:22:59,637 - LanternAna - INFO -   Passed events: 10 (100.0%)
2025-12-17 02:22:59,637 - LanternAna - INFO -   Failed events: 0 (0.0%)
2025-12-17 02:22:59,637 - LanternAna - INFO -   Processing time: 0.2s
2025-12-17 02:22:59,637 - LanternAna - INFO -   Cut statistics:
2025-12-17 02:22:59,637 - LanternAna - INFO -     remove_true_nue_cc: 0/10 (0.0%)
2025-12-17 02:22:59,637 - LanternAna - INFO - Dataset: run4d_v10_04_07_13_BNB_nue_overlay_surprise
2025-12-17 02:22:59,637 - LanternAna - INFO -   Total events: 10
2025-12-17 02:22:59,637 - LanternAna - INFO -   Passed events: 10 (100.0%)
2025-12-17 02:22:59,637 - LanternAna - INFO -   Failed events: 0 (0.0%)
2025-12-17 02:22:59,637 - LanternAna - INFO -   Processing time: 0.3s
2025-12-17 02:22:59,637 - LanternAna - INFO -   Cut statistics:
2025-12-17 02:22:59,637 - LanternAna - INFO -     remove_true_nue_cc: 0/10 (0.0%)
2025-12-17 02:22:59,637 - LanternAna - INFO - Dataset: run5_v10_04_07_13_BNB_nu_overlay_surprise
2025-12-17 02:22:59,638 - LanternAna - INFO -   Total events: 10
2025-12-17 02:22:59,638 - LanternAna - INFO -   Passed events: 10 (100.0%)
2025-12-17 02:22:59,638 - LanternAna - INFO -   Failed events: 0 (0.0%)
2025-12-17 02:22:59,638 - LanternAna - INFO -   Processing time: 0.0s
2025-12-17 02:22:59,638 - LanternAna - INFO -   Cut statistics:
2025-12-17 02:22:59,638 - LanternAna - INFO -     remove_true_nue_cc: 0/10 (0.0%)
2025-12-17 02:22:59,638 - LanternAna - INFO - Dataset: run5_v10_04_07_13_BNB_nue_overlay_surprise
2025-12-17 02:22:59,638 - LanternAna - INFO -   Total events: 10
2025-12-17 02:22:59,638 - LanternAna - INFO -   Passed events: 10 (100.0%)
2025-12-17 02:22:59,638 - LanternAna - INFO -   Failed events: 0 (0.0%)
2025-12-17 02:22:59,638 - LanternAna - INFO -   Processing time: 0.3s
2025-12-17 02:22:59,638 - LanternAna - INFO -   Cut statistics:
2025-12-17 02:22:59,638 - LanternAna - INFO -     remove_true_nue_cc: 0/10 (0.0%)
2025-12-17 02:22:59,638 - LanternAna - INFO - Dataset: run4a_extbnb
2025-12-17 02:22:59,638 - LanternAna - INFO -   Total events: 10
2025-12-17 02:22:59,638 - LanternAna - INFO -   Passed events: 10 (100.0%)
2025-12-17 02:22:59,638 - LanternAna - INFO -   Failed events: 0 (0.0%)
2025-12-17 02:22:59,638 - LanternAna - INFO -   Processing time: 0.0s
2025-12-17 02:22:59,638 - LanternAna - INFO -   Cut statistics:
2025-12-17 02:22:59,638 - LanternAna - INFO -     remove_true_nue_cc: 0/10 (0.0%)
2025-12-17 02:22:59,638 - LanternAna - INFO - Dataset: run4a_beamon
2025-12-17 02:22:59,638 - LanternAna - INFO -   Total events: 10
2025-12-17 02:22:59,638 - LanternAna - INFO -   Passed events: 10 (100.0%)
2025-12-17 02:22:59,638 - LanternAna - INFO -   Failed events: 0 (0.0%)
2025-12-17 02:22:59,638 - LanternAna - INFO -   Processing time: 0.0s
2025-12-17 02:22:59,638 - LanternAna - INFO -   Cut statistics:
2025-12-17 02:22:59,638 - LanternAna - INFO -     remove_true_nue_cc: 0/10 (0.0%)
2025-12-17 02:22:59,638 - LanternAna - INFO - Dataset: run4b_extbnb
2025-12-17 02:22:59,639 - LanternAna - INFO -   Total events: 10
2025-12-17 02:22:59,639 - LanternAna - INFO -   Passed events: 10 (100.0%)
2025-12-17 02:22:59,639 - LanternAna - INFO -   Failed events: 0 (0.0%)
2025-12-17 02:22:59,639 - LanternAna - INFO -   Processing time: 0.1s
2025-12-17 02:22:59,639 - LanternAna - INFO -   Cut statistics:
2025-12-17 02:22:59,639 - LanternAna - INFO -     remove_true_nue_cc: 0/10 (0.0%)
2025-12-17 02:22:59,639 - LanternAna - INFO - Dataset: run4b_beamon
2025-12-17 02:22:59,639 - LanternAna - INFO -   Total events: 10
2025-12-17 02:22:59,639 - LanternAna - INFO -   Passed events: 10 (100.0%)
2025-12-17 02:22:59,639 - LanternAna - INFO -   Failed events: 0 (0.0%)
2025-12-17 02:22:59,639 - LanternAna - INFO -   Processing time: 0.1s
2025-12-17 02:22:59,639 - LanternAna - INFO -   Cut statistics:
2025-12-17 02:22:59,639 - LanternAna - INFO -     remove_true_nue_cc: 0/10 (0.0%)
2025-12-17 02:22:59,639 - LanternAna - INFO - ==================================================
2025-12-17 02:22:59,639 - LanternAna - INFO - analysis complete!
2025-12-17 02:22:59,646 - LanternAna - INFO - Statistics saved to: /exp/uboone/app/users/imani/lantern_ana/runs45_zev_mmr/root_outputs/statistics.yaml
2025-12-17 02:26:35,109 - LanternAna - INFO - Loading configuration from runs45_zev_mmr/runs45_mmr.yaml
2025-12-17 02:26:35,112 - LanternAna - INFO - Discovering components...
2025-12-17 02:26:38,534 - LanternAna - INFO - Found 13 cuts
2025-12-17 02:26:38,535 - LanternAna - INFO - Found 36 producers
2025-12-17 02:26:38,535 - LanternAna - INFO - Found 1 dataset types
2025-12-17 02:26:38,535 - LanternAna - INFO - Found 1 tags
2025-12-17 02:26:38,535 - LanternAna - INFO - Configuring components...
2025-12-17 02:26:38,549 - LanternAna - INFO - Starting enhanced analysis run...
2025-12-17 02:26:38,549 - LanternAna - INFO - Loading datasets...
2025-12-17 02:26:41,803 - LanternAna - INFO - Loaded dataset 'run4a_v10_04_07_13_BNB_nu_overlay_surprise' with 170233 entries
2025-12-17 02:26:41,803 - LanternAna - INFO -   MC dataset with 2.3593114985024402e+20 POT
2025-12-17 02:26:41,841 - LanternAna - INFO - Loaded dataset 'run4a_v10_04_07_13_BNB_nue_overlay_surprise' with 55054 entries
2025-12-17 02:26:41,841 - LanternAna - INFO -   MC dataset with 3.6831120503927822e+22 POT
2025-12-17 02:26:41,971 - LanternAna - INFO - Loaded dataset 'run4b_v10_04_07_09_BNB_nu_overlay_surprise' with 635859 entries
2025-12-17 02:26:41,971 - LanternAna - INFO -   MC dataset with 7.881656209241413e+20 POT
2025-12-17 02:26:42,016 - LanternAna - INFO - Loaded dataset 'run4b_v10_04_07_09_BNB_nue_overlay_surprise' with 201744 entries
2025-12-17 02:26:42,016 - LanternAna - INFO -   MC dataset with 1.1784184371386928e+23 POT
2025-12-17 02:26:42,584 - LanternAna - INFO - Loaded dataset 'run4c_v10_04_07_13_BNB_nu_overlay_surprise' with 380707 entries
2025-12-17 02:26:42,584 - LanternAna - INFO -   MC dataset with 4.715381951585468e+20 POT
2025-12-17 02:26:42,786 - LanternAna - INFO - Loaded dataset 'run4c_v10_04_07_13_BNB_nue_overlay_surprise' with 120265 entries
2025-12-17 02:26:42,786 - LanternAna - INFO -   MC dataset with 7.167877077540618e+22 POT
2025-12-17 02:26:42,897 - LanternAna - INFO - Loaded dataset 'run4d_v10_04_07_13_BNB_nu_overlay_surprise' with 725107 entries
2025-12-17 02:26:42,897 - LanternAna - INFO -   MC dataset with 8.96645871157333e+20 POT
2025-12-17 02:26:43,240 - LanternAna - INFO - Loaded dataset 'run4d_v10_04_07_13_BNB_nue_overlay_surprise' with 229798 entries
2025-12-17 02:26:43,240 - LanternAna - INFO -   MC dataset with 1.3754699413542485e+23 POT
2025-12-17 02:26:43,361 - LanternAna - INFO - Loaded dataset 'run5_v10_04_07_13_BNB_nu_overlay_surprise' with 725107 entries
2025-12-17 02:26:43,361 - LanternAna - INFO -   MC dataset with 8.96645871157333e+20 POT
2025-12-17 02:26:43,694 - LanternAna - INFO - Loaded dataset 'run5_v10_04_07_13_BNB_nue_overlay_surprise' with 229798 entries
2025-12-17 02:26:43,694 - LanternAna - INFO -   MC dataset with 1.3754699413542485e+23 POT
2025-12-17 02:26:43,943 - LanternAna - INFO - Loaded dataset 'run4a_extbnb' with 430356 entries
2025-12-17 02:26:44,062 - LanternAna - INFO - Loaded dataset 'run4a_beamon' with 183421 entries
2025-12-17 02:26:44,377 - LanternAna - INFO - Loaded dataset 'run4b_extbnb' with 1156514 entries
2025-12-17 02:26:44,534 - LanternAna - INFO - Loaded dataset 'run4b_beamon' with 539453 entries
2025-12-17 02:26:44,534 - LanternAna - INFO - Processing dataset with enhanced architecture: run4a_v10_04_07_13_BNB_nu_overlay_surprise
2025-12-17 02:26:44,628 - LanternAna - INFO - Processing 170233 events with producer-first architecture...
2025-12-17 02:26:49,527 - LanternAna - INFO - Progress: 5.0% (8511/170233), Est. time remaining: 93.1s
2025-12-17 02:26:54,182 - LanternAna - INFO - Progress: 10.0% (17022/170233), Est. time remaining: 86.0s
2025-12-17 02:26:58,926 - LanternAna - INFO - Progress: 15.0% (25533/170233), Est. time remaining: 81.0s
2025-12-17 02:27:03,740 - LanternAna - INFO - Progress: 20.0% (34044/170233), Est. time remaining: 76.5s
2025-12-17 02:27:08,602 - LanternAna - INFO - Progress: 25.0% (42555/170233), Est. time remaining: 71.9s
2025-12-17 02:27:13,584 - LanternAna - INFO - Progress: 30.0% (51066/170233), Est. time remaining: 67.6s
2025-12-17 02:27:18,651 - LanternAna - INFO - Progress: 35.0% (59577/170233), Est. time remaining: 63.2s
2025-12-17 02:27:23,800 - LanternAna - INFO - Progress: 40.0% (68088/170233), Est. time remaining: 58.8s
2025-12-17 02:27:28,783 - LanternAna - INFO - Progress: 45.0% (76599/170233), Est. time remaining: 54.0s
2025-12-17 02:27:34,136 - LanternAna - INFO - Progress: 50.0% (85110/170233), Est. time remaining: 49.5s
2025-12-17 02:27:39,237 - LanternAna - INFO - Progress: 55.0% (93621/170233), Est. time remaining: 44.7s
2025-12-17 02:27:44,467 - LanternAna - INFO - Progress: 60.0% (102132/170233), Est. time remaining: 39.9s
2025-12-17 02:27:49,355 - LanternAna - INFO - Progress: 65.0% (110643/170233), Est. time remaining: 34.9s
2025-12-17 02:27:54,322 - LanternAna - INFO - Progress: 70.0% (119154/170233), Est. time remaining: 29.9s
2025-12-17 02:27:59,140 - LanternAna - INFO - Progress: 75.0% (127665/170233), Est. time remaining: 24.8s
2025-12-17 02:28:04,524 - LanternAna - INFO - Progress: 80.0% (136176/170233), Est. time remaining: 20.0s
2025-12-17 02:28:09,440 - LanternAna - INFO - Progress: 85.0% (144687/170233), Est. time remaining: 15.0s
2025-12-17 02:28:14,396 - LanternAna - INFO - Progress: 90.0% (153198/170233), Est. time remaining: 10.0s
2025-12-17 02:28:19,200 - LanternAna - INFO - Progress: 95.0% (161709/170233), Est. time remaining: 5.0s
2025-12-17 02:28:23,998 - LanternAna - INFO - Progress: 100.0% (170220/170233), Est. time remaining: 0.0s
2025-12-17 02:28:24,207 - LanternAna - INFO - Dataset run4a_v10_04_07_13_BNB_nu_overlay_surprise processed in 99.4s
2025-12-17 02:28:24,207 - LanternAna - INFO - Results written to /exp/uboone/app/users/imani/lantern_ana/runs45_zev_mmr/root_outputs/run4a_v10_04_07_13_BNB_nu_overlay_surprise_20251217_022644.root
2025-12-17 02:28:24,207 - LanternAna - INFO - Processing dataset with enhanced architecture: run4a_v10_04_07_13_BNB_nue_overlay_surprise
2025-12-17 02:28:24,254 - LanternAna - INFO - Processing 55054 events with producer-first architecture...
2025-12-17 02:28:28,237 - LanternAna - INFO - Progress: 5.0% (2752/55054), Est. time remaining: 75.7s
2025-12-17 02:28:32,038 - LanternAna - INFO - Progress: 10.0% (5504/55054), Est. time remaining: 70.1s
2025-12-17 02:28:35,907 - LanternAna - INFO - Progress: 15.0% (8256/55054), Est. time remaining: 66.1s
2025-12-17 02:28:39,937 - LanternAna - INFO - Progress: 20.0% (11008/55054), Est. time remaining: 62.8s
2025-12-17 02:28:43,778 - LanternAna - INFO - Progress: 25.0% (13760/55054), Est. time remaining: 58.6s
2025-12-17 02:28:47,534 - LanternAna - INFO - Progress: 30.0% (16512/55054), Est. time remaining: 54.3s
2025-12-17 02:28:51,222 - LanternAna - INFO - Progress: 35.0% (19264/55054), Est. time remaining: 50.1s
2025-12-17 02:28:55,047 - LanternAna - INFO - Progress: 40.0% (22016/55054), Est. time remaining: 46.2s
2025-12-17 02:28:59,042 - LanternAna - INFO - Progress: 45.0% (24768/55054), Est. time remaining: 42.5s
2025-12-17 02:29:03,192 - LanternAna - INFO - Progress: 50.0% (27520/55054), Est. time remaining: 39.0s
2025-12-17 02:29:07,149 - LanternAna - INFO - Progress: 55.0% (30272/55054), Est. time remaining: 35.1s
2025-12-17 02:29:11,110 - LanternAna - INFO - Progress: 60.0% (33024/55054), Est. time remaining: 31.3s
2025-12-17 02:29:14,962 - LanternAna - INFO - Progress: 65.0% (35776/55054), Est. time remaining: 27.3s
2025-12-17 02:29:18,887 - LanternAna - INFO - Progress: 70.0% (38528/55054), Est. time remaining: 23.4s
2025-12-17 02:29:22,789 - LanternAna - INFO - Progress: 75.0% (41280/55054), Est. time remaining: 19.5s
2025-12-17 02:29:26,536 - LanternAna - INFO - Progress: 80.0% (44032/55054), Est. time remaining: 15.6s
2025-12-17 02:29:30,238 - LanternAna - INFO - Progress: 85.0% (46784/55054), Est. time remaining: 11.7s
2025-12-17 02:29:34,069 - LanternAna - INFO - Progress: 90.0% (49536/55054), Est. time remaining: 7.8s
2025-12-17 02:29:37,899 - LanternAna - INFO - Progress: 95.0% (52288/55054), Est. time remaining: 3.9s
2025-12-17 02:29:41,724 - LanternAna - INFO - Progress: 100.0% (55040/55054), Est. time remaining: 0.0s
2025-12-17 02:29:42,117 - LanternAna - INFO - Dataset run4a_v10_04_07_13_BNB_nue_overlay_surprise processed in 77.5s
2025-12-17 02:29:42,117 - LanternAna - INFO - Results written to /exp/uboone/app/users/imani/lantern_ana/runs45_zev_mmr/root_outputs/run4a_v10_04_07_13_BNB_nue_overlay_surprise_20251217_022824.root
2025-12-17 02:29:42,118 - LanternAna - INFO - Processing dataset with enhanced architecture: run4b_v10_04_07_09_BNB_nu_overlay_surprise
2025-12-17 02:29:42,155 - LanternAna - INFO - Processing 635859 events with producer-first architecture...
2025-12-17 02:30:01,740 - LanternAna - INFO - Progress: 5.0% (31792/635859), Est. time remaining: 372.1s
2025-12-17 02:30:22,147 - LanternAna - INFO - Progress: 10.0% (63584/635859), Est. time remaining: 359.9s
2025-12-17 02:30:41,243 - LanternAna - INFO - Progress: 15.0% (95376/635859), Est. time remaining: 334.8s
2025-12-17 02:30:59,847 - LanternAna - INFO - Progress: 20.0% (127168/635859), Est. time remaining: 310.8s
2025-12-17 02:31:18,852 - LanternAna - INFO - Progress: 25.0% (158960/635859), Est. time remaining: 290.1s
2025-12-17 02:31:37,921 - LanternAna - INFO - Progress: 30.0% (190752/635859), Est. time remaining: 270.1s
2025-12-17 02:31:56,316 - LanternAna - INFO - Progress: 35.0% (222544/635859), Est. time remaining: 249.2s
2025-12-17 02:32:15,703 - LanternAna - INFO - Progress: 40.0% (254336/635859), Est. time remaining: 230.3s
2025-12-17 02:32:34,191 - LanternAna - INFO - Progress: 45.0% (286128/635859), Est. time remaining: 210.3s
2025-12-17 02:32:52,637 - LanternAna - INFO - Progress: 50.0% (317920/635859), Est. time remaining: 190.5s
2025-12-17 02:33:12,166 - LanternAna - INFO - Progress: 55.0% (349712/635859), Est. time remaining: 171.8s
2025-12-17 02:33:30,922 - LanternAna - INFO - Progress: 60.0% (381504/635859), Est. time remaining: 152.5s
2025-12-17 02:33:51,315 - LanternAna - INFO - Progress: 65.0% (413296/635859), Est. time remaining: 134.2s
2025-12-17 02:34:10,013 - LanternAna - INFO - Progress: 70.0% (445088/635859), Est. time remaining: 114.8s
2025-12-17 02:34:28,507 - LanternAna - INFO - Progress: 75.0% (476880/635859), Est. time remaining: 95.5s
2025-12-17 02:34:47,581 - LanternAna - INFO - Progress: 80.0% (508672/635859), Est. time remaining: 76.4s
2025-12-17 02:35:06,926 - LanternAna - INFO - Progress: 85.0% (540464/635859), Est. time remaining: 57.3s
2025-12-17 02:35:25,640 - LanternAna - INFO - Progress: 90.0% (572256/635859), Est. time remaining: 38.2s
2025-12-17 02:35:44,116 - LanternAna - INFO - Progress: 95.0% (604048/635859), Est. time remaining: 19.1s
2025-12-17 02:36:03,063 - LanternAna - INFO - Progress: 100.0% (635840/635859), Est. time remaining: 0.0s
2025-12-17 02:36:03,292 - LanternAna - INFO - Dataset run4b_v10_04_07_09_BNB_nu_overlay_surprise processed in 380.9s
2025-12-17 02:36:03,293 - LanternAna - INFO - Results written to /exp/uboone/app/users/imani/lantern_ana/runs45_zev_mmr/root_outputs/run4b_v10_04_07_09_BNB_nu_overlay_surprise_20251217_022942.root
2025-12-17 02:36:03,293 - LanternAna - INFO - Processing dataset with enhanced architecture: run4b_v10_04_07_09_BNB_nue_overlay_surprise
2025-12-17 02:36:03,305 - LanternAna - INFO - Processing 201744 events with producer-first architecture...
2025-12-17 02:36:16,476 - LanternAna - INFO - Progress: 5.0% (10087/201744), Est. time remaining: 250.3s
2025-12-17 02:36:30,205 - LanternAna - INFO - Progress: 10.0% (20174/201744), Est. time remaining: 242.1s
2025-12-17 02:36:44,063 - LanternAna - INFO - Progress: 15.0% (30261/201744), Est. time remaining: 231.0s
2025-12-17 02:36:58,614 - LanternAna - INFO - Progress: 20.0% (40348/201744), Est. time remaining: 221.2s
2025-12-17 02:37:12,113 - LanternAna - INFO - Progress: 25.0% (50435/201744), Est. time remaining: 206.4s
2025-12-17 02:37:26,092 - LanternAna - INFO - Progress: 30.0% (60522/201744), Est. time remaining: 193.2s
2025-12-17 02:37:39,829 - LanternAna - INFO - Progress: 35.0% (70609/201744), Est. time remaining: 179.3s
2025-12-17 02:37:53,715 - LanternAna - INFO - Progress: 40.0% (80696/201744), Est. time remaining: 165.6s
2025-12-17 02:38:07,570 - LanternAna - INFO - Progress: 45.0% (90783/201744), Est. time remaining: 151.9s
2025-12-17 02:38:21,503 - LanternAna - INFO - Progress: 50.0% (100870/201744), Est. time remaining: 138.2s
2025-12-17 02:38:35,591 - LanternAna - INFO - Progress: 55.0% (110957/201744), Est. time remaining: 124.6s
2025-12-17 02:38:49,270 - LanternAna - INFO - Progress: 60.0% (121044/201744), Est. time remaining: 110.6s
2025-12-17 02:39:02,693 - LanternAna - INFO - Progress: 65.0% (131131/201744), Est. time remaining: 96.6s
2025-12-17 02:39:16,089 - LanternAna - INFO - Progress: 70.0% (141218/201744), Est. time remaining: 82.6s
2025-12-17 02:39:29,838 - LanternAna - INFO - Progress: 75.0% (151305/201744), Est. time remaining: 68.8s
2025-12-17 02:39:43,780 - LanternAna - INFO - Progress: 80.0% (161392/201744), Est. time remaining: 55.1s
2025-12-17 02:39:57,091 - LanternAna - INFO - Progress: 85.0% (171479/201744), Est. time remaining: 41.3s
2025-12-17 02:40:10,954 - LanternAna - INFO - Progress: 90.0% (181566/201744), Est. time remaining: 27.5s
2025-12-17 02:40:24,571 - LanternAna - INFO - Progress: 95.0% (191653/201744), Est. time remaining: 13.8s
2025-12-17 02:40:38,075 - LanternAna - INFO - Progress: 100.0% (201740/201744), Est. time remaining: 0.0s
2025-12-17 02:40:38,157 - LanternAna - INFO - Dataset run4b_v10_04_07_09_BNB_nue_overlay_surprise processed in 274.8s
2025-12-17 02:40:38,157 - LanternAna - INFO - Results written to /exp/uboone/app/users/imani/lantern_ana/runs45_zev_mmr/root_outputs/run4b_v10_04_07_09_BNB_nue_overlay_surprise_20251217_023603.root
2025-12-17 02:40:38,157 - LanternAna - INFO - Processing dataset with enhanced architecture: run4c_v10_04_07_13_BNB_nu_overlay_surprise
2025-12-17 02:40:38,188 - LanternAna - INFO - Processing 380707 events with producer-first architecture...
2025-12-17 02:40:50,315 - LanternAna - INFO - Progress: 5.0% (19035/380707), Est. time remaining: 230.4s
2025-12-17 02:41:02,099 - LanternAna - INFO - Progress: 10.0% (38070/380707), Est. time remaining: 215.2s
2025-12-17 02:41:14,058 - LanternAna - INFO - Progress: 15.0% (57105/380707), Est. time remaining: 203.3s
2025-12-17 02:41:25,554 - LanternAna - INFO - Progress: 20.0% (76140/380707), Est. time remaining: 189.5s
2025-12-17 02:41:37,374 - LanternAna - INFO - Progress: 25.0% (95175/380707), Est. time remaining: 177.6s
2025-12-17 02:41:48,924 - LanternAna - INFO - Progress: 30.0% (114210/380707), Est. time remaining: 165.1s
2025-12-17 02:42:00,466 - LanternAna - INFO - Progress: 35.0% (133245/380707), Est. time remaining: 152.8s
2025-12-17 02:42:12,360 - LanternAna - INFO - Progress: 40.0% (152280/380707), Est. time remaining: 141.3s
2025-12-17 02:42:24,234 - LanternAna - INFO - Progress: 45.0% (171315/380707), Est. time remaining: 129.6s
2025-12-17 02:42:35,696 - LanternAna - INFO - Progress: 50.0% (190350/380707), Est. time remaining: 117.5s
2025-12-17 02:42:47,123 - LanternAna - INFO - Progress: 55.0% (209385/380707), Est. time remaining: 105.5s
2025-12-17 02:42:58,855 - LanternAna - INFO - Progress: 60.0% (228420/380707), Est. time remaining: 93.8s
2025-12-17 02:43:10,699 - LanternAna - INFO - Progress: 65.0% (247455/380707), Est. time remaining: 82.1s
2025-12-17 02:43:22,356 - LanternAna - INFO - Progress: 70.0% (266490/380707), Est. time remaining: 70.4s
2025-12-17 02:43:33,835 - LanternAna - INFO - Progress: 75.0% (285525/380707), Est. time remaining: 58.6s
2025-12-17 02:43:45,580 - LanternAna - INFO - Progress: 80.0% (304560/380707), Est. time remaining: 46.9s
2025-12-17 02:43:56,954 - LanternAna - INFO - Progress: 85.0% (323595/380707), Est. time remaining: 35.1s
2025-12-17 02:44:08,700 - LanternAna - INFO - Progress: 90.0% (342630/380707), Est. time remaining: 23.4s
2025-12-17 02:44:20,210 - LanternAna - INFO - Progress: 95.0% (361665/380707), Est. time remaining: 11.7s
2025-12-17 02:44:31,497 - LanternAna - INFO - Progress: 100.0% (380700/380707), Est. time remaining: 0.0s
2025-12-17 02:44:31,560 - LanternAna - INFO - Dataset run4c_v10_04_07_13_BNB_nu_overlay_surprise processed in 233.3s
2025-12-17 02:44:31,561 - LanternAna - INFO - Results written to /exp/uboone/app/users/imani/lantern_ana/runs45_zev_mmr/root_outputs/run4c_v10_04_07_13_BNB_nu_overlay_surprise_20251217_024038.root
2025-12-17 02:44:31,561 - LanternAna - INFO - Processing dataset with enhanced architecture: run4c_v10_04_07_13_BNB_nue_overlay_surprise
2025-12-17 02:44:31,638 - LanternAna - INFO - Processing 120265 events with producer-first architecture...
2025-12-17 02:44:40,262 - LanternAna - INFO - Progress: 5.0% (6013/120265), Est. time remaining: 163.9s
2025-12-17 02:44:48,607 - LanternAna - INFO - Progress: 10.0% (12026/120265), Est. time remaining: 152.7s
2025-12-17 02:44:57,363 - LanternAna - INFO - Progress: 15.0% (18039/120265), Est. time remaining: 145.8s
2025-12-17 02:45:06,142 - LanternAna - INFO - Progress: 20.0% (24052/120265), Est. time remaining: 138.0s
2025-12-17 02:45:14,683 - LanternAna - INFO - Progress: 25.0% (30065/120265), Est. time remaining: 129.1s
2025-12-17 02:45:23,149 - LanternAna - INFO - Progress: 30.0% (36078/120265), Est. time remaining: 120.2s
2025-12-17 02:45:31,506 - LanternAna - INFO - Progress: 35.0% (42091/120265), Est. time remaining: 111.2s
2025-12-17 02:45:39,869 - LanternAna - INFO - Progress: 40.0% (48104/120265), Est. time remaining: 102.4s
2025-12-17 02:45:48,163 - LanternAna - INFO - Progress: 45.0% (54117/120265), Est. time remaining: 93.5s
2025-12-17 02:45:56,389 - LanternAna - INFO - Progress: 50.0% (60130/120265), Est. time remaining: 84.8s
2025-12-17 02:46:04,885 - LanternAna - INFO - Progress: 55.0% (66143/120265), Est. time remaining: 76.3s
2025-12-17 02:46:13,108 - LanternAna - INFO - Progress: 60.0% (72156/120265), Est. time remaining: 67.7s
2025-12-17 02:46:21,612 - LanternAna - INFO - Progress: 65.0% (78169/120265), Est. time remaining: 59.2s
2025-12-17 02:46:29,917 - LanternAna - INFO - Progress: 70.0% (84182/120265), Est. time remaining: 50.7s
2025-12-17 02:46:39,422 - LanternAna - INFO - Progress: 75.0% (90195/120265), Est. time remaining: 42.6s
2025-12-17 02:46:48,038 - LanternAna - INFO - Progress: 80.0% (96208/120265), Est. time remaining: 34.1s
2025-12-17 02:46:56,776 - LanternAna - INFO - Progress: 85.0% (102221/120265), Est. time remaining: 25.6s
2025-12-17 02:47:05,554 - LanternAna - INFO - Progress: 90.0% (108234/120265), Est. time remaining: 17.1s
2025-12-17 02:47:13,855 - LanternAna - INFO - Progress: 95.0% (114247/120265), Est. time remaining: 8.5s
2025-12-17 02:47:22,160 - LanternAna - INFO - Progress: 100.0% (120260/120265), Est. time remaining: 0.0s
2025-12-17 02:47:22,218 - LanternAna - INFO - Dataset run4c_v10_04_07_13_BNB_nue_overlay_surprise processed in 170.5s
2025-12-17 02:47:22,219 - LanternAna - INFO - Results written to /exp/uboone/app/users/imani/lantern_ana/runs45_zev_mmr/root_outputs/run4c_v10_04_07_13_BNB_nue_overlay_surprise_20251217_024431.root
2025-12-17 02:47:22,219 - LanternAna - INFO - Processing dataset with enhanced architecture: run4d_v10_04_07_13_BNB_nu_overlay_surprise
2025-12-17 02:47:22,255 - LanternAna - INFO - Processing 725107 events with producer-first architecture...
2025-12-17 02:47:44,080 - LanternAna - INFO - Progress: 5.0% (36255/725107), Est. time remaining: 414.7s
2025-12-17 02:48:06,328 - LanternAna - INFO - Progress: 10.0% (72510/725107), Est. time remaining: 396.7s
2025-12-17 02:48:28,472 - LanternAna - INFO - Progress: 15.0% (108765/725107), Est. time remaining: 375.2s
2025-12-17 02:48:49,569 - LanternAna - INFO - Progress: 20.0% (145020/725107), Est. time remaining: 349.3s
2025-12-17 02:49:12,372 - LanternAna - INFO - Progress: 25.0% (181275/725107), Est. time remaining: 330.4s
2025-12-17 02:49:35,092 - LanternAna - INFO - Progress: 30.0% (217530/725107), Est. time remaining: 310.0s
2025-12-17 02:49:57,053 - LanternAna - INFO - Progress: 35.0% (253785/725107), Est. time remaining: 287.5s
2025-12-17 02:50:19,106 - LanternAna - INFO - Progress: 40.0% (290040/725107), Est. time remaining: 265.3s
2025-12-17 02:50:40,667 - LanternAna - INFO - Progress: 45.0% (326295/725107), Est. time remaining: 242.5s
2025-12-17 02:51:02,071 - LanternAna - INFO - Progress: 50.0% (362550/725107), Est. time remaining: 219.8s
2025-12-17 02:51:23,128 - LanternAna - INFO - Progress: 55.0% (398805/725107), Est. time remaining: 197.1s
2025-12-17 02:51:44,526 - LanternAna - INFO - Progress: 60.0% (435060/725107), Est. time remaining: 174.9s
2025-12-17 02:52:06,679 - LanternAna - INFO - Progress: 65.0% (471315/725107), Est. time remaining: 153.2s
2025-12-17 02:52:28,383 - LanternAna - INFO - Progress: 70.0% (507570/725107), Est. time remaining: 131.2s
2025-12-17 02:52:49,552 - LanternAna - INFO - Progress: 75.0% (543825/725107), Est. time remaining: 109.1s
2025-12-17 02:53:11,031 - LanternAna - INFO - Progress: 80.0% (580080/725107), Est. time remaining: 87.2s
2025-12-17 02:53:32,689 - LanternAna - INFO - Progress: 85.0% (616335/725107), Est. time remaining: 65.4s
2025-12-17 02:53:53,833 - LanternAna - INFO - Progress: 90.0% (652590/725107), Est. time remaining: 43.5s
2025-12-17 02:54:15,728 - LanternAna - INFO - Progress: 95.0% (688845/725107), Est. time remaining: 21.8s
2025-12-17 02:54:37,102 - LanternAna - INFO - Progress: 100.0% (725100/725107), Est. time remaining: 0.0s
2025-12-17 02:54:37,131 - LanternAna - INFO - Dataset run4d_v10_04_07_13_BNB_nu_overlay_surprise processed in 434.9s
2025-12-17 02:54:37,131 - LanternAna - INFO - Results written to /exp/uboone/app/users/imani/lantern_ana/runs45_zev_mmr/root_outputs/run4d_v10_04_07_13_BNB_nu_overlay_surprise_20251217_024722.root
2025-12-17 02:54:37,131 - LanternAna - INFO - Processing dataset with enhanced architecture: run4d_v10_04_07_13_BNB_nue_overlay_surprise
2025-12-17 02:54:37,140 - LanternAna - INFO - Processing 229798 events with producer-first architecture...
2025-12-17 02:54:53,764 - LanternAna - INFO - Progress: 5.0% (11489/229798), Est. time remaining: 315.9s
2025-12-17 02:55:10,293 - LanternAna - INFO - Progress: 10.0% (22978/229798), Est. time remaining: 298.4s
2025-12-17 02:55:27,166 - LanternAna - INFO - Progress: 15.0% (34467/229798), Est. time remaining: 283.5s
2025-12-17 02:55:43,402 - LanternAna - INFO - Progress: 20.0% (45956/229798), Est. time remaining: 265.1s
2025-12-17 02:56:00,015 - LanternAna - INFO - Progress: 25.0% (57445/229798), Est. time remaining: 248.7s
2025-12-17 02:56:16,402 - LanternAna - INFO - Progress: 30.0% (68934/229798), Est. time remaining: 231.6s
2025-12-17 02:56:32,638 - LanternAna - INFO - Progress: 35.0% (80423/229798), Est. time remaining: 214.5s
2025-12-17 02:56:49,254 - LanternAna - INFO - Progress: 40.0% (91912/229798), Est. time remaining: 198.2s
2025-12-17 02:57:05,759 - LanternAna - INFO - Progress: 45.0% (103401/229798), Est. time remaining: 181.7s
2025-12-17 02:57:21,852 - LanternAna - INFO - Progress: 50.0% (114890/229798), Est. time remaining: 164.7s
2025-12-17 02:57:38,546 - LanternAna - INFO - Progress: 55.0% (126379/229798), Est. time remaining: 148.4s
2025-12-17 02:57:54,791 - LanternAna - INFO - Progress: 60.0% (137868/229798), Est. time remaining: 131.8s
2025-12-17 02:58:11,535 - LanternAna - INFO - Progress: 65.0% (149357/229798), Est. time remaining: 115.5s
2025-12-17 02:58:27,756 - LanternAna - INFO - Progress: 70.0% (160846/229798), Est. time remaining: 98.9s
2025-12-17 02:58:43,772 - LanternAna - INFO - Progress: 75.0% (172335/229798), Est. time remaining: 82.2s
2025-12-17 02:59:00,346 - LanternAna - INFO - Progress: 80.0% (183824/229798), Est. time remaining: 65.8s
2025-12-17 02:59:16,787 - LanternAna - INFO - Progress: 85.0% (195313/229798), Est. time remaining: 49.4s
2025-12-17 02:59:32,991 - LanternAna - INFO - Progress: 90.0% (206802/229798), Est. time remaining: 32.9s
2025-12-17 02:59:49,047 - LanternAna - INFO - Progress: 95.0% (218291/229798), Est. time remaining: 16.4s
2025-12-17 03:00:05,858 - LanternAna - INFO - Progress: 100.0% (229780/229798), Est. time remaining: 0.0s
2025-12-17 03:00:05,994 - LanternAna - INFO - Dataset run4d_v10_04_07_13_BNB_nue_overlay_surprise processed in 328.7s
2025-12-17 03:00:05,995 - LanternAna - INFO - Results written to /exp/uboone/app/users/imani/lantern_ana/runs45_zev_mmr/root_outputs/run4d_v10_04_07_13_BNB_nue_overlay_surprise_20251217_025437.root
2025-12-17 03:00:05,995 - LanternAna - INFO - Processing dataset with enhanced architecture: run5_v10_04_07_13_BNB_nu_overlay_surprise
2025-12-17 03:00:06,005 - LanternAna - INFO - Processing 725107 events with producer-first architecture...
2025-12-17 03:00:28,350 - LanternAna - INFO - Progress: 5.0% (36255/725107), Est. time remaining: 424.6s
2025-12-17 03:00:50,216 - LanternAna - INFO - Progress: 10.0% (72510/725107), Est. time remaining: 397.9s
2025-12-17 03:01:12,805 - LanternAna - INFO - Progress: 15.0% (108765/725107), Est. time remaining: 378.5s
2025-12-17 03:01:34,171 - LanternAna - INFO - Progress: 20.0% (145020/725107), Est. time remaining: 352.7s
2025-12-17 03:01:55,867 - LanternAna - INFO - Progress: 25.0% (181275/725107), Est. time remaining: 329.6s
2025-12-17 03:02:17,523 - LanternAna - INFO - Progress: 30.0% (217530/725107), Est. time remaining: 306.9s
2025-12-17 03:02:39,569 - LanternAna - INFO - Progress: 35.0% (253785/725107), Est. time remaining: 285.2s
2025-12-17 03:03:01,635 - LanternAna - INFO - Progress: 40.0% (290040/725107), Est. time remaining: 263.5s
2025-12-17 03:03:23,470 - LanternAna - INFO - Progress: 45.0% (326295/725107), Est. time remaining: 241.4s
2025-12-17 03:03:45,125 - LanternAna - INFO - Progress: 50.0% (362550/725107), Est. time remaining: 219.1s
2025-12-17 03:04:06,655 - LanternAna - INFO - Progress: 55.0% (398805/725107), Est. time remaining: 196.9s
2025-12-17 03:04:28,365 - LanternAna - INFO - Progress: 60.0% (435060/725107), Est. time remaining: 174.9s
2025-12-17 03:04:49,515 - LanternAna - INFO - Progress: 65.0% (471315/725107), Est. time remaining: 152.7s
2025-12-17 03:05:10,673 - LanternAna - INFO - Progress: 70.0% (507570/725107), Est. time remaining: 130.6s
2025-12-17 03:05:31,878 - LanternAna - INFO - Progress: 75.0% (543825/725107), Est. time remaining: 108.6s
2025-12-17 03:05:53,547 - LanternAna - INFO - Progress: 80.0% (580080/725107), Est. time remaining: 86.9s
2025-12-17 03:06:15,115 - LanternAna - INFO - Progress: 85.0% (616335/725107), Est. time remaining: 65.1s
2025-12-17 03:06:36,670 - LanternAna - INFO - Progress: 90.0% (652590/725107), Est. time remaining: 43.4s
2025-12-17 03:06:57,661 - LanternAna - INFO - Progress: 95.0% (688845/725107), Est. time remaining: 21.7s
2025-12-17 03:07:19,207 - LanternAna - INFO - Progress: 100.0% (725100/725107), Est. time remaining: 0.0s
2025-12-17 03:07:19,367 - LanternAna - INFO - Dataset run5_v10_04_07_13_BNB_nu_overlay_surprise processed in 433.2s
2025-12-17 03:07:19,367 - LanternAna - INFO - Results written to /exp/uboone/app/users/imani/lantern_ana/runs45_zev_mmr/root_outputs/run5_v10_04_07_13_BNB_nu_overlay_surprise_20251217_030005.root
2025-12-17 03:07:19,367 - LanternAna - INFO - Processing dataset with enhanced architecture: run5_v10_04_07_13_BNB_nue_overlay_surprise
2025-12-17 03:07:19,399 - LanternAna - INFO - Processing 229798 events with producer-first architecture...
2025-12-17 03:07:36,336 - LanternAna - INFO - Progress: 5.0% (11489/229798), Est. time remaining: 321.8s
2025-12-17 03:07:52,571 - LanternAna - INFO - Progress: 10.0% (22978/229798), Est. time remaining: 298.6s
2025-12-17 03:08:09,093 - LanternAna - INFO - Progress: 15.0% (34467/229798), Est. time remaining: 281.6s
2025-12-17 03:08:25,344 - LanternAna - INFO - Progress: 20.0% (45956/229798), Est. time remaining: 263.8s
2025-12-17 03:08:42,078 - LanternAna - INFO - Progress: 25.0% (57445/229798), Est. time remaining: 248.1s
2025-12-17 03:08:58,868 - LanternAna - INFO - Progress: 30.0% (68934/229798), Est. time remaining: 232.1s
2025-12-17 03:09:15,669 - LanternAna - INFO - Progress: 35.0% (80423/229798), Est. time remaining: 216.0s
2025-12-17 03:09:31,963 - LanternAna - INFO - Progress: 40.0% (91912/229798), Est. time remaining: 198.9s
2025-12-17 03:09:48,610 - LanternAna - INFO - Progress: 45.0% (103401/229798), Est. time remaining: 182.4s
2025-12-17 03:10:05,156 - LanternAna - INFO - Progress: 50.0% (114890/229798), Est. time remaining: 165.8s
2025-12-17 03:10:21,832 - LanternAna - INFO - Progress: 55.0% (126379/229798), Est. time remaining: 149.3s
2025-12-17 03:10:38,348 - LanternAna - INFO - Progress: 60.0% (137868/229798), Est. time remaining: 132.7s
2025-12-17 03:10:54,963 - LanternAna - INFO - Progress: 65.0% (149357/229798), Est. time remaining: 116.1s
2025-12-17 03:11:11,106 - LanternAna - INFO - Progress: 70.0% (160846/229798), Est. time remaining: 99.3s
2025-12-17 03:11:27,228 - LanternAna - INFO - Progress: 75.0% (172335/229798), Est. time remaining: 82.6s
2025-12-17 03:11:43,803 - LanternAna - INFO - Progress: 80.0% (183824/229798), Est. time remaining: 66.1s
2025-12-17 03:12:00,348 - LanternAna - INFO - Progress: 85.0% (195313/229798), Est. time remaining: 49.6s
2025-12-17 03:12:17,292 - LanternAna - INFO - Progress: 90.0% (206802/229798), Est. time remaining: 33.1s
2025-12-17 03:12:33,495 - LanternAna - INFO - Progress: 95.0% (218291/229798), Est. time remaining: 16.6s
2025-12-17 03:12:49,608 - LanternAna - INFO - Progress: 100.0% (229780/229798), Est. time remaining: 0.0s
2025-12-17 03:12:49,903 - LanternAna - INFO - Dataset run5_v10_04_07_13_BNB_nue_overlay_surprise processed in 330.2s
2025-12-17 03:12:49,903 - LanternAna - INFO - Results written to /exp/uboone/app/users/imani/lantern_ana/runs45_zev_mmr/root_outputs/run5_v10_04_07_13_BNB_nue_overlay_surprise_20251217_030719.root
2025-12-17 03:12:49,903 - LanternAna - INFO - Processing dataset with enhanced architecture: run4a_extbnb
2025-12-17 03:12:49,918 - LanternAna - INFO - Processing 430356 events with producer-first architecture...
2025-12-17 03:12:56,058 - LanternAna - INFO - Progress: 5.0% (21517/430356), Est. time remaining: 116.7s
2025-12-17 03:13:02,761 - LanternAna - INFO - Progress: 10.0% (43034/430356), Est. time remaining: 115.6s
2025-12-17 03:13:09,269 - LanternAna - INFO - Progress: 15.0% (64551/430356), Est. time remaining: 109.7s
2025-12-17 03:13:15,476 - LanternAna - INFO - Progress: 20.0% (86068/430356), Est. time remaining: 102.2s
2025-12-17 03:13:21,492 - LanternAna - INFO - Progress: 25.0% (107585/430356), Est. time remaining: 94.7s
2025-12-17 03:13:27,624 - LanternAna - INFO - Progress: 30.0% (129102/430356), Est. time remaining: 88.0s
2025-12-17 03:13:33,478 - LanternAna - INFO - Progress: 35.0% (150619/430356), Est. time remaining: 80.9s
2025-12-17 03:13:39,436 - LanternAna - INFO - Progress: 40.0% (172136/430356), Est. time remaining: 74.3s
2025-12-17 03:13:45,448 - LanternAna - INFO - Progress: 45.0% (193653/430356), Est. time remaining: 67.9s
2025-12-17 03:13:51,379 - LanternAna - INFO - Progress: 50.0% (215170/430356), Est. time remaining: 61.5s
2025-12-17 03:13:57,511 - LanternAna - INFO - Progress: 55.0% (236687/430356), Est. time remaining: 55.3s
2025-12-17 03:14:03,796 - LanternAna - INFO - Progress: 60.0% (258204/430356), Est. time remaining: 49.3s
2025-12-17 03:14:09,901 - LanternAna - INFO - Progress: 65.0% (279721/430356), Est. time remaining: 43.1s
2025-12-17 03:14:15,942 - LanternAna - INFO - Progress: 70.0% (301238/430356), Est. time remaining: 36.9s
2025-12-17 03:14:21,948 - LanternAna - INFO - Progress: 75.0% (322755/430356), Est. time remaining: 30.7s
2025-12-17 03:14:27,859 - LanternAna - INFO - Progress: 80.0% (344272/430356), Est. time remaining: 24.5s
2025-12-17 03:14:33,760 - LanternAna - INFO - Progress: 85.0% (365789/430356), Est. time remaining: 18.3s
2025-12-17 03:14:39,812 - LanternAna - INFO - Progress: 90.0% (387306/430356), Est. time remaining: 12.2s
2025-12-17 03:14:46,065 - LanternAna - INFO - Progress: 95.0% (408823/430356), Est. time remaining: 6.1s
2025-12-17 03:14:52,248 - LanternAna - INFO - Progress: 100.0% (430340/430356), Est. time remaining: 0.0s
2025-12-17 03:14:52,471 - LanternAna - INFO - Dataset run4a_extbnb processed in 122.3s
2025-12-17 03:14:52,472 - LanternAna - INFO - Results written to /exp/uboone/app/users/imani/lantern_ana/runs45_zev_mmr/root_outputs/run4a_extbnb_20251217_031249.root
2025-12-17 03:14:52,472 - LanternAna - INFO - Processing dataset with enhanced architecture: run4a_beamon
2025-12-17 03:14:52,484 - LanternAna - INFO - Processing 183421 events with producer-first architecture...
2025-12-17 03:14:55,403 - LanternAna - INFO - Progress: 5.0% (9171/183421), Est. time remaining: 55.5s
2025-12-17 03:14:58,402 - LanternAna - INFO - Progress: 10.0% (18342/183421), Est. time remaining: 53.3s
2025-12-17 03:15:01,760 - LanternAna - INFO - Progress: 15.0% (27513/183421), Est. time remaining: 52.6s
2025-12-17 03:15:04,727 - LanternAna - INFO - Progress: 20.0% (36684/183421), Est. time remaining: 49.0s
2025-12-17 03:15:07,744 - LanternAna - INFO - Progress: 25.0% (45855/183421), Est. time remaining: 45.8s
2025-12-17 03:15:10,634 - LanternAna - INFO - Progress: 30.0% (55026/183421), Est. time remaining: 42.3s
2025-12-17 03:15:13,546 - LanternAna - INFO - Progress: 35.0% (64197/183421), Est. time remaining: 39.1s
2025-12-17 03:15:16,460 - LanternAna - INFO - Progress: 40.0% (73368/183421), Est. time remaining: 36.0s
2025-12-17 03:15:19,620 - LanternAna - INFO - Progress: 45.0% (82539/183421), Est. time remaining: 33.2s
2025-12-17 03:15:22,715 - LanternAna - INFO - Progress: 50.0% (91710/183421), Est. time remaining: 30.2s
2025-12-17 03:15:25,609 - LanternAna - INFO - Progress: 55.0% (100881/183421), Est. time remaining: 27.1s
2025-12-17 03:15:28,522 - LanternAna - INFO - Progress: 60.0% (110052/183421), Est. time remaining: 24.0s
2025-12-17 03:15:31,370 - LanternAna - INFO - Progress: 65.0% (119223/183421), Est. time remaining: 20.9s
2025-12-17 03:15:34,351 - LanternAna - INFO - Progress: 70.0% (128394/183421), Est. time remaining: 17.9s
2025-12-17 03:15:37,242 - LanternAna - INFO - Progress: 75.0% (137565/183421), Est. time remaining: 14.9s
2025-12-17 03:15:40,246 - LanternAna - INFO - Progress: 80.0% (146736/183421), Est. time remaining: 11.9s
2025-12-17 03:15:43,115 - LanternAna - INFO - Progress: 85.0% (155907/183421), Est. time remaining: 8.9s
2025-12-17 03:15:46,179 - LanternAna - INFO - Progress: 90.0% (165078/183421), Est. time remaining: 6.0s
2025-12-17 03:15:49,054 - LanternAna - INFO - Progress: 95.0% (174249/183421), Est. time remaining: 3.0s
2025-12-17 03:15:52,029 - LanternAna - INFO - Progress: 100.0% (183420/183421), Est. time remaining: 0.0s
2025-12-17 03:15:52,058 - LanternAna - INFO - Dataset run4a_beamon processed in 59.5s
2025-12-17 03:15:52,058 - LanternAna - INFO - Results written to /exp/uboone/app/users/imani/lantern_ana/runs45_zev_mmr/root_outputs/run4a_beamon_20251217_031452.root
2025-12-17 03:15:52,058 - LanternAna - INFO - Processing dataset with enhanced architecture: run4b_extbnb
2025-12-17 03:15:52,585 - LanternAna - INFO - Processing 1156514 events with producer-first architecture...
2025-12-17 03:16:08,823 - LanternAna - INFO - Progress: 5.0% (57825/1156514), Est. time remaining: 308.5s
2025-12-17 03:16:25,217 - LanternAna - INFO - Progress: 10.0% (115650/1156514), Est. time remaining: 293.7s
2025-12-17 03:16:42,057 - LanternAna - INFO - Progress: 15.0% (173475/1156514), Est. time remaining: 280.3s
2025-12-17 03:16:57,939 - LanternAna - INFO - Progress: 20.0% (231300/1156514), Est. time remaining: 261.4s
2025-12-17 03:17:14,021 - LanternAna - INFO - Progress: 25.0% (289125/1156514), Est. time remaining: 244.3s
2025-12-17 03:17:29,933 - LanternAna - INFO - Progress: 30.0% (346950/1156514), Est. time remaining: 227.1s
2025-12-17 03:17:45,889 - LanternAna - INFO - Progress: 35.0% (404775/1156514), Est. time remaining: 210.4s
2025-12-17 03:18:02,055 - LanternAna - INFO - Progress: 40.0% (462600/1156514), Est. time remaining: 194.2s
2025-12-17 03:18:17,910 - LanternAna - INFO - Progress: 45.0% (520425/1156514), Est. time remaining: 177.6s
2025-12-17 03:18:34,461 - LanternAna - INFO - Progress: 50.0% (578250/1156514), Est. time remaining: 161.9s
2025-12-17 03:18:50,724 - LanternAna - INFO - Progress: 55.0% (636075/1156514), Est. time remaining: 145.8s
2025-12-17 03:19:07,223 - LanternAna - INFO - Progress: 60.0% (693900/1156514), Est. time remaining: 129.8s
2025-12-17 03:19:23,487 - LanternAna - INFO - Progress: 65.0% (751725/1156514), Est. time remaining: 113.6s
2025-12-17 03:19:39,446 - LanternAna - INFO - Progress: 70.0% (809550/1156514), Est. time remaining: 97.2s
2025-12-17 03:19:55,734 - LanternAna - INFO - Progress: 75.0% (867375/1156514), Est. time remaining: 81.1s
2025-12-17 03:20:11,988 - LanternAna - INFO - Progress: 80.0% (925200/1156514), Est. time remaining: 64.9s
2025-12-17 03:20:28,214 - LanternAna - INFO - Progress: 85.0% (983025/1156514), Est. time remaining: 48.6s
2025-12-17 03:20:46,960 - LanternAna - INFO - Progress: 90.0% (1040850/1156514), Est. time remaining: 32.7s
2025-12-17 03:21:02,925 - LanternAna - INFO - Progress: 95.0% (1098675/1156514), Est. time remaining: 16.3s
2025-12-17 03:21:19,039 - LanternAna - INFO - Progress: 100.0% (1156500/1156514), Est. time remaining: 0.0s
2025-12-17 03:21:19,167 - LanternAna - INFO - Dataset run4b_extbnb processed in 326.5s
2025-12-17 03:21:19,167 - LanternAna - INFO - Results written to /exp/uboone/app/users/imani/lantern_ana/runs45_zev_mmr/root_outputs/run4b_extbnb_20251217_031552.root
2025-12-17 03:21:19,168 - LanternAna - INFO - Processing dataset with enhanced architecture: run4b_beamon
2025-12-17 03:21:19,261 - LanternAna - INFO - Processing 539453 events with producer-first architecture...
2025-12-17 03:21:28,197 - LanternAna - INFO - Progress: 5.0% (26972/539453), Est. time remaining: 169.8s
2025-12-17 03:21:37,027 - LanternAna - INFO - Progress: 10.0% (53944/539453), Est. time remaining: 159.9s
2025-12-17 03:21:47,875 - LanternAna - INFO - Progress: 15.0% (80916/539453), Est. time remaining: 162.2s
2025-12-17 03:21:57,007 - LanternAna - INFO - Progress: 20.0% (107888/539453), Est. time remaining: 151.0s
2025-12-17 03:22:05,843 - LanternAna - INFO - Progress: 25.0% (134860/539453), Est. time remaining: 139.8s
2025-12-17 03:22:14,567 - LanternAna - INFO - Progress: 30.0% (161832/539453), Est. time remaining: 129.1s
2025-12-17 03:22:23,690 - LanternAna - INFO - Progress: 35.0% (188804/539453), Est. time remaining: 119.7s
2025-12-17 03:22:32,765 - LanternAna - INFO - Progress: 40.0% (215776/539453), Est. time remaining: 110.3s
2025-12-17 03:22:41,810 - LanternAna - INFO - Progress: 45.0% (242748/539453), Est. time remaining: 100.9s
2025-12-17 03:22:50,810 - LanternAna - INFO - Progress: 50.0% (269720/539453), Est. time remaining: 91.6s
2025-12-17 03:22:59,637 - LanternAna - INFO - Progress: 55.0% (296692/539453), Est. time remaining: 82.1s
2025-12-17 03:23:08,324 - LanternAna - INFO - Progress: 60.0% (323664/539453), Est. time remaining: 72.7s
2025-12-17 03:23:17,200 - LanternAna - INFO - Progress: 65.0% (350636/539453), Est. time remaining: 63.5s
2025-12-17 03:23:26,425 - LanternAna - INFO - Progress: 70.0% (377608/539453), Est. time remaining: 54.5s
2025-12-17 03:23:35,136 - LanternAna - INFO - Progress: 75.0% (404580/539453), Est. time remaining: 45.3s
2025-12-17 03:23:44,116 - LanternAna - INFO - Progress: 80.0% (431552/539453), Est. time remaining: 36.2s
2025-12-17 03:23:53,575 - LanternAna - INFO - Progress: 85.0% (458524/539453), Est. time remaining: 27.2s
2025-12-17 03:24:02,905 - LanternAna - INFO - Progress: 90.0% (485496/539453), Est. time remaining: 18.2s
2025-12-17 03:24:11,721 - LanternAna - INFO - Progress: 95.0% (512468/539453), Est. time remaining: 9.1s
2025-12-17 03:24:20,396 - LanternAna - INFO - Progress: 100.0% (539440/539453), Est. time remaining: 0.0s
2025-12-17 03:24:20,833 - LanternAna - INFO - Dataset run4b_beamon processed in 181.1s
2025-12-17 03:24:20,834 - LanternAna - INFO - Results written to /exp/uboone/app/users/imani/lantern_ana/runs45_zev_mmr/root_outputs/run4b_beamon_20251217_032119.root
2025-12-17 03:24:20,834 - LanternAna - INFO - ==================================================
2025-12-17 03:24:20,834 - LanternAna - INFO - Enhanced Analysis Statistics
2025-12-17 03:24:20,834 - LanternAna - INFO - ==================================================
2025-12-17 03:24:20,834 - LanternAna - INFO - Dataset: run4a_v10_04_07_13_BNB_nu_overlay_surprise
2025-12-17 03:24:20,834 - LanternAna - INFO -   Total events: 170233
2025-12-17 03:24:20,834 - LanternAna - INFO -   Passed events: 169406 (99.5%)
2025-12-17 03:24:20,834 - LanternAna - INFO -   Failed events: 827 (0.5%)
2025-12-17 03:24:20,834 - LanternAna - INFO -   Processing time: 99.4s
2025-12-17 03:24:20,834 - LanternAna - INFO -   Cut statistics:
2025-12-17 03:24:20,834 - LanternAna - INFO -     remove_true_nue_cc: 827/170233 (0.5%)
2025-12-17 03:24:20,834 - LanternAna - INFO - Dataset: run4a_v10_04_07_13_BNB_nue_overlay_surprise
2025-12-17 03:24:20,834 - LanternAna - INFO -   Total events: 55054
2025-12-17 03:24:20,834 - LanternAna - INFO -   Passed events: 55054 (100.0%)
2025-12-17 03:24:20,835 - LanternAna - INFO -   Failed events: 0 (0.0%)
2025-12-17 03:24:20,835 - LanternAna - INFO -   Processing time: 77.5s
2025-12-17 03:24:20,835 - LanternAna - INFO -   Cut statistics:
2025-12-17 03:24:20,835 - LanternAna - INFO -     remove_true_nue_cc: 0/55054 (0.0%)
2025-12-17 03:24:20,835 - LanternAna - INFO - Dataset: run4b_v10_04_07_09_BNB_nu_overlay_surprise
2025-12-17 03:24:20,835 - LanternAna - INFO -   Total events: 635859
2025-12-17 03:24:20,835 - LanternAna - INFO -   Passed events: 632733 (99.5%)
2025-12-17 03:24:20,835 - LanternAna - INFO -   Failed events: 3126 (0.5%)
2025-12-17 03:24:20,835 - LanternAna - INFO -   Processing time: 380.9s
2025-12-17 03:24:20,835 - LanternAna - INFO -   Cut statistics:
2025-12-17 03:24:20,835 - LanternAna - INFO -     remove_true_nue_cc: 3126/635859 (0.5%)
2025-12-17 03:24:20,835 - LanternAna - INFO - Dataset: run4b_v10_04_07_09_BNB_nue_overlay_surprise
2025-12-17 03:24:20,835 - LanternAna - INFO -   Total events: 201744
2025-12-17 03:24:20,835 - LanternAna - INFO -   Passed events: 201744 (100.0%)
2025-12-17 03:24:20,835 - LanternAna - INFO -   Failed events: 0 (0.0%)
2025-12-17 03:24:20,835 - LanternAna - INFO -   Processing time: 274.8s
2025-12-17 03:24:20,835 - LanternAna - INFO -   Cut statistics:
2025-12-17 03:24:20,835 - LanternAna - INFO -     remove_true_nue_cc: 0/201744 (0.0%)
2025-12-17 03:24:20,835 - LanternAna - INFO - Dataset: run4c_v10_04_07_13_BNB_nu_overlay_surprise
2025-12-17 03:24:20,835 - LanternAna - INFO -   Total events: 380707
2025-12-17 03:24:20,835 - LanternAna - INFO -   Passed events: 378824 (99.5%)
2025-12-17 03:24:20,835 - LanternAna - INFO -   Failed events: 1883 (0.5%)
2025-12-17 03:24:20,835 - LanternAna - INFO -   Processing time: 233.3s
2025-12-17 03:24:20,835 - LanternAna - INFO -   Cut statistics:
2025-12-17 03:24:20,835 - LanternAna - INFO -     remove_true_nue_cc: 1883/380707 (0.5%)
2025-12-17 03:24:20,836 - LanternAna - INFO - Dataset: run4c_v10_04_07_13_BNB_nue_overlay_surprise
2025-12-17 03:24:20,836 - LanternAna - INFO -   Total events: 120265
2025-12-17 03:24:20,836 - LanternAna - INFO -   Passed events: 120265 (100.0%)
2025-12-17 03:24:20,836 - LanternAna - INFO -   Failed events: 0 (0.0%)
2025-12-17 03:24:20,836 - LanternAna - INFO -   Processing time: 170.5s
2025-12-17 03:24:20,836 - LanternAna - INFO -   Cut statistics:
2025-12-17 03:24:20,836 - LanternAna - INFO -     remove_true_nue_cc: 0/120265 (0.0%)
2025-12-17 03:24:20,836 - LanternAna - INFO - Dataset: run4d_v10_04_07_13_BNB_nu_overlay_surprise
2025-12-17 03:24:20,836 - LanternAna - INFO -   Total events: 725107
2025-12-17 03:24:20,836 - LanternAna - INFO -   Passed events: 721494 (99.5%)
2025-12-17 03:24:20,836 - LanternAna - INFO -   Failed events: 3613 (0.5%)
2025-12-17 03:24:20,836 - LanternAna - INFO -   Processing time: 434.9s
2025-12-17 03:24:20,836 - LanternAna - INFO -   Cut statistics:
2025-12-17 03:24:20,836 - LanternAna - INFO -     remove_true_nue_cc: 3613/725107 (0.5%)
2025-12-17 03:24:20,836 - LanternAna - INFO - Dataset: run4d_v10_04_07_13_BNB_nue_overlay_surprise
2025-12-17 03:24:20,836 - LanternAna - INFO -   Total events: 229798
2025-12-17 03:24:20,836 - LanternAna - INFO -   Passed events: 229798 (100.0%)
2025-12-17 03:24:20,836 - LanternAna - INFO -   Failed events: 0 (0.0%)
2025-12-17 03:24:20,836 - LanternAna - INFO -   Processing time: 328.7s
2025-12-17 03:24:20,836 - LanternAna - INFO -   Cut statistics:
2025-12-17 03:24:20,836 - LanternAna - INFO -     remove_true_nue_cc: 0/229798 (0.0%)
2025-12-17 03:24:20,836 - LanternAna - INFO - Dataset: run5_v10_04_07_13_BNB_nu_overlay_surprise
2025-12-17 03:24:20,836 - LanternAna - INFO -   Total events: 725107
2025-12-17 03:24:20,836 - LanternAna - INFO -   Passed events: 721494 (99.5%)
2025-12-17 03:24:20,837 - LanternAna - INFO -   Failed events: 3613 (0.5%)
2025-12-17 03:24:20,837 - LanternAna - INFO -   Processing time: 433.2s
2025-12-17 03:24:20,837 - LanternAna - INFO -   Cut statistics:
2025-12-17 03:24:20,837 - LanternAna - INFO -     remove_true_nue_cc: 3613/725107 (0.5%)
2025-12-17 03:24:20,837 - LanternAna - INFO - Dataset: run5_v10_04_07_13_BNB_nue_overlay_surprise
2025-12-17 03:24:20,837 - LanternAna - INFO -   Total events: 229798
2025-12-17 03:24:20,837 - LanternAna - INFO -   Passed events: 229798 (100.0%)
2025-12-17 03:24:20,837 - LanternAna - INFO -   Failed events: 0 (0.0%)
2025-12-17 03:24:20,837 - LanternAna - INFO -   Processing time: 330.2s
2025-12-17 03:24:20,837 - LanternAna - INFO -   Cut statistics:
2025-12-17 03:24:20,837 - LanternAna - INFO -     remove_true_nue_cc: 0/229798 (0.0%)
2025-12-17 03:24:20,837 - LanternAna - INFO - Dataset: run4a_extbnb
2025-12-17 03:24:20,837 - LanternAna - INFO -   Total events: 430356
2025-12-17 03:24:20,837 - LanternAna - INFO -   Passed events: 430356 (100.0%)
2025-12-17 03:24:20,837 - LanternAna - INFO -   Failed events: 0 (0.0%)
2025-12-17 03:24:20,837 - LanternAna - INFO -   Processing time: 122.3s
2025-12-17 03:24:20,837 - LanternAna - INFO -   Cut statistics:
2025-12-17 03:24:20,837 - LanternAna - INFO -     remove_true_nue_cc: 0/430356 (0.0%)
2025-12-17 03:24:20,837 - LanternAna - INFO - Dataset: run4a_beamon
2025-12-17 03:24:20,837 - LanternAna - INFO -   Total events: 183421
2025-12-17 03:24:20,837 - LanternAna - INFO -   Passed events: 183421 (100.0%)
2025-12-17 03:24:20,837 - LanternAna - INFO -   Failed events: 0 (0.0%)
2025-12-17 03:24:20,837 - LanternAna - INFO -   Processing time: 59.5s
2025-12-17 03:24:20,837 - LanternAna - INFO -   Cut statistics:
2025-12-17 03:24:20,837 - LanternAna - INFO -     remove_true_nue_cc: 0/183421 (0.0%)
2025-12-17 03:24:20,837 - LanternAna - INFO - Dataset: run4b_extbnb
2025-12-17 03:24:20,837 - LanternAna - INFO -   Total events: 1156514
2025-12-17 03:24:20,837 - LanternAna - INFO -   Passed events: 1156514 (100.0%)
2025-12-17 03:24:20,838 - LanternAna - INFO -   Failed events: 0 (0.0%)
2025-12-17 03:24:20,838 - LanternAna - INFO -   Processing time: 326.5s
2025-12-17 03:24:20,838 - LanternAna - INFO -   Cut statistics:
2025-12-17 03:24:20,838 - LanternAna - INFO -     remove_true_nue_cc: 0/1156514 (0.0%)
2025-12-17 03:24:20,838 - LanternAna - INFO - Dataset: run4b_beamon
2025-12-17 03:24:20,838 - LanternAna - INFO -   Total events: 539453
2025-12-17 03:24:20,838 - LanternAna - INFO -   Passed events: 539453 (100.0%)
2025-12-17 03:24:20,838 - LanternAna - INFO -   Failed events: 0 (0.0%)
2025-12-17 03:24:20,838 - LanternAna - INFO -   Processing time: 181.1s
2025-12-17 03:24:20,838 - LanternAna - INFO -   Cut statistics:
2025-12-17 03:24:20,838 - LanternAna - INFO -     remove_true_nue_cc: 0/539453 (0.0%)
2025-12-17 03:24:20,838 - LanternAna - INFO - ==================================================
2025-12-17 03:24:20,838 - LanternAna - INFO - analysis complete!
2025-12-17 03:24:20,847 - LanternAna - INFO - Statistics saved to: /exp/uboone/app/users/imani/lantern_ana/runs45_zev_mmr/root_outputs/statistics.yaml
