2025-10-02 01:11:20,471 - LanternAna - INFO - Loading configuration from configs/run1_nue_intrinsic_nue.yaml
2025-10-02 01:11:20,471 - LanternAna - INFO - Discovering components...
2025-10-02 01:11:23,743 - LanternAna - INFO - Found 13 cuts
2025-10-02 01:11:23,743 - LanternAna - INFO - Found 36 producers
2025-10-02 01:11:23,743 - LanternAna - INFO - Found 1 dataset types
2025-10-02 01:11:23,743 - LanternAna - INFO - Found 1 tags
2025-10-02 01:11:23,745 - LanternAna - INFO - Configuring components...
2025-10-02 01:11:23,869 - LanternAna - INFO - Starting enhanced analysis run...
2025-10-02 01:11:23,869 - LanternAna - INFO - Loading datasets...
2025-10-02 01:11:24,034 - LanternAna - INFO - Loaded dataset 'run1_bnb_nue_overlay_mcc9_v28_wctagger' with 148967 entries
2025-10-02 01:11:24,034 - LanternAna - INFO -   MC dataset with 0.0 POT
2025-10-02 01:11:24,034 - LanternAna - INFO - Processing dataset with enhanced architecture: run1_bnb_nue_overlay_mcc9_v28_wctagger
2025-10-02 01:11:24,084 - LanternAna - INFO - Processing 100 events with producer-first architecture...
2025-10-02 01:11:26,142 - LanternAna - INFO - Progress: 5.0% (5/100), Est. time remaining: 39.1s
2025-10-02 01:11:26,330 - LanternAna - INFO - Progress: 10.0% (10/100), Est. time remaining: 20.2s
2025-10-02 01:11:26,431 - LanternAna - INFO - Progress: 15.0% (15/100), Est. time remaining: 13.3s
2025-10-02 01:11:26,580 - LanternAna - INFO - Progress: 20.0% (20/100), Est. time remaining: 10.0s
2025-10-02 01:11:26,839 - LanternAna - INFO - Progress: 25.0% (25/100), Est. time remaining: 8.3s
2025-10-02 01:11:27,090 - LanternAna - INFO - Progress: 30.0% (30/100), Est. time remaining: 7.0s
2025-10-02 01:11:27,191 - LanternAna - INFO - Progress: 35.0% (35/100), Est. time remaining: 5.8s
2025-10-02 01:11:27,857 - LanternAna - INFO - Progress: 40.0% (40/100), Est. time remaining: 5.7s
2025-10-02 01:11:27,957 - LanternAna - INFO - Progress: 45.0% (45/100), Est. time remaining: 4.7s
2025-10-02 01:11:28,106 - LanternAna - INFO - Progress: 50.0% (50/100), Est. time remaining: 4.0s
2025-10-02 01:11:28,309 - LanternAna - INFO - Progress: 55.0% (55/100), Est. time remaining: 3.5s
2025-10-02 01:11:28,893 - LanternAna - INFO - Progress: 60.0% (60/100), Est. time remaining: 3.2s
2025-10-02 01:11:29,098 - LanternAna - INFO - Progress: 65.0% (65/100), Est. time remaining: 2.7s
2025-10-02 01:11:29,387 - LanternAna - INFO - Progress: 70.0% (70/100), Est. time remaining: 2.3s
2025-10-02 01:11:29,521 - LanternAna - INFO - Progress: 75.0% (75/100), Est. time remaining: 1.8s
2025-10-02 01:11:29,789 - LanternAna - INFO - Progress: 80.0% (80/100), Est. time remaining: 1.4s
2025-10-02 01:11:30,071 - LanternAna - INFO - Progress: 85.0% (85/100), Est. time remaining: 1.1s
2025-10-02 01:11:30,127 - LanternAna - INFO - Progress: 90.0% (90/100), Est. time remaining: 0.7s
2025-10-02 01:11:30,178 - LanternAna - INFO - Progress: 95.0% (95/100), Est. time remaining: 0.3s
2025-10-02 01:11:31,148 - LanternAna - INFO - Dataset run1_bnb_nue_overlay_mcc9_v28_wctagger processed in 6.3s
2025-10-02 01:11:31,148 - LanternAna - INFO - Results written to ./log_dump/nue_nue/run1_bnb_nue_overlay_mcc9_v28_wctagger_20251002_011124.root
2025-10-02 01:11:31,148 - LanternAna - INFO - ==================================================
2025-10-02 01:11:31,148 - LanternAna - INFO - Enhanced Analysis Statistics
2025-10-02 01:11:31,149 - LanternAna - INFO - ==================================================
2025-10-02 01:11:31,150 - LanternAna - INFO - Dataset: run1_bnb_nue_overlay_mcc9_v28_wctagger
2025-10-02 01:11:31,150 - LanternAna - INFO -   Total events: 100
2025-10-02 01:11:31,150 - LanternAna - INFO -   Passed events: 100 (100.0%)
2025-10-02 01:11:31,151 - LanternAna - INFO -   Failed events: 0 (0.0%)
2025-10-02 01:11:31,151 - LanternAna - INFO -   Processing time: 6.3s
2025-10-02 01:11:31,151 - LanternAna - INFO -   Cut statistics:
2025-10-02 01:11:31,151 - LanternAna - INFO - ==================================================
2025-10-02 01:11:31,151 - LanternAna - INFO - analysis complete!
2025-10-02 01:11:31,156 - LanternAna - INFO - Statistics saved to: ./log_dump/nue_nue/statistics.yaml
2025-10-02 01:22:11,797 - LanternAna - INFO - Loading configuration from configs/run1_nue_intrinsic_nue.yaml
2025-10-02 01:22:11,798 - LanternAna - INFO - Discovering components...
2025-10-02 01:22:15,433 - LanternAna - INFO - Found 13 cuts
2025-10-02 01:22:15,434 - LanternAna - INFO - Found 36 producers
2025-10-02 01:22:15,434 - LanternAna - INFO - Found 1 dataset types
2025-10-02 01:22:15,434 - LanternAna - INFO - Found 1 tags
2025-10-02 01:22:15,436 - LanternAna - INFO - Configuring components...
2025-10-02 01:22:15,555 - LanternAna - INFO - Starting enhanced analysis run...
2025-10-02 01:22:15,555 - LanternAna - INFO - Loading datasets...
2025-10-02 01:22:15,730 - LanternAna - INFO - Loaded dataset 'run1_bnb_nue_overlay_mcc9_v28_wctagger' with 148967 entries
2025-10-02 01:22:15,730 - LanternAna - INFO -   MC dataset with 0.0 POT
2025-10-02 01:22:15,730 - LanternAna - INFO - Processing dataset with enhanced architecture: run1_bnb_nue_overlay_mcc9_v28_wctagger
2025-10-02 01:22:15,781 - LanternAna - INFO - Processing 148967 events with producer-first architecture...
2025-10-02 01:28:17,055 - LanternAna - INFO - Progress: 5.0% (7448/148967), Est. time remaining: 6864.5s
2025-10-02 01:35:39,845 - LanternAna - INFO - Progress: 10.0% (14896/148967), Est. time remaining: 7237.0s
2025-10-02 01:42:09,536 - LanternAna - INFO - Progress: 15.0% (22344/148967), Est. time remaining: 6765.0s
2025-10-02 01:47:07,097 - LanternAna - INFO - Progress: 20.0% (29792/148967), Est. time remaining: 5965.6s
2025-10-02 01:51:13,491 - LanternAna - INFO - Progress: 25.0% (37240/148967), Est. time remaining: 5213.5s
2025-10-02 01:55:15,562 - LanternAna - INFO - Progress: 30.0% (44688/148967), Est. time remaining: 4619.8s
2025-10-02 01:59:52,529 - LanternAna - INFO - Progress: 35.0% (52136/148967), Est. time remaining: 4191.4s
2025-10-02 02:04:33,861 - LanternAna - INFO - Progress: 40.0% (59584/148967), Est. time remaining: 3807.4s
2025-10-02 02:08:58,026 - LanternAna - INFO - Progress: 45.0% (67032/148967), Est. time remaining: 3425.3s
2025-10-02 02:13:25,921 - LanternAna - INFO - Progress: 50.0% (74480/148967), Est. time remaining: 3070.4s
2025-10-02 02:17:38,121 - LanternAna - INFO - Progress: 55.0% (81928/148967), Est. time remaining: 2718.6s
2025-10-02 02:22:00,496 - LanternAna - INFO - Progress: 60.0% (89376/148967), Est. time remaining: 2390.1s
2025-10-02 02:26:27,165 - LanternAna - INFO - Progress: 65.0% (96824/148967), Est. time remaining: 2074.1s
2025-10-02 02:30:39,746 - LanternAna - INFO - Progress: 70.0% (104272/148967), Est. time remaining: 1759.1s
2025-10-02 02:35:04,744 - LanternAna - INFO - Progress: 75.0% (111720/148967), Est. time remaining: 1456.6s
2025-10-02 02:39:25,962 - LanternAna - INFO - Progress: 80.0% (119168/148967), Est. time remaining: 1157.8s
2025-10-02 02:43:47,499 - LanternAna - INFO - Progress: 85.0% (126616/148967), Est. time remaining: 863.5s
2025-10-02 02:48:18,221 - LanternAna - INFO - Progress: 90.0% (134064/148967), Est. time remaining: 573.9s
2025-10-02 02:52:32,273 - LanternAna - INFO - Progress: 95.0% (141512/148967), Est. time remaining: 285.3s
2025-10-02 02:56:52,161 - LanternAna - INFO - Progress: 100.0% (148960/148967), Est. time remaining: 0.3s
2025-10-02 02:56:53,860 - LanternAna - INFO - Dataset run1_bnb_nue_overlay_mcc9_v28_wctagger processed in 5676.6s
2025-10-02 02:56:53,860 - LanternAna - INFO - Results written to ./log_dump/nue_nue/run1_bnb_nue_overlay_mcc9_v28_wctagger_20251002_012215.root
2025-10-02 02:56:53,860 - LanternAna - INFO - ==================================================
2025-10-02 02:56:53,860 - LanternAna - INFO - Enhanced Analysis Statistics
2025-10-02 02:56:53,860 - LanternAna - INFO - ==================================================
2025-10-02 02:56:53,860 - LanternAna - INFO - Dataset: run1_bnb_nue_overlay_mcc9_v28_wctagger
2025-10-02 02:56:53,860 - LanternAna - INFO -   Total events: 148967
2025-10-02 02:56:53,860 - LanternAna - INFO -   Passed events: 148967 (100.0%)
2025-10-02 02:56:53,861 - LanternAna - INFO -   Failed events: 0 (0.0%)
2025-10-02 02:56:53,861 - LanternAna - INFO -   Processing time: 5676.6s
2025-10-02 02:56:53,861 - LanternAna - INFO -   Cut statistics:
2025-10-02 02:56:53,861 - LanternAna - INFO - ==================================================
2025-10-02 02:56:53,861 - LanternAna - INFO - analysis complete!
2025-10-02 02:56:53,864 - LanternAna - INFO - Statistics saved to: ./log_dump/nue_nue/statistics.yaml
