2026-01-08 03:58:31,511 - LanternAna - INFO - Loading configuration from ../../zrun4b_mmr/xsecflux_nue_run4b_surprise.yaml
2026-01-08 03:58:31,511 - LanternAna - INFO - Discovering components...
2026-01-08 03:58:34,385 - LanternAna - INFO - Found 13 cuts
2026-01-08 03:58:34,386 - LanternAna - INFO - Found 39 producers
2026-01-08 03:58:34,386 - LanternAna - INFO - Found 1 dataset types
2026-01-08 03:58:34,386 - LanternAna - INFO - Found 1 tags
2026-01-08 03:58:34,386 - LanternAna - INFO - Configuring components...
2026-01-08 03:58:34,577 - LanternAna - INFO - Starting enhanced analysis run...
2026-01-08 03:58:34,578 - LanternAna - INFO - Loading datasets...
2026-01-08 03:58:34,748 - LanternAna - INFO - Loaded dataset 'run4b_v10_04_07_09_BNB_nue_overlay_surprise' with 201744 entries
2026-01-08 03:58:34,749 - LanternAna - INFO -   MC dataset with 0.0 POT
2026-01-08 03:58:34,749 - LanternAna - INFO - Processing dataset with enhanced architecture: run4b_v10_04_07_09_BNB_nue_overlay_surprise
2026-01-08 03:58:34,832 - LanternAna - INFO - Processing 10000 events with producer-first architecture...
2026-01-08 03:58:43,025 - LanternAna - INFO - Progress: 5.0% (500/10000), Est. time remaining: 155.7s
2026-01-08 03:58:44,205 - LanternAna - INFO - Progress: 10.0% (1000/10000), Est. time remaining: 84.4s
2026-01-08 03:58:45,703 - LanternAna - INFO - Progress: 15.0% (1500/10000), Est. time remaining: 61.6s
2026-01-08 03:58:46,961 - LanternAna - INFO - Progress: 20.0% (2000/10000), Est. time remaining: 48.5s
2026-01-08 03:58:48,487 - LanternAna - INFO - Progress: 25.0% (2500/10000), Est. time remaining: 41.0s
2026-01-08 03:58:49,823 - LanternAna - INFO - Progress: 30.0% (3000/10000), Est. time remaining: 35.0s
2026-01-08 03:58:51,079 - LanternAna - INFO - Progress: 35.0% (3500/10000), Est. time remaining: 30.2s
2026-01-08 03:58:52,338 - LanternAna - INFO - Progress: 40.0% (4000/10000), Est. time remaining: 26.3s
2026-01-08 03:58:53,747 - LanternAna - INFO - Progress: 45.0% (4500/10000), Est. time remaining: 23.1s
2026-01-08 03:58:55,173 - LanternAna - INFO - Progress: 50.0% (5000/10000), Est. time remaining: 20.3s
2026-01-08 03:58:56,541 - LanternAna - INFO - Progress: 55.0% (5500/10000), Est. time remaining: 17.8s
2026-01-08 03:58:57,963 - LanternAna - INFO - Progress: 60.0% (6000/10000), Est. time remaining: 15.4s
2026-01-08 03:58:59,478 - LanternAna - INFO - Progress: 65.0% (6500/10000), Est. time remaining: 13.3s
2026-01-08 03:59:00,670 - LanternAna - INFO - Progress: 70.0% (7000/10000), Est. time remaining: 11.1s
2026-01-08 03:59:02,182 - LanternAna - INFO - Progress: 75.0% (7500/10000), Est. time remaining: 9.1s
2026-01-08 03:59:03,607 - LanternAna - INFO - Progress: 80.0% (8000/10000), Est. time remaining: 7.2s
2026-01-08 03:59:05,154 - LanternAna - INFO - Progress: 85.0% (8500/10000), Est. time remaining: 5.4s
2026-01-08 03:59:06,317 - LanternAna - INFO - Progress: 90.0% (9000/10000), Est. time remaining: 3.5s
2026-01-08 03:59:07,656 - LanternAna - INFO - Progress: 95.0% (9500/10000), Est. time remaining: 1.7s
2026-01-08 03:59:09,525 - LanternAna - INFO - Dataset run4b_v10_04_07_09_BNB_nue_overlay_surprise processed in 34.2s
2026-01-08 03:59:09,525 - LanternAna - INFO - Results written to /exp/uboone/app/users/imani/lantern_ana/zrun4b_mmr/nue_sys/run4b_v10_04_07_09_BNB_nue_overlay_surprise_20260108_035834.root
2026-01-08 03:59:09,525 - LanternAna - INFO - ==================================================
2026-01-08 03:59:09,525 - LanternAna - INFO - Enhanced Analysis Statistics
2026-01-08 03:59:09,525 - LanternAna - INFO - ==================================================
2026-01-08 03:59:09,525 - LanternAna - INFO - Dataset: run4b_v10_04_07_09_BNB_nue_overlay_surprise
2026-01-08 03:59:09,525 - LanternAna - INFO -   Total events: 10000
2026-01-08 03:59:09,525 - LanternAna - INFO -   Passed events: 10000 (100.0%)
2026-01-08 03:59:09,525 - LanternAna - INFO -   Failed events: 0 (0.0%)
2026-01-08 03:59:09,525 - LanternAna - INFO -   Processing time: 34.2s
2026-01-08 03:59:09,525 - LanternAna - INFO -   Cut statistics:
2026-01-08 03:59:09,525 - LanternAna - INFO - ==================================================
2026-01-08 03:59:09,525 - LanternAna - INFO - analysis complete!
2026-01-08 03:59:09,527 - LanternAna - INFO - Statistics saved to: /exp/uboone/app/users/imani/lantern_ana/zrun4b_mmr/nue_sys/statistics.yaml
2026-01-08 04:05:21,948 - LanternAna - INFO - Loading configuration from ../../zrun4b_mmr/xsecflux_nue_run4b_surprise.yaml
2026-01-08 04:05:21,955 - LanternAna - INFO - Discovering components...
2026-01-08 04:05:25,073 - LanternAna - INFO - Found 13 cuts
2026-01-08 04:05:25,073 - LanternAna - INFO - Found 39 producers
2026-01-08 04:05:25,073 - LanternAna - INFO - Found 1 dataset types
2026-01-08 04:05:25,073 - LanternAna - INFO - Found 1 tags
2026-01-08 04:05:25,073 - LanternAna - INFO - Configuring components...
2026-01-08 04:05:25,200 - LanternAna - INFO - Starting enhanced analysis run...
2026-01-08 04:05:25,200 - LanternAna - INFO - Loading datasets...
2026-01-08 04:05:25,357 - LanternAna - INFO - Loaded dataset 'run4b_v10_04_07_09_BNB_nue_overlay_surprise' with 201744 entries
2026-01-08 04:05:25,357 - LanternAna - INFO -   MC dataset with 0.0 POT
2026-01-08 04:05:25,357 - LanternAna - INFO - Processing dataset with enhanced architecture: run4b_v10_04_07_09_BNB_nue_overlay_surprise
2026-01-08 04:05:25,570 - LanternAna - INFO - Processing 201744 events with producer-first architecture...
2026-01-08 04:06:00,135 - LanternAna - INFO - Progress: 5.0% (10087/201744), Est. time remaining: 656.7s
2026-01-08 04:06:30,458 - LanternAna - INFO - Progress: 10.0% (20174/201744), Est. time remaining: 584.0s
2026-01-08 04:07:00,233 - LanternAna - INFO - Progress: 15.0% (30261/201744), Est. time remaining: 536.4s
2026-01-08 04:07:31,112 - LanternAna - INFO - Progress: 20.0% (40348/201744), Est. time remaining: 502.2s
2026-01-08 04:08:01,394 - LanternAna - INFO - Progress: 25.0% (50435/201744), Est. time remaining: 467.5s
2026-01-08 04:08:31,505 - LanternAna - INFO - Progress: 30.0% (60522/201744), Est. time remaining: 433.9s
2026-01-08 04:09:01,550 - LanternAna - INFO - Progress: 35.0% (70609/201744), Est. time remaining: 401.1s
2026-01-08 04:09:31,467 - LanternAna - INFO - Progress: 40.0% (80696/201744), Est. time remaining: 368.9s
2026-01-08 04:10:01,319 - LanternAna - INFO - Progress: 45.0% (90783/201744), Est. time remaining: 337.0s
2026-01-08 04:10:32,101 - LanternAna - INFO - Progress: 50.0% (100870/201744), Est. time remaining: 306.5s
2026-01-08 04:11:02,664 - LanternAna - INFO - Progress: 55.0% (110957/201744), Est. time remaining: 275.8s
2026-01-08 04:11:33,408 - LanternAna - INFO - Progress: 60.0% (121044/201744), Est. time remaining: 245.2s
2026-01-08 04:12:04,243 - LanternAna - INFO - Progress: 65.0% (131131/201744), Est. time remaining: 214.7s
2026-01-08 04:12:34,875 - LanternAna - INFO - Progress: 70.0% (141218/201744), Est. time remaining: 184.0s
2026-01-08 04:13:05,646 - LanternAna - INFO - Progress: 75.0% (151305/201744), Est. time remaining: 153.4s
2026-01-08 04:13:36,270 - LanternAna - INFO - Progress: 80.0% (161392/201744), Est. time remaining: 122.7s
2026-01-08 04:14:09,060 - LanternAna - INFO - Progress: 85.0% (171479/201744), Est. time remaining: 92.4s
2026-01-08 04:14:39,422 - LanternAna - INFO - Progress: 90.0% (181566/201744), Est. time remaining: 61.6s
2026-01-08 04:15:10,223 - LanternAna - INFO - Progress: 95.0% (191653/201744), Est. time remaining: 30.8s
2026-01-08 04:15:40,647 - LanternAna - INFO - Progress: 100.0% (201740/201744), Est. time remaining: 0.0s
2026-01-08 04:15:41,166 - LanternAna - INFO - Dataset run4b_v10_04_07_09_BNB_nue_overlay_surprise processed in 615.1s
2026-01-08 04:15:41,166 - LanternAna - INFO - Results written to /exp/uboone/app/users/imani/lantern_ana/zrun4b_mmr/nue_sys/run4b_v10_04_07_09_BNB_nue_overlay_surprise_20260108_040525.root
2026-01-08 04:15:41,166 - LanternAna - INFO - ==================================================
2026-01-08 04:15:41,166 - LanternAna - INFO - Enhanced Analysis Statistics
2026-01-08 04:15:41,166 - LanternAna - INFO - ==================================================
2026-01-08 04:15:41,166 - LanternAna - INFO - Dataset: run4b_v10_04_07_09_BNB_nue_overlay_surprise
2026-01-08 04:15:41,166 - LanternAna - INFO -   Total events: 201744
2026-01-08 04:15:41,166 - LanternAna - INFO -   Passed events: 201744 (100.0%)
2026-01-08 04:15:41,166 - LanternAna - INFO -   Failed events: 0 (0.0%)
2026-01-08 04:15:41,166 - LanternAna - INFO -   Processing time: 615.1s
2026-01-08 04:15:41,166 - LanternAna - INFO -   Cut statistics:
2026-01-08 04:15:41,167 - LanternAna - INFO - ==================================================
2026-01-08 04:15:41,167 - LanternAna - INFO - analysis complete!
2026-01-08 04:15:41,169 - LanternAna - INFO - Statistics saved to: /exp/uboone/app/users/imani/lantern_ana/zrun4b_mmr/nue_sys/statistics.yaml
2026-01-08 04:18:32,082 - LanternAna - INFO - Loading configuration from ../../zrun4b_mmr/xsecflux_nue_run4b_surprise.yaml
2026-01-08 04:18:32,084 - LanternAna - INFO - Discovering components...
2026-01-08 04:18:34,997 - LanternAna - INFO - Found 13 cuts
2026-01-08 04:18:34,998 - LanternAna - INFO - Found 39 producers
2026-01-08 04:18:34,998 - LanternAna - INFO - Found 1 dataset types
2026-01-08 04:18:34,998 - LanternAna - INFO - Found 1 tags
2026-01-08 04:18:34,998 - LanternAna - INFO - Configuring components...
2026-01-08 04:18:35,150 - LanternAna - INFO - Starting enhanced analysis run...
2026-01-08 04:18:35,150 - LanternAna - INFO - Loading datasets...
2026-01-08 04:18:35,327 - LanternAna - INFO - Loaded dataset 'run4b_v10_04_07_20_BNB_nu_overlay_retuple' with 632862 entries
2026-01-08 04:18:35,327 - LanternAna - INFO -   MC dataset with 0.0 POT
2026-01-08 04:18:35,327 - LanternAna - INFO - Processing dataset with enhanced architecture: run4b_v10_04_07_20_BNB_nu_overlay_retuple
2026-01-08 04:18:35,406 - LanternAna - INFO - Processing 632862 events with producer-first architecture...
2026-01-08 04:19:19,765 - LanternAna - INFO - Progress: 5.0% (31643/632862), Est. time remaining: 842.8s
2026-01-08 04:19:25,344 - LanternAna - INFO - Progress: 10.0% (63286/632862), Est. time remaining: 449.4s
2026-01-08 04:19:31,679 - LanternAna - INFO - Progress: 15.0% (94929/632862), Est. time remaining: 318.9s
2026-01-08 04:19:37,382 - LanternAna - INFO - Progress: 20.0% (126572/632862), Est. time remaining: 247.9s
2026-01-08 04:19:42,333 - LanternAna - INFO - Progress: 25.0% (158215/632862), Est. time remaining: 200.8s
2026-01-08 04:19:48,362 - LanternAna - INFO - Progress: 30.0% (189858/632862), Est. time remaining: 170.2s
2026-01-08 04:19:54,247 - LanternAna - INFO - Progress: 35.0% (221501/632862), Est. time remaining: 146.4s
2026-01-08 04:20:00,270 - LanternAna - INFO - Progress: 40.0% (253144/632862), Est. time remaining: 127.3s
2026-01-08 04:20:06,109 - LanternAna - INFO - Progress: 45.0% (284787/632862), Est. time remaining: 110.9s
2026-01-08 04:20:11,709 - LanternAna - INFO - Progress: 50.0% (316430/632862), Est. time remaining: 96.3s
2026-01-08 04:20:17,914 - LanternAna - INFO - Progress: 55.0% (348073/632862), Est. time remaining: 83.9s
2026-01-08 04:20:23,761 - LanternAna - INFO - Progress: 60.0% (379716/632862), Est. time remaining: 72.2s
2026-01-08 04:20:29,670 - LanternAna - INFO - Progress: 65.0% (411359/632862), Est. time remaining: 61.5s
2026-01-08 04:20:35,395 - LanternAna - INFO - Progress: 70.0% (443002/632862), Est. time remaining: 51.4s
2026-01-08 04:20:41,010 - LanternAna - INFO - Progress: 75.0% (474645/632862), Est. time remaining: 41.9s
2026-01-08 04:20:47,880 - LanternAna - INFO - Progress: 80.0% (506288/632862), Est. time remaining: 33.1s
2026-01-08 04:20:53,508 - LanternAna - INFO - Progress: 85.0% (537931/632862), Est. time remaining: 24.4s
2026-01-08 04:20:59,470 - LanternAna - INFO - Progress: 90.0% (569574/632862), Est. time remaining: 16.0s
2026-01-08 04:21:06,431 - LanternAna - INFO - Progress: 95.0% (601217/632862), Est. time remaining: 7.9s
2026-01-08 04:21:12,008 - LanternAna - INFO - Progress: 100.0% (632860/632862), Est. time remaining: 0.0s
2026-01-08 04:21:12,225 - LanternAna - INFO - Dataset run4b_v10_04_07_20_BNB_nu_overlay_retuple processed in 156.6s
2026-01-08 04:21:12,225 - LanternAna - INFO - Results written to /exp/uboone/app/users/imani/lantern_ana/zrun4b_mmr/nue_sys/run4b_v10_04_07_20_BNB_nu_overlay_retuple_20260108_041835.root
2026-01-08 04:21:12,225 - LanternAna - INFO - ==================================================
2026-01-08 04:21:12,226 - LanternAna - INFO - Enhanced Analysis Statistics
2026-01-08 04:21:12,226 - LanternAna - INFO - ==================================================
2026-01-08 04:21:12,226 - LanternAna - INFO - Dataset: run4b_v10_04_07_20_BNB_nu_overlay_retuple
2026-01-08 04:21:12,226 - LanternAna - INFO -   Total events: 632862
2026-01-08 04:21:12,226 - LanternAna - INFO -   Passed events: 632862 (100.0%)
2026-01-08 04:21:12,226 - LanternAna - INFO -   Failed events: 0 (0.0%)
2026-01-08 04:21:12,226 - LanternAna - INFO -   Processing time: 156.6s
2026-01-08 04:21:12,226 - LanternAna - INFO -   Cut statistics:
2026-01-08 04:21:12,226 - LanternAna - INFO -     remove_true_nue_cc: 0/632862 (0.0%)
2026-01-08 04:21:12,226 - LanternAna - INFO - ==================================================
2026-01-08 04:21:12,226 - LanternAna - INFO - analysis complete!
2026-01-08 04:21:12,229 - LanternAna - INFO - Statistics saved to: /exp/uboone/app/users/imani/lantern_ana/zrun4b_mmr/nue_sys/statistics.yaml
2026-01-09 00:58:16,273 - LanternAna - INFO - Loading configuration from ../../zrun4b_mmr/xsecflux_nue_run4b_surprise.yaml
2026-01-09 00:58:16,338 - LanternAna - INFO - Discovering components...
2026-01-09 00:58:19,733 - LanternAna - INFO - Found 13 cuts
2026-01-09 00:58:19,733 - LanternAna - INFO - Found 39 producers
2026-01-09 00:58:19,733 - LanternAna - INFO - Found 1 dataset types
2026-01-09 00:58:19,733 - LanternAna - INFO - Found 1 tags
2026-01-09 00:58:19,734 - LanternAna - INFO - Configuring components...
2026-01-09 00:58:20,028 - LanternAna - INFO - Starting enhanced analysis run...
2026-01-09 00:58:20,028 - LanternAna - INFO - Loading datasets...
2026-01-09 00:58:20,196 - LanternAna - INFO - Loaded dataset 'run4b_v10_04_07_20_BNB_nu_overlay_retuple' with 632862 entries
2026-01-09 00:58:20,196 - LanternAna - INFO -   MC dataset with 0.0 POT
2026-01-09 00:58:20,196 - LanternAna - INFO - Processing dataset with enhanced architecture: run4b_v10_04_07_20_BNB_nu_overlay_retuple
2026-01-09 00:58:20,271 - LanternAna - INFO - Processing 632862 events with producer-first architecture...
